range_start	range_stop	omega	kappa	window_size
1	11	0.18465	11.18582	10
2	12	0.11680	7.04090	10
3	13	0.08786	8.33913	10
4	14	0.06150	4.96820	10
5	15	0.07288	3.25702	10
6	16	0.11714	2.71745	10
7	17	0.11527	3.59868	10
8	18	0.08515	4.22358	10
9	19	0.07171	6.78277	10
10	20	0.08569	4.64896	10
11	21	0.11742	4.14515	10
12	22	0.43664	4.66119	10
13	23	0.75028	2.03298	10
14	24	1.11527	1.88961	10
15	25	1.97732	1.32040	10
16	26	1.45203	0.63624	10
17	27	1.13061	1.03074	10
18	28	0.80899	1.32669	10
19	29	0.58182	3.60151	10
20	30	1.22405	2.95258	10
21	31	0.71892	3.05908	10
22	32	0.47711	2.72706	10
23	33	0.56336	2.33212	10
24	34	0.48728	4.32709	10
25	35	0.57404	3.45965	10
26	36	0.65668	4.20643	10
27	37	0.87949	2.87158	10
28	38	0.92714	2.18205	10
29	39	1.40206	1.49050	10
30	40	1.03491	1.39089	10
31	41	2.59559	2.62132	10
32	42	2.74553	2.30500	10
33	43	0.78410	2.34953	10
34	44	0.78589	1.59832	10
35	45	0.65325	1.19103	10
36	46	0.39810	0.75795	10
37	47	0.25893	0.79492	10
38	48	0.17053	1.38632	10
39	49	0.30637	1.66802	10
40	50	0.27638	3.48361	10
41	51	0.15829	3.27671	10
42	52	0.07312	1.49487	10
43	53	0.12199	1.73492	10
44	54	0.12947	2.51424	10
45	55	0.06727	3.63416	10
46	56	0.08273	3.90032	10
47	57	0.12849	3.02830	10
48	58	0.02482	0.08276	10
49	59	0.09338	5.98668	10
50	60	1.18815	2.97196	10
51	61	1.76258	0.03870	10
52	62	0.08402	0.00685	10
53	63	0.01433	0.95461	10
54	64	0.01539	0.03650	10
55	65	0.00995	0.08176	10
56	66	0.01585	1.20601	10
57	67	0.03497	4.19711	10
58	68	0.04492	3.21121	10
59	69	0.04958	4.15750	10
60	70	0.03237	3.91437	10
61	71	0.07663	4.46217	10
62	72	0.06962	3.23959	10
63	73	0.07511	2.22063	10
64	74	0.28005	2.25481	10
65	75	0.57777	1.32084	10
66	76	0.46790	1.86413	10
67	77	0.24273	2.91078	10
68	78	0.45428	3.67657	10
69	79	1.81852	2.28587	10
70	80	3.03435	3.25767	10
71	81	1.85112	4.66476	10
72	82	1.32452	5.13427	10
73	83	2.93696	4.01698	10
74	84	0.38316	4.84546	10
75	85	0.45402	3.97440	10
76	86	0.31998	1.44582	10
77	87	0.60927	1.98451	10
78	88	0.14102	0.41796	10
79	89	0.09391	0.80222	10
80	90	0.02277	3.05697	10
81	91	0.01145	3.31029	10
82	92	0.01051	2.94279	10
83	93	0.04199	3.02060	10
84	94	0.04183	4.82280	10
85	95	0.04285	2.24500	10
86	96	0.02315	0.45670	10
87	97	0.07784	2.80169	10
88	98	0.14555	4.65276	10
89	99	0.17301	4.48771	10
90	100	0.57695	3.91561	10
91	101	0.90530	4.48286	10
92	102	0.84630	6.34359	10
93	103	1.16182	5.87588	10
94	104	2.42707	5.56599	10
95	105	9.24447	13.15124	10
96	106	5.83079	7.50134	10
97	107	5.00876	4.81412	10
98	108	3.66101	4.14030	10
99	109	1.22819	0.99666	10
100	110	0.73633	1.14921	10
101	111	0.42095	0.35803	10
102	112	0.57155	0.34656	10
103	113	0.40981	1.30676	10
104	114	0.48869	1.07714	10
105	115	0.36907	1.04445	10
106	116	0.29703	1.42332	10
107	117	0.29718	1.93543	10
108	118	0.40549	1.49955	10
109	119	0.60881	1.72320	10
110	120	0.53213	1.09552	10
111	121	0.35999	0.77091	10
112	122	0.23133	1.66401	10
113	123	0.18691	1.38244	10
114	124	0.41714	1.29334	10
115	125	0.42176	3.80751	10
116	126	0.38835	7.91171	10
117	127	0.51961	5.12984	10
118	128	0.20220	7.84880	10
119	129	0.47151	4.66304	10
120	130	0.56704	4.41358	10
121	131	0.57501	3.18549	10
122	132	0.72095	2.20365	10
123	133	0.59040	1.92972	10
124	134	0.62499	2.43525	10
125	135	0.51047	1.64629	10
126	136	0.31889	1.27962	10
127	137	0.20848	1.18606	10
128	138	0.16134	0.98781	10
129	139	0.10753	0.94915	10
130	140	0.06960	1.25550	10
131	141	0.05114	1.12002	10
132	142	0.02004	1.17304	10
133	143	0.02885	2.77419	10
134	144	0.00087	1.97981	10
135	145	0.01788	2.83851	10
136	146	0.00047	0.98108	10
137	147	0.00050	1.72579	10
138	148	0.00052	0.50600	10
139	149	0.01295	2.17149	10
140	150	0.01361	1.79173	10
141	151	0.00033	9.27177	10
142	152	0.00035	6.57901	10
143	153	0.00037	7.16946	10
144	154	0.00038	11.10893	10
145	155	0.00052	4.31616	10
146	156	0.00674	3.78439	10
147	157	0.00747	3.50269	10
148	158	0.01986	1.61558	10
149	159	0.04867	2.51267	10
150	160	0.04998	2.68487	10
151	161	0.06919	2.74616	10
152	162	0.08217	1.91665	10
153	163	0.11966	2.26032	10
154	164	0.24632	2.47172	10
155	165	0.15197	3.25336	10
156	166	0.11365	2.58594	10
157	167	0.12172	2.17172	10
158	168	0.04199	2.07169	10
159	169	0.09158	2.74399	10
160	170	0.12261	2.13977	10
161	171	0.06923	4.32186	10
162	172	0.06502	7.34559	10
163	173	0.06618	5.35368	10
164	174	0.06344	5.91350	10
165	175	0.13821	5.40067	10
166	176	0.13214	7.16738	10
167	177	0.18225	3.70078	10
168	178	0.18986	4.84968	10
169	179	0.22781	4.56706	10
170	180	0.35548	4.18288	10
171	181	0.51479	2.87870	10
172	182	0.57667	2.27404	10
173	183	0.57154	4.04240	10
174	184	0.23876	2.86482	10
175	185	0.12783	1.96391	10
176	186	0.11960	2.87973	10
177	187	0.16028	2.86515	10
178	188	0.16443	2.68945	10
179	189	0.12341	2.28686	10
180	190	0.17403	2.09819	10
181	191	0.11287	2.24152	10
182	192	0.06975	3.02793	10
183	193	0.03569	2.55681	10
184	194	0.00507	3.57328	10
185	195	0.00309	3.45729	10
186	196	0.00365	2.66262	10
187	197	0.00490	8.78507	10
188	198	0.00291	13.31519	10
189	199	0.00865	3.94060	10
190	200	0.02164	4.27389	10
191	201	0.01213	4.70869	10
192	202	0.01041	5.06923	10
193	203	0.02039	2.14178	10
194	204	0.02388	1.66305	10
195	205	0.03090	2.08232	10
196	206	0.02513	2.28193	10
197	207	0.00830	1.97624	10
198	208	0.00761	2.69572	10
199	209	0.00628	4.66727	10
200	210	0.00424	4.78365	10
201	211	0.00811	3.41084	10
202	212	0.01744	3.44382	10
203	213	0.03898	2.60342	10
204	214	0.00260	5.33974	10
205	215	0.00924	3.54003	10
206	216	0.00881	2.28611	10
207	217	0.01416	1.69320	10
208	218	0.01079	2.61501	10
209	219	0.00575	1.51681	10
210	220	0.00542	0.73513	10
211	221	0.00325	1.01581	10
212	222	0.03030	0.93701	10
213	223	0.02365	2.07581	10
214	224	0.00511	1.94895	10
215	225	0.02462	0.94069	10
216	226	0.02045	0.54914	10
217	227	0.03589	0.91926	10
218	228	0.02756	1.05531	10
219	229	0.05756	1.14065	10
220	230	0.08874	2.01938	10
221	231	0.06197	2.22608	10
222	232	0.08282	1.65158	10
223	233	0.06092	1.38125	10
224	234	0.04533	1.41333	10
225	235	0.07057	1.37347	10
226	236	0.04610	2.53143	10
227	237	0.03975	1.98558	10
228	238	0.03044	2.75927	10
229	239	0.02716	3.93329	10
230	240	0.03424	3.87227	10
231	241	0.02047	4.82977	10
232	242	0.02378	3.57483	10
233	243	0.02598	4.64717	10
234	244	0.05536	3.08031	10
235	245	0.07424	2.01130	10
236	246	0.09241	2.50734	10
237	247	0.07178	1.60858	10
238	248	0.03767	1.32044	10
239	249	0.05629	1.53564	10
240	250	0.02510	2.15178	10
241	251	0.01079	1.57990	10
242	252	0.05954	1.40233	10
243	253	0.06298	1.91231	10
244	254	0.09641	2.29339	10
245	255	0.04740	2.66226	10
246	256	0.04736	1.63988	10
247	257	0.12018	1.21066	10
248	258	0.12714	1.50841	10
249	259	0.08323	1.24558	10
250	260	0.09443	1.20817	10
251	261	0.15268	1.49817	10
252	262	0.11935	1.64524	10
253	263	0.12623	1.93711	10
254	264	0.08335	1.19322	10
255	265	0.10301	2.86599	10
256	266	0.13000	3.15540	10
257	267	0.08280	4.67440	10
258	268	0.08406	3.75843	10
259	269	0.09132	4.32860	10
260	270	0.02340	15.58336	10
261	271	0.02180	15.83440	10
262	272	0.01956	9.48706	10
263	273	0.01870	12.37021	10
264	274	0.02953	11.90981	10
265	275	0.02782	11.71251	10
266	276	0.01190	19.06940	10
267	277	0.01555	9.79161	10
268	278	0.02718	12.37416	10
269	279	0.03465	7.36993	10
270	280	0.01441	9.49820	10
271	281	0.01856	4.98913	10
272	282	0.01413	9.86542	10
273	283	0.01873	6.24066	10
274	284	0.01592	5.45123	10
275	285	0.01219	5.18137	10
276	286	0.00182	6.02091	10
277	287	0.00980	3.76476	10
278	288	0.00594	2.10241	10
279	289	0.00069	5.17546	10
280	290	0.00145	6.96315	10
281	291	0.00422	7.72889	10
282	292	0.01113	3.33587	10
283	293	0.00010	1.36423	10
284	294	0.00010	3.53334	10
285	295	0.00010	4.14649	10
286	296	0.00010	3.89287	10
287	297	0.00010	21.11150	10
288	298	0.00010	1.98095	10
289	299	0.00010	3.05563	10
290	300	0.00010	195.33562	10
291	301	0.00010	195.33562	10
292	302	0.00010	15.90878	10
293	303	0.00010	999.00000	10
294	304	0.00010	999.00000	10
295	305	0.00010	999.00000	10
296	306	0.00010	338.61493	10
297	307	0.00010	291.16813	10
298	308	0.00010	243.92489	10
299	309	0.00010	210.14027	10
300	310	0.00010	272.45223	10
301	311	0.00010	75.69431	10
302	312	0.00010	2.64485	10
303	313	0.00010	1.80052	10
304	314	0.00010	3.25038	10
305	315	0.00010	3.07806	10
306	316	0.00010	3.19930	10
307	317	0.00010	5.31552	10
308	318	0.00010	2.32391	10
309	319	0.00010	2.35207	10
310	320	0.01026	6.10015	10
311	321	0.02032	4.38811	10
312	322	0.01618	5.73773	10
313	323	0.01829	8.05142	10
314	324	0.01890	6.64146	10
315	325	0.02408	2.91735	10
316	326	0.02979	2.05625	10
317	327	0.04593	3.24516	10
318	328	0.06005	3.90552	10
319	329	0.07819	3.57594	10
320	330	0.00010	1.32285	10
321	331	0.00010	1.33562	10
322	332	0.00010	1.20703	10
323	333	0.00010	2.40878	10
324	334	0.00010	2.83916	10
325	335	0.00010	1.71670	10
326	336	0.00010	2.90368	10
327	337	0.00010	1.12078	10
328	338	0.00010	5.19834	10
329	339	0.00494	1.66933	10
330	340	0.00492	1.08273	10
331	341	0.00699	1.21070	10
332	342	0.00442	0.75681	10
333	343	0.00709	1.51711	10
334	344	0.00626	1.33503	10
335	345	0.00980	1.23925	10
336	346	0.01344	1.53294	10
337	347	0.01710	1.85529	10
338	348	0.01773	1.45782	10
339	349	0.00010	1.45500	10
340	350	0.04199	0.90247	10
341	351	0.04237	0.73505	10
342	352	0.04525	0.37509	10
343	353	0.03443	0.30238	10
344	354	0.05212	0.37777	10
345	355	0.05636	0.66076	10
346	356	0.04620	0.44521	10
347	357	0.04762	0.38212	10
348	358	0.04251	0.69671	10
349	359	0.04868	0.90340	10
350	360	0.00010	1.62387	10
351	361	0.00010	1.73629	10
352	362	0.00010	4.32725	10
353	363	0.00010	3.81883	10
354	364	0.00010	2.93422	10
355	365	0.00010	2.15647	10
356	366	0.00010	1.34529	10
357	367	0.00010	2.07820	10
358	368	0.00010	1.74292	10
359	369	0.00010	1.64244	10
360	370	0.00010	2.70321	10
361	371	0.00010	3.94603	10
362	372	0.00010	1.83366	10
363	373	0.00010	2.92303	10
364	374	0.00010	4.00976	10
365	375	0.00010	2.98926	10
366	376	0.00010	9.63516	10
367	377	0.00010	12.42868	10
368	378	0.00010	5.59861	10
369	379	0.00010	2.82766	10
370	380	0.00010	7.74723	10
371	381	0.00010	5.59351	10
372	382	0.00010	0.05063	10
373	383	0.00010	1.25957	10
374	384	0.00010	0.02461	10
375	385	0.00010	1.26006	10
376	386	0.00010	0.12380	10
377	387	0.00010	0.12622	10
378	388	0.00010	0.09683	10
379	389	0.00010	50.89276	10
380	390	0.00010	0.21224	10
381	391	0.00010	0.59160	10
382	392	0.00010	0.46498	10
383	393	0.00010	0.47115	10
384	394	0.00332	0.65299	10
385	395	0.00336	0.64519	10
386	396	0.00452	0.49284	10
387	397	0.00766	0.86085	10
388	398	0.00522	0.88719	10
389	399	0.00429	0.44945	10
390	400	0.00589	0.68700	10
391	401	0.00036	0.77953	10
392	402	0.00028	0.27262	10
393	403	0.00029	0.46649	10
394	404	0.00010	1.28100	10
395	405	0.00010	2.15660	10
396	406	0.00010	2.93381	10
397	407	0.00010	1.65080	10
398	408	0.00010	1.86571	10
399	409	0.00010	2.79267	10
400	410	0.00010	2.12827	10
401	411	0.00010	2.10781	10
402	412	0.00010	2.12866	10
403	413	0.00010	2.28117	10
404	414	0.00010	4.56438	10
405	415	0.00010	2.42753	10
406	416	0.00010	2.24702	10
407	417	0.00010	0.82008	10
408	418	0.00010	1.91787	10
409	419	0.00010	1.41680	10
410	420	0.00010	1.05215	10
411	421	0.00010	1.42804	10
412	422	0.00010	2.81161	10
413	423	0.00010	2.65633	10
414	424	0.00010	1.19697	10
415	425	0.00010	999.00000	10
416	426	0.00010	999.00000	10
417	427	0.00010	999.00000	10
418	428	0.00010	999.00000	10
419	429	0.00010	999.00000	10
420	430	0.00010	999.00000	10
421	431	0.00010	999.00000	10
422	432	0.00010	999.00000	10
423	433	0.00010	1.17529	10
424	434	0.00010	1.23814	10
425	435	0.00010	0.71207	10
426	436	0.00010	0.02035	10
427	437	0.00010	0.00228	10
428	438	0.00010	0.12787	10
429	439	0.00010	0.16042	10
430	440	0.00010	1.38459	10
431	441	0.00010	0.57362	10
432	442	0.00010	0.81759	10
433	443	0.00010	1.38193	10
434	444	0.00010	1.57727	10
435	445	0.00010	0.62312	10
436	446	0.00010	1.02751	10
437	447	0.00010	1.03600	10
438	448	0.00010	1.46393	10
439	449	0.00010	4.11863	10
440	450	0.00010	3.76815	10
441	451	0.00010	10.99401	10
442	452	0.00010	6.17510	10
443	453	0.00010	94.12607	10
444	454	0.00010	34.72696	10
445	455	0.00010	573.79799	10
446	456	0.00010	17.72195	10
447	457	0.00010	55.46731	10
448	458	0.00010	6.12787	10
449	459	0.00010	3.42471	10
450	460	0.00010	4.01112	10
451	461	0.00010	4.84812	10
452	462	0.00010	3.01496	10
453	463	0.00010	2.50231	10
454	464	0.00010	1.94362	10
455	465	0.00010	1.56075	10
456	466	0.00010	0.42825	10
457	467	0.00010	1.24173	10
458	468	0.00010	2.40150	10
459	469	0.01508	2.35793	10
460	470	0.01457	2.53599	10
461	471	0.00853	1.28247	10
462	472	0.00327	3.56333	10
463	473	0.00719	2.77267	10
464	474	0.03643	1.61830	10
465	475	0.03499	1.64236	10
466	476	0.02710	2.09955	10
467	477	0.03192	1.46717	10
468	478	0.00367	3.83220	10
469	479	0.02346	2.37727	10
470	480	0.00169	11.31013	10
471	481	0.00092	14.49867	10
472	482	0.00029	11.54240	10
473	483	0.00010	11.20306	10
474	484	0.00010	18.23875	10
475	485	0.00010	8.44716	10
476	486	0.00010	6.15473	10
477	487	0.00010	7.62886	10
478	488	0.00010	5.73663	10
479	489	0.00010	7.09030	10
480	490	0.00010	3.58400	10
481	491	0.00010	9.61094	10
482	492	0.00010	3.75716	10
483	493	0.00010	1.23270	10
484	494	0.00010	0.73976	10
485	495	0.00010	0.96775	10
486	496	0.00010	0.44715	10
487	497	0.00010	0.51228	10
488	498	0.00010	0.80302	10
489	499	0.00010	1.02681	10
490	500	0.00010	0.72046	10
491	501	0.00010	2.09714	10
492	502	0.00010	1.42702	10
493	503	0.00010	2.36088	10
494	504	0.00010	5.62615	10
495	505	0.00010	15.24235	10
496	506	0.00010	7.41319	10
497	507	0.00010	8.91879	10
498	508	0.05558	5.16668	10
499	509	0.03355	6.33420	10
500	510	0.04459	4.08971	10
501	511	0.04355	2.80847	10
502	512	0.01894	1.62177	10
503	513	0.03205	1.53915	10
504	514	0.01148	1.01139	10
505	515	0.02942	0.61321	10
506	516	0.02088	0.36620	10
507	517	0.02743	1.09084	10
508	518	0.01254	1.12186	10
509	519	0.01290	1.49781	10
510	520	0.00685	1.37935	10
511	521	0.00675	4.60619	10
512	522	0.00730	3.45524	10
513	523	0.01381	3.51874	10
514	524	0.01721	4.34958	10
515	525	0.00721	7.29064	10
516	526	0.02302	2.66174	10
517	527	0.00076	1.44516	10
518	528	0.01629	2.19867	10
519	529	0.03397	2.33734	10
520	530	0.04647	7.28203	10
521	531	0.03962	6.27330	10
522	532	0.03446	11.14445	10
523	533	0.03827	7.59825	10
524	534	0.02779	9.41407	10
525	535	0.02621	5.66150	10
526	536	0.01342	12.78252	10
527	537	0.03197	8.86299	10
528	538	0.03763	5.32153	10
529	539	0.03267	4.72660	10
530	540	0.03254	2.83017	10
531	541	0.05375	2.29199	10
532	542	0.03855	1.79218	10
533	543	0.02491	1.63442	10
534	544	0.01778	1.45134	10
535	545	0.01930	1.58713	10
536	546	0.03466	2.27679	10
537	547	0.03885	0.68260	10
538	548	0.04327	0.75408	10
539	549	0.02264	0.28129	10
540	550	0.05960	1.11353	10
541	551	0.04890	1.20617	10
542	552	0.05382	1.66959	10
543	553	0.05813	1.55878	10
544	554	0.06825	1.16605	10
545	555	0.04978	1.79049	10
546	556	0.04169	1.45979	10
547	557	0.03125	1.17451	10
548	558	0.01391	1.12590	10
549	559	0.03003	1.53121	10
550	560	0.02977	1.91438	10
551	561	0.05218	5.75159	10
552	562	0.03666	3.33209	10
553	563	0.09471	2.29793	10
554	564	0.07225	2.50692	10
555	565	0.07953	1.95821	10
556	566	0.05803	1.45291	10
557	567	0.06513	0.62169	10
558	568	0.06447	0.59375	10
559	569	0.08100	1.78148	10
560	570	0.08890	1.64535	10
561	571	0.07709	1.26435	10
562	572	0.17377	2.95895	10
563	573	0.10262	3.65203	10
564	574	0.05620	3.29829	10
565	575	0.10135	1.78323	10
566	576	0.11180	1.51346	10
567	577	0.00010	1.59523	10
568	578	0.00010	2.11814	10
569	579	0.00010	2.42962	10
570	580	0.00010	1.82396	10
571	581	0.00010	1.24199	10
572	582	0.00010	0.49801	10
573	583	0.00010	0.77296	10
574	584	0.00010	0.41643	10
575	585	0.00260	0.76449	10
576	586	0.00194	0.21005	10
577	587	0.00215	0.51569	10
578	588	0.00015	0.57434	10
579	589	0.00358	0.48277	10
580	590	0.00205	0.34614	10
581	591	0.00850	0.73833	10
582	592	0.01144	1.29892	10
583	593	0.01016	1.20337	10
584	594	0.00275	5.83622	10
585	595	0.00010	5.46033	10
586	596	0.00010	6.52071	10
587	597	0.00010	9.80768	10
588	598	0.00010	19.43254	10
589	599	0.00010	998.77821	10
590	600	0.00010	682.28617	10
591	601	0.00010	13.00737	10
592	602	0.00010	14.29128	10
593	603	0.00010	14.75877	10
594	604	0.00010	21.71538	10
595	605	0.00010	48.04976	10
596	606	0.00010	18.90603	10
597	607	0.00010	13.66513	10
598	608	0.00010	18.63213	10
599	609	0.00010	14.53334	10
600	610	0.00010	12.10709	10
601	611	0.00010	8.27077	10
602	612	0.00010	11.46206	10
603	613	0.00010	7.93457	10
604	614	0.00010	5.03100	10
605	615	0.00010	4.01095	10
606	616	0.00010	4.29492	10
607	617	0.00010	6.12072	10
608	618	0.00010	7.29568	10
609	619	0.00010	6.82808	10
610	620	0.00010	4.46311	10
611	621	0.00010	999.00000	10
612	622	0.00010	999.00000	10
613	623	0.04891	1.83439	10
614	624	0.05105	3.97870	10
615	625	0.06451	3.83654	10
616	626	0.07675	4.61922	10
617	627	0.07106	4.47289	10
618	628	0.08998	4.65636	10
619	629	0.09066	5.23332	10
620	630	0.12164	3.14879	10
621	631	0.15375	2.37474	10
622	632	0.22605	1.37152	10
623	633	0.00010	3.02056	10
624	634	0.00010	1.04400	10
625	635	0.00010	0.00010	10
626	636	0.00010	0.00010	10
627	637	0.00010	0.00010	10
628	638	0.24194	0.97470	10
629	639	0.17471	2.14078	10
630	640	0.15718	2.30787	10
631	641	0.25964	4.61329	10
