range_start	range_stop	omega	kappa	window_size
1	11	0.28445	2.27226	10
2	12	0.25783	1.64466	10
3	13	0.15375	0.37467	10
4	14	0.38829	0.49443	10
5	15	0.33902	0.89905	10
6	16	0.41875	0.95070	10
7	17	0.26556	0.81339	10
8	18	0.22795	0.94769	10
9	19	0.28032	1.86932	10
10	20	0.05782	4.40940	10
11	21	0.04554	1.18517	10
12	22	0.05477	2.09519	10
13	23	0.27205	15.07480	10
14	24	0.52376	24.35882	10
15	25	0.28596	17.83783	10
16	26	0.13550	2.31566	10
17	27	0.06505	2.16751	10
18	28	0.02359	1.77649	10
19	29	0.02966	1.56506	10
20	30	0.01649	1.28236	10
21	31	0.01484	1.77461	10
22	32	0.15444	1.92476	10
23	33	0.17361	1.15095	10
24	34	0.17076	0.86948	10
25	35	0.22808	0.68521	10
26	36	0.29899	1.23243	10
27	37	0.33638	1.26828	10
28	38	0.30447	1.09739	10
29	39	0.37834	1.11010	10
30	40	1.06497	0.51923	10
31	41	1.66709	0.35465	10
32	42	1.55764	0.39606	10
33	43	0.98001	0.44949	10
34	44	0.46809	0.64412	10
35	45	0.45572	0.75014	10
36	46	0.30297	0.69241	10
37	47	0.30264	1.03577	10
38	48	0.27533	1.95726	10
39	49	0.12163	0.95938	10
40	50	0.06597	1.88953	10
41	51	0.11366	3.79452	10
42	52	0.13385	3.81588	10
43	53	0.51911	2.97556	10
44	54	0.05907	3.23258	10
45	55	0.04602	3.81561	10
46	56	0.05002	3.89684	10
47	57	0.33553	2.11698	10
48	58	0.24381	2.00807	10
49	59	0.25828	2.49213	10
50	60	0.13090	1.40577	10
51	61	0.07893	0.42563	10
52	62	0.06457	1.05798	10
53	63	0.04217	0.79131	10
54	64	0.05820	1.91560	10
55	65	0.09733	2.37835	10
56	66	0.31558	4.40511	10
57	67	0.15788	4.46709	10
58	68	0.11242	4.55210	10
59	69	0.08985	3.87330	10
60	70	0.22553	11.57045	10
61	71	0.22659	6.08808	10
62	72	0.09389	2.88492	10
63	73	0.09842	4.32890	10
64	74	1.16288	2.94524	10
65	75	0.55107	2.67632	10
66	76	0.44879	2.01295	10
67	77	0.26099	1.69026	10
68	78	0.39714	1.62014	10
69	79	0.46447	2.39319	10
70	80	0.29756	3.46821	10
71	81	0.28965	4.98623	10
72	82	0.24378	4.00389	10
73	83	0.33507	2.57843	10
74	84	0.44514	1.93778	10
75	85	0.63969	1.57012	10
76	86	0.36764	0.86953	10
77	87	0.37052	0.36993	10
78	88	0.23545	0.40489	10
79	89	0.31621	0.65647	10
80	90	0.39889	0.34038	10
81	91	0.35150	0.51572	10
82	92	0.28052	1.18132	10
83	93	0.20100	1.26161	10
84	94	0.13263	1.14600	10
85	95	0.17165	1.38022	10
86	96	0.43993	1.12406	10
87	97	0.49768	1.83728	10
88	98	0.41392	1.95201	10
89	99	0.62750	1.65736	10
90	100	0.55354	1.73719	10
91	101	0.39074	1.64668	10
92	102	0.35264	2.07895	10
93	103	0.25070	2.87907	10
94	104	0.28186	2.79222	10
95	105	0.37988	2.52668	10
96	106	0.24426	2.74305	10
97	107	0.15439	1.82415	10
98	108	0.14367	1.50198	10
99	109	0.07659	1.39264	10
100	110	0.08332	1.14046	10
101	111	0.05740	0.90946	10
102	112	0.04846	0.97440	10
103	113	0.01127	1.17841	10
104	114	0.01186	1.03680	10
105	115	0.00226	0.43302	10
106	116	0.00318	0.47990	10
107	117	0.00471	0.54307	10
108	118	0.06977	1.22781	10
109	119	0.01544	1.59584	10
110	120	0.09596	1.54220	10
111	121	0.05270	2.45337	10
112	122	0.08364	4.37575	10
113	123	0.13236	5.89113	10
114	124	0.04190	4.56263	10
115	125	0.06684	2.50917	10
116	126	0.13635	3.58759	10
117	127	0.23124	3.67512	10
118	128	0.26432	3.11234	10
119	129	0.46054	1.79676	10
120	130	0.39448	1.91623	10
121	131	0.28520	4.50797	10
122	132	0.36586	3.61697	10
123	133	0.28302	4.78702	10
124	134	0.14992	7.16874	10
125	135	0.11968	8.40195	10
126	136	0.04126	1.69935	10
127	137	0.01870	0.26495	10
128	138	0.01826	0.09189	10
129	139	0.48858	0.29312	10
130	140	0.02008	0.06964	10
131	141	0.01448	0.00408	10
132	142	999.00000	0.00010	10
133	143	581.46622	999.00000	10
134	144	999.00000	0.00010	10
135	145	0.00245	0.00010	10
136	146	0.00251	0.00047	10
137	147	0.04360	2.05128	10
138	148	0.03170	2.23855	10
139	149	0.06921	0.32972	10
140	150	0.02345	0.05271	10
141	151	nan	nan	10
142	152	0.06674	1.14134	10
143	153	0.05079	1.24479	10
144	154	0.06428	1.69287	10
145	155	0.17501	1.38353	10
146	156	0.23535	1.34802	10
147	157	0.28670	2.39596	10
148	158	0.42918	2.74820	10
149	159	0.37487	3.70903	10
150	160	0.42489	3.98098	10
151	161	0.27337	4.69856	10
152	162	0.25429	4.12485	10
153	163	0.17305	4.74464	10
154	164	0.27694	4.44579	10
155	165	0.20831	2.97804	10
156	166	0.10938	2.47566	10
157	167	0.09379	2.11954	10
158	168	0.05555	1.48456	10
159	169	0.27262	1.09842	10
160	170	0.26731	1.59865	10
161	171	0.27814	1.87035	10
162	172	0.30090	1.52888	10
163	173	0.39876	1.43208	10
164	174	0.50935	1.58400	10
165	175	0.42105	2.47897	10
166	176	0.34807	3.17907	10
167	177	0.34013	3.86376	10
168	178	0.17943	6.38308	10
169	179	0.10415	5.63998	10
170	180	0.09767	1.67477	10
171	181	0.02144	2.21999	10
172	182	0.00760	2.56331	10
173	183	0.00768	1.45872	10
174	184	0.07818	1.43449	10
175	185	0.01741	1.88117	10
176	186	0.01731	2.15626	10
177	187	0.12028	1.48741	10
178	188	0.34475	3.24349	10
179	189	0.43125	3.08551	10
180	190	0.31726	3.22607	10
181	191	0.18684	2.25807	10
182	192	0.21962	3.38146	10
183	193	0.15662	1.64676	10
184	194	0.18759	1.16408	10
185	195	0.21216	0.92924	10
186	196	0.15419	1.47648	10
187	197	0.07743	1.96289	10
188	198	0.06088	2.97015	10
189	199	0.05016	3.25181	10
190	200	0.04944	2.46903	10
191	201	0.07379	2.38079	10
192	202	0.03607	2.22229	10
193	203	0.00010	5.04105	10
194	204	0.03980	8.87179	10
195	205	0.03927	2.87137	10
196	206	0.05848	1.63761	10
197	207	0.03053	1.59036	10
198	208	0.04583	0.98814	10
199	209	0.04477	1.22244	10
200	210	0.09246	1.57573	10
201	211	0.10476	1.24307	10
202	212	0.12910	1.79921	10
203	213	0.15461	1.78028	10
204	214	0.13398	1.96559	10
205	215	0.17031	1.84684	10
206	216	0.17968	2.31749	10
207	217	0.32074	2.94349	10
208	218	0.30297	2.28187	10
209	219	0.28754	2.03542	10
210	220	0.27912	1.25206	10
211	221	0.34130	0.92008	10
212	222	0.49175	1.03676	10
213	223	0.26545	1.27228	10
214	224	0.06954	0.36391	10
215	225	0.04635	0.21377	10
216	226	0.03134	0.13096	10
217	227	0.06406	0.18851	10
218	228	0.10971	0.27654	10
219	229	0.30791	0.84794	10
220	230	0.83745	2.04029	10
221	231	0.76400	1.78439	10
222	232	0.75433	1.08631	10
223	233	0.88866	1.12103	10
224	234	0.76988	0.62929	10
225	235	0.41411	0.91259	10
226	236	1.06409	0.48470	10
227	237	0.65822	1.03357	10
228	238	0.57340	0.83618	10
229	239	0.56003	1.03346	10
230	240	0.27380	1.19173	10
231	241	0.36624	1.52325	10
232	242	0.35701	1.28525	10
233	243	0.34038	1.41613	10
234	244	0.40718	2.03978	10
235	245	0.57297	2.73869	10
236	246	2.62788	9.25544	10
237	247	211.33583	24.44137	10
238	248	nan	nan	10
239	249	999.00000	0.00010	10
240	250	999.00000	0.39311	10
241	251	nan	nan	10
242	252	nan	nan	10
243	253	nan	nan	10
244	254	nan	nan	10
245	255	999.00000	0.00010	10
246	256	29.50242	42.23026	10
247	257	26.86378	42.16643	10
248	258	164.17356	107.67574	10
249	259	nan	nan	10
250	260	nan	nan	10
251	261	nan	nan	10
252	262	nan	nan	10
253	263	nan	nan	10
254	264	0.19293	0.11953	10
255	265	0.17682	0.12700	10
256	266	0.57811	0.74562	10
257	267	0.19086	0.48783	10
258	268	0.18695	0.72542	10
259	269	0.22623	0.78500	10
260	270	nan	nan	10
261	271	nan	nan	10
262	272	nan	nan	10
263	273	3.49474	29.84503	10
264	274	2.88712	30.22950	10
265	275	9.22777	57.68139	10
266	276	7.60094	68.27481	10
267	277	2.04737	14.68814	10
268	278	2.22993	17.34680	10
269	279	0.67355	4.39621	10
270	280	0.60851	1.53266	10
271	281	0.29067	1.42695	10
272	282	10.69911	51.80411	10
273	283	15.40195	41.26503	10
274	284	20.18874	46.46165	10
275	285	42.87324	101.68385	10
276	286	50.83992	110.86969	10
277	287	55.44781	120.53294	10
278	288	33.29316	69.86595	10
279	289	40.25737	51.06992	10
280	290	18.71686	18.87304	10
281	291	5.15264	12.26221	10
282	292	16.21820	53.17242	10
283	293	0.92255	8.09682	10
284	294	2.49879	32.00162	10
285	295	0.25815	3.78485	10
286	296	0.18349	2.64035	10
287	297	0.07395	1.62734	10
288	298	0.12156	1.49419	10
289	299	0.05022	2.19404	10
290	300	0.04339	1.78855	10
291	301	0.02516	1.21681	10
292	302	0.02872	1.34297	10
293	303	0.00884	0.86331	10
294	304	0.00094	0.28406	10
295	305	0.00672	0.25882	10
296	306	0.00719	0.36982	10
297	307	0.00275	0.12899	10
298	308	0.00298	0.27073	10
299	309	0.00316	0.19189	10
300	310	0.00277	0.18979	10
301	311	0.00010	0.33129	10
302	312	0.00396	0.52262	10
303	313	0.00380	0.41929	10
304	314	0.00645	0.44025	10
305	315	0.01128	0.49862	10
306	316	0.00429	0.29014	10
307	317	0.01844	0.50850	10
308	318	0.01991	0.44559	10
309	319	0.03217	1.18712	10
310	320	0.03440	1.71811	10
311	321	0.04724	2.53414	10
312	322	0.00672	2.58269	10
313	323	0.00349	1.25136	10
314	324	0.00286	1.70677	10
315	325	0.00214	1.67021	10
316	326	0.00248	2.99831	10
317	327	0.01264	0.70738	10
318	328	0.05849	0.53056	10
319	329	0.01842	0.65188	10
320	330	0.04772	0.29079	10
321	331	0.04530	0.35277	10
322	332	0.03900	1.10940	10
323	333	0.00010	1.38920	10
324	334	0.00010	2.34517	10
325	335	0.00010	0.63749	10
326	336	0.01093	0.76164	10
327	337	0.01088	1.47714	10
328	338	0.00995	2.18179	10
329	339	0.01059	1.10824	10
330	340	0.00597	2.72815	10
331	341	0.00997	2.26813	10
332	342	0.01887	1.10271	10
333	343	0.02046	1.12888	10
334	344	0.02688	1.10839	10
335	345	0.02255	0.77184	10
336	346	0.00927	0.54242	10
337	347	0.00863	0.76989	10
338	348	0.00429	0.42694	10
339	349	0.00230	0.19732	10
340	350	0.01687	2.55439	10
341	351	0.00717	1.38147	10
342	352	0.00611	1.32384	10
343	353	0.00605	1.94112	10
344	354	0.00010	75.62373	10
345	355	0.00879	4.22223	10
346	356	0.01063	3.05000	10
347	357	0.01403	3.14004	10
348	358	0.02106	3.53334	10
349	359	0.02535	3.01245	10
350	360	0.02940	2.23427	10
351	361	0.02727	2.66591	10
352	362	0.01934	3.78246	10
353	363	0.02098	4.74901	10
354	364	0.05527	1.80386	10
355	365	0.04756	3.08454	10
356	366	0.05997	2.61937	10
357	367	0.05160	3.16526	10
358	368	0.04091	1.35450	10
359	369	0.03552	1.28723	10
360	370	0.00486	2.84290	10
361	371	0.02206	1.75402	10
362	372	0.02790	1.01250	10
363	373	0.03407	1.51173	10
364	374	0.00588	1.17905	10
365	375	0.00779	2.42108	10
366	376	0.00023	0.12851	10
367	377	0.00234	0.19580	10
368	378	0.00498	3.51563	10
369	379	0.00573	4.59496	10
370	380	0.00232	3.28465	10
371	381	0.00367	2.57801	10
372	382	0.00010	2.45712	10
373	383	0.00010	0.61489	10
374	384	0.00010	2.78728	10
375	385	0.00010	10.04519	10
376	386	0.00010	6.49088	10
377	387	0.00515	6.96730	10
378	388	0.01008	4.62790	10
379	389	0.01268	4.15314	10
380	390	0.01062	3.94600	10
381	391	0.01205	4.67791	10
382	392	0.01359	3.83769	10
383	393	0.01271	4.04930	10
384	394	0.01281	3.08107	10
385	395	0.01184	3.43775	10
386	396	0.01535	2.59555	10
387	397	0.00069	4.09443	10
388	398	0.00051	1.56938	10
389	399	0.00346	2.87989	10
390	400	0.00299	3.73141	10
391	401	0.00186	3.42232	10
392	402	0.00706	6.98541	10
393	403	0.00491	8.15638	10
394	404	0.00336	12.88378	10
395	405	0.00423	8.53115	10
396	406	0.00016	97.89635	10
397	407	0.00017	92.20190	10
398	408	0.00016	118.92739	10
399	409	0.00010	7.52837	10
400	410	0.00229	3.23828	10
401	411	0.00455	6.60406	10
402	412	0.00970	6.71805	10
403	413	0.01300	4.17812	10
404	414	0.01426	4.39563	10
405	415	0.02824	4.37442	10
406	416	0.02460	5.02081	10
407	417	0.01838	6.82959	10
408	418	0.02239	5.36754	10
409	419	0.01579	7.87803	10
410	420	0.00105	38.36652	10
411	421	0.00067	64.66223	10
412	422	0.00157	20.91876	10
413	423	0.00200	15.77380	10
414	424	0.00271	5.81319	10
415	425	0.00010	15.40071	10
416	426	0.00010	14.88751	10
417	427	0.00010	13.71178	10
418	428	0.00010	5.61991	10
419	429	0.00010	1.75971	10
420	430	0.00010	1.78003	10
421	431	0.00010	0.60934	10
422	432	0.00010	0.89731	10
423	433	0.00010	1.88289	10
424	434	0.00010	1.32964	10
425	435	0.00374	1.23852	10
426	436	0.00010	0.02040	10
427	437	0.00023	0.40937	10
428	438	0.00021	0.72471	10
429	439	0.00562	1.17964	10
430	440	0.00044	1.32119	10
431	441	0.00027	0.08993	10
432	442	0.00021	0.04531	10
433	443	0.00352	0.53658	10
434	444	0.00367	0.39473	10
435	445	0.00010	0.20138	10
436	446	0.00010	0.53955	10
437	447	0.00010	1.39182	10
438	448	0.00010	1.18564	10
439	449	0.00010	2.97070	10
440	450	0.00010	76.16187	10
441	451	0.00010	16.98313	10
442	452	0.00718	0.57451	10
443	453	0.03167	1.74787	10
444	454	0.02431	3.30008	10
445	455	0.03348	1.51070	10
446	456	0.08627	1.18809	10
447	457	0.10175	0.76222	10
448	458	0.10850	0.85335	10
449	459	0.12625	0.86168	10
450	460	0.12467	0.93207	10
451	461	0.04743	1.48671	10
452	462	0.02802	2.07046	10
453	463	0.03374	0.93553	10
454	464	0.02787	1.50187	10
455	465	0.04473	1.82631	10
456	466	0.03169	1.15524	10
457	467	0.01250	1.41956	10
458	468	0.01553	1.16925	10
459	469	0.01669	1.06259	10
460	470	0.01441	0.53806	10
461	471	0.03691	1.10291	10
462	472	0.00863	0.11783	10
463	473	0.05580	0.30353	10
464	474	0.03187	0.03300	10
465	475	20.26663	76.05318	10
466	476	10.02694	44.31737	10
467	477	nan	nan	10
468	478	0.01253	0.00010	10
469	479	0.00327	0.00010	10
470	480	0.20500	5.86374	10
471	481	0.09440	1.92950	10
472	482	0.00194	3.85618	10
473	483	0.04304	1.89305	10
474	484	0.00608	2.28449	10
475	485	0.01097	0.29333	10
476	486	0.00525	1.51428	10
477	487	0.01616	0.27107	10
478	488	0.00664	0.04131	10
479	489	0.01241	0.05486	10
480	490	0.01066	0.03447	10
481	491	0.01278	0.06223	10
482	492	0.01448	0.08630	10
483	493	0.03062	0.11085	10
484	494	0.04790	0.15909	10
485	495	0.03473	0.34867	10
486	496	0.04419	0.27474	10
487	497	0.05382	0.19658	10
488	498	0.05847	0.21592	10
489	499	0.00906	0.07237	10
490	500	0.01721	0.36622	10
491	501	0.05860	0.69917	10
492	502	0.01148	0.30539	10
493	503	0.00393	0.31177	10
494	504	0.04791	1.44722	10
495	505	0.02800	1.40223	10
496	506	0.01732	1.44519	10
497	507	0.01833	1.90994	10
498	508	0.01876	1.96921	10
499	509	0.01741	2.28176	10
500	510	0.01511	1.36630	10
501	511	0.01672	1.16588	10
502	512	0.01911	1.30329	10
503	513	0.03844	2.34590	10
504	514	0.08138	2.66347	10
505	515	0.06126	1.17299	10
506	516	0.01885	0.82948	10
507	517	nan	nan	10
508	518	0.00691	0.28042	10
509	519	0.01031	0.68630	10
510	520	0.01061	0.80544	10
511	521	0.00895	1.02722	10
512	522	0.01020	1.14649	10
513	523	0.01323	1.27806	10
514	524	0.01096	0.80122	10
515	525	0.00847	0.97093	10
516	526	0.00943	1.00366	10
517	527	0.01258	0.93741	10
518	528	0.01540	1.16837	10
519	529	0.02146	1.74521	10
520	530	0.00532	1.62210	10
521	531	0.00300	0.00010	10
522	532	0.00782	6.13386	10
523	533	0.02123	15.09697	10
524	534	1.85478	3.72195	10
525	535	0.01829	1.79716	10
526	536	1.02597	67.94160	10
527	537	0.57218	54.32016	10
528	538	1.03684	34.19035	10
529	539	1.72492	33.71183	10
530	540	0.62029	17.71314	10
531	541	0.03173	1.10558	10
532	542	0.02901	0.67357	10
533	543	0.00952	0.03310	10
534	544	0.01033	0.03544	10
535	545	0.01025	0.01656	10
536	546	0.01089	0.05053	10
537	547	0.01586	0.09659	10
538	548	0.01943	0.64848	10
539	549	0.04036	5.01161	10
540	550	0.05048	3.29630	10
541	551	0.04566	2.60931	10
542	552	0.03498	2.98035	10
543	553	0.04591	4.08001	10
544	554	0.07493	3.16965	10
545	555	0.08266	4.74989	10
546	556	0.08733	5.68826	10
547	557	0.06699	4.20960	10
548	558	0.05390	3.98235	10
549	559	0.00829	2.53075	10
550	560	0.00762	3.72449	10
551	561	0.00431	2.37935	10
552	562	0.03495	2.47471	10
553	563	0.02742	2.00459	10
554	564	0.01601	3.58302	10
555	565	0.01292	3.56382	10
556	566	0.00619	2.38038	10
557	567	0.00010	3.36560	10
558	568	0.00010	4.78830	10
559	569	0.00010	16.05283	10
560	570	0.00010	104.75266	10
561	571	0.00010	26.68410	10
562	572	0.00548	10.16794	10
563	573	0.00084	6.15569	10
564	574	0.01005	3.07286	10
565	575	0.01429	1.34877	10
566	576	0.00782	0.43434	10
567	577	0.01570	1.02498	10
568	578	0.01399	1.59730	10
569	579	0.01781	1.71902	10
570	580	0.01544	3.07554	10
571	581	0.01273	1.97443	10
572	582	0.01600	2.61995	10
573	583	0.02037	1.92998	10
574	584	0.00275	4.28572	10
575	585	0.00010	2.80068	10
576	586	0.00010	1.04817	10
577	587	0.00010	1.32944	10
578	588	0.00010	1.22496	10
579	589	0.00587	3.20541	10
580	590	0.00649	2.64103	10
581	591	0.00658	5.69407	10
582	592	0.00055	3.14655	10
583	593	0.00305	5.61879	10
584	594	0.00310	6.18208	10
585	595	0.00209	4.53977	10
586	596	0.00741	9.75404	10
587	597	0.00868	12.07052	10
588	598	0.00576	10.02424	10
589	599	0.00030	0.71744	10
590	600	0.00384	4.43220	10
591	601	0.00527	5.33378	10
592	602	0.01664	3.28357	10
593	603	0.01691	4.12774	10
594	604	0.00592	6.29635	10
595	605	0.00913	4.81853	10
596	606	0.01820	2.77922	10
597	607	0.00572	0.96976	10
598	608	0.00010	0.00248	10
599	609	0.00180	1.02617	10
600	610	0.03907	2.24401	10
601	611	0.03367	2.55775	10
602	612	0.00209	8.21658	10
603	613	0.01374	6.48592	10
604	614	0.02605	4.91500	10
605	615	0.01420	9.27994	10
606	616	0.00346	7.50130	10
607	617	0.00351	7.41294	10
608	618	0.00342	7.45007	10
609	619	0.00310	9.69052	10
610	620	0.00392	14.01724	10
611	621	0.00402	12.37619	10
612	622	0.01412	1.70111	10
613	623	0.00952	1.79022	10
614	624	0.00812	2.09142	10
615	625	0.00216	1.25813	10
616	626	0.00373	1.52857	10
617	627	0.00422	2.12822	10
618	628	0.00036	1.23012	10
619	629	0.00905	5.37707	10
620	630	0.00010	11.57918	10
621	631	0.00010	8.19516	10
622	632	0.00018	2.56454	10
623	633	0.00282	3.23533	10
624	634	0.00403	3.31688	10
625	635	0.03541	5.17133	10
626	636	0.09317	9.35262	10
627	637	0.10880	8.12054	10
628	638	0.05232	8.67822	10
629	639	0.06177	6.43560	10
630	640	0.04920	4.75631	10
631	641	0.07499	6.40079	10
632	642	0.06983	9.80472	10
633	643	0.05772	4.07704	10
634	644	0.04425	4.66287	10
635	645	0.02520	7.76580	10
636	646	0.00665	3.20359	10
637	647	0.00284	10.25692	10
638	648	0.00347	10.82596	10
639	649	0.00376	8.21946	10
640	650	0.00010	10.43573	10
641	651	0.00010	5.34880	10
642	652	0.00023	0.54206	10
643	653	0.00257	0.41454	10
644	654	0.01043	0.90491	10
645	655	0.00751	1.32908	10
646	656	0.00981	1.75267	10
647	657	0.01180	1.71624	10
648	658	0.01665	2.30428	10
649	659	0.01386	1.61137	10
650	660	0.01270	2.05054	10
651	661	0.02201	1.71245	10
652	662	0.01398	2.39293	10
653	663	0.00902	4.38820	10
654	664	0.01356	8.49458	10
655	665	0.02056	7.86468	10
656	666	0.00942	6.14195	10
657	667	0.01049	16.42893	10
658	668	0.00591	12.33174	10
659	669	0.01570	9.48856	10
660	670	0.03673	5.68896	10
661	671	0.03080	6.75457	10
662	672	0.03814	9.10305	10
663	673	0.03186	7.11044	10
664	674	0.02236	3.81183	10
665	675	0.02632	5.95012	10
666	676	0.01872	6.38013	10
667	677	0.01198	3.36914	10
668	678	0.00474	1.96865	10
669	679	0.00082	3.29822	10
670	680	0.00630	9.21962	10
671	681	0.00010	16.09885	10
672	682	0.00010	14.49485	10
673	683	0.00010	7.36394	10
674	684	0.00010	86.32949	10
675	685	0.00010	10.05261	10
676	686	0.00010	88.15650	10
677	687	0.00277	9.71220	10
678	688	0.00044	12.29205	10
679	689	0.01350	0.46868	10
680	690	0.00071	0.34937	10
681	691	0.00452	0.17572	10
682	692	0.00816	0.35657	10
683	693	0.00654	0.26375	10
684	694	0.00081	0.39518	10
685	695	0.00192	0.06499	10
686	696	0.00133	0.65818	10
687	697	0.00092	0.91599	10
688	698	0.00078	1.66033	10
689	699	0.00360	4.31322	10
690	700	0.02130	4.02608	10
691	701	0.06087	8.14751	10
692	702	0.04760	8.37805	10
693	703	0.07546	6.75551	10
694	704	0.05723	7.19662	10
695	705	0.04858	7.38272	10
696	706	0.04161	4.36338	10
697	707	0.03685	3.09394	10
698	708	0.02456	3.64092	10
699	709	0.02831	2.72045	10
700	710	0.00132	2.13166	10
701	711	0.00059	0.95206	10
702	712	0.00556	0.68174	10
703	713	0.00010	0.72611	10
704	714	0.00010	0.37691	10
705	715	0.00293	0.29368	10
706	716	0.00451	0.47964	10
707	717	0.00495	0.57057	10
708	718	0.00069	2.83840	10
709	719	0.00081	2.64535	10
710	720	0.00080	3.06933	10
711	721	0.00083	4.22191	10
712	722	0.00087	3.86215	10
713	723	0.00446	2.85497	10
714	724	0.00513	4.44688	10
715	725	0.00010	16.38325	10
716	726	0.00010	88.60491	10
717	727	0.00010	9.97139	10
718	728	0.00025	7.44788	10
719	729	0.00024	80.56177	10
720	730	0.00135	6.73257	10
721	731	0.02906	4.83177	10
722	732	0.05258	3.42142	10
723	733	0.11380	2.35915	10
724	734	0.04922	3.76492	10
725	735	0.04533	5.13814	10
726	736	0.05292	4.96042	10
727	737	0.13524	2.99760	10
728	738	0.11941	3.37316	10
729	739	0.07165	4.51600	10
730	740	0.05668	4.62558	10
731	741	0.05255	4.49461	10
732	742	0.01834	9.08440	10
733	743	0.00175	16.62617	10
734	744	0.00183	7.86212	10
735	745	0.02407	5.85220	10
736	746	0.00697	4.02795	10
737	747	0.00399	2.52012	10
738	748	0.00553	1.88727	10
739	749	0.00671	1.33597	10
740	750	0.02481	2.37219	10
741	751	0.01937	2.96869	10
742	752	0.01937	1.89860	10
743	753	0.01289	4.03882	10
744	754	0.01083	2.82074	10
745	755	0.00483	1.98150	10
746	756	0.00539	0.90795	10
747	757	0.00298	2.81817	10
748	758	0.01665	3.18224	10
749	759	0.03053	1.53610	10
750	760	0.01122	0.33157	10
751	761	0.00317	0.06428	10
752	762	0.01788	0.66384	10
753	763	0.02719	0.73101	10
754	764	0.00376	1.49164	10
755	765	0.00841	3.56643	10
756	766	0.03122	0.96385	10
757	767	0.03101	1.08810	10
758	768	0.02542	2.60325	10
759	769	0.03990	5.43572	10
760	770	0.03914	6.20298	10
761	771	0.03994	6.20805	10
762	772	0.03961	4.11978	10
763	773	0.00061	4.31593	10
764	774	0.01353	2.62546	10
765	775	0.00976	1.47999	10
766	776	0.00084	9.78286	10
767	777	0.00074	5.33158	10
768	778	0.00067	6.58553	10
769	779	0.00651	2.59273	10
770	780	0.00519	3.17434	10
771	781	0.00351	2.57514	10
772	782	0.00486	2.96316	10
773	783	0.00131	2.40876	10
774	784	0.00114	2.84217	10
775	785	0.00052	3.74600	10
776	786	0.00010	4.97237	10
777	787	0.00010	4.65578	10
778	788	0.00010	4.97850	10
779	789	0.00010	5.00694	10
780	790	0.00010	5.69865	10
781	791	0.00010	4.21451	10
782	792	0.00010	5.44699	10
783	793	0.00010	14.77097	10
784	794	0.00010	8.01754	10
785	795	0.00010	8.04352	10
786	796	0.00010	3.55740	10
787	797	0.00010	28.96139	10
788	798	0.00010	11.35170	10
789	799	0.00010	7.96298	10
790	800	0.00010	6.61736	10
791	801	0.00010	0.81579	10
792	802	0.00010	0.17746	10
793	803	0.00010	0.61996	10
794	804	0.01851	0.31199	10
795	805	0.01366	0.24705	10
796	806	0.02089	0.42008	10
797	807	0.01819	0.63855	10
798	808	0.01322	0.77777	10
799	809	0.01566	0.70734	10
800	810	0.00815	0.26835	10
801	811	0.00049	0.30174	10
802	812	0.00656	3.15872	10
803	813	0.00712	3.33301	10
804	814	0.00021	31.36424	10
805	815	0.00513	0.21934	10
806	816	0.00337	0.11773	10
807	817	0.00530	0.28311	10
808	818	0.00752	0.41671	10
809	819	0.00924	0.59627	10
810	820	0.00605	0.34381	10
811	821	0.02344	0.80956	10
812	822	0.01452	0.54359	10
813	823	0.01590	0.64999	10
814	824	0.00322	0.19670	10
815	825	0.00400	0.40382	10
816	826	0.00019	0.26201	10
817	827	0.00016	0.16238	10
818	828	0.00033	0.03227	10
819	829	0.00051	0.92943	10
820	830	0.00035	0.47289	10
821	831	0.00010	2.36789	10
822	832	0.00010	2.32685	10
823	833	0.02064	2.16968	10
824	834	0.01960	1.63715	10
825	835	0.02626	1.17896	10
826	836	0.02921	1.61986	10
827	837	0.02993	1.49898	10
828	838	0.02519	3.11265	10
829	839	0.02468	3.87898	10
830	840	0.02469	3.31523	10
831	841	0.02005	2.66317	10
832	842	0.01293	1.49481	10
833	843	0.00010	0.87804	10
834	844	0.00010	0.56619	10
835	845	0.00010	0.54528	10
836	846	0.00010	2.24386	10
837	847	0.00039	3.22790	10
838	848	0.00010	0.12363	10
839	849	0.00082	2.11673	10
840	850	0.00115	3.96776	10
841	851	0.00084	2.32542	10
842	852	0.00089	2.32485	10
843	853	0.00987	2.06529	10
844	854	0.02045	2.29855	10
845	855	0.01739	1.92537	10
846	856	0.01468	1.94427	10
847	857	0.01151	1.99992	10
848	858	0.00496	1.95180	10
849	859	0.00900	2.64709	10
850	860	0.01024	2.38711	10
851	861	0.01377	2.85097	10
852	862	0.01317	2.33157	10
853	863	0.03071	1.90168	10
854	864	0.03449	2.30949	10
855	865	0.06156	2.09016	10
856	866	0.02238	1.73490	10
857	867	0.02988	1.75325	10
858	868	0.21306	3.32485	10
859	869	0.15492	4.09013	10
860	870	0.18073	3.15817	10
861	871	0.34986	5.56082	10
862	872	0.32826	7.18704	10
863	873	0.37221	13.92349	10
864	874	0.31877	12.86081	10
865	875	0.28725	11.62659	10
866	876	0.20071	7.63010	10
867	877	0.17144	6.40311	10
868	878	0.20961	5.26256	10
869	879	0.25867	5.91824	10
870	880	0.32995	10.67119	10
871	881	0.50484	8.29630	10
872	882	0.67863	8.09703	10
873	883	0.52976	8.20045	10
874	884	1.46588	21.87917	10
875	885	1.12179	17.33649	10
876	886	0.22806	10.64097	10
877	887	0.26745	5.83277	10
878	888	0.25954	8.87447	10
879	889	0.16155	7.93544	10
880	890	0.05515	6.90665	10
881	891	0.05416	8.20524	10
882	892	0.05938	11.30665	10
883	893	0.01070	12.07239	10
884	894	0.05512	22.89753	10
885	895	0.05927	77.04484	10
886	896	0.04889	24.09012	10
887	897	0.02896	23.30757	10
888	898	0.03052	11.89528	10
889	899	0.04168	3.53330	10
890	900	0.03370	1.49524	10
891	901	0.02892	1.25437	10
892	902	0.03621	1.22790	10
893	903	0.03222	1.32114	10
894	904	0.04987	1.50994	10
895	905	0.06370	1.39412	10
896	906	0.09176	1.36688	10
897	907	0.17114	1.39540	10
898	908	0.21512	1.96417	10
899	909	0.29004	1.97153	10
900	910	0.59284	1.75407	10
901	911	1.14466	0.61947	10
902	912	0.44211	0.73601	10
903	913	0.61869	3.50570	10
904	914	0.35523	2.24966	10
905	915	0.19401	2.56678	10
906	916	0.13210	3.03416	10
907	917	0.09969	3.26841	10
908	918	0.05017	2.74362	10
909	919	0.07150	1.94677	10
910	920	0.08463	2.03102	10
911	921	0.03969	2.77210	10
912	922	0.05966	3.70179	10
913	923	0.13982	2.97848	10
914	924	0.15636	2.98873	10
915	925	0.19552	2.84183	10
916	926	0.16607	3.26411	10
917	927	0.10710	4.40711	10
918	928	0.06083	3.97974	10
919	929	0.02208	9.53659	10
920	930	0.06630	11.69137	10
921	931	0.14410	7.14198	10
922	932	0.19280	7.18764	10
923	933	0.18815	4.41121	10
924	934	0.08121	4.39239	10
925	935	0.05333	3.95365	10
926	936	0.09044	3.59235	10
927	937	0.12131	4.66086	10
928	938	0.12897	4.31095	10
929	939	0.37737	4.15302	10
930	940	0.38511	3.51144	10
931	941	0.30360	1.68565	10
932	942	0.22312	1.80479	10
933	943	0.42967	1.20661	10
934	944	0.72062	1.33630	10
935	945	0.88566	2.14818	10
936	946	0.24228	3.33978	10
937	947	0.28327	2.70803	10
938	948	0.11622	4.55949	10
939	949	0.49777	4.43672	10
940	950	0.07062	2.55340	10
941	951	0.07905	3.16958	10
942	952	0.06655	2.81921	10
943	953	0.06922	4.09594	10
944	954	0.05162	3.77639	10
945	955	0.13733	2.95994	10
946	956	0.36964	5.83722	10
947	957	0.35928	5.21348	10
948	958	0.29800	4.82764	10
949	959	0.15042	2.92636	10
950	960	0.13588	3.09088	10
951	961	0.14778	3.32847	10
952	962	0.02577	1.47624	10
953	963	0.01963	0.71840	10
954	964	0.00920	0.79942	10
955	965	0.01173	1.02233	10
956	966	0.03011	4.07377	10
957	967	0.11988	1.96311	10
