range_start	range_stop	omega	kappa	window_size
1	11	0.01593	1.24203	10
2	12	0.06308	1.94396	10
3	13	0.07887	2.36055	10
4	14	0.05984	2.28799	10
5	15	0.08488	1.50686	10
6	16	0.08587	1.47834	10
7	17	0.14566	1.11078	10
8	18	0.13499	1.77839	10
9	19	0.12699	1.79156	10
10	20	0.22054	0.99055	10
11	21	0.26293	1.22155	10
12	22	0.17963	0.87179	10
13	23	0.12450	0.89886	10
14	24	0.09259	0.97281	10
15	25	0.06881	1.48014	10
16	26	0.07522	1.85003	10
17	27	0.05003	2.46853	10
18	28	0.05385	2.11269	10
19	29	0.04754	2.49189	10
20	30	0.05736	4.58698	10
21	31	0.10057	2.85188	10
22	32	0.09466	2.81154	10
23	33	0.09822	2.46177	10
24	34	0.04772	0.76044	10
25	35	0.03990	1.29697	10
26	36	0.02993	1.74592	10
27	37	0.09122	0.85979	10
28	38	0.02077	0.23419	10
29	39	0.03438	0.70675	10
30	40	0.02101	0.36785	10
31	41	0.00736	0.46220	10
32	42	0.04505	0.63153	10
33	43	0.07379	0.93867	10
34	44	0.05745	1.79686	10
35	45	0.07733	0.90734	10
36	46	0.12196	0.85473	10
37	47	0.07941	0.74154	10
38	48	0.06195	1.57643	10
39	49	0.02108	1.65857	10
40	50	0.06795	1.09848	10
41	51	0.06656	0.94237	10
42	52	0.01890	0.14657	10
43	53	0.02973	0.15681	10
44	54	0.10274	0.20596	10
45	55	0.14995	0.37443	10
46	56	0.11808	0.29652	10
47	57	0.07875	0.33381	10
48	58	0.13525	0.56095	10
49	59	0.17383	1.08413	10
50	60	0.19440	0.96633	10
51	61	0.08584	0.39079	10
52	62	0.08386	0.53525	10
53	63	0.09513	0.79987	10
54	64	0.06678	0.78382	10
55	65	0.06296	1.39075	10
56	66	0.11133	2.10854	10
57	67	0.11323	2.43336	10
58	68	0.13385	2.34757	10
59	69	0.07007	1.80983	10
60	70	0.05680	2.53723	10
61	71	0.10548	2.27509	10
62	72	0.10575	2.40352	10
63	73	0.14041	2.57464	10
64	74	0.17354	2.38600	10
65	75	0.14480	2.10132	10
66	76	0.06108	2.09749	10
67	77	0.08562	1.65077	10
68	78	0.02486	4.24434	10
69	79	0.05151	3.42634	10
70	80	0.08980	2.14953	10
71	81	0.07352	3.49943	10
72	82	0.04384	3.78993	10
73	83	0.02707	2.26454	10
74	84	0.04781	3.30682	10
75	85	0.04803	2.97639	10
76	86	0.03495	2.69322	10
77	87	0.05946	3.23344	10
78	88	0.11641	2.26715	10
79	89	0.05474	1.53785	10
80	90	0.12894	1.60418	10
81	91	0.05139	1.10775	10
82	92	0.22332	1.68310	10
83	93	0.30621	2.23285	10
84	94	0.30745	2.09243	10
85	95	0.26280	1.43785	10
86	96	0.22292	2.50797	10
87	97	0.20882	1.75229	10
88	98	0.15762	2.13203	10
89	99	0.17209	2.28912	10
90	100	0.18659	2.16218	10
91	101	0.15639	2.05201	10
92	102	0.07954	1.63371	10
93	103	0.05475	1.39794	10
94	104	0.07052	1.55781	10
95	105	0.13702	3.79879	10
96	106	0.11681	2.35929	10
97	107	0.06397	3.62227	10
98	108	0.04529	1.41624	10
99	109	0.05642	1.59367	10
100	110	0.10343	3.35668	10
101	111	0.14730	2.95162	10
102	112	0.15598	2.84740	10
103	113	0.12800	2.95710	10
104	114	0.07010	4.98354	10
105	115	0.16782	2.81917	10
106	116	0.19478	3.46328	10
107	117	0.21801	2.89526	10
108	118	0.15709	3.26614	10
109	119	0.10221	2.93279	10
110	120	0.06231	1.86099	10
111	121	0.04842	1.53934	10
112	122	0.01900	0.71795	10
113	123	0.10592	1.15440	10
114	124	0.09944	1.45199	10
115	125	0.06262	3.29936	10
116	126	0.19546	2.04404	10
117	127	0.12775	1.77420	10
118	128	0.17198	2.24030	10
119	129	0.15970	2.09444	10
120	130	0.15105	2.49448	10
121	131	0.31015	3.60339	10
122	132	0.23469	5.90136	10
123	133	0.04145	9.26507	10
124	134	0.05393	6.07635	10
125	135	0.02175	21.09392	10
126	136	0.00104	13.71679	10
127	137	0.00098	14.83499	10
128	138	0.00637	10.85693	10
129	139	0.00353	17.51899	10
130	140	0.00336	9.27079	10
131	141	0.00010	8.65287	10
132	142	0.00010	3.38450	10
133	143	0.00010	1.30238	10
134	144	0.00010	1.06850	10
135	145	0.00010	1.91063	10
136	146	0.00010	2.78947	10
137	147	0.00010	1.79481	10
138	148	0.00010	2.47250	10
139	149	0.04745	1.67757	10
140	150	0.09382	1.69243	10
141	151	0.08799	2.01484	10
142	152	0.09644	3.03923	10
143	153	0.11577	2.25175	10
144	154	0.16825	1.17374	10
145	155	0.16327	1.22736	10
146	156	0.18347	1.09845	10
147	157	0.18583	1.51890	10
148	158	0.14604	1.58781	10
149	159	0.12158	1.15256	10
150	160	0.09471	1.03485	10
151	161	0.13447	1.04781	10
152	162	0.15890	1.05689	10
153	163	0.22272	1.28326	10
154	164	0.16087	2.08869	10
155	165	0.07757	1.95165	10
156	166	0.08875	2.68630	10
157	167	0.04645	1.42962	10
158	168	0.05322	1.39436	10
159	169	0.06104	2.93832	10
160	170	0.07565	2.18611	10
161	171	0.06218	2.15851	10
162	172	0.05066	1.11146	10
163	173	0.02876	0.76518	10
164	174	0.03911	0.96042	10
165	175	0.05167	0.91706	10
166	176	0.06075	0.93140	10
167	177	0.09606	0.95630	10
168	178	0.07230	0.74302	10
169	179	0.08876	0.84302	10
170	180	0.05715	1.07612	10
171	181	0.07504	0.95187	10
172	182	0.00010	1.12482	10
173	183	0.00010	0.07916	10
174	184	0.00010	0.10366	10
175	185	0.00010	1.54326	10
176	186	0.00010	1.24895	10
177	187	0.03258	0.39807	10
178	188	0.04395	0.57872	10
179	189	0.05276	0.48367	10
180	190	0.06110	0.84219	10
181	191	0.15388	1.82598	10
182	192	0.24252	4.12414	10
183	193	0.20483	2.33683	10
184	194	0.33957	3.79628	10
185	195	0.22747	4.23454	10
186	196	0.25921	3.98421	10
187	197	0.21396	4.48223	10
188	198	0.27082	4.47041	10
189	199	0.29572	5.96831	10
190	200	0.33568	3.50100	10
191	201	0.25140	2.36463	10
192	202	0.27964	2.74360	10
193	203	0.32646	2.52857	10
194	204	0.33474	2.24145	10
195	205	0.27796	1.29219	10
196	206	0.24354	0.97551	10
197	207	0.25762	1.38837	10
198	208	0.19326	1.47568	10
199	209	0.16057	1.55101	10
200	210	0.11535	0.99044	10
201	211	0.10512	1.02811	10
202	212	0.08600	0.78520	10
203	213	0.08376	1.65720	10
204	214	0.14463	0.85726	10
205	215	0.14662	0.93758	10
206	216	0.18008	0.92659	10
207	217	0.13904	0.96518	10
208	218	0.21567	0.76301	10
209	219	0.16482	0.63787	10
210	220	0.22709	0.93830	10
211	221	0.23214	1.18006	10
212	222	0.25748	1.52417	10
213	223	0.23088	1.18645	10
214	224	0.18260	1.42852	10
215	225	0.16874	2.26913	10
216	226	0.21826	4.20678	10
217	227	0.30052	3.24059	10
218	228	0.34243	3.24782	10
219	229	0.47666	2.54517	10
220	230	0.52228	2.69439	10
221	231	0.44825	1.96730	10
222	232	0.41908	2.09860	10
223	233	0.43240	1.71248	10
224	234	0.33566	1.84309	10
225	235	0.31878	1.34620	10
226	236	0.20060	0.69215	10
227	237	0.22990	0.78611	10
228	238	0.27069	0.75320	10
229	239	0.27071	0.70238	10
230	240	0.18953	0.75900	10
231	241	0.35328	0.94920	10
232	242	0.26713	0.73420	10
233	243	0.22705	0.58306	10
234	244	0.31780	0.63986	10
235	245	0.43018	0.59168	10
236	246	0.68018	0.82881	10
237	247	0.54535	0.66265	10
238	248	0.33447	1.11057	10
239	249	0.35059	1.44164	10
240	250	0.41847	1.55240	10
241	251	0.31940	1.21776	10
242	252	0.26165	1.35896	10
243	253	0.18994	2.49017	10
244	254	0.27444	2.73527	10
245	255	0.26045	3.19464	10
246	256	0.23750	1.90687	10
247	257	0.35496	1.75809	10
248	258	0.42854	1.46849	10
249	259	0.42696	1.18189	10
250	260	0.33557	0.77316	10
251	261	0.26654	0.93290	10
252	262	0.31888	0.52024	10
253	263	0.25649	0.34725	10
254	264	0.33019	0.72198	10
255	265	0.25127	0.92234	10
256	266	0.21059	1.33775	10
257	267	0.13782	1.47628	10
258	268	0.10226	1.30565	10
259	269	0.09015	1.98106	10
260	270	0.09436	2.48066	10
261	271	0.07048	3.21162	10
262	272	0.07644	2.99901	10
263	273	0.08410	3.03683	10
264	274	nan	nan	10
265	275	0.03384	5.56378	10
266	276	0.03574	4.40212	10
267	277	0.03657	5.55843	10
268	278	0.05760	6.47526	10
269	279	0.03955	6.57171	10
270	280	0.09070	5.50701	10
271	281	0.14975	6.62855	10
272	282	0.15806	4.57434	10
273	283	0.18447	3.68271	10
274	284	0.18246	4.17923	10
275	285	0.19509	4.19476	10
276	286	0.30540	4.65182	10
277	287	0.28138	5.03148	10
278	288	0.19344	3.45394	10
279	289	0.27572	3.20928	10
280	290	0.15801	2.77639	10
281	291	0.07467	1.35437	10
282	292	0.09576	1.53061	10
283	293	0.07445	1.48070	10
284	294	0.14569	1.57596	10
285	295	0.18959	1.87236	10
286	296	0.43800	3.57306	10
287	297	0.47214	3.11346	10
288	298	0.47150	3.33511	10
289	299	0.63333	2.53068	10
290	300	0.64739	2.68082	10
291	301	0.91942	2.95558	10
292	302	1.02873	2.16304	10
293	303	0.99658	2.21666	10
294	304	0.80622	1.87851	10
295	305	0.49836	1.54007	10
296	306	0.30423	1.13799	10
297	307	0.42806	1.42023	10
298	308	0.52622	2.14923	10
299	309	0.30187	2.86121	10
300	310	0.30168	2.91056	10
301	311	0.36897	4.51768	10
302	312	0.26786	8.77015	10
303	313	0.31962	9.42917	10
304	314	0.18154	9.73638	10
305	315	0.26072	9.93242	10
306	316	0.16304	9.31722	10
307	317	0.07176	5.33035	10
308	318	0.05192	5.98324	10
309	319	0.04523	4.90328	10
310	320	0.02314	4.78229	10
311	321	0.00858	6.91371	10
312	322	0.00735	4.73544	10
313	323	0.02953	4.07706	10
314	324	0.02297	5.41849	10
315	325	0.00816	4.05356	10
316	326	0.04333	2.63058	10
317	327	0.06956	1.87746	10
318	328	0.10440	2.55683	10
319	329	0.11004	1.74019	10
320	330	0.12267	1.72451	10
321	331	0.09241	1.75936	10
322	332	0.16142	2.78443	10
323	333	0.09879	2.68705	10
324	334	0.15861	2.04189	10
325	335	0.17911	2.25586	10
326	336	0.20706	2.22649	10
327	337	0.19712	2.37549	10
328	338	0.20724	2.34981	10
329	339	0.31679	2.60097	10
330	340	0.32658	1.98232	10
331	341	0.40860	1.77672	10
332	342	0.38699	2.28019	10
333	343	0.35657	1.89619	10
334	344	0.41556	2.25835	10
335	345	0.45093	2.35000	10
336	346	0.29030	1.43089	10
337	347	0.40149	1.02702	10
338	348	0.62579	1.72961	10
339	349	0.52245	1.54583	10
340	350	0.59776	1.12555	10
341	351	0.56160	1.57210	10
342	352	0.48114	1.19195	10
343	353	0.29816	2.34950	10
344	354	0.76819	2.47334	10
345	355	0.57085	2.54174	10
346	356	0.55081	3.72276	10
347	357	0.51946	1.71178	10
348	358	0.27160	1.16672	10
349	359	0.22412	0.89767	10
350	360	0.20996	1.91100	10
351	361	0.46379	2.05902	10
352	362	0.79273	3.43741	10
353	363	0.42907	3.47904	10
354	364	0.30809	2.59846	10
355	365	0.36575	1.41854	10
356	366	0.40328	1.05281	10
357	367	0.40261	1.67279	10
358	368	0.32346	1.24573	10
359	369	0.24400	0.73294	10
360	370	0.22519	0.79143	10
361	371	0.06131	0.31663	10
362	372	0.21081	0.90559	10
363	373	0.21756	0.82189	10
364	374	0.24067	0.76866	10
365	375	0.20240	1.14954	10
366	376	0.21954	1.07181	10
367	377	0.32144	1.03581	10
368	378	0.28722	1.32270	10
369	379	0.24376	1.58510	10
370	380	0.24817	1.73670	10
371	381	0.37753	2.65256	10
372	382	0.26171	4.84631	10
373	383	0.24390	3.79971	10
374	384	0.49686	4.05506	10
375	385	0.67725	3.20978	10
376	386	0.60540	4.47882	10
377	387	0.54328	2.27315	10
378	388	0.70774	1.59466	10
379	389	0.83048	1.46868	10
380	390	0.54985	1.85387	10
381	391	0.63168	1.67720	10
382	392	6.24935	1.01431	10
383	393	6.06702	1.92306	10
384	394	1.62349	1.23655	10
385	395	1.05819	1.32217	10
386	396	0.88465	0.98700	10
387	397	0.69865	1.36478	10
388	398	0.21826	0.71250	10
389	399	0.29586	0.75438	10
390	400	0.29112	0.96868	10
391	401	0.32683	0.77493	10
392	402	0.09273	0.79087	10
393	403	0.14837	0.86827	10
394	404	0.22380	0.63416	10
395	405	0.25953	0.57913	10
396	406	0.28385	0.69127	10
397	407	0.26984	0.66624	10
398	408	0.56908	0.66928	10
399	409	999.00000	0.00010	10
400	410	3.29135	0.97459	10
401	411	0.71951	0.73691	10
402	412	0.78074	0.46706	10
403	413	0.60308	0.60484	10
404	414	1.66102	0.43346	10
405	415	1.20071	0.66320	10
406	416	0.98920	0.72070	10
407	417	0.53479	0.21833	10
408	418	0.69434	0.33535	10
409	419	1.33152	1.07071	10
410	420	1.87083	2.06120	10
411	421	2.04327	1.57998	10
412	422	4.35527	1.94993	10
413	423	31.15043	4.23069	10
414	424	25.61659	5.80990	10
415	425	999.00000	5.67258	10
416	426	999.00000	5.67258	10
417	427	100.45476	19.53699	10
418	428	18.22916	31.44207	10
419	429	4.50247	8.11207	10
420	430	3.41092	7.36607	10
421	431	5.11435	21.51834	10
422	432	0.34074	0.90153	10
423	433	0.17492	3.10663	10
424	434	999.00000	0.00010	10
425	435	2.79915	9.65726	10
426	436	0.01653	0.00010	10
427	437	0.44548	0.00010	10
428	438	1.08820	15.52335	10
429	439	1.01239	16.32706	10
430	440	0.16889	0.00010	10
431	441	0.21389	0.00010	10
432	442	0.26477	0.00010	10
433	443	0.34539	0.00010	10
434	444	0.56149	0.00010	10
435	445	0.59350	0.00010	10
436	446	0.89582	1.13633	10
437	447	0.36327	7.92432	10
438	448	0.01596	0.21917	10
439	449	0.02236	0.00010	10
440	450	0.00381	0.04040	10
441	451	0.00396	0.05957	10
442	452	0.00559	0.11874	10
443	453	0.00541	0.18427	10
444	454	999.00000	2.93904	10
445	455	999.00000	0.00010	10
446	456	999.00000	0.00010	10
447	457	0.00010	0.00010	10
448	458	0.00010	0.00010	10
