range_start	range_stop	omega	kappa	window_size
1	11	0.03221	0.35352	10
2	12	0.02646	0.36849	10
3	13	0.01246	0.24179	10
4	14	0.01027	0.13873	10
5	15	0.00031	0.03489	10
6	16	0.00050	0.01006	10
7	17	0.00057	0.01753	10
8	18	0.00137	0.03863	10
9	19	0.00300	0.03045	10
10	20	0.04437	0.67695	10
11	21	0.06216	0.93777	10
12	22	0.04430	0.98623	10
13	23	0.06910	1.05013	10
14	24	0.04947	1.12647	10
15	25	0.08316	1.06008	10
16	26	0.09276	1.48696	10
17	27	0.09164	1.52934	10
18	28	0.08300	1.28717	10
19	29	0.06090	1.27128	10
20	30	0.03521	1.54374	10
21	31	0.00059	1.13573	10
22	32	0.00010	1.11344	10
23	33	0.00010	1.01162	10
24	34	0.01761	2.35802	10
25	35	0.00372	5.87136	10
26	36	0.01482	3.35465	10
27	37	0.00161	8.01237	10
28	38	0.00077	18.73111	10
29	39	0.00809	17.23399	10
30	40	0.01129	8.29422	10
31	41	0.01687	5.19386	10
32	42	0.00583	4.40968	10
33	43	0.00445	6.30297	10
34	44	0.00010	0.06387	10
35	45	0.00010	0.21161	10
36	46	0.00010	0.50427	10
37	47	0.00010	0.20612	10
38	48	0.00010	2.98969	10
39	49	0.00010	0.01321	10
40	50	0.00010	1.96134	10
41	51	0.00010	3.13154	10
42	52	0.00010	3.27712	10
43	53	0.00010	1.98858	10
44	54	0.00010	1.74249	10
45	55	0.00010	5.43298	10
46	56	0.00010	4.00917	10
47	57	0.00010	2.76531	10
48	58	0.00010	6.26179	10
49	59	0.00010	6.26179	10
50	60	0.00010	13.89405	10
51	61	0.00010	29.14403	10
52	62	0.00010	26.40775	10
53	63	0.00010	20.45474	10
54	64	0.00010	1.64833	10
55	65	0.00010	5.46335	10
56	66	0.00010	3.83297	10
57	67	0.00010	8.37048	10
58	68	0.00010	16.25283	10
59	69	0.00010	14.35218	10
60	70	0.00010	7.69284	10
61	71	0.00010	5.36827	10
62	72	0.00010	304.85861	10
63	73	0.00010	15.45407	10
64	74	0.00010	12.89654	10
65	75	0.00010	3.78149	10
66	76	0.00010	2.77110	10
67	77	0.00010	4.33372	10
68	78	0.00010	6.37400	10
69	79	0.00010	0.97402	10
70	80	0.00010	5.91845	10
71	81	0.00010	4.37806	10
72	82	0.00010	2.56483	10
73	83	0.00010	3.70519	10
74	84	0.00010	3.26741	10
75	85	0.00010	3.22785	10
76	86	0.00010	4.37784	10
77	87	0.00010	22.81454	10
78	88	0.00010	203.98070	10
79	89	0.00010	999.00000	10
80	90	0.00010	163.24591	10
81	91	0.00010	64.38484	10
82	92	0.00010	11.56216	10
83	93	0.00010	34.20190	10
84	94	0.00010	32.17170	10
85	95	0.02021	1.20229	10
86	96	0.01925	0.51398	10
87	97	0.03505	0.64912	10
88	98	0.05368	0.57028	10
89	99	0.03472	0.44003	10
90	100	0.04917	1.20632	10
91	101	0.04770	1.15827	10
92	102	0.04801	1.48391	10
93	103	0.05295	2.66632	10
94	104	0.05257	1.67028	10
95	105	0.00399	10.87026	10
96	106	0.00613	6.84675	10
97	107	0.00604	2.94584	10
98	108	0.00040	19.64105	10
99	109	0.00049	13.53322	10
100	110	0.00132	4.00107	10
101	111	0.00010	2.38183	10
102	112	0.00010	3.24916	10
103	113	0.00010	5.14323	10
104	114	0.00010	6.93582	10
105	115	0.00010	10.88260	10
106	116	0.00010	10.10221	10
107	117	0.00010	7.42410	10
108	118	0.00814	2.05064	10
109	119	0.02715	2.06395	10
110	120	0.01802	1.19662	10
111	121	0.00793	1.22619	10
112	122	0.00778	0.90371	10
113	123	0.01974	0.71582	10
114	124	0.00660	1.09461	10
115	125	0.02371	0.94577	10
116	126	0.02506	1.06657	10
117	127	0.02659	1.01287	10
118	128	0.00718	1.61500	10
119	129	0.00010	1.34296	10
120	130	0.00010	1.75276	10
121	131	0.00010	5.60380	10
122	132	0.00010	9.68312	10
123	133	0.00010	2.29017	10
124	134	0.00010	2.13785	10
125	135	0.00010	0.91589	10
126	136	0.00010	0.41244	10
127	137	0.00010	1.53891	10
128	138	0.00010	1.82173	10
129	139	0.00010	3.61749	10
130	140	0.00010	3.49401	10
131	141	0.00010	2.76835	10
132	142	0.00010	2.59628	10
133	143	0.00010	2.44792	10
134	144	0.00010	2.97464	10
135	145	0.00010	4.53437	10
136	146	0.00010	3.47532	10
137	147	0.00010	3.22455	10
138	148	0.00010	2.34101	10
139	149	0.00010	1.38439	10
140	150	0.00010	1.73777	10
141	151	0.00010	2.37624	10
142	152	0.00010	2.47458	10
143	153	0.00010	3.63425	10
144	154	0.00010	5.42843	10
145	155	0.00010	6.33007	10
146	156	0.00440	5.92150	10
147	157	0.00264	4.00676	10
148	158	0.00071	1.71611	10
149	159	0.00071	1.71611	10
150	160	0.00067	1.22577	10
151	161	0.00047	0.80723	10
152	162	0.00048	0.65734	10
153	163	0.00035	0.39222	10
154	164	0.01238	0.63812	10
155	165	0.01990	0.70497	10
156	166	0.06946	2.33322	10
157	167	0.03043	2.52340	10
158	168	0.03176	2.14793	10
159	169	0.05255	2.11016	10
160	170	0.05230	1.52947	10
161	171	0.05524	1.69063	10
162	172	0.04424	1.76004	10
163	173	0.04006	1.54139	10
164	174	0.03559	1.28009	10
165	175	0.02516	1.29381	10
166	176	0.00621	0.26124	10
167	177	0.01052	0.57252	10
168	178	0.01159	0.45085	10
169	179	0.00555	0.13683	10
170	180	0.00764	0.37632	10
171	181	0.00648	0.79653	10
172	182	0.00638	0.92626	10
173	183	0.00580	0.66086	10
174	184	0.00821	1.08914	10
175	185	0.00067	1.90630	10
176	186	0.00056	1.41489	10
177	187	0.00050	1.25995	10
178	188	0.00508	1.61615	10
179	189	0.00010	3.87843	10
180	190	0.00010	1.46067	10
181	191	0.00010	155.95790	10
182	192	0.00010	12.27459	10
183	193	0.00727	0.84846	10
184	194	0.00644	0.72734	10
185	195	0.01739	1.32770	10
186	196	0.04290	0.71761	10
187	197	0.03039	1.48178	10
188	198	0.03586	0.92584	10
189	199	0.03170	1.79325	10
190	200	0.02901	1.80198	10
191	201	0.02412	2.06044	10
192	202	0.01543	2.44912	10
193	203	0.00715	2.46050	10
194	204	0.00638	2.71035	10
195	205	0.04235	1.44607	10
196	206	0.04106	2.86376	10
197	207	0.01750	3.15835	10
198	208	0.06185	2.81652	10
199	209	0.05198	1.55052	10
200	210	0.03124	2.57442	10
201	211	0.04908	4.23423	10
202	212	0.00887	3.83112	10
203	213	0.00782	4.17288	10
204	214	0.01026	4.52551	10
205	215	0.00068	9.63893	10
206	216	0.00501	8.27359	10
207	217	0.00110	11.05927	10
208	218	0.00010	155.79879	10
209	219	0.00010	277.13890	10
210	220	0.02829	4.98289	10
211	221	0.02544	4.15686	10
212	222	0.02019	2.55064	10
213	223	0.02842	3.13674	10
214	224	0.03592	4.66444	10
215	225	0.03261	4.06763	10
216	226	0.03347	2.21711	10
217	227	0.03961	1.99333	10
218	228	0.05895	1.48608	10
219	229	0.07886	1.80611	10
220	230	0.03625	2.04210	10
221	231	0.02679	2.49637	10
222	232	0.04063	2.30259	10
223	233	0.03446	2.65761	10
224	234	0.01400	2.07369	10
225	235	0.01028	1.86332	10
226	236	0.00688	2.43307	10
227	237	0.00501	3.40525	10
228	238	0.00822	5.63533	10
229	239	0.00010	0.36426	10
230	240	0.00010	1.42342	10
231	241	0.00010	3.90864	10
232	242	0.00010	2.13187	10
233	243	0.00010	1.34260	10
234	244	0.00010	1.91664	10
235	245	0.00010	1.76643	10
236	246	0.00010	1.71811	10
237	247	0.00010	2.06266	10
238	248	0.00010	1.43773	10
239	249	0.00010	1.66809	10
240	250	0.00010	2.56883	10
241	251	0.00010	3.18760	10
242	252	0.00010	11.74126	10
243	253	0.00010	5.90192	10
244	254	0.00010	1.90907	10
245	255	0.00010	2.53764	10
246	256	0.00010	1.26426	10
247	257	0.00010	0.05140	10
248	258	0.00013	0.05012	10
249	259	0.00010	0.07522	10
250	260	0.00010	0.12655	10
251	261	0.00129	0.34495	10
252	262	0.00374	1.15640	10
253	263	0.00346	1.24454	10
254	264	0.00310	1.72882	10
255	265	0.00336	2.02505	10
256	266	0.00268	1.98818	10
257	267	0.00010	3.19984	10
258	268	0.00010	2.72847	10
259	269	0.00010	4.99439	10
260	270	0.00010	1.86879	10
261	271	0.00010	2.07159	10
262	272	0.00010	1.23937	10
263	273	0.00010	0.85869	10
264	274	0.00010	1.25976	10
265	275	0.00010	0.46650	10
266	276	0.00010	0.24666	10
267	277	0.00010	1.14835	10
268	278	0.00010	0.83593	10
269	279	0.00010	2.43198	10
270	280	0.00010	1.93247	10
271	281	0.00010	1.18472	10
272	282	0.00010	1.94521	10
273	283	0.00010	20.17774	10
274	284	0.00010	3.15634	10
275	285	0.00777	2.34555	10
276	286	0.00677	3.05465	10
277	287	0.01176	6.57521	10
278	288	0.01125	6.49195	10
279	289	0.00957	7.30790	10
280	290	0.00587	9.23814	10
281	291	0.01494	4.43535	10
282	292	0.01967	2.77516	10
283	293	0.03026	2.42345	10
284	294	0.02789	2.66876	10
285	295	0.01475	3.92672	10
286	296	0.02139	2.57042	10
287	297	0.01007	2.92344	10
288	298	0.00839	2.74843	10
289	299	0.00815	4.71597	10
290	300	0.00587	2.50672	10
291	301	0.00599	1.71926	10
292	302	0.00662	2.14489	10
293	303	0.00010	4.02975	10
294	304	0.00010	2.00571	10
295	305	0.00010	2.68393	10
296	306	0.00010	1.33393	10
297	307	0.00010	2.19826	10
298	308	0.00010	1.63590	10
299	309	0.00010	2.47359	10
300	310	0.00010	2.01188	10
301	311	0.00010	10.18769	10
302	312	0.00010	2.02677	10
303	313	0.00010	3.21398	10
304	314	0.00010	3.78417	10
305	315	0.00010	2.28921	10
306	316	0.00010	2.49286	10
307	317	0.00010	3.57309	10
308	318	0.00010	2.58644	10
309	319	0.00010	0.76918	10
310	320	0.00010	0.69545	10
311	321	0.00010	0.92861	10
312	322	0.00010	4.75704	10
313	323	0.00010	3.98682	10
314	324	0.00010	3.44338	10
315	325	0.00010	4.67454	10
316	326	0.00010	6.86259	10
317	327	0.00010	77.67511	10
318	328	0.00010	61.51961	10
319	329	0.01169	5.88794	10
320	330	0.01096	5.91842	10
321	331	0.01237	2.08074	10
322	332	0.00587	0.64542	10
323	333	0.01402	3.08261	10
324	334	0.01619	2.79707	10
325	335	0.01577	3.09041	10
326	336	0.01253	3.44370	10
327	337	0.01016	2.15927	10
328	338	0.01246	3.27985	10
329	339	0.00010	3.50659	10
330	340	0.00010	5.04019	10
331	341	0.00010	12.03293	10
332	342	0.00010	199.67891	10
333	343	0.00010	56.06243	10
334	344	0.00010	65.61309	10
335	345	0.00010	5.95089	10
336	346	0.00010	15.35389	10
337	347	0.00010	13.59023	10
338	348	0.00010	11.27847	10
339	349	0.02123	3.83832	10
340	350	0.02058	4.70735	10
341	351	0.01168	0.47840	10
342	352	0.00872	0.30047	10
343	353	0.01710	1.08967	10
344	354	0.00710	0.27152	10
345	355	0.01389	1.65716	10
346	356	0.00742	0.66320	10
347	357	0.01358	1.13613	10
348	358	0.01035	0.63576	10
349	359	0.00010	12.45611	10
350	360	0.00010	0.72247	10
351	361	0.00010	1.79815	10
352	362	0.00010	3.46205	10
353	363	0.00010	4.13320	10
354	364	0.00010	3.19132	10
355	365	0.00010	3.24128	10
356	366	0.00010	2.13947	10
357	367	0.00010	0.03476	10
358	368	0.00010	0.39736	10
359	369	0.00010	0.74599	10
360	370	0.00010	1.10495	10
361	371	0.00010	2.20813	10
362	372	0.00010	2.45747	10
363	373	0.00010	1.86026	10
364	374	0.00010	1.23479	10
365	375	0.00010	1.46413	10
366	376	0.00010	2.00795	10
367	377	0.00010	2.76238	10
368	378	0.00580	1.78606	10
369	379	0.01887	1.36147	10
370	380	0.01498	2.07921	10
371	381	0.00095	6.30705	10
372	382	0.00098	7.24905	10
373	383	0.00110	7.96060	10
374	384	0.00105	5.63910	10
375	385	0.00097	5.41072	10
376	386	0.00138	7.05194	10
377	387	0.00142	6.67999	10
378	388	0.00040	14.67335	10
379	389	0.00105	8.97280	10
380	390	0.00042	7.62552	10
381	391	0.00038	2.60683	10
382	392	0.00028	2.44549	10
383	393	0.00028	7.01854	10
384	394	0.00041	10.05983	10
385	395	0.00041	9.57513	10
386	396	0.00036	9.19695	10
387	397	0.00042	6.76258	10
388	398	0.00037	9.57162	10
389	399	0.00043	9.33447	10
390	400	0.00010	13.84017	10
391	401	0.00010	16.92864	10
392	402	0.00010	7.68880	10
393	403	0.00010	13.58646	10
394	404	0.00010	247.40661	10
395	405	0.00010	27.09326	10
396	406	0.00010	41.28907	10
397	407	0.00010	51.84224	10
398	408	0.00010	17.90578	10
399	409	0.00010	13.06955	10
400	410	0.00010	65.18950	10
401	411	0.00010	85.36232	10
402	412	0.00010	143.83381	10
403	413	0.00010	5.92480	10
404	414	0.00010	5.50363	10
405	415	0.00010	4.19637	10
406	416	0.00010	2.50976	10
407	417	0.00010	2.88343	10
408	418	0.00010	2.37875	10
409	419	0.00010	2.26950	10
410	420	0.00010	1.05998	10
411	421	0.00010	0.98285	10
412	422	0.00010	2.80709	10
413	423	0.00010	1.55685	10
414	424	0.00010	0.34305	10
415	425	0.00010	3.40934	10
416	426	0.00010	5.45878	10
417	427	0.00188	3.58534	10
418	428	0.00034	1.38182	10
419	429	0.00081	0.72752	10
420	430	0.00025	0.44643	10
421	431	0.00025	0.44643	10
422	432	0.00024	0.36807	10
423	433	0.00557	0.95464	10
424	434	0.00625	2.09903	10
425	435	0.00438	1.92477	10
426	436	0.00344	1.66103	10
427	437	0.00010	1.99302	10
428	438	0.00010	1.94634	10
429	439	0.00010	1.99748	10
430	440	0.00010	3.16744	10
431	441	0.00010	3.88342	10
432	442	0.01518	1.75167	10
433	443	0.02123	1.69721	10
434	444	0.02165	1.87132	10
435	445	0.03578	1.80382	10
436	446	0.04219	1.56117	10
437	447	0.04506	1.39549	10
438	448	0.10131	1.99536	10
439	449	0.08509	2.51911	10
440	450	0.10185	1.92182	10
441	451	0.12324	1.83470	10
442	452	0.13029	2.74570	10
443	453	0.14317	3.71329	10
444	454	0.12441	3.06668	10
445	455	0.09639	2.54471	10
446	456	0.14444	4.09980	10
447	457	0.03004	5.45179	10
448	458	0.05692	3.06169	10
449	459	0.02857	2.13463	10
450	460	0.00535	0.50402	10
451	461	0.03843	1.19586	10
452	462	0.01579	0.61556	10
453	463	0.02809	1.14194	10
454	464	0.01185	2.98805	10
455	465	0.02688	2.15253	10
456	466	0.02557	2.06638	10
457	467	0.01211	2.79231	10
458	468	0.00616	3.67566	10
459	469	0.01262	3.17205	10
460	470	0.02604	4.34729	10
461	471	0.02548	3.00595	10
462	472	0.03072	1.10873	10
463	473	0.01966	1.07464	10
464	474	0.01508	0.55212	10
465	475	0.01611	0.61107	10
466	476	0.00835	1.12180	10
467	477	0.01153	3.96504	10
468	478	0.00789	5.15910	10
469	479	0.01102	2.82758	10
470	480	0.00060	0.01396	10
471	481	0.00069	3.27693	10
472	482	0.01462	1.71097	10
473	483	0.02682	2.93876	10
474	484	0.02815	2.01415	10
475	485	0.02249	1.36478	10
476	486	0.02145	1.13263	10
477	487	0.01382	0.46346	10
478	488	0.01543	0.60678	10
479	489	0.01392	1.13892	10
480	490	0.00840	3.27575	10
481	491	0.01890	1.48109	10
482	492	0.02327	1.94701	10
483	493	0.02221	2.68029	10
484	494	0.01867	1.36755	10
485	495	0.03806	2.25707	10
486	496	0.04645	1.84922	10
487	497	0.06661	1.76736	10
488	498	0.04482	1.71757	10
489	499	0.06215	1.74124	10
490	500	0.03674	1.31661	10
491	501	0.02415	2.34541	10
492	502	0.01349	1.36834	10
493	503	0.00594	1.13693	10
494	504	0.03054	0.77113	10
495	505	0.02860	0.81059	10
496	506	0.02658	1.01894	10
497	507	0.01146	1.00777	10
498	508	0.01215	0.38219	10
499	509	0.01295	0.40320	10
500	510	0.00581	0.06188	10
501	511	0.02534	0.31049	10
502	512	0.00421	2.28162	10
503	513	0.00010	2.88925	10
504	514	0.00010	11.87644	10
505	515	0.00010	3.72057	10
506	516	0.00897	3.71500	10
507	517	0.00725	5.75438	10
508	518	0.02043	3.73061	10
509	519	0.00195	4.67622	10
510	520	0.00248	5.42141	10
511	521	0.00237	4.66817	10
512	522	0.00221	4.53818	10
513	523	0.00212	5.03169	10
514	524	0.00228	6.13483	10
515	525	0.00217	11.55679	10
516	526	0.00086	13.57580	10
517	527	0.00084	7.35977	10
518	528	0.00010	2.55164	10
519	529	0.00010	1.63306	10
520	530	0.00010	2.76076	10
521	531	0.00010	5.75413	10
522	532	0.00010	6.52451	10
523	533	0.00010	14.25026	10
524	534	0.00010	4.51010	10
525	535	0.00010	4.60060	10
526	536	0.00010	6.40178	10
527	537	0.00010	12.58338	10
528	538	0.00010	0.88447	10
529	539	0.00010	3.48308	10
530	540	0.00010	3.04647	10
531	541	0.00010	1.35475	10
532	542	0.00010	0.09830	10
533	543	0.00010	11.74009	10
534	544	0.00010	12.15367	10
535	545	0.00010	10.13170	10
536	546	0.00010	52.99062	10
537	547	0.00010	27.13602	10
538	548	0.00010	24.90448	10
539	549	0.00010	10.03339	10
540	550	0.00010	0.72451	10
541	551	0.00010	5.44914	10
542	552	0.00010	7.98062	10
543	553	0.00010	6.74786	10
544	554	0.00010	5.01831	10
545	555	0.00010	21.67302	10
546	556	0.00010	7.26244	10
547	557	0.00010	30.26632	10
548	558	0.00010	10.23103	10
549	559	0.00010	4.22799	10
550	560	0.00010	5.78391	10
551	561	0.00010	2.23227	10
552	562	0.00010	1.32141	10
553	563	0.00010	0.93490	10
554	564	0.00010	1.91927	10
555	565	0.00010	1.52137	10
556	566	0.00010	2.21050	10
557	567	0.00010	1.88436	10
558	568	0.00010	2.41610	10
559	569	0.00010	2.53483	10
560	570	0.00010	0.50321	10
561	571	0.00010	0.25300	10
562	572	0.00012	0.00323	10
563	573	0.00038	0.51552	10
564	574	0.00017	0.04045	10
565	575	0.00026	0.21039	10
566	576	0.00013	0.04302	10
567	577	0.00018	0.05617	10
568	578	0.00019	0.15101	10
569	579	0.00060	0.09112	10
570	580	0.00019	0.05667	10
571	581	0.00028	0.02589	10
572	582	0.00010	0.03583	10
573	583	0.00010	0.05389	10
574	584	0.00010	0.02850	10
575	585	0.00010	0.02277	10
576	586	0.00010	0.21157	10
577	587	0.00010	0.17682	10
578	588	0.00010	0.30439	10
579	589	0.00010	0.60702	10
580	590	0.00010	0.77231	10
581	591	0.00010	0.94137	10
582	592	0.00010	0.45585	10
583	593	0.00010	0.93954	10
584	594	0.00010	0.91140	10
585	595	0.00494	0.84760	10
586	596	0.00360	0.64884	10
587	597	0.00127	2.57712	10
588	598	0.00120	3.31437	10
589	599	0.00094	1.78087	10
590	600	0.02039	2.95194	10
591	601	0.01553	4.06912	10
592	602	0.01028	10.32569	10
593	603	0.00571	25.78717	10
594	604	0.00370	29.38227	10
595	605	0.00622	16.65061	10
596	606	0.02149	7.07104	10
597	607	0.02070	3.68606	10
598	608	0.01725	3.88513	10
599	609	0.01747	2.87997	10
600	610	0.02031	2.52747	10
601	611	0.00304	5.85473	10
602	612	0.00595	4.69661	10
603	613	0.01091	6.59246	10
604	614	0.01122	6.34945	10
605	615	0.01856	7.87030	10
606	616	0.00010	28.78382	10
607	617	0.00010	303.28954	10
608	618	0.00010	32.11035	10
609	619	0.00010	999.00000	10
610	620	0.00010	999.00000	10
611	621	0.00010	999.00000	10
612	622	0.00010	5.51183	10
613	623	0.00010	5.44354	10
614	624	0.00010	8.52139	10
615	625	0.00010	7.57305	10
616	626	0.00010	5.90407	10
617	627	0.00010	5.17680	10
618	628	0.00010	2.43405	10
619	629	0.00010	0.94137	10
620	630	0.00010	0.79146	10
621	631	0.00010	0.12552	10
622	632	0.00010	1.90178	10
623	633	0.00010	1.17928	10
624	634	0.00010	1.64421	10
625	635	0.00010	1.26265	10
626	636	0.00010	1.30790	10
627	637	0.00010	1.21615	10
628	638	0.00010	1.64741	10
629	639	0.00010	4.62998	10
630	640	0.00010	4.27952	10
631	641	0.00010	1.72044	10
632	642	0.00010	0.73213	10
633	643	0.00010	0.65896	10
634	644	0.00010	0.30725	10
635	645	0.01126	0.33366	10
636	646	0.01443	1.01225	10
637	647	0.01701	1.60864	10
638	648	0.02501	3.45547	10
639	649	0.02397	5.21797	10
640	650	0.01478	6.78101	10
641	651	0.02051	6.42550	10
642	652	0.02073	4.91199	10
643	653	0.02032	3.74373	10
644	654	0.04286	12.84821	10
645	655	0.01618	53.78130	10
646	656	0.01527	52.36439	10
647	657	0.01162	31.45635	10
648	658	0.06705	8.10527	10
649	659	0.05864	5.54740	10
650	660	0.06376	5.37052	10
651	661	0.05268	4.61083	10
652	662	0.06717	3.67483	10
653	663	0.05421	3.40370	10
654	664	0.02998	2.90532	10
655	665	0.02921	3.03276	10
656	666	0.04533	3.23043	10
657	667	0.02763	5.48356	10
658	668	0.00562	14.15289	10
659	669	0.00226	18.83353	10
660	670	0.03815	5.35113	10
661	671	0.04522	4.80245	10
662	672	0.04893	5.39890	10
663	673	0.04787	6.15928	10
664	674	0.04495	2.95404	10
665	675	0.04431	3.27376	10
666	676	0.02166	4.00772	10
667	677	0.02699	5.57750	10
668	678	0.00402	4.12740	10
669	679	0.05753	5.52787	10
670	680	0.03967	5.06768	10
671	681	0.05903	5.63071	10
672	682	0.02738	5.83621	10
673	683	0.02458	3.76526	10
674	684	0.03550	5.53925	10
675	685	0.03946	6.16147	10
676	686	0.02111	8.24186	10
677	687	0.01084	4.99242	10
678	688	0.00919	5.06654	10
679	689	0.00010	4.85313	10
680	690	0.00010	5.34589	10
681	691	0.00010	4.58504	10
682	692	0.00010	8.15060	10
683	693	0.00010	23.12023	10
684	694	0.00121	4.05378	10
685	695	0.01290	3.00499	10
686	696	0.01120	2.98603	10
687	697	0.01162	2.58965	10
688	698	0.00475	2.86556	10
689	699	0.00477	1.90850	10
690	700	0.00778	3.18749	10
691	701	0.00659	1.94744	10
692	702	0.00958	8.52663	10
693	703	0.00416	0.55099	10
694	704	0.01562	2.63307	10
695	705	0.00010	17.06294	10
696	706	0.00010	27.86841	10
697	707	0.00010	108.31877	10
698	708	0.00010	31.17723	10
699	709	0.00010	48.45788	10
700	710	0.00010	8.05499	10
701	711	0.00089	22.27952	10
702	712	0.00061	46.46868	10
703	713	0.00069	50.39225	10
