range_start	range_stop	omega	kappa	window_size
1	11	0.13911	2.61378	10
2	12	0.12696	2.31680	10
3	13	0.11047	2.13993	10
4	14	0.11060	2.20713	10
5	15	0.05437	1.75450	10
6	16	0.12266	4.28934	10
7	17	0.04970	2.56540	10
8	18	0.07963	3.12596	10
9	19	0.12289	3.61405	10
10	20	0.14718	3.33275	10
11	21	0.09064	3.14906	10
12	22	0.11655	3.02545	10
13	23	0.16773	2.80828	10
14	24	0.13793	2.64769	10
15	25	0.10435	3.07830	10
16	26	0.09399	2.44446	10
17	27	0.03489	4.84807	10
18	28	0.08195	2.91984	10
19	29	0.05108	3.10862	10
20	30	0.05438	3.58110	10
21	31	0.03549	3.72638	10
22	32	0.02667	4.41423	10
23	33	0.01240	10.46962	10
24	34	0.04971	4.27993	10
25	35	0.01140	5.69765	10
26	36	0.01874	3.83159	10
27	37	0.08788	10.41095	10
28	38	0.30219	3.82301	10
29	39	0.06677	0.67762	10
30	40	0.07630	1.02997	10
31	41	0.09440	1.41644	10
32	42	0.13491	2.16921	10
33	43	0.13511	2.53034	10
34	44	0.02158	2.36580	10
35	45	0.02775	2.31845	10
36	46	0.08034	3.36460	10
37	47	0.30857	0.97837	10
38	48	0.13187	0.43022	10
39	49	0.14189	1.00882	10
40	50	0.37532	2.02861	10
41	51	0.59204	0.62542	10
42	52	1.02869	0.45065	10
43	53	0.55600	1.09465	10
44	54	0.99690	0.70177	10
45	55	1.41407	0.62110	10
46	56	1.60449	0.65164	10
47	57	1.26072	0.92417	10
48	58	0.85167	1.04366	10
49	59	0.49572	1.37122	10
50	60	0.38374	1.30037	10
51	61	0.34461	1.34483	10
52	62	0.35819	1.76083	10
53	63	0.20020	0.95099	10
54	64	0.27045	2.06417	10
55	65	0.31433	1.35906	10
56	66	0.14230	4.01831	10
57	67	0.04991	2.34240	10
58	68	0.07849	5.42811	10
59	69	0.08038	4.86913	10
60	70	0.73619	1.75361	10
61	71	0.38676	1.43247	10
62	72	0.41982	1.59374	10
63	73	0.36859	1.52708	10
64	74	0.35910	1.72656	10
65	75	0.00664	2.20971	10
66	76	0.00978	1.68050	10
67	77	0.02483	2.23829	10
68	78	0.14776	2.67278	10
69	79	0.34314	4.38019	10
70	80	0.12806	3.97874	10
71	81	0.25995	7.27829	10
72	82	0.13755	6.63811	10
73	83	0.36123	12.24982	10
74	84	0.32684	5.24798	10
75	85	0.09609	3.12015	10
76	86	0.10289	4.58142	10
77	87	0.95546	3.04221	10
78	88	0.54047	2.72907	10
79	89	0.51092	1.90528	10
80	90	0.29346	1.52473	10
81	91	0.43983	1.43925	10
82	92	0.52256	2.08360	10
83	93	0.31591	3.25784	10
84	94	0.30155	4.72851	10
85	95	0.24215	4.04763	10
86	96	0.35223	2.43392	10
87	97	0.48227	1.76220	10
88	98	0.68741	1.39095	10
89	99	0.37360	0.83237	10
90	100	0.37052	0.36993	10
91	101	0.23545	0.40489	10
92	102	0.31621	0.65647	10
93	103	0.39889	0.34038	10
94	104	0.35150	0.51572	10
95	105	0.28052	1.18132	10
96	106	0.20100	1.26161	10
97	107	0.13263	1.14600	10
98	108	0.17165	1.38022	10
99	109	0.43993	1.12406	10
100	110	0.52242	1.93903	10
101	111	0.40483	1.95472	10
102	112	nan	nan	10
103	113	0.47644	1.44716	10
104	114	0.31040	1.36415	10
105	115	0.30154	1.83281	10
106	116	0.21756	2.57403	10
107	117	0.26400	2.43772	10
108	118	0.34829	2.28870	10
109	119	0.22492	2.45494	10
110	120	0.15811	1.57253	10
111	121	0.13335	1.31453	10
112	122	0.07497	1.57767	10
113	123	0.07855	1.18972	10
114	124	0.00803	1.20905	10
115	125	0.01332	1.21113	10
116	126	0.00617	1.19711	10
117	127	0.00619	1.06776	10
118	128	0.00287	0.62219	10
119	129	0.00388	0.62268	10
120	130	0.00487	0.67534	10
121	131	0.00797	0.94497	10
122	132	0.03984	1.89367	10
123	133	0.06088	1.30116	10
124	134	0.04386	2.52499	10
125	135	0.07237	4.37147	10
126	136	0.13236	5.89113	10
127	137	0.04190	4.56263	10
128	138	0.06684	2.50917	10
129	139	0.13635	3.58759	10
130	140	0.23124	3.67512	10
131	141	0.26999	3.11681	10
132	142	0.47001	1.86709	10
133	143	0.42031	1.84811	10
134	144	0.30938	4.37687	10
135	145	0.38069	2.40808	10
136	146	0.34133	2.77603	10
137	147	0.27745	3.30059	10
138	148	0.07541	2.84868	10
139	149	0.04357	0.78547	10
140	150	0.01970	0.13000	10
141	151	0.01738	0.05288	10
142	152	999.00000	0.45394	10
143	153	8.22282	0.90752	10
144	154	23.01542	312.53997	10
145	155	999.00000	0.00010	10
146	156	580.95655	998.99997	10
147	157	nan	nan	10
148	158	nan	nan	10
149	159	nan	nan	10
150	160	nan	nan	10
151	161	nan	nan	10
152	162	0.04840	0.43360	10
153	163	0.01968	0.09812	10
154	164	0.04386	0.65468	10
155	165	0.06277	1.15889	10
156	166	0.03201	0.90846	10
157	167	0.06293	1.64829	10
158	168	0.17080	1.40648	10
159	169	0.28926	2.17313	10
160	170	0.37076	2.26452	10
161	171	0.51423	2.63889	10
162	172	0.46473	3.50205	10
163	173	0.50458	4.28401	10
164	174	0.41016	4.15675	10
165	175	0.60950	4.28820	10
166	176	0.75067	5.26998	10
167	177	0.56931	7.65439	10
168	178	0.23356	4.75550	10
169	179	0.14268	3.53251	10
170	180	0.12118	3.02509	10
171	181	0.09547	2.49343	10
172	182	0.24769	1.50605	10
173	183	0.34208	2.59356	10
174	184	0.37735	3.00342	10
175	185	0.30891	2.32018	10
176	186	0.31800	2.28112	10
177	187	0.56730	1.64997	10
178	188	0.47695	2.76596	10
179	189	0.37412	3.43390	10
180	190	0.37596	4.12039	10
181	191	0.26331	5.34944	10
182	192	0.13327	5.34707	10
183	193	0.06791	2.47313	10
184	194	0.02013	2.39966	10
185	195	0.00809	2.56866	10
186	196	0.00807	1.47604	10
187	197	0.06516	1.59442	10
188	198	0.01741	1.88119	10
189	199	0.01731	2.15626	10
190	200	0.12028	1.48741	10
191	201	0.33995	3.21657	10
192	202	0.43125	3.08551	10
193	203	0.31726	3.22607	10
194	204	0.18684	2.25807	10
195	205	0.21962	3.38146	10
196	206	0.15662	1.64676	10
197	207	0.18759	1.16408	10
198	208	0.21216	0.92924	10
199	209	0.15419	1.47648	10
200	210	0.07743	1.96289	10
201	211	0.06088	2.97015	10
202	212	0.05016	3.25181	10
203	213	0.04944	2.46903	10
204	214	0.07379	2.38079	10
205	215	0.03607	2.22229	10
206	216	0.00010	5.04105	10
207	217	0.03572	10.01230	10
208	218	0.03428	3.32124	10
209	219	0.05506	2.06939	10
210	220	0.02832	1.91967	10
211	221	0.04060	1.23157	10
212	222	0.04106	1.44945	10
213	223	0.08185	1.99006	10
214	224	0.09703	1.60862	10
215	225	0.10786	1.99156	10
216	226	0.14007	2.13395	10
217	227	0.13398	1.96559	10
218	228	0.17031	1.84684	10
219	229	0.17968	2.31749	10
220	230	0.32074	2.94349	10
221	231	0.22327	1.82849	10
222	232	0.28754	2.03542	10
223	233	0.27912	1.25206	10
224	234	0.34130	0.92008	10
225	235	0.49175	1.03676	10
226	236	0.26346	1.27101	10
227	237	0.07308	0.39694	10
228	238	0.04131	0.20267	10
229	239	0.03268	0.20499	10
230	240	0.10189	0.35236	10
231	241	0.14645	0.49381	10
232	242	0.47127	0.83628	10
233	243	1.98347	3.53145	10
234	244	1.09220	2.25714	10
235	245	1.55666	1.46073	10
236	246	3.38949	1.09231	10
237	247	1.59739	1.10584	10
238	248	1.18336	0.88168	10
239	249	1.23023	0.81721	10
240	250	0.25522	0.51140	10
241	251	0.18584	0.38524	10
242	252	0.47088	0.96342	10
243	253	0.40292	0.96998	10
244	254	0.45221	0.77670	10
245	255	0.39585	1.27956	10
246	256	0.29669	0.97760	10
247	257	0.29442	0.99969	10
248	258	0.33494	1.51187	10
249	259	0.63202	1.26025	10
250	260	0.88945	1.58323	10
251	261	999.00000	8.56688	10
252	262	0.17271	0.00567	10
253	263	999.00000	0.17968	10
254	264	0.02576	0.00503	10
255	265	nan	nan	10
256	266	nan	nan	10
257	267	nan	nan	10
258	268	nan	nan	10
259	269	nan	nan	10
260	270	nan	nan	10
261	271	nan	nan	10
262	272	0.04031	0.03872	10
263	273	0.05309	0.07171	10
264	274	0.11525	0.13868	10
265	275	0.13049	0.13980	10
266	276	0.13597	0.13732	10
267	277	0.11732	0.21650	10
268	278	0.14498	0.21464	10
269	279	0.46061	1.16310	10
270	280	1.40578	0.04744	10
271	281	16.76781	0.15579	10
272	282	0.27818	0.88388	10
273	283	nan	nan	10
274	284	nan	nan	10
275	285	nan	nan	10
276	286	4.60237	29.22869	10
277	287	4.15275	31.26680	10
278	288	13.38320	51.33522	10
279	289	7.52958	83.59040	10
280	290	1.23948	8.69903	10
281	291	1.05552	9.03260	10
282	292	999.00000	0.13280	10
283	293	0.46476	3.34911	10
284	294	0.23829	0.89375	10
285	295	3.24693	19.56326	10
286	296	8.75825	28.80602	10
287	297	11.56910	34.28730	10
288	298	42.87324	101.68388	10
289	299	47.88842	103.44985	10
290	300	55.44795	120.53323	10
291	301	33.29332	69.86691	10
292	302	39.61282	42.41568	10
293	303	18.71686	18.87303	10
294	304	5.15264	12.26221	10
295	305	16.21827	53.17259	10
296	306	0.92255	8.09682	10
297	307	2.49879	32.00162	10
298	308	0.25815	3.78485	10
299	309	0.18349	2.64035	10
300	310	0.07395	1.62734	10
301	311	0.12156	1.49419	10
302	312	0.05022	2.19404	10
303	313	0.04339	1.78855	10
304	314	0.02516	1.21728	10
305	315	0.02872	1.34297	10
306	316	0.00884	0.86331	10
307	317	0.00094	0.28406	10
308	318	0.00672	0.25882	10
309	319	0.00719	0.36982	10
310	320	0.00275	0.12898	10
311	321	0.00298	0.27145	10
312	322	0.00316	0.19189	10
313	323	0.00277	0.18981	10
314	324	0.00010	0.33129	10
315	325	0.00396	0.52262	10
316	326	0.00380	0.41929	10
317	327	0.00645	0.44025	10
318	328	0.01128	0.49862	10
319	329	0.00429	0.29013	10
320	330	0.01844	0.50850	10
321	331	0.01991	0.44559	10
322	332	0.03217	1.18712	10
323	333	0.03440	1.71811	10
324	334	0.04724	2.53414	10
325	335	0.00672	2.58275	10
326	336	0.00348	1.25133	10
327	337	0.00286	1.70660	10
328	338	0.00214	1.66721	10
329	339	0.00248	2.99835	10
330	340	0.01264	0.70738	10
331	341	0.05849	0.53056	10
332	342	0.01842	0.65188	10
333	343	0.04772	0.29079	10
334	344	0.04530	0.35277	10
335	345	0.03900	1.10940	10
336	346	0.00010	1.38920	10
337	347	0.00010	2.34517	10
338	348	0.00010	0.63749	10
339	349	0.01093	0.76164	10
340	350	0.01088	1.47714	10
341	351	0.00995	2.18179	10
342	352	0.01059	1.10824	10
343	353	0.00597	2.72815	10
344	354	0.00945	2.07730	10
345	355	0.01887	1.10271	10
346	356	0.02046	1.12888	10
347	357	0.02688	1.10839	10
348	358	0.02255	0.77184	10
349	359	0.00927	0.54242	10
350	360	0.00863	0.76989	10
351	361	0.00429	0.42694	10
352	362	0.00230	0.19732	10
353	363	0.01687	2.55439	10
354	364	0.00718	1.38146	10
355	365	0.00611	1.32383	10
356	366	0.00605	1.94110	10
357	367	0.00010	75.62373	10
358	368	0.00875	4.36139	10
359	369	0.01063	3.05000	10
360	370	0.01403	3.14004	10
361	371	0.02106	3.53334	10
362	372	0.02535	3.01245	10
363	373	0.02940	2.23427	10
364	374	0.02727	2.66591	10
365	375	0.01934	3.78246	10
366	376	0.02098	4.74900	10
367	377	0.05527	1.80386	10
368	378	0.04756	3.08454	10
369	379	0.05997	2.61937	10
370	380	0.05160	3.16526	10
371	381	0.04091	1.35449	10
372	382	0.03552	1.28723	10
373	383	0.00486	2.84272	10
374	384	0.02206	1.75402	10
375	385	0.02790	1.01250	10
376	386	0.03407	1.51173	10
377	387	0.00588	1.17907	10
378	388	0.00779	2.42108	10
379	389	0.00215	0.25783	10
380	390	0.00234	0.19580	10
381	391	0.00497	3.51570	10
382	392	0.00573	4.59503	10
383	393	0.00232	3.28524	10
384	394	0.00367	2.57802	10
385	395	0.00010	2.45712	10
386	396	0.00010	0.61489	10
387	397	0.00010	2.78728	10
388	398	0.00010	10.04519	10
389	399	0.00010	6.49088	10
390	400	0.00515	6.96768	10
391	401	0.01008	4.62793	10
392	402	0.01268	4.15313	10
393	403	0.01062	3.94600	10
394	404	0.01205	4.67791	10
395	405	0.01359	3.83769	10
396	406	0.01271	4.04929	10
397	407	0.01281	3.08107	10
398	408	0.01184	3.43776	10
399	409	0.01535	2.59555	10
400	410	0.00100	4.04831	10
401	411	0.00051	1.56927	10
402	412	0.00345	2.87265	10
403	413	0.00297	3.73572	10
404	414	0.00188	3.42134	10
405	415	0.00706	6.98542	10
406	416	0.00491	8.15638	10
407	417	0.00340	12.77101	10
408	418	0.00423	8.53114	10
409	419	0.00015	102.39000	10
410	420	0.00021	37.65342	10
411	421	0.00016	74.83072	10
412	422	0.00010	7.52836	10
413	423	0.00229	3.23830	10
414	424	0.00455	6.60407	10
415	425	0.00970	6.71807	10
416	426	0.01300	4.17812	10
417	427	0.01426	4.39563	10
418	428	0.02824	4.37442	10
419	429	0.02460	5.02083	10
420	430	0.01838	6.82959	10
421	431	0.02239	5.36754	10
422	432	0.01579	7.87804	10
423	433	0.00105	38.37910	10
424	434	0.00070	59.99824	10
425	435	0.00157	20.92541	10
426	436	0.00200	15.77339	10
427	437	0.00271	5.81319	10
428	438	0.00010	15.40071	10
429	439	0.00010	14.88751	10
430	440	0.00010	13.71178	10
431	441	0.00010	5.61991	10
432	442	0.00010	1.75971	10
433	443	0.00010	1.78003	10
434	444	0.00010	0.60940	10
435	445	0.00010	0.89731	10
436	446	0.00010	1.88289	10
437	447	0.00010	1.32964	10
438	448	0.00374	1.23854	10
439	449	0.00012	0.02327	10
440	450	0.00023	0.43050	10
441	451	0.00020	0.71788	10
442	452	0.00562	1.17964	10
443	453	0.00044	1.30974	10
444	454	0.00027	0.08729	10
445	455	0.00022	0.04746	10
446	456	0.00352	0.53661	10
447	457	0.00367	0.39474	10
448	458	0.00010	0.20138	10
449	459	0.00010	0.53955	10
450	460	0.00010	1.39182	10
451	461	0.00010	1.18564	10
452	462	0.00010	2.97070	10
453	463	0.00010	76.16187	10
454	464	0.00010	16.98313	10
455	465	0.00718	0.57452	10
456	466	0.03167	1.74787	10
457	467	0.02431	3.30008	10
458	468	0.03348	1.51070	10
459	469	0.08627	1.18809	10
460	470	0.10175	0.76222	10
461	471	0.10850	0.85335	10
462	472	0.12625	0.86168	10
463	473	0.12467	0.93207	10
464	474	0.04743	1.48671	10
465	475	0.02802	2.07047	10
466	476	0.03374	0.93553	10
467	477	0.02787	1.50187	10
468	478	0.04473	1.82631	10
469	479	0.03169	1.15524	10
470	480	0.01250	1.41958	10
471	481	0.01553	1.16926	10
472	482	0.01669	1.06258	10
473	483	0.01441	0.53811	10
474	484	0.03691	1.10292	10
475	485	0.00863	0.11785	10
476	486	0.05580	0.30353	10
477	487	0.03187	0.03300	10
478	488	20.26661	76.05315	10
479	489	10.02006	44.55128	10
480	490	nan	nan	10
481	491	0.01312	0.00010	10
482	492	0.00327	0.00010	10
483	493	0.20500	5.86373	10
484	494	0.09440	1.92950	10
485	495	0.00194	3.85670	10
486	496	0.04304	1.89305	10
487	497	0.00608	2.28456	10
488	498	0.01097	0.29334	10
489	499	0.00525	1.51405	10
490	500	0.01616	0.27107	10
491	501	0.00664	0.04131	10
492	502	0.01241	0.05486	10
493	503	0.01066	0.03447	10
494	504	0.01278	0.06223	10
495	505	0.01448	0.08630	10
496	506	0.05448	0.17930	10
497	507	0.04790	0.15909	10
498	508	0.03473	0.34867	10
499	509	0.04419	0.27474	10
500	510	0.05382	0.19658	10
501	511	0.05847	0.21592	10
502	512	0.00907	0.07241	10
503	513	0.01721	0.36622	10
504	514	0.05693	0.68416	10
505	515	0.01797	0.35146	10
506	516	0.00393	0.31129	10
507	517	0.04791	1.44722	10
508	518	0.02800	1.40224	10
509	519	0.01732	1.44520	10
510	520	0.01833	1.90993	10
511	521	0.02275	1.69152	10
512	522	0.01890	2.29870	10
513	523	0.01508	1.23394	10
514	524	0.02302	1.08513	10
515	525	0.03143	2.62125	10
516	526	0.04111	2.14843	10
517	527	0.03142	1.39599	10
518	528	0.04530	1.11304	10
519	529	0.01460	0.94327	10
520	530	0.00606	0.39761	10
521	531	0.00943	0.67416	10
522	532	0.01042	0.65424	10
523	533	0.00750	0.77483	10
524	534	0.00849	1.03384	10
525	535	0.01240	1.08798	10
526	536	0.01051	1.55091	10
527	537	0.01269	1.82783	10
528	538	0.00426	0.88887	10
529	539	0.00606	1.24363	10
530	540	0.00806	0.80852	10
531	541	0.00916	0.99594	10
532	542	0.01723	1.64636	10
533	543	0.00531	1.62566	10
534	544	0.00318	0.00010	10
535	545	0.00010	1.04305	10
536	546	0.01750	29.08015	10
537	547	nan	nan	10
538	548	nan	nan	10
539	549	0.54031	64.46739	10
540	550	0.55225	59.54175	10
541	551	0.99449	34.62441	10
542	552	0.39140	32.19610	10
543	553	0.95055	18.73576	10
544	554	0.03267	1.03919	10
545	555	0.02936	0.62769	10
546	556	0.00965	0.03344	10
547	557	0.01044	0.03725	10
548	558	0.01025	0.01780	10
549	559	0.01082	0.04979	10
550	560	0.01584	0.09732	10
551	561	0.01915	0.65789	10
552	562	0.04042	5.01529	10
553	563	0.05043	3.28474	10
554	564	0.04577	2.60364	10
555	565	0.03498	2.98035	10
556	566	0.04591	4.08000	10
557	567	0.07493	3.16965	10
558	568	0.08266	4.74989	10
559	569	0.08733	5.68826	10
560	570	0.06699	4.20960	10
561	571	0.05390	3.98235	10
562	572	0.00829	2.53078	10
563	573	0.00763	3.72433	10
564	574	0.00431	2.37929	10
565	575	0.03495	2.47471	10
566	576	0.02742	2.00459	10
567	577	0.01601	3.58302	10
568	578	0.01292	3.56380	10
569	579	0.00619	2.38036	10
570	580	0.00010	3.19577	10
571	581	0.00010	4.78830	10
572	582	0.00010	16.05283	10
573	583	0.00010	104.75655	10
574	584	0.00010	26.68411	10
575	585	0.00548	10.16797	10
576	586	0.00093	6.57070	10
577	587	0.01005	3.07287	10
578	588	0.01429	1.34876	10
579	589	0.00782	0.43434	10
580	590	0.01570	1.02498	10
581	591	0.01178	0.86590	10
582	592	0.01781	1.71902	10
583	593	0.01544	3.07554	10
584	594	0.01273	1.97443	10
585	595	0.01600	2.61995	10
586	596	0.02037	1.92998	10
587	597	0.00275	4.28570	10
588	598	0.00010	2.80068	10
589	599	0.00010	1.04817	10
590	600	0.00010	1.32944	10
591	601	0.00010	1.22496	10
592	602	0.00587	3.20541	10
593	603	0.00649	2.64101	10
594	604	0.00658	5.69405	10
595	605	0.00365	4.47848	10
596	606	0.00305	5.61869	10
597	607	0.00310	6.18246	10
598	608	0.00210	4.53864	10
599	609	0.00741	9.75404	10
600	610	0.00868	12.07052	10
601	611	0.00576	10.02409	10
602	612	0.00042	0.79508	10
603	613	0.00384	4.43220	10
604	614	0.00527	5.33383	10
605	615	0.01664	3.28357	10
606	616	0.01691	4.12774	10
607	617	0.00592	6.29635	10
608	618	0.00913	4.81850	10
609	619	0.01820	2.77922	10
610	620	0.00572	0.96975	10
611	621	0.00010	0.00245	10
612	622	0.00180	1.02619	10
613	623	0.03907	2.24401	10
614	624	0.03367	2.55775	10
615	625	0.00209	8.18383	10
616	626	0.01374	6.48600	10
617	627	0.02605	4.91500	10
618	628	0.01420	9.28005	10
619	629	0.00346	7.50104	10
620	630	0.00351	7.41242	10
621	631	0.00342	7.45043	10
622	632	0.00310	9.69128	10
623	633	0.00392	14.01579	10
624	634	0.00402	12.37516	10
625	635	0.01412	1.70111	10
626	636	0.00862	1.47964	10
627	637	0.00812	2.09141	10
628	638	0.00215	1.26041	10
629	639	0.00373	1.52864	10
630	640	0.00422	2.12831	10
631	641	0.00023	1.12682	10
632	642	0.00905	5.37712	10
633	643	0.00010	11.57917	10
634	644	0.00010	8.19517	10
635	645	0.00173	1.23493	10
636	646	0.00282	3.23504	10
637	647	0.00403	3.31670	10
638	648	0.03541	5.17134	10
639	649	0.09317	9.35262	10
640	650	0.12840	8.19655	10
641	651	0.05232	8.67822	10
642	652	0.06177	6.43560	10
643	653	0.04920	4.75632	10
644	654	0.07499	6.40079	10
645	655	0.06920	11.73286	10
646	656	0.05772	4.07704	10
647	657	0.04425	4.66287	10
648	658	0.02520	7.76580	10
649	659	0.00665	3.20359	10
650	660	0.00284	10.25607	10
651	661	0.00347	10.82524	10
652	662	0.00376	8.21944	10
653	663	0.00010	10.43573	10
654	664	0.00010	5.34880	10
655	665	0.00022	0.53466	10
656	666	0.00257	0.41510	10
657	667	0.01043	0.90493	10
658	668	0.00751	1.32905	10
659	669	0.00981	1.75266	10
660	670	0.01180	1.71623	10
661	671	0.01665	2.30429	10
662	672	0.01386	1.61138	10
663	673	0.01270	2.05054	10
664	674	0.02201	1.71245	10
665	675	0.01398	2.39294	10
666	676	0.00902	4.38820	10
667	677	0.02728	4.00900	10
668	678	0.02273	6.93315	10
669	679	0.00866	5.66358	10
670	680	0.01714	11.33544	10
671	681	0.00635	11.40959	10
672	682	0.01681	8.66097	10
673	683	0.03820	5.30233	10
674	684	0.03184	6.35810	10
675	685	0.04017	8.50754	10
676	686	0.03418	5.78188	10
677	687	0.02236	3.81183	10
678	688	0.02632	5.95012	10
679	689	0.01872	6.38013	10
680	690	0.01201	4.07131	10
681	691	0.00474	1.96865	10
682	692	0.00082	3.28008	10
683	693	0.00630	9.21962	10
684	694	0.00010	16.09885	10
685	695	0.00010	14.49485	10
686	696	0.00010	7.36394	10
687	697	0.00010	86.32970	10
688	698	0.00010	10.05261	10
689	699	0.00010	88.15647	10
690	700	0.00277	9.71169	10
691	701	0.00045	12.35359	10
692	702	0.01350	0.46868	10
693	703	0.00072	0.35019	10
694	704	0.00452	0.17577	10
695	705	0.00816	0.35658	10
696	706	0.00654	0.26370	10
697	707	0.00297	0.38033	10
698	708	0.00192	0.06487	10
699	709	0.00135	0.65608	10
700	710	0.00084	0.91967	10
701	711	0.00088	1.49455	10
702	712	0.00360	4.31368	10
703	713	0.02130	4.02611	10
704	714	0.06087	8.14752	10
705	715	0.04760	8.37805	10
706	716	0.07546	6.75551	10
707	717	0.05723	7.19662	10
708	718	0.04858	7.38271	10
709	719	0.04161	4.36338	10
710	720	0.03685	3.09394	10
711	721	0.02456	3.64092	10
712	722	0.02831	2.72046	10
713	723	0.00132	2.13286	10
714	724	0.00059	0.94970	10
715	725	0.00556	0.68174	10
716	726	0.00010	0.72611	10
717	727	0.00010	0.37691	10
718	728	0.00293	0.29368	10
719	729	0.00451	0.47964	10
720	730	0.00495	0.57057	10
721	731	0.00068	2.83860	10
722	732	0.00081	2.64385	10
723	733	0.00080	3.07050	10
724	734	0.00090	6.06334	10
725	735	0.00087	3.86342	10
726	736	0.00446	2.85492	10
727	737	0.00513	4.44683	10
728	738	0.00010	16.40058	10
729	739	0.00010	88.46212	10
730	740	0.00010	9.64648	10
731	741	0.00024	7.36184	10
732	742	0.00024	77.11823	10
733	743	0.00135	6.73234	10
734	744	0.03162	4.82854	10
735	745	0.04589	3.51105	10
736	746	0.09431	2.57986	10
737	747	0.04958	3.87330	10
738	748	0.04431	5.27491	10
739	749	0.05515	5.35830	10
740	750	0.10998	4.50708	10
741	751	0.15971	3.35857	10
742	752	0.11027	3.90903	10
743	753	0.05701	4.94860	10
744	754	0.04890	4.50272	10
745	755	0.01834	9.08436	10
746	756	0.00175	16.61721	10
747	757	0.00183	7.86332	10
748	758	0.02407	5.85222	10
749	759	0.00697	4.02787	10
750	760	0.00399	2.52011	10
751	761	0.00553	1.88730	10
752	762	0.00671	1.33597	10
753	763	0.02481	2.37219	10
754	764	0.01937	2.96869	10
755	765	0.01937	1.89860	10
756	766	0.01289	4.03882	10
757	767	0.01083	2.82071	10
758	768	0.00458	2.01487	10
759	769	0.00541	0.91237	10
760	770	0.00298	2.81952	10
761	771	0.01665	3.18225	10
762	772	0.03053	1.53610	10
763	773	0.01122	0.33157	10
764	774	0.00317	0.06428	10
765	775	0.01396	0.90739	10
766	776	0.02719	0.73101	10
767	777	0.00376	1.49166	10
768	778	0.00841	3.56647	10
769	779	0.03122	0.96385	10
770	780	0.03101	1.08810	10
771	781	0.02542	2.60325	10
772	782	0.03990	5.43572	10
773	783	0.03917	6.19898	10
774	784	0.03994	6.20805	10
775	785	0.03961	4.11979	10
776	786	0.00061	4.32461	10
777	787	0.01353	2.62546	10
778	788	0.00976	1.47999	10
779	789	0.00084	9.78146	10
780	790	0.00105	13.38939	10
781	791	0.00066	6.54527	10
782	792	0.00651	2.59267	10
783	793	0.00519	3.17421	10
784	794	0.00351	2.57531	10
785	795	0.00486	2.96323	10
786	796	0.00131	2.40586	10
787	797	0.00113	2.82699	10
788	798	0.00053	3.74928	10
789	799	0.00010	4.97237	10
790	800	0.00010	4.65578	10
791	801	0.00010	4.97850	10
792	802	0.00010	5.00694	10
793	803	0.00010	5.69865	10
794	804	0.00010	4.21451	10
795	805	0.00010	5.44699	10
796	806	0.00010	14.77097	10
797	807	0.00010	8.01754	10
798	808	0.00010	8.04352	10
799	809	0.00010	3.55740	10
800	810	0.00010	7.59183	10
801	811	0.00010	11.35171	10
802	812	0.00010	7.96298	10
803	813	0.00010	6.61736	10
804	814	0.00010	0.81579	10
805	815	0.00010	0.17746	10
806	816	0.00010	0.61996	10
807	817	0.01851	0.31199	10
808	818	0.01366	0.24705	10
809	819	0.02089	0.42008	10
810	820	0.01819	0.63855	10
811	821	0.01322	0.77777	10
812	822	0.01566	0.70734	10
813	823	0.00815	0.26835	10
814	824	0.00049	0.30231	10
815	825	0.00600	3.76006	10
816	826	0.00624	2.80264	10
817	827	0.00022	31.33304	10
818	828	0.00513	0.21934	10
819	829	0.00337	0.11773	10
820	830	0.00530	0.28311	10
821	831	0.00752	0.41671	10
822	832	0.00924	0.59627	10
823	833	0.00605	0.34380	10
824	834	0.02344	0.80956	10
825	835	0.01452	0.54360	10
826	836	0.01590	0.64999	10
827	837	0.00322	0.19662	10
828	838	0.00400	0.40381	10
829	839	0.00019	0.25957	10
830	840	0.00028	0.16827	10
831	841	0.00013	0.03786	10
832	842	0.00051	0.93512	10
833	843	0.00029	0.44870	10
834	844	0.00010	2.36789	10
835	845	0.00010	2.32685	10
836	846	0.02064	2.16968	10
837	847	0.01960	1.63715	10
838	848	0.02626	1.17896	10
839	849	0.02921	1.61986	10
840	850	0.02993	1.49898	10
841	851	0.02519	3.11265	10
842	852	0.02468	3.87898	10
843	853	0.02469	3.31522	10
844	854	0.02006	2.66318	10
845	855	0.01293	1.49481	10
846	856	0.00010	0.87804	10
847	857	0.00010	0.56619	10
848	858	0.00010	0.54528	10
849	859	0.00010	2.24386	10
850	860	0.00039	3.24901	10
851	861	0.00010	0.12360	10
852	862	0.00083	2.11819	10
853	863	0.00078	3.15460	10
854	864	0.00084	2.34099	10
855	865	0.00089	2.32712	10
856	866	0.00987	2.06527	10
857	867	0.02045	2.29856	10
858	868	0.01739	1.92538	10
859	869	0.01468	1.94427	10
860	870	0.01151	1.99993	10
861	871	0.00496	1.95167	10
862	872	0.00900	2.64703	10
863	873	0.01024	2.38711	10
864	874	0.01377	2.85097	10
865	875	0.01317	2.33158	10
866	876	0.03071	1.90168	10
867	877	0.03449	2.30949	10
868	878	0.06156	2.09016	10
869	879	0.02238	1.73489	10
870	880	0.02988	1.75324	10
871	881	0.21306	3.32485	10
872	882	0.15492	4.09013	10
873	883	0.18073	3.15817	10
874	884	0.32558	5.59571	10
875	885	0.29502	6.19585	10
876	886	0.29971	12.07090	10
877	887	0.28605	12.30500	10
878	888	0.25201	10.41042	10
879	889	0.17756	7.00052	10
880	890	0.15714	6.17234	10
881	891	0.18989	4.73802	10
882	892	0.24396	5.33276	10
883	893	0.31641	8.97014	10
884	894	0.52460	7.66105	10
885	895	0.67901	8.05247	10
886	896	0.52829	8.30132	10
887	897	0.60826	1.82882	10
888	898	1.12179	17.33649	10
889	899	0.22806	10.64097	10
890	900	0.26745	5.83277	10
891	901	0.25954	8.87447	10
892	902	0.16155	7.93544	10
893	903	0.05515	6.90664	10
894	904	0.05416	8.20525	10
895	905	0.05938	11.30665	10
896	906	0.01160	12.12800	10
897	907	0.05787	22.29094	10
898	908	0.06083	75.18317	10
899	909	0.05114	23.15230	10
900	910	0.02989	22.73613	10
901	911	0.03113	11.75295	10
902	912	0.04165	3.60023	10
903	913	0.03338	1.53511	10
904	914	0.02877	1.27030	10
905	915	0.03538	1.24419	10
906	916	0.03215	1.33556	10
907	917	0.04987	1.50994	10
908	918	0.06370	1.39415	10
909	919	0.09176	1.36688	10
910	920	0.17114	1.39540	10
911	921	0.20027	2.27894	10
912	922	0.21854	2.59586	10
913	923	0.58853	1.91733	10
914	924	1.08659	0.65873	10
915	925	0.40398	0.79761	10
916	926	0.58224	3.48428	10
917	927	0.34664	2.24443	10
918	928	0.18626	2.56183	10
919	929	0.12716	3.04461	10
920	930	0.09583	3.34775	10
921	931	0.04915	2.60857	10
922	932	0.06561	1.78842	10
923	933	0.08503	1.98676	10
924	934	0.03995	2.73957	10
925	935	0.05991	3.66820	10
926	936	0.13982	2.97848	10
927	937	0.15636	2.98873	10
928	938	0.19552	2.84183	10
929	939	0.16607	3.26411	10
930	940	0.10710	4.40711	10
931	941	0.06083	3.97974	10
932	942	0.02208	9.53658	10
933	943	0.06630	11.69137	10
934	944	0.14410	7.14198	10
935	945	0.19280	7.18764	10
936	946	0.18815	4.41121	10
937	947	0.08121	4.39239	10
938	948	0.05333	3.95365	10
939	949	0.09044	3.59235	10
940	950	0.12131	4.66086	10
941	951	0.12897	4.31095	10
942	952	0.37737	4.15307	10
943	953	0.37010	3.83378	10
944	954	0.28612	2.04385	10
945	955	0.21267	2.21949	10
946	956	0.43594	1.57687	10
947	957	0.73755	1.73877	10
948	958	0.71224	1.88039	10
949	959	0.27827	2.56578	10
950	960	0.25492	2.16816	10
951	961	0.09434	4.45871	10
952	962	0.11632	3.50076	10
953	963	0.04171	1.92335	10
954	964	0.04077	2.72520	10
955	965	0.03057	1.99722	10
956	966	0.02948	2.88205	10
957	967	0.02185	2.22967	10
958	968	0.05388	4.98051	10
959	969	0.11328	12.31338	10
960	970	0.26368	5.66922	10
961	971	0.26017	3.23661	10
962	972	0.17396	2.21576	10
963	973	nan	nan	10
964	974	nan	nan	10
965	975	nan	nan	10
966	976	0.01963	0.71840	10
967	977	0.00920	0.79943	10
968	978	0.01173	1.02234	10
969	979	0.03011	4.07378	10
970	980	0.11988	1.96311	10
