range_start	range_stop	omega	kappa	window_size
1	11	0.78157	2.25749	10
2	12	1.34420	1.78207	10
3	13	0.45695	0.63317	10
4	14	0.61221	0.75068	10
5	15	0.49956	0.58436	10
6	16	0.29499	1.01103	10
7	17	0.41458	0.55159	10
8	18	0.14373	1.76368	10
9	19	0.20374	1.41450	10
10	20	0.23985	2.51057	10
11	21	0.13059	5.31068	10
12	22	0.01333	13.79344	10
13	23	0.00944	8.61661	10
14	24	0.04766	8.70645	10
15	25	0.07061	6.17196	10
16	26	0.04821	3.31344	10
17	27	0.06150	1.94357	10
18	28	0.01329	0.57417	10
19	29	0.00819	1.02033	10
20	30	0.02303	1.04789	10
21	31	0.02168	3.65883	10
22	32	0.01178	1.58267	10
23	33	0.01287	1.37078	10
24	34	0.01384	1.06555	10
25	35	0.01257	0.48397	10
26	36	0.04057	2.90897	10
27	37	0.28073	999.00000	10
28	38	0.10779	999.00000	10
29	39	0.23483	999.00000	10
30	40	0.12429	999.00000	10
31	41	0.31883	0.01489	10
32	42	0.11505	0.00010	10
33	43	0.00351	0.02338	10
34	44	0.00175	0.92895	10
35	45	0.07057	2.14657	10
36	46	0.20088	1.12075	10
37	47	0.13508	1.77700	10
38	48	0.20720	1.98972	10
39	49	0.25214	1.58624	10
40	50	0.27722	1.86642	10
41	51	0.48037	4.04963	10
42	52	0.37781	4.16935	10
43	53	0.99103	4.77988	10
44	54	1.02595	3.49491	10
45	55	1.88006	4.56262	10
46	56	1.06780	4.63654	10
47	57	14.22339	2.92428	10
48	58	13.34674	3.50302	10
49	59	9.75372	2.91786	10
50	60	999.00000	10.63545	10
51	61	43.12896	4.79753	10
52	62	282.38494	23.10295	10
53	63	20.14221	6.30377	10
54	64	4.55985	3.78202	10
55	65	2.75140	2.01106	10
56	66	2.03685	1.41208	10
57	67	2.60999	2.30832	10
58	68	2.33230	1.80194	10
59	69	2.00201	2.18031	10
60	70	1.66491	2.60336	10
61	71	2.70458	2.17358	10
62	72	2.34345	1.99359	10
63	73	2.30578	2.67000	10
64	74	5.05216	5.55696	10
65	75	1.85454	1.89847	10
66	76	2.60581	3.57122	10
67	77	2.60581	3.57122	10
68	78	1.87075	2.29224	10
69	79	1.76580	3.36197	10
70	80	3.59370	2.94137	10
71	81	2.87756	2.69479	10
72	82	7.65954	1.96548	10
73	83	7.37322	1.95724	10
74	84	5.25268	1.11700	10
75	85	5.95263	1.60342	10
76	86	3.49531	0.89383	10
77	87	3.87477	0.69188	10
78	88	36.62090	0.64563	10
79	89	7.52682	0.79708	10
80	90	9.77744	0.58351	10
81	91	204.83086	0.51170	10
82	92	11.00634	0.72423	10
83	93	8.66713	0.74923	10
84	94	3.31487	1.28523	10
85	95	2.33645	1.43541	10
86	96	2.18831	1.79326	10
87	97	2.28968	2.58180	10
88	98	2.31533	3.61393	10
89	99	1.44895	3.79223	10
90	100	1.71077	3.47354	10
91	101	1.12210	3.66393	10
92	102	0.62572	4.27152	10
93	103	0.65315	2.47741	10
94	104	0.76274	2.15645	10
95	105	0.47689	1.87695	10
96	106	0.36280	2.47566	10
97	107	0.33945	2.25850	10
98	108	0.25470	2.17548	10
99	109	0.25470	2.17548	10
100	110	0.42129	1.66996	10
101	111	0.67962	1.13118	10
102	112	0.36825	0.46357	10
103	113	0.25393	0.49664	10
104	114	0.24541	3.73614	10
105	115	0.14544	1.95571	10
106	116	0.14155	4.47095	10
107	117	0.09286	21.57964	10
108	118	0.10387	20.62691	10
109	119	999.00000	3.17555	10
110	120	0.14063	2.25941	10
111	121	0.53499	20.03922	10
112	122	0.55955	22.92450	10
113	123	0.71906	6.90716	10
114	124	0.86049	5.16732	10
115	125	0.58017	12.29996	10
116	126	1.01453	5.14293	10
117	127	1.50079	9.23769	10
118	128	0.67809	3.15055	10
119	129	0.57552	4.50209	10
120	130	0.47115	4.56898	10
121	131	0.62935	5.71486	10
122	132	0.47434	4.79581	10
123	133	0.74220	4.08878	10
124	134	0.81658	4.11281	10
125	135	0.89568	4.45446	10
126	136	1.14469	4.90857	10
127	137	1.25214	3.87762	10
128	138	1.29478	4.47852	10
129	139	1.76560	5.30075	10
130	140	1.82178	3.62394	10
131	141	0.76177	4.32237	10
132	142	0.73058	3.24838	10
133	143	0.53987	5.33150	10
134	144	1.33633	3.66542	10
135	145	0.82011	5.76921	10
136	146	0.44274	4.24210	10
137	147	0.22702	3.27493	10
138	148	0.14104	3.00889	10
139	149	0.15074	2.21826	10
140	150	0.28540	2.98842	10
141	151	0.19611	2.68028	10
142	152	0.16662	2.64212	10
143	153	0.09709	2.47279	10
144	154	0.07272	3.32047	10
145	155	0.15077	4.79059	10
146	156	0.07213	3.73037	10
147	157	0.10515	4.19752	10
148	158	0.24166	2.79155	10
149	159	0.22249	3.61158	10
150	160	0.26913	4.94741	10
151	161	0.58315	5.85412	10
152	162	1.17025	7.03558	10
153	163	1.22688	6.21790	10
154	164	1.35218	5.38780	10
155	165	1.20871	5.20326	10
156	166	0.97689	1.61674	10
157	167	1.84357	1.92358	10
158	168	2.10345	1.77837	10
159	169	2.91648	2.96562	10
160	170	1.65722	6.96842	10
161	171	1.49168	5.89854	10
162	172	1.42410	5.63856	10
163	173	2.45909	5.50620	10
164	174	2.45933	5.35494	10
165	175	2.31485	6.86029	10
166	176	2.74583	8.75042	10
167	177	2.73571	10.78891	10
168	178	2.55100	8.51615	10
169	179	2.16524	10.60161	10
170	180	3.01588	13.27962	10
171	181	2.06250	10.96081	10
172	182	0.82899	7.30179	10
173	183	1.03124	11.11574	10
174	184	0.47418	7.48084	10
175	185	0.18409	3.15430	10
176	186	0.17248	3.59335	10
177	187	0.12355	2.32707	10
178	188	0.10799	2.97759	10
179	189	0.09108	4.72062	10
180	190	0.15183	3.88290	10
181	191	0.10142	3.16352	10
182	192	0.05137	3.04567	10
183	193	0.04854	1.08241	10
184	194	0.08507	1.11207	10
185	195	0.10484	1.21960	10
186	196	0.09243	1.15948	10
187	197	0.19132	1.64119	10
188	198	0.56734	2.92965	10
189	199	0.61161	3.36780	10
190	200	0.77618	3.90857	10
191	201	0.96426	3.27920	10
192	202	1.12154	4.06985	10
193	203	0.78524	5.11842	10
194	204	0.79549	4.46784	10
195	205	1.51828	5.67234	10
196	206	0.91882	5.25618	10
197	207	0.33062	9.61608	10
198	208	1.32462	3.74571	10
199	209	0.91608	3.75811	10
200	210	0.57249	3.60880	10
201	211	0.77020	5.13490	10
202	212	0.87564	3.00321	10
203	213	0.85561	2.07048	10
204	214	0.83828	1.72062	10
205	215	0.74904	1.81869	10
206	216	0.61871	1.64096	10
207	217	0.38784	1.50010	10
208	218	0.25725	1.33021	10
209	219	0.27956	1.59651	10
210	220	0.26584	2.08400	10
211	221	0.09084	1.48163	10
212	222	0.05669	0.88626	10
213	223	0.06571	1.37755	10
214	224	0.06501	1.38568	10
215	225	0.07904	1.62503	10
216	226	0.09951	2.06104	10
217	227	0.11033	1.36334	10
218	228	0.09657	1.43286	10
219	229	0.12918	1.75658	10
220	230	0.06606	2.49298	10
221	231	0.06189	2.40489	10
222	232	0.05922	2.56645	10
223	233	0.01606	1.75730	10
224	234	0.06300	2.30117	10
225	235	0.05765	2.26323	10
226	236	0.06122	2.11439	10
227	237	0.04973	2.73393	10
228	238	0.05192	1.94374	10
229	239	0.06477	2.04523	10
230	240	0.04470	1.59520	10
231	241	0.07407	1.92580	10
232	242	0.08636	1.63412	10
233	243	0.09571	1.26822	10
234	244	0.07763	1.13200	10
235	245	0.09620	0.92265	10
236	246	0.09407	0.64625	10
237	247	0.13771	0.44768	10
238	248	0.21543	0.53383	10
239	249	0.15753	0.66987	10
240	250	0.11562	0.48490	10
241	251	0.08138	0.45981	10
242	252	0.14283	0.76400	10
243	253	0.10775	1.15084	10
244	254	0.07226	1.90012	10
245	255	0.03963	3.71683	10
246	256	0.00101	7.79336	10
247	257	0.00137	6.85900	10
248	258	0.00086	5.04514	10
249	259	0.00087	6.00109	10
250	260	0.00077	6.39595	10
251	261	0.00088	5.71559	10
252	262	0.00089	5.52481	10
253	263	0.00118	4.56011	10
254	264	0.00166	4.32362	10
255	265	0.00147	3.28540	10
256	266	0.00010	23.46290	10
257	267	0.00010	2.54586	10
258	268	0.00010	29.24413	10
259	269	0.00010	1.39768	10
260	270	0.00010	1.14127	10
261	271	0.00010	1.90129	10
262	272	0.00010	1.44572	10
263	273	0.00010	2.01639	10
264	274	0.00010	1.60570	10
265	275	0.00010	5.39278	10
266	276	0.00010	0.62270	10
267	277	0.00010	2.78094	10
268	278	0.00010	0.63001	10
269	279	0.00010	2.23278	10
270	280	0.00035	1.53930	10
271	281	0.00043	2.12788	10
272	282	0.00139	1.95940	10
273	283	0.00049	1.69717	10
274	284	0.00152	1.00209	10
275	285	0.00085	1.24044	10
276	286	0.00040	0.62449	10
277	287	0.00050	0.47635	10
278	288	0.00056	1.03647	10
279	289	0.00057	1.20729	10
280	290	0.00010	1.69189	10
281	291	0.00010	1.78214	10
282	292	0.00010	6.09722	10
283	293	0.00746	7.22305	10
284	294	0.00639	5.77982	10
285	295	0.00758	4.29791	10
286	296	0.00957	4.91990	10
287	297	0.00028	129.67367	10
288	298	0.00132	12.72079	10
289	299	0.01324	1.82063	10
290	300	0.02313	1.80210	10
291	301	0.01108	1.21708	10
292	302	0.00770	2.38532	10
293	303	0.00084	0.92463	10
294	304	0.01099	2.37878	10
295	305	0.02108	2.20377	10
296	306	0.00118	4.82982	10
297	307	0.00150	4.91288	10
298	308	0.00667	2.66855	10
299	309	0.00646	8.05815	10
300	310	0.00286	12.65905	10
301	311	0.01073	5.06734	10
302	312	0.00059	4.95405	10
303	313	0.00010	5.91616	10
304	314	0.00010	50.02976	10
305	315	0.00010	14.31424	10
306	316	0.00010	8.63817	10
307	317	0.00010	5.48182	10
308	318	0.00010	5.07488	10
309	319	0.00010	9.33223	10
310	320	0.00010	5.90316	10
311	321	0.00059	3.21744	10
312	322	0.00158	0.47079	10
313	323	0.00111	0.31423	10
314	324	0.00068	0.26711	10
315	325	0.00105	0.58705	10
316	326	0.00578	0.47950	10
317	327	0.00612	0.68919	10
318	328	0.01015	0.42144	10
319	329	0.01120	0.34404	10
320	330	0.01142	0.33125	10
321	331	0.00999	0.73853	10
322	332	0.01004	0.95259	10
323	333	0.00039	1.06280	10
324	334	0.00236	0.19635	10
325	335	0.00722	0.56011	10
326	336	0.00525	0.79071	10
327	337	0.00093	2.71123	10
328	338	0.00083	3.12275	10
329	339	0.00079	2.27617	10
330	340	0.00080	2.20773	10
331	341	0.00077	1.60571	10
332	342	0.00084	2.13851	10
333	343	0.00105	2.57354	10
334	344	0.00010	3.50133	10
335	345	0.00010	0.79823	10
336	346	0.00010	1.34360	10
337	347	0.00010	3.58147	10
338	348	0.00010	0.65901	10
339	349	0.00010	0.15159	10
340	350	0.00010	1.32425	10
341	351	0.00010	0.60429	10
342	352	0.00010	0.67896	10
343	353	0.00010	1.70619	10
344	354	0.00010	2.36110	10
345	355	0.00010	1.40405	10
346	356	0.00010	1.23782	10
347	357	0.00010	1.76869	10
348	358	0.00712	3.39783	10
349	359	0.00832	2.30096	10
350	360	0.00703	2.63969	10
351	361	0.00690	2.91829	10
352	362	0.00049	9.20538	10
353	363	0.00052	9.15756	10
354	364	0.00043	2.90405	10
355	365	0.00056	4.67642	10
356	366	0.00500	3.66878	10
357	367	0.00041	2.99730	10
358	368	0.00010	1.32053	10
359	369	0.00010	3.14156	10
360	370	0.00010	26.62382	10
361	371	0.00010	13.82435	10
362	372	0.00010	15.52251	10
363	373	0.00010	5.78277	10
364	374	0.00010	7.00309	10
365	375	0.00010	1.61504	10
366	376	0.00010	2.73928	10
367	377	0.00010	4.79354	10
368	378	0.00010	4.85830	10
369	379	0.00010	5.78539	10
370	380	0.00010	3.58255	10
371	381	0.00010	6.36440	10
372	382	0.00524	3.94185	10
373	383	0.00258	1.53461	10
374	384	0.00240	1.98989	10
375	385	0.00444	0.95411	10
376	386	0.01109	1.01104	10
377	387	0.01135	1.21921	10
378	388	0.01317	0.44301	10
379	389	0.00764	0.98249	10
380	390	0.00550	2.13507	10
381	391	0.00388	2.63811	10
382	392	0.00305	2.44162	10
383	393	0.00203	4.10349	10
384	394	0.00206	4.05321	10
385	395	0.00035	28.57609	10
386	396	0.00010	1.46303	10
387	397	0.00010	1.34278	10
388	398	0.00010	1.89252	10
389	399	0.00010	2.06180	10
390	400	0.00010	1.99113	10
391	401	0.00010	0.69992	10
392	402	0.00010	0.68477	10
393	403	0.00010	1.36720	10
394	404	0.00010	0.95408	10
395	405	0.00010	7.38924	10
396	406	0.00010	4.07783	10
397	407	0.00014	0.14458	10
398	408	0.00012	0.09128	10
399	409	0.00474	0.50258	10
400	410	0.01090	1.00671	10
401	411	0.00727	1.60150	10
402	412	0.00844	2.02620	10
403	413	0.01519	1.20978	10
404	414	0.02157	1.83947	10
405	415	0.01880	2.10492	10
406	416	0.04289	8.39715	10
407	417	0.02514	5.02990	10
408	418	0.00899	2.63783	10
409	419	0.02731	2.27517	10
410	420	0.07309	4.10558	10
411	421	0.13631	6.36700	10
412	422	0.20767	5.44706	10
413	423	0.21487	6.16641	10
414	424	0.17004	5.89986	10
415	425	0.20869	4.96600	10
416	426	0.09977	3.66496	10
417	427	0.16829	5.46488	10
418	428	0.19487	4.43527	10
419	429	0.12029	4.38632	10
420	430	0.25177	3.68741	10
421	431	0.17784	1.75404	10
422	432	0.10256	2.16350	10
423	433	0.15187	2.60744	10
424	434	0.14902	5.87855	10
425	435	0.11601	4.05704	10
426	436	0.18491	3.47922	10
427	437	0.28651	3.47441	10
428	438	0.37889	3.59538	10
429	439	0.70910	2.74004	10
430	440	0.67023	3.40117	10
431	441	0.86562	7.69174	10
432	442	0.69351	6.32390	10
433	443	1.03617	5.07151	10
434	444	0.36012	4.20155	10
435	445	0.32306	1.48580	10
436	446	0.26205	2.58889	10
437	447	0.20688	3.61333	10
438	448	0.24972	5.01772	10
439	449	0.19713	4.50389	10
440	450	0.12501	3.99232	10
441	451	0.09354	5.14947	10
442	452	0.07115	3.22431	10
443	453	0.03301	4.71134	10
444	454	0.01775	4.00776	10
445	455	0.01807	3.38000	10
446	456	0.01787	2.32842	10
447	457	0.01440	2.30437	10
448	458	0.00746	0.92349	10
449	459	0.02899	0.93618	10
450	460	0.02763	1.60326	10
451	461	0.03342	2.95299	10
452	462	0.00642	3.98953	10
453	463	0.00313	1.43235	10
454	464	0.00358	0.72836	10
455	465	0.00402	1.04612	10
456	466	0.00010	1.23195	10
457	467	0.00010	1.91585	10
458	468	0.00010	1.72864	10
459	469	0.00010	1.53578	10
460	470	0.00010	2.21868	10
461	471	0.00010	2.33340	10
462	472	0.00010	1.81745	10
463	473	0.00010	1.39388	10
464	474	0.00059	1.23277	10
465	475	0.00044	0.74849	10
466	476	0.00045	1.16430	10
467	477	0.00055	1.51433	10
468	478	0.00052	0.74067	10
469	479	0.00060	1.02667	10
470	480	0.00061	0.83591	10
471	481	0.00059	1.10681	10
472	482	0.00167	1.43519	10
473	483	0.00145	1.82983	10
474	484	0.00071	3.97247	10
475	485	0.00087	4.76768	10
476	486	0.00793	3.82335	10
477	487	0.00742	5.57309	10
478	488	0.00858	8.35564	10
479	489	0.00763	5.94431	10
480	490	0.00387	15.38222	10
481	491	0.00362	12.73689	10
482	492	0.00010	3.99654	10
483	493	0.00010	1.74332	10
484	494	0.00010	2.21447	10
485	495	0.00010	1.57884	10
486	496	0.00010	1.56102	10
487	497	0.00010	1.19708	10
488	498	0.00010	1.20820	10
489	499	0.00010	1.21905	10
490	500	0.00010	2.15995	10
491	501	0.00010	54.01733	10
492	502	0.00010	6.24680	10
493	503	0.00010	13.36446	10
494	504	0.00010	15.81158	10
495	505	0.00010	26.61801	10
496	506	0.00010	35.73126	10
497	507	0.00439	23.99331	10
498	508	0.00451	19.67643	10
499	509	0.00787	13.45270	10
500	510	0.01141	13.02710	10
501	511	0.02819	7.15863	10
502	512	0.02696	6.44053	10
503	513	0.01794	11.10908	10
504	514	0.02293	10.05767	10
505	515	0.01830	7.15091	10
506	516	0.02527	6.39743	10
507	517	0.00341	3.74384	10
508	518	0.00448	3.04856	10
509	519	0.00048	3.02545	10
510	520	0.00059	3.16592	10
511	521	0.00010	3.22044	10
512	522	0.00010	0.47449	10
513	523	0.00010	0.54211	10
514	524	0.00010	0.59806	10
515	525	0.00010	0.99483	10
516	526	0.00010	1.24649	10
517	527	0.00010	1.68361	10
518	528	0.00010	2.18839	10
519	529	0.00010	1.14625	10
520	530	0.00010	1.70329	10
521	531	0.00010	2.42071	10
522	532	0.00010	15.09798	10
523	533	0.00010	5.48283	10
524	534	0.00010	5.27131	10
525	535	0.00010	3.13941	10
526	536	0.00010	2.60395	10
527	537	0.00010	2.89069	10
528	538	0.00010	4.20240	10
529	539	0.00010	3.10813	10
530	540	0.00010	5.34084	10
531	541	0.00010	8.21410	10
532	542	0.00010	7.09602	10
533	543	0.00010	8.10858	10
534	544	0.00010	7.49570	10
535	545	0.00010	10.06168	10
536	546	0.00010	13.49427	10
537	547	0.00010	11.94237	10
538	548	0.00515	7.10372	10
539	549	0.02686	3.37422	10
540	550	0.02985	3.35447	10
541	551	0.01751	5.00065	10
542	552	0.01914	5.16334	10
543	553	0.01965	8.42079	10
544	554	0.02118	10.38026	10
545	555	0.00476	9.08769	10
546	556	0.00461	7.29125	10
547	557	0.01093	6.95418	10
548	558	0.00997	6.22983	10
549	559	0.00010	54.80133	10
550	560	0.00010	184.11191	10
551	561	0.00010	183.16080	10
552	562	0.00010	76.40467	10
553	563	0.00010	65.77192	10
554	564	0.00010	75.63513	10
555	565	0.00010	93.10775	10
556	566	0.00010	33.01625	10
557	567	0.00010	19.96614	10
558	568	0.00010	19.86840	10
559	569	0.00010	32.70539	10
560	570	0.00010	33.16534	10
561	571	0.00010	11.82653	10
562	572	0.00010	13.59442	10
563	573	0.00010	13.20151	10
564	574	0.00010	8.86519	10
565	575	0.00010	17.06607	10
566	576	0.00084	10.41235	10
567	577	0.00133	9.00944	10
568	578	0.01182	8.15023	10
569	579	0.00854	3.93971	10
570	580	0.00617	3.00641	10
571	581	0.00654	6.52482	10
572	582	0.00896	5.27254	10
573	583	0.01069	3.42036	10
574	584	0.01432	3.34227	10
575	585	0.01096	4.34114	10
576	586	0.00672	8.47045	10
577	587	0.00010	8.75109	10
578	588	0.00010	14.21966	10
579	589	0.00010	5.04810	10
580	590	0.00010	4.40195	10
581	591	0.00010	4.75766	10
582	592	0.00706	6.28100	10
583	593	0.00682	8.31494	10
584	594	0.00893	8.85660	10
585	595	0.01048	5.24702	10
586	596	0.01183	4.67414	10
587	597	0.01453	3.88666	10
588	598	0.01965	5.44335	10
589	599	0.01459	2.01005	10
590	600	0.00927	1.36665	10
591	601	0.00048	3.06106	10
592	602	0.00373	7.37491	10
593	603	0.00039	5.50789	10
594	604	0.00031	4.15621	10
595	605	0.00010	6.09971	10
596	606	0.00010	7.77756	10
597	607	0.00010	5.86725	10
598	608	0.00010	9.28401	10
599	609	0.00010	11.21183	10
600	610	0.00010	10.52357	10
601	611	0.00010	8.90325	10
602	612	0.00010	2.84625	10
603	613	0.01733	1.86379	10
604	614	0.00939	1.44425	10
605	615	0.00787	0.70162	10
606	616	0.00999	0.54124	10
607	617	0.00689	0.46073	10
608	618	0.00157	0.66324	10
609	619	0.01354	1.01105	10
610	620	0.00229	0.84564	10
611	621	0.01557	0.69645	10
612	622	0.02315	0.82096	10
613	623	0.01280	0.84646	10
614	624	0.00328	1.29652	10
615	625	0.02476	2.79838	10
616	626	0.01487	3.22488	10
617	627	0.00124	4.39886	10
618	628	0.00070	4.40168	10
619	629	0.00084	3.66366	10
620	630	0.00071	15.97244	10
621	631	0.00047	38.43662	10
622	632	0.00010	25.87686	10
623	633	0.00010	43.86421	10
624	634	0.00010	22.64392	10
625	635	0.00010	21.55450	10
626	636	0.00010	18.21842	10
627	637	0.00026	9.83807	10
628	638	0.00025	27.55247	10
629	639	0.00023	20.97818	10
630	640	0.00037	10.53195	10
631	641	0.00048	3.08754	10
632	642	0.00057	3.05950	10
633	643	0.00042	1.29518	10
634	644	0.00104	1.20900	10
635	645	0.00275	1.46321	10
636	646	0.00485	1.81514	10
637	647	0.00234	3.84218	10
638	648	0.00206	6.26455	10
639	649	0.00203	5.43414	10
640	650	0.00208	1.06989	10
641	651	0.00090	7.96019	10
642	652	0.00164	6.16968	10
643	653	0.00092	4.42012	10
644	654	0.00010	2.31271	10
645	655	0.00010	4.96878	10
646	656	0.00010	7.77626	10
647	657	0.00010	3.92032	10
648	658	0.00010	2.30654	10
649	659	0.00010	1.81676	10
650	660	0.00175	0.52215	10
651	661	0.00138	0.80612	10
652	662	0.00086	0.87134	10
653	663	0.00010	0.61658	10
654	664	0.00086	1.35826	10
655	665	0.00094	1.39498	10
656	666	0.00116	1.19295	10
657	667	0.00159	1.16966	10
658	668	0.00169	6.49038	10
659	669	0.00118	6.13610	10
660	670	0.00010	11.24723	10
661	671	0.00010	10.00690	10
662	672	0.00010	1.70401	10
663	673	0.00010	8.45998	10
664	674	0.00010	4.56982	10
665	675	0.00010	2.03093	10
666	676	0.00010	0.41111	10
667	677	0.00010	0.69439	10
668	678	0.00010	1.36089	10
669	679	0.00010	3.10797	10
670	680	0.00010	0.87592	10
671	681	0.00010	1.81390	10
672	682	0.00010	1.99613	10
673	683	0.00010	1.29550	10
674	684	0.00010	2.00740	10
675	685	0.00010	1.44143	10
676	686	0.00010	1.28236	10
677	687	0.00010	1.62166	10
678	688	0.00010	2.93728	10
679	689	0.00010	3.92476	10
680	690	0.00010	4.45924	10
681	691	0.00010	1.40859	10
682	692	0.00010	1.57123	10
683	693	0.00010	1.41060	10
684	694	0.00010	2.12331	10
685	695	0.00010	1.44484	10
686	696	0.00010	1.45833	10
687	697	0.00010	1.71005	10
688	698	0.00010	2.02964	10
689	699	0.00010	2.05890	10
690	700	0.00010	12.58736	10
691	701	0.00010	1.45101	10
692	702	0.00010	4.22679	10
693	703	0.00010	2.87292	10
694	704	0.00010	11.25237	10
695	705	0.00010	10.90687	10
696	706	0.00010	9.98261	10
697	707	0.00010	24.31486	10
698	708	0.00010	7.27838	10
699	709	0.00010	2.79883	10
700	710	0.00010	3.67474	10
701	711	0.00010	6.10385	10
702	712	0.00010	5.42677	10
703	713	0.00010	5.32731	10
704	714	0.00010	4.22778	10
705	715	0.00010	5.79461	10
706	716	0.00010	6.73452	10
707	717	0.00010	2.91806	10
708	718	0.00010	15.40611	10
709	719	0.00010	5.91508	10
710	720	0.00010	2.15998	10
711	721	0.00010	2.10659	10
712	722	0.01596	0.91137	10
713	723	0.01425	0.95179	10
714	724	0.01080	1.10397	10
715	725	0.01334	1.70381	10
716	726	0.01075	2.14681	10
717	727	0.02186	3.24345	10
718	728	0.02053	2.34242	10
719	729	0.01719	1.98141	10
720	730	0.00079	2.24162	10
721	731	0.00062	2.37304	10
722	732	0.00048	5.08357	10
723	733	0.00053	3.26416	10
724	734	0.00083	4.42848	10
725	735	0.00060	2.87799	10
726	736	0.02800	3.06571	10
727	737	0.02147	3.96804	10
728	738	0.02541	2.95314	10
729	739	0.02866	3.81436	10
730	740	0.03128	4.85153	10
731	741	0.06330	4.13310	10
732	742	0.11247	2.39415	10
733	743	0.12190	2.67013	10
734	744	0.11675	1.98007	10
735	745	0.09683	2.21901	10
736	746	0.04829	2.37937	10
737	747	0.03663	1.93007	10
738	748	0.02533	1.45688	10
739	749	0.02136	1.33536	10
740	750	0.03617	1.45311	10
741	751	0.02213	1.38765	10
742	752	0.00679	0.89274	10
743	753	0.00957	1.58917	10
744	754	0.01914	2.36469	10
745	755	0.02095	2.91208	10
746	756	0.02915	2.08899	10
747	757	0.03243	0.77124	10
748	758	0.03739	0.71006	10
749	759	0.05817	1.10664	10
750	760	0.04076	1.67295	10
751	761	0.01458	2.34741	10
752	762	0.01227	2.08724	10
753	763	0.01193	2.78079	10
754	764	0.00901	3.50403	10
755	765	0.01905	1.73714	10
756	766	0.00010	3.03280	10
757	767	0.00010	2.78158	10
758	768	0.00010	11.73039	10
759	769	0.00010	9.89592	10
760	770	0.00010	10.28892	10
761	771	0.00010	8.97632	10
762	772	0.00010	3.34617	10
763	773	0.00010	3.38368	10
764	774	0.00010	2.32865	10
765	775	0.00010	3.16590	10
766	776	0.00010	3.31410	10
767	777	0.00494	2.66146	10
768	778	0.00302	2.37326	10
769	779	0.00092	3.86491	10
770	780	0.00081	3.33221	10
771	781	0.00080	2.82334	10
772	782	0.00076	2.74419	10
773	783	0.00094	3.40483	10
774	784	0.00058	3.05354	10
775	785	0.01493	2.13170	10
776	786	0.01436	2.34901	10
777	787	0.00704	3.49217	10
778	788	0.00509	9.54191	10
779	789	0.00142	13.22369	10
780	790	0.00254	19.33763	10
781	791	0.00246	20.36022	10
782	792	0.00127	50.18533	10
783	793	0.00255	17.86102	10
784	794	0.00760	10.46991	10
785	795	0.00010	7.73600	10
786	796	0.00010	3.52857	10
787	797	0.00010	16.33064	10
788	798	0.00010	15.97269	10
789	799	0.00744	8.29412	10
790	800	0.00828	6.50022	10
791	801	0.00809	4.61666	10
792	802	0.00804	6.89912	10
793	803	0.00441	16.54715	10
794	804	0.01393	7.44996	10
795	805	0.02514	6.64937	10
796	806	0.03213	4.29321	10
797	807	0.00712	1.10577	10
798	808	0.00501	0.88051	10
799	809	0.00049	0.66080	10
800	810	0.00287	1.92698	10
801	811	0.00400	1.57271	10
802	812	0.01197	1.41303	10
803	813	0.01084	2.95743	10
804	814	0.01378	1.38830	10
805	815	0.00686	2.65341	10
806	816	0.00010	3.44116	10
807	817	0.00010	3.69579	10
808	818	0.00010	2.25211	10
809	819	0.00010	1.74816	10
810	820	0.00010	1.87724	10
811	821	0.00010	1.98999	10
812	822	0.00010	2.61093	10
813	823	0.00010	2.38467	10
814	824	0.00010	2.89854	10
815	825	0.00097	0.87659	10
816	826	0.00053	2.15035	10
817	827	0.00077	0.46012	10
818	828	0.01460	0.41898	10
819	829	0.01476	0.68483	10
820	830	0.00844	0.67700	10
821	831	0.00583	0.34131	10
822	832	0.01272	0.45426	10
823	833	0.01325	0.51505	10
824	834	0.01233	0.55834	10
825	835	0.00658	0.73238	10
826	836	0.00872	1.05139	10
827	837	0.00010	2.66870	10
828	838	0.00010	2.07470	10
829	839	0.00010	1.99838	10
830	840	0.00010	1.92489	10
831	841	0.00010	1.02034	10
832	842	0.00010	0.61121	10
833	843	0.00010	1.56120	10
834	844	0.00010	1.09888	10
835	845	0.00010	1.64439	10
836	846	0.00010	2.92677	10
837	847	0.00010	6.57147	10
838	848	0.00010	5.86914	10
839	849	0.00010	6.62771	10
840	850	0.00793	5.68546	10
841	851	0.01666	5.62869	10
842	852	0.02148	3.00827	10
843	853	0.02382	2.59922	10
844	854	0.01754	2.13208	10
845	855	0.01343	1.55139	10
846	856	0.01018	0.93941	10
847	857	0.00084	0.74940	10
848	858	0.00076	0.50766	10
849	859	0.00034	0.31982	10
850	860	0.00038	0.42204	10
851	861	0.00384	0.35069	10
852	862	0.00010	0.92864	10
853	863	0.00710	1.06367	10
854	864	0.00689	3.07859	10
855	865	0.01549	4.63469	10
856	866	0.01856	5.40926	10
857	867	0.02989	5.17548	10
858	868	0.01482	10.64661	10
859	869	0.01575	5.53691	10
860	870	0.01616	4.99370	10
861	871	0.00462	9.14894	10
862	872	0.00703	4.12753	10
863	873	0.00249	3.83492	10
864	874	0.00203	2.42859	10
865	875	0.00146	2.65736	10
866	876	0.00145	3.10473	10
867	877	0.00127	2.06048	10
868	878	0.00170	2.01102	10
869	879	0.00786	2.16226	10
870	880	0.00586	1.66003	10
871	881	0.00696	2.54160	10
872	882	0.00533	4.04214	10
873	883	0.00709	5.70571	10
874	884	0.00499	12.86364	10
875	885	0.00772	8.63947	10
876	886	0.00954	6.24367	10
877	887	0.01568	5.56612	10
878	888	0.01916	4.72928	10
879	889	0.00130	10.33716	10
880	890	0.00363	13.79771	10
881	891	0.00431	12.68682	10
882	892	0.00316	15.48922	10
883	893	0.00295	6.94636	10
884	894	0.00579	12.13433	10
885	895	0.00233	19.58762	10
886	896	0.00197	23.16874	10
887	897	0.00245	13.47952	10
888	898	0.00584	7.00042	10
889	899	0.01920	5.34560	10
890	900	0.01171	3.39200	10
891	901	0.00912	2.62303	10
892	902	0.06466	4.21031	10
893	903	0.06387	4.13655	10
894	904	0.02119	3.82534	10
895	905	0.04728	3.79345	10
896	906	0.02466	3.18951	10
897	907	0.04689	3.90916	10
898	908	0.08778	4.01022	10
899	909	0.12652	3.38189	10
900	910	0.04738	3.62263	10
901	911	0.04215	3.15357	10
902	912	0.02630	3.18180	10
903	913	0.02978	3.50624	10
904	914	0.03994	3.91027	10
905	915	0.03034	3.00976	10
906	916	0.06387	3.17884	10
907	917	0.06310	2.53857	10
908	918	0.06518	3.57652	10
909	919	0.05003	4.23558	10
910	920	0.06515	3.43267	10
911	921	0.04892	5.31113	10
912	922	0.02988	6.11485	10
913	923	0.02574	4.50777	10
914	924	0.01746	4.77976	10
915	925	0.01912	4.88073	10
916	926	0.02042	2.28658	10
917	927	0.02478	0.16181	10
918	928	0.03157	0.10867	10
919	929	0.07663	0.07104	10
920	930	0.11637	0.37886	10
921	931	0.20572	1.81317	10
922	932	0.17931	1.92234	10
923	933	0.20039	1.29311	10
924	934	0.22834	1.06859	10
925	935	0.24232	1.07907	10
926	936	0.27844	0.89152	10
927	937	0.09820	2.71253	10
928	938	0.10539	1.87641	10
929	939	0.08482	4.84382	10
930	940	0.22078	9.07518	10
931	941	0.05646	6.05324	10
932	942	0.08268	3.73568	10
933	943	0.01526	2.07423	10
934	944	0.04707	3.23097	10
935	945	0.05022	3.80190	10
936	946	0.04901	2.24440	10
937	947	0.01769	0.97281	10
938	948	0.01460	1.37111	10
939	949	0.02744	0.95170	10
940	950	0.05760	1.18492	10
941	951	0.05778	0.87301	10
942	952	0.03467	0.75068	10
943	953	0.05647	0.82123	10
944	954	0.06042	1.34377	10
945	955	0.04902	1.49165	10
946	956	0.03943	1.85327	10
947	957	0.03519	2.28082	10
948	958	0.01456	2.61615	10
949	959	0.01854	4.43370	10
950	960	0.00986	4.58514	10
951	961	0.00716	5.10897	10
952	962	0.01193	6.95949	10
953	963	0.03128	8.22838	10
954	964	0.04175	6.31259	10
955	965	0.05919	5.88914	10
956	966	0.07981	3.80072	10
957	967	0.13690	4.47635	10
958	968	0.21531	2.83472	10
959	969	0.21179	2.55896	10
960	970	0.19467	1.90316	10
961	971	0.43443	2.44916	10
962	972	0.59492	4.51102	10
963	973	0.59699	6.11617	10
964	974	0.52323	8.57406	10
965	975	0.39930	9.68077	10
966	976	0.20962	6.74200	10
967	977	0.21901	2.49268	10
968	978	0.18542	5.80178	10
969	979	0.20266	4.07722	10
970	980	0.24751	6.39170	10
971	981	0.28306	4.40778	10
972	982	0.23211	3.82951	10
973	983	0.27170	3.05413	10
974	984	0.23308	1.89583	10
975	985	0.17114	2.08310	10
976	986	0.14967	2.04021	10
977	987	0.08503	1.87096	10
978	988	0.07680	0.90450	10
979	989	0.04392	1.47895	10
980	990	0.02431	0.25634	10
981	991	nan	nan	10
982	992	0.15053	4.27838	10
983	993	12.32577	0.00010	10
984	994	14.71997	0.00010	10
985	995	999.00000	0.97612	10
986	996	0.09802	9.08068	10
987	997	999.00000	0.00010	10
988	998	0.18485	8.93349	10
989	999	0.17991	10.74764	10
990	1000	0.11353	1.13115	10
991	1001	0.99878	11.00939	10
992	1002	1.37866	10.39150	10
993	1003	1.25291	13.75692	10
994	1004	0.78491	8.68489	10
995	1005	0.06333	0.36303	10
996	1006	0.09042	1.23252	10
997	1007	0.09135	1.00762	10
998	1008	0.24244	1.35427	10
999	1009	0.31518	1.81721	10
1000	1010	0.29155	1.92179	10
1001	1011	0.24012	0.69266	10
1002	1012	0.24216	0.60544	10
1003	1013	0.35631	1.06655	10
1004	1014	0.34376	0.85099	10
1005	1015	0.23086	0.19911	10
1006	1016	0.26227	0.48917	10
1007	1017	0.29303	0.95975	10
1008	1018	0.25343	0.91692	10
1009	1019	0.19542	1.47981	10
1010	1020	0.24531	1.03703	10
1011	1021	0.23970	0.71713	10
1012	1022	0.11356	1.53249	10
1013	1023	0.02803	1.35414	10
1014	1024	0.03881	2.49968	10
1015	1025	0.07536	2.06529	10
1016	1026	0.02756	1.76341	10
1017	1027	0.05855	2.56283	10
1018	1028	0.05374	2.24321	10
1019	1029	0.04897	2.80734	10
1020	1030	0.03716	3.75909	10
1021	1031	0.03236	3.34209	10
1022	1032	0.05962	2.05874	10
1023	1033	0.07080	1.79187	10
1024	1034	0.06618	1.89637	10
1025	1035	0.04884	3.33280	10
1026	1036	0.10257	1.46980	10
1027	1037	0.11693	1.15909	10
1028	1038	0.12943	1.47764	10
1029	1039	0.13542	1.51755	10
1030	1040	0.11454	0.71729	10
1031	1041	0.09770	0.80061	10
1032	1042	0.06013	0.78393	10
1033	1043	0.05199	1.00806	10
1034	1044	0.05483	1.49168	10
1035	1045	0.04019	1.46466	10
1036	1046	0.04609	2.56933	10
1037	1047	0.08076	2.94048	10
1038	1048	0.02215	1.76191	10
1039	1049	0.02452	1.74089	10
1040	1050	0.02705	2.43469	10
1041	1051	0.04822	2.81268	10
1042	1052	0.03036	2.05732	10
1043	1053	0.04732	2.37553	10
1044	1054	0.03649	1.34991	10
1045	1055	0.04079	3.12408	10
1046	1056	0.04296	1.85611	10
1047	1057	0.07326	1.66952	10
1048	1058	0.02920	2.95962	10
1049	1059	0.04924	1.87753	10
1050	1060	0.07269	1.26778	10
1051	1061	0.03039	1.37267	10
1052	1062	0.01817	2.38435	10
1053	1063	0.01642	2.22279	10
1054	1064	0.01744	3.41072	10
1055	1065	0.01664	4.29672	10
1056	1066	0.01609	3.78092	10
1057	1067	0.01433	2.30709	10
1058	1068	0.01397	2.23200	10
1059	1069	0.01092	2.41696	10
1060	1070	0.01134	3.03740	10
1061	1071	0.01756	2.72216	10
1062	1072	0.02835	1.77728	10
1063	1073	0.03832	1.23769	10
1064	1074	0.07994	0.86550	10
1065	1075	0.11854	0.79121	10
1066	1076	0.22701	0.69430	10
1067	1077	0.31069	0.63813	10
1068	1078	0.33766	0.79219	10
1069	1079	0.37925	0.78208	10
1070	1080	0.22248	1.32919	10
1071	1081	0.12993	2.02247	10
1072	1082	0.09622	2.57520	10
1073	1083	0.09661	2.92140	10
1074	1084	0.05281	1.95989	10
1075	1085	0.02532	1.38330	10
1076	1086	0.02377	1.90852	10
1077	1087	0.02038	2.18796	10
1078	1088	0.02571	2.48723	10
1079	1089	0.02667	2.31035	10
1080	1090	0.02295	2.17013	10
1081	1091	0.01800	2.19754	10
1082	1092	0.01471	1.76761	10
1083	1093	0.01305	1.40768	10
1084	1094	0.02159	2.72631	10
1085	1095	0.02316	2.41307	10
1086	1096	0.03276	2.37044	10
1087	1097	0.01841	1.98872	10
1088	1098	0.02551	2.68274	10
1089	1099	0.02674	3.80986	10
1090	1100	0.03120	1.32600	10
1091	1101	0.04606	1.03843	10
1092	1102	0.11643	1.06851	10
1093	1103	0.10718	1.23802	10
1094	1104	0.12041	1.81100	10
1095	1105	0.26090	2.50153	10
1096	1106	0.26937	3.46523	10
1097	1107	0.26242	3.48588	10
1098	1108	0.19330	2.24771	10
1099	1109	0.17800	1.15081	10
1100	1110	0.09207	1.53544	10
1101	1111	0.11152	1.35585	10
1102	1112	0.09687	0.66987	10
1103	1113	0.05545	1.11020	10
1104	1114	0.12481	1.93596	10
1105	1115	0.10996	2.67984	10
1106	1116	0.10656	2.25237	10
1107	1117	0.06833	2.64643	10
1108	1118	0.08004	2.40876	10
1109	1119	0.08074	2.20283	10
1110	1120	nan	nan	10
1111	1121	nan	nan	10
1112	1122	nan	nan	10
1113	1123	nan	nan	10
1114	1124	nan	nan	10
1115	1125	0.07877	4.44124	10
1116	1126	0.23406	2.07688	10
1117	1127	0.28974	2.05772	10
1118	1128	0.38132	2.26666	10
1119	1129	0.36908	1.52684	10
1120	1130	0.32657	1.05745	10
1121	1131	0.45219	1.20189	10
1122	1132	0.49357	1.17444	10
1123	1133	0.54628	1.26233	10
1124	1134	0.96673	1.89526	10
1125	1135	1.15882	1.79291	10
1126	1136	1.03496	2.58898	10
1127	1137	3.08078	4.34299	10
1128	1138	3.49820	4.82338	10
1129	1139	15.82811	7.73004	10
1130	1140	16.87288	10.30040	10
1131	1141	11.15703	9.90680	10
1132	1142	204.77492	18.32925	10
1133	1143	247.57601	19.31320	10
1134	1144	271.75135	20.28183	10
1135	1145	76.05427	34.83627	10
1136	1146	9.35233	12.08932	10
1137	1147	27.76719	5.19308	10
1138	1148	nan	nan	10
1139	1149	nan	nan	10
1140	1150	3.58381	6.93454	10
1141	1151	7.44723	4.09132	10
1142	1152	7.02582	1.71793	10
1143	1153	42.05646	1.63928	10
1144	1154	0.81051	1.24678	10
1145	1155	999.00000	7.42141	10
1146	1156	0.82253	0.79477	10
1147	1157	1.25669	0.34944	10
1148	1158	999.00000	0.74965	10
1149	1159	999.00000	0.44201	10
1150	1160	999.00000	0.57069	10
1151	1161	7.91441	1.71220	10
1152	1162	5.48390	7.10819	10
1153	1163	5.37446	2.57003	10
1154	1164	999.00000	1.86889	10
1155	1165	999.00000	26.82035	10
1156	1166	999.00000	6.64717	10
1157	1167	999.00000	6.27867	10
1158	1168	999.00000	3.09821	10
1159	1169	3.80952	0.24043	10
1160	1170	1.86478	0.19572	10
1161	1171	3.05247	0.29276	10
1162	1172	2.14927	0.00010	10
1163	1173	2.18669	0.00010	10
1164	1174	4.78225	0.00010	10
1165	1175	999.00000	0.00010	10
1166	1176	999.00000	1.24362	10
1167	1177	42.76307	0.79865	10
1168	1178	nan	nan	10
1169	1179	nan	nan	10
1170	1180	nan	nan	10
1171	1181	nan	nan	10
1172	1182	nan	nan	10
1173	1183	nan	nan	10
1174	1184	nan	nan	10
1175	1185	999.00000	0.00010	10
1176	1186	999.00000	0.00010	10
1177	1187	0.07850	2.81919	10
1178	1188	999.00000	0.87886	10
1179	1189	0.08252	0.00010	10
1180	1190	999.00000	0.30916	10
1181	1191	999.00000	0.12204	10
1182	1192	0.04110	0.00010	10
1183	1193	999.00000	0.68458	10
1184	1194	10.12990	15.27983	10
1185	1195	1.13086	0.00010	10
1186	1196	0.78302	2.82550	10
1187	1197	0.90931	2.69419	10
1188	1198	0.26812	3.71947	10
1189	1199	0.78730	2.19184	10
1190	1200	0.70915	1.86211	10
1191	1201	0.93915	2.45699	10
1192	1202	0.99919	2.34119	10
1193	1203	2.08698	3.76918	10
1194	1204	3.12759	2.86270	10
1195	1205	4.20732	2.29538	10
1196	1206	5.50219	1.98166	10
1197	1207	6.15847	2.75912	10
1198	1208	3.94756	2.22339	10
1199	1209	3.72494	3.00892	10
1200	1210	2.20936	3.28790	10
1201	1211	2.12767	2.43369	10
1202	1212	1.98924	2.01729	10
1203	1213	nan	nan	10
1204	1214	nan	nan	10
1205	1215	0.47966	2.00069	10
1206	1216	1.39995	2.65738	10
1207	1217	1.10372	2.10708	10
1208	1218	1.20671	2.15327	10
1209	1219	2.17513	2.31493	10
1210	1220	3.38402	3.09186	10
1211	1221	13.65555	4.80512	10
1212	1222	12.33972	5.46429	10
1213	1223	176.42866	10.32849	10
1214	1224	168.25485	13.78612	10
1215	1225	134.82204	28.94985	10
1216	1226	665.61675	39.34293	10
1217	1227	14.75342	4.60087	10
1218	1228	10.59386	4.35820	10
1219	1229	13.99093	8.13417	10
1220	1230	6.28138	8.19989	10
1221	1231	5.89055	8.60395	10
1222	1232	8.09654	9.23354	10
1223	1233	4.71537	6.13019	10
1224	1234	22.60009	13.63381	10
1225	1235	1.73543	7.25750	10
1226	1236	1.71256	4.51372	10
1227	1237	1.63645	1.89614	10
1228	1238	0.76271	3.40693	10
1229	1239	0.72208	2.44738	10
1230	1240	1.03258	1.57904	10
1231	1241	1.17518	1.38492	10
1232	1242	1.13288	1.10661	10
1233	1243	1.35502	0.79839	10
1234	1244	2.40826	1.24923	10
1235	1245	0.27204	1.30493	10
1236	1246	1.60082	0.00010	10
1237	1247	1.11212	0.00010	10
1238	1248	0.04997	5.34339	10
1239	1249	0.69342	0.00010	10
1240	1250	1.15605	36.53824	10
1241	1251	1.29625	52.39264	10
1242	1252	1.22759	6.80823	10
1243	1253	1.20780	12.41282	10
1244	1254	0.74318	8.59315	10
1245	1255	0.13946	16.62014	10
1246	1256	0.35941	19.29259	10
1247	1257	0.13040	10.55707	10
1248	1258	0.10477	10.82197	10
1249	1259	0.10451	11.24140	10
1250	1260	0.08356	11.75341	10
1251	1261	0.41210	22.83336	10
1252	1262	0.73437	9.95645	10
1253	1263	0.98915	3.60653	10
1254	1264	1.26938	9.51142	10
1255	1265	2.16585	5.00467	10
1256	1266	1.27613	3.50074	10
1257	1267	1.96488	3.61006	10
1258	1268	1.31366	3.10691	10
1259	1269	1.46978	2.95065	10
1260	1270	1.55892	3.09550	10
1261	1271	3.21202	1.99109	10
1262	1272	3.25507	2.83010	10
1263	1273	3.92106	2.77279	10
1264	1274	3.86887	2.19761	10
1265	1275	4.06138	2.86423	10
1266	1276	6.32915	3.27947	10
1267	1277	4.86590	3.60311	10
1268	1278	4.99568	3.31752	10
1269	1279	5.16895	3.47417	10
1270	1280	7.79805	4.44779	10
1271	1281	6.25756	4.28323	10
1272	1282	4.59015	1.88001	10
1273	1283	14.56300	3.66871	10
1274	1284	52.45359	1.40884	10
1275	1285	7.93050	1.30564	10
1276	1286	31.68620	1.78137	10
1277	1287	999.00000	2.56994	10
1278	1288	999.00000	2.88237	10
1279	1289	999.00000	2.15817	10
1280	1290	999.00000	7.99843	10
1281	1291	999.00000	9.41811	10
1282	1292	8.14232	6.45134	10
1283	1293	5.69233	7.19774	10
1284	1294	3.98811	4.48833	10
1285	1295	4.14915	3.06536	10
1286	1296	2.87306	2.00310	10
1287	1297	2.30732	2.01130	10
1288	1298	1.87065	2.65151	10
1289	1299	1.78362	3.56681	10
1290	1300	2.02902	3.62630	10
1291	1301	2.33674	2.89394	10
1292	1302	3.03077	2.44288	10
1293	1303	3.89945	3.35653	10
1294	1304	3.70848	3.51973	10
1295	1305	5.41590	3.35760	10
1296	1306	9.88463	4.18071	10
1297	1307	10.03998	2.65932	10
1298	1308	12.84133	1.89142	10
1299	1309	12.85278	1.23898	10
1300	1310	11.90944	1.05750	10
1301	1311	16.34746	1.00173	10
1302	1312	18.30557	0.85072	10
1303	1313	14.42380	1.70956	10
1304	1314	999.00000	2.46689	10
1305	1315	16.06076	1.44764	10
1306	1316	100.31876	1.86902	10
1307	1317	39.49314	1.98563	10
1308	1318	62.87423	2.94470	10
1309	1319	166.71628	2.62128	10
1310	1320	999.00000	2.46591	10
1311	1321	999.00000	1.83095	10
1312	1322	999.00000	1.94627	10
1313	1323	6.86766	1.08735	10
1314	1324	9.14756	0.48247	10
1315	1325	7.58633	0.43245	10
1316	1326	5.86652	0.63295	10
1317	1327	6.41172	0.97668	10
1318	1328	7.10914	1.59313	10
1319	1329	7.35596	2.03898	10
1320	1330	5.27735	2.44525	10
1321	1331	4.48543	2.78588	10
1322	1332	3.97872	3.27340	10
1323	1333	4.08211	3.58348	10
1324	1334	2.58488	5.41403	10
1325	1335	2.85811	4.45475	10
1326	1336	2.32237	5.85665	10
1327	1337	5.42528	9.71834	10
1328	1338	5.46674	4.59823	10
1329	1339	1.46441	4.04365	10
1330	1340	1.75189	4.35528	10
1331	1341	1.34807	3.74706	10
1332	1342	1.78787	2.84436	10
1333	1343	2.75468	2.52958	10
1334	1344	1.78771	2.95913	10
1335	1345	1.72948	3.91612	10
1336	1346	1.43654	3.70656	10
1337	1347	1.19549	3.41313	10
1338	1348	1.10561	3.34112	10
1339	1349	1.39875	2.80598	10
1340	1350	1.41932	3.19153	10
1341	1351	1.93954	3.53632	10
1342	1352	1.93252	3.87469	10
1343	1353	1.82658	3.72807	10
1344	1354	3.94276	3.24913	10
1345	1355	4.76383	1.99411	10
1346	1356	57.24378	1.75419	10
1347	1357	133.87387	1.86396	10
1348	1358	10.08012	2.49864	10
1349	1359	3.87359	3.41308	10
1350	1360	5.36174	4.14564	10
1351	1361	1.42382	2.58207	10
1352	1362	1.43544	1.88344	10
1353	1363	0.56697	2.54363	10
1354	1364	0.66830	2.82539	10
1355	1365	0.88701	2.45254	10
1356	1366	0.48138	2.84261	10
1357	1367	0.55265	2.16991	10
1358	1368	1.69016	1.35818	10
1359	1369	1.38507	1.85602	10
1360	1370	2.81983	1.53559	10
1361	1371	2.38769	1.67439	10
1362	1372	2.73464	2.40353	10
1363	1373	5.21277	4.31559	10
1364	1374	14.70182	6.16173	10
1365	1375	10.17757	3.85161	10
1366	1376	10.47170	4.09052	10
1367	1377	17.36154	7.41922	10
1368	1378	10.95054	3.92503	10
1369	1379	4.88830	2.52901	10
1370	1380	4.62525	3.78833	10
1371	1381	999.00000	5.64539	10
1372	1382	7.32054	2.46212	10
1373	1383	2.18332	1.50793	10
1374	1384	1.71287	1.30589	10
1375	1385	0.40972	1.80720	10
1376	1386	0.46716	1.64938	10
1377	1387	0.33714	1.38800	10
1378	1388	0.35233	1.29085	10
1379	1389	1.24375	2.07129	10
1380	1390	0.98253	1.80557	10
1381	1391	3.01309	1.08214	10
1382	1392	28.62439	4.77050	10
1383	1393	21.83461	3.35485	10
1384	1394	6.87810	3.54641	10
1385	1395	2.58594	3.36206	10
1386	1396	3.53851	3.00793	10
1387	1397	7.46925	3.52387	10
1388	1398	10.10735	3.12948	10
1389	1399	16.66022	4.44148	10
1390	1400	16.46534	4.90973	10
1391	1401	29.94429	5.75687	10
1392	1402	5.62135	2.80824	10
1393	1403	10.01760	2.65525	10
1394	1404	5.31989	2.86848	10
1395	1405	7.79469	4.20601	10
1396	1406	7.72591	3.28087	10
1397	1407	15.42044	2.50960	10
1398	1408	4.78148	2.52408	10
1399	1409	6.06707	1.99567	10
1400	1410	6.06707	1.99567	10
1401	1411	8.00540	3.55798	10
1402	1412	3.18380	2.31062	10
1403	1413	2.79848	4.12088	10
1404	1414	3.39314	2.50820	10
1405	1415	3.68625	4.04719	10
1406	1416	3.24571	7.32616	10
1407	1417	2.97666	6.79273	10
1408	1418	9.81758	22.05404	10
1409	1419	9.81758	22.05404	10
1410	1420	10.07930	19.90474	10
1411	1421	9.27610	15.29554	10
1412	1422	42.92240	11.68725	10
1413	1423	291.02790	38.04361	10
1414	1424	999.00000	18.44735	10
1415	1425	999.00000	20.72824	10
1416	1426	999.00000	16.58739	10
1417	1427	11.58924	8.36697	10
1418	1428	3.00027	4.56739	10
1419	1429	2.55106	4.41549	10
1420	1430	2.73195	4.78132	10
1421	1431	3.39132	8.60157	10
1422	1432	4.02272	13.27260	10
1423	1433	3.73279	10.11993	10
1424	1434	7.25372	14.22022	10
1425	1435	4.82849	13.01302	10
1426	1436	3.22921	5.83734	10
1427	1437	3.62275	6.10162	10
1428	1438	3.74962	5.38984	10
1429	1439	3.05617	3.91995	10
1430	1440	3.13839	3.97863	10
1431	1441	3.15997	3.63378	10
1432	1442	4.84148	3.53737	10
1433	1443	6.76237	2.87819	10
1434	1444	1.67492	2.45393	10
1435	1445	1.87211	2.13129	10
1436	1446	1.71725	1.86080	10
1437	1447	2.35988	2.21017	10
1438	1448	2.02888	3.21127	10
1439	1449	1.14344	3.56551	10
1440	1450	2.46541	3.79998	10
1441	1451	1.17899	2.72291	10
1442	1452	1.29562	2.08890	10
1443	1453	1.81195	3.06718	10
1444	1454	2.61504	2.48524	10
1445	1455	3.01835	2.42677	10
1446	1456	5.49741	3.31804	10
1447	1457	6.45084	3.38912	10
1448	1458	10.62969	3.72418	10
1449	1459	7.14544	3.59822	10
1450	1460	6.31005	3.33684	10
1451	1461	11.71250	6.08970	10
1452	1462	8.45470	5.61812	10
1453	1463	9.58321	5.38634	10
1454	1464	7.10010	5.47215	10
1455	1465	9.62365	7.75751	10
1456	1466	5.47336	6.54906	10
1457	1467	5.58012	7.22242	10
1458	1468	2.78288	6.07671	10
1459	1469	3.63434	7.69662	10
1460	1470	5.09916	7.59895	10
1461	1471	7.37603	3.87792	10
1462	1472	6.13703	4.12855	10
1463	1473	6.63513	5.22712	10
1464	1474	5.11922	3.94302	10
1465	1475	4.67507	5.44876	10
1466	1476	11.16957	4.54494	10
1467	1477	11.16957	4.54494	10
1468	1478	9.62550	5.65865	10
1469	1479	6.21850	6.39024	10
1470	1480	9.39205	4.20139	10
1471	1481	3.14225	6.97566	10
1472	1482	0.92735	22.09037	10
1473	1483	0.83810	10.46525	10
1474	1484	3.12780	7.41185	10
1475	1485	6.67136	4.13885	10
1476	1486	0.68944	4.14803	10
1477	1487	1.07322	5.06861	10
1478	1488	4.97861	2.52912	10
1479	1489	1.24629	1.39069	10
1480	1490	1.03162	1.39339	10
1481	1491	2.96160	4.31946	10
1482	1492	7.09768	0.00010	10
1483	1493	2.88149	2.88529	10
1484	1494	3.41849	4.46315	10
1485	1495	2.76959	5.37001	10
1486	1496	4.46007	6.87424	10
1487	1497	3.04160	5.96391	10
1488	1498	1.33879	12.00753	10
1489	1499	1.78981	13.89025	10
1490	1500	1.36597	14.26779	10
1491	1501	0.10765	0.58454	10
1492	1502	0.10206	0.71419	10
1493	1503	0.21435	0.36905	10
1494	1504	0.20666	0.36178	10
1495	1505	0.34898	0.29266	10
1496	1506	0.39508	0.53455	10
1497	1507	0.96758	0.64405	10
1498	1508	1.08418	1.04837	10
1499	1509	0.86542	1.26048	10
1500	1510	0.74252	1.56463	10
1501	1511	0.64690	1.93025	10
1502	1512	0.94316	2.28134	10
1503	1513	0.90307	2.36035	10
1504	1514	1.01577	2.08489	10
1505	1515	1.40639	2.64292	10
1506	1516	0.73040	0.36698	10
1507	1517	2.51323	0.57596	10
1508	1518	1.66568	1.59999	10
1509	1519	1.77918	1.65658	10
1510	1520	2.17622	2.00982	10
1511	1521	3.38404	1.69700	10
1512	1522	2.69077	2.30287	10
1513	1523	2.08911	3.46712	10
1514	1524	3.78488	5.94481	10
1515	1525	3.62383	8.60789	10
1516	1526	1.62773	3.66716	10
1517	1527	1.99427	5.79883	10
1518	1528	1.73864	5.31789	10
1519	1529	0.73474	2.92300	10
1520	1530	0.78588	3.92917	10
1521	1531	0.89234	4.13745	10
1522	1532	0.92192	3.86516	10
1523	1533	0.74976	3.82136	10
1524	1534	0.46629	4.39046	10
1525	1535	0.53597	3.00996	10
1526	1536	0.82624	2.02433	10
1527	1537	0.60170	1.71778	10
1528	1538	0.24935	1.84435	10
1529	1539	0.55871	1.47683	10
1530	1540	1.21156	3.19990	10
1531	1541	0.28153	1.16666	10
1532	1542	0.28253	1.42814	10
1533	1543	0.19762	1.82526	10
1534	1544	0.10392	1.24781	10
1535	1545	0.02815	1.56175	10
1536	1546	0.03437	2.15850	10
1537	1547	0.06220	1.37489	10
1538	1548	0.02814	1.84173	10
1539	1549	0.03055	3.53813	10
1540	1550	0.04877	4.12489	10
1541	1551	0.07351	3.64076	10
1542	1552	0.09685	3.06372	10
1543	1553	0.11071	2.90836	10
1544	1554	0.21365	3.10581	10
1545	1555	0.57619	6.88797	10
1546	1556	0.79600	5.39517	10
1547	1557	0.79046	1.49867	10
1548	1558	0.74859	1.49862	10
1549	1559	0.57681	0.67528	10
1550	1560	0.60814	0.47558	10
1551	1561	0.34126	0.10137	10
1552	1562	0.29310	0.08229	10
1553	1563	0.21784	0.05085	10
1554	1564	0.55037	0.13847	10
1555	1565	0.73930	0.10235	10
1556	1566	0.99244	1.39907	10
1557	1567	0.66033	0.20649	10
1558	1568	0.78265	1.19870	10
1559	1569	14.16524	10.50383	10
1560	1570	24.46533	11.65474	10
1561	1571	18.65624	9.42742	10
1562	1572	0.66631	0.84405	10
1563	1573	0.68951	1.07903	10
1564	1574	0.81750	1.73173	10
1565	1575	1.02508	2.22327	10
1566	1576	1.19503	3.10290	10
1567	1577	4.60426	1.73886	10
1568	1578	5.14897	3.17523	10
1569	1579	1.26841	0.59952	10
1570	1580	1.46761	0.38594	10
1571	1581	1.35861	0.29830	10
1572	1582	1.07656	0.26971	10
1573	1583	1.15121	0.44881	10
1574	1584	1.70359	0.68888	10
1575	1585	1.56949	0.61679	10
1576	1586	1.23811	1.16457	10
1577	1587	0.65481	1.54185	10
1578	1588	0.05370	3.54775	10
1579	1589	0.36488	4.28539	10
1580	1590	0.44632	2.45272	10
1581	1591	0.26646	1.71270	10
1582	1592	0.35503	1.94209	10
1583	1593	0.25741	1.22705	10
1584	1594	0.88867	0.60433	10
1585	1595	16.11617	3.24772	10
1586	1596	12.82944	4.04195	10
1587	1597	19.19390	8.29933	10
1588	1598	56.81441	4.32271	10
1589	1599	198.53140	2.61330	10
1590	1600	1.91601	2.15664	10
1591	1601	2.10376	2.10504	10
1592	1602	1.01338	1.19916	10
1593	1603	1.56031	1.72600	10
1594	1604	1.66565	1.67850	10
1595	1605	1.38797	1.50849	10
1596	1606	1.07361	1.25163	10
1597	1607	0.60961	0.77670	10
1598	1608	0.79008	1.15886	10
1599	1609	1.04244	1.41269	10
1600	1610	3.53212	3.06026	10
1601	1611	2.99402	6.40845	10
1602	1612	5.33552	6.14687	10
1603	1613	3.94771	7.00518	10
1604	1614	2.72294	7.67185	10
1605	1615	4.52168	7.37074	10
1606	1616	6.53639	7.48416	10
1607	1617	5.26594	6.03882	10
1608	1618	24.94370	12.97264	10
1609	1619	32.73527	12.69377	10
1610	1620	127.75829	11.00032	10
1611	1621	999.00000	9.22783	10
1612	1622	999.00000	4.32022	10
1613	1623	999.00000	9.41532	10
1614	1624	6.40843	0.43398	10
1615	1625	35.66428	3.60333	10
1616	1626	25.97077	3.49969	10
1617	1627	6.36853	2.78919	10
1618	1628	0.26468	20.09126	10
1619	1629	0.33205	17.74789	10
1620	1630	0.64471	25.90131	10
1621	1631	2.06122	25.92300	10
1622	1632	1.98807	13.19452	10
1623	1633	1.92993	14.93169	10
1624	1634	0.63054	8.00402	10
1625	1635	0.89380	4.28305	10
1626	1636	1.08810	12.71376	10
1627	1637	1.66694	10.77746	10
1628	1638	2.06150	11.01815	10
1629	1639	5.51677	7.37824	10
1630	1640	2.37717	7.37314	10
1631	1641	0.62884	2.89149	10
1632	1642	0.82087	2.27608	10
1633	1643	0.74836	46.00328	10
1634	1644	5.34624	18.28175	10
1635	1645	2.62232	13.31339	10
1636	1646	0.66477	3.83751	10
1637	1647	1.05646	3.88253	10
1638	1648	0.98485	2.15597	10
1639	1649	0.98137	2.68910	10
1640	1650	0.94773	2.69739	10
1641	1651	0.82307	1.68521	10
1642	1652	1.24973	1.28363	10
1643	1653	1.92695	1.49434	10
1644	1654	2.17794	1.50806	10
1645	1655	1.42948	3.17156	10
1646	1656	1.80497	3.46124	10
1647	1657	2.05378	4.81305	10
1648	1658	1.82023	5.08998	10
1649	1659	2.49879	3.02931	10
1650	1660	2.39619	2.67798	10
1651	1661	2.19350	1.97179	10
1652	1662	2.00366	1.33656	10
1653	1663	1.93117	1.28124	10
1654	1664	1.47219	1.66573	10
1655	1665	2.66627	0.74097	10
1656	1666	0.81925	0.75755	10
1657	1667	3.72206	0.96555	10
1658	1668	1.88189	1.44768	10
1659	1669	1.18928	0.95893	10
1660	1670	14.96147	1.58240	10
1661	1671	5.94173	1.17781	10
1662	1672	4.03348	1.56920	10
1663	1673	5.10318	2.40939	10
1664	1674	8.58319	3.28467	10
1665	1675	7.00786	5.33360	10
1666	1676	6.02761	7.19196	10
1667	1677	6.70477	7.21037	10
1668	1678	5.07988	8.52760	10
1669	1679	9.62185	7.92486	10
1670	1680	999.00000	125.50938	10
1671	1681	4.64836	11.85909	10
1672	1682	11.87006	29.82501	10
1673	1683	6.60328	8.68850	10
1674	1684	5.78206	8.79129	10
1675	1685	6.02344	5.71630	10
1676	1686	2.87226	5.19471	10
1677	1687	1.47030	6.20470	10
1678	1688	1.09855	5.79102	10
1679	1689	0.65765	4.35410	10
1680	1690	0.63739	3.10172	10
1681	1691	0.59248	1.66765	10
1682	1692	0.65754	1.43326	10
1683	1693	0.72085	1.48222	10
1684	1694	0.74039	2.07948	10
1685	1695	1.13903	2.87400	10
1686	1696	1.43430	2.48460	10
1687	1697	1.85924	2.49904	10
1688	1698	2.74789	3.32640	10
1689	1699	2.88791	3.34177	10
1690	1700	2.28469	3.86090	10
1691	1701	2.69728	4.09522	10
1692	1702	3.74852	4.50223	10
1693	1703	3.89103	5.55521	10
1694	1704	3.91249	3.26204	10
1695	1705	5.40292	4.08238	10
1696	1706	7.52764	4.69418	10
1697	1707	5.97696	3.70634	10
1698	1708	5.14772	2.80238	10
1699	1709	5.24545	2.77785	10
1700	1710	4.89889	2.69404	10
1701	1711	6.39104	2.24428	10
1702	1712	4.76997	2.43358	10
1703	1713	3.85050	2.53473	10
1704	1714	6.65600	4.78794	10
1705	1715	7.79526	4.73431	10
1706	1716	11.00350	4.52993	10
1707	1717	21.72727	2.83770	10
1708	1718	25.44916	3.02972	10
1709	1719	9.46182	3.00855	10
1710	1720	10.80621	2.79034	10
1711	1721	9.16697	3.78345	10
1712	1722	8.64381	2.78680	10
1713	1723	9.21580	1.69627	10
1714	1724	5.62379	1.53111	10
1715	1725	6.03452	0.90160	10
1716	1726	4.31156	1.01312	10
1717	1727	3.99117	1.31065	10
1718	1728	2.67025	1.27773	10
1719	1729	6.58441	1.19523	10
1720	1730	4.29019	0.90704	10
1721	1731	4.87705	0.68535	10
1722	1732	3.86218	0.81395	10
1723	1733	3.43347	0.78869	10
1724	1734	13.66299	0.65202	10
1725	1735	14.16691	1.01198	10
1726	1736	14.16691	1.01198	10
1727	1737	15.35685	1.19366	10
1728	1738	8.72830	3.02711	10
1729	1739	9.70453	4.27932	10
1730	1740	6.28265	3.34563	10
1731	1741	5.04173	3.07331	10
1732	1742	7.92620	3.77103	10
1733	1743	9.48392	4.64331	10
1734	1744	2.01413	2.83974	10
1735	1745	4.11449	2.07561	10
1736	1746	6.03083	1.77284	10
1737	1747	22.33071	0.00010	10
1738	1748	25.09338	0.99357	10
1739	1749	9.11306	1.34978	10
1740	1750	7.48316	1.89215	10
1741	1751	9.20101	2.07499	10
1742	1752	4.70497	1.89063	10
1743	1753	3.80910	1.80361	10
1744	1754	3.41561	2.05706	10
1745	1755	3.83635	2.40647	10
1746	1756	3.29076	2.28914	10
1747	1757	3.53823	2.12493	10
1748	1758	3.00866	1.76122	10
1749	1759	2.87858	1.16368	10
1750	1760	2.96898	2.21320	10
1751	1761	2.88597	1.82983	10
1752	1762	6.61472	2.45467	10
1753	1763	7.55706	2.72140	10
1754	1764	16.30307	3.81618	10
1755	1765	45.10967	4.90390	10
1756	1766	29.10319	4.01062	10
1757	1767	10.44599	2.54092	10
1758	1768	18.00533	2.87398	10
1759	1769	34.83082	3.68178	10
1760	1770	15.62175	2.41520	10
1761	1771	12.68150	3.34162	10
1762	1772	6.03258	2.70613	10
1763	1773	6.88707	2.20297	10
1764	1774	5.96965	2.44852	10
1765	1775	5.14200	2.76350	10
1766	1776	4.72847	2.35127	10
1767	1777	9.04477	2.22418	10
1768	1778	9.39076	2.27013	10
1769	1779	6.52847	2.30651	10
1770	1780	6.61050	2.72823	10
1771	1781	6.82008	3.34111	10
1772	1782	6.64183	2.90387	10
1773	1783	5.83571	4.23491	10
1774	1784	7.57821	2.57297	10
1775	1785	8.40796	2.02582	10
1776	1786	7.03518	2.71944	10
1777	1787	2.43141	3.77586	10
1778	1788	2.17503	2.80226	10
1779	1789	4.90044	2.74126	10
1780	1790	4.23809	4.38136	10
1781	1791	4.69117	2.86368	10
1782	1792	5.21322	3.00039	10
1783	1793	7.01293	3.36642	10
1784	1794	14.54320	6.42289	10
1785	1795	5.44203	4.02578	10
1786	1796	3.61978	3.33223	10
1787	1797	3.99193	3.70826	10
1788	1798	2.93285	3.50371	10
1789	1799	2.05243	4.13380	10
1790	1800	1.89611	2.88578	10
1791	1801	2.74326	4.21707	10
1792	1802	1.55730	6.35562	10
1793	1803	1.13445	7.28091	10
1794	1804	0.95358	3.35631	10
1795	1805	1.65051	1.56739	10
1796	1806	5.46449	6.85334	10
1797	1807	3.02576	5.02444	10
1798	1808	21.82159	6.12884	10
1799	1809	34.55889	8.88215	10
1800	1810	70.50170	11.96228	10
1801	1811	999.00000	11.73008	10
1802	1812	999.00000	9.59604	10
1803	1813	999.00000	9.59604	10
1804	1814	999.00000	10.33371	10
1805	1815	999.00000	14.17560	10
1806	1816	999.00000	12.16058	10
1807	1817	999.00000	4.95410	10
1808	1818	999.00000	2.89527	10
1809	1819	6.03373	1.20029	10
1810	1820	999.00000	3.29577	10
1811	1821	999.00000	5.14055	10
1812	1822	999.00000	3.83943	10
1813	1823	3.78584	1.93410	10
1814	1824	2.92141	1.59502	10
1815	1825	3.13815	1.86219	10
1816	1826	3.38619	2.07923	10
1817	1827	5.98693	3.57335	10
1818	1828	5.50404	3.07868	10
1819	1829	8.05099	4.08411	10
1820	1830	5.66296	2.05011	10
1821	1831	4.89994	1.80883	10
1822	1832	4.41019	2.07117	10
1823	1833	12.74392	2.42460	10
1824	1834	14.68487	3.60065	10
1825	1835	4.56866	2.68139	10
1826	1836	3.65547	1.86773	10
1827	1837	5.19639	2.91608	10
1828	1838	4.48003	3.50728	10
1829	1839	3.32161	2.99239	10
1830	1840	3.65115	3.20514	10
1831	1841	5.74390	4.55895	10
1832	1842	3.69140	5.05881	10
1833	1843	3.27382	3.81143	10
1834	1844	3.53613	2.92666	10
1835	1845	4.33325	3.72281	10
1836	1846	4.69479	4.36901	10
1837	1847	8.51426	7.00051	10
1838	1848	13.82081	7.56381	10
1839	1849	10.52064	6.18663	10
1840	1850	11.50505	7.76886	10
1841	1851	7.10179	5.24225	10
1842	1852	6.27834	3.93708	10
1843	1853	7.00142	5.02374	10
1844	1854	5.11684	6.30454	10
1845	1855	7.17604	4.19977	10
1846	1856	19.77642	2.63175	10
1847	1857	36.80304	1.42220	10
1848	1858	5.06646	2.20516	10
1849	1859	7.16237	2.90469	10
1850	1860	8.48449	3.38659	10
1851	1861	8.80142	3.62354	10
1852	1862	11.45234	6.10594	10
1853	1863	6.09816	5.58648	10
1854	1864	6.36059	3.82162	10
1855	1865	4.58212	3.58247	10
1856	1866	4.65903	3.72133	10
1857	1867	5.40270	3.69155	10
1858	1868	13.08410	2.08931	10
1859	1869	12.07819	1.39301	10
1860	1870	9.89177	1.66635	10
1861	1871	5.03863	2.72729	10
1862	1872	5.70503	1.74333	10
1863	1873	5.96917	2.75687	10
1864	1874	6.39227	4.00142	10
1865	1875	11.71629	7.36716	10
1866	1876	24.41170	11.82022	10
1867	1877	16.70647	5.49211	10
1868	1878	11.43579	10.28508	10
1869	1879	17.74358	15.19154	10
1870	1880	10.35918	10.46612	10
1871	1881	4.01494	10.61654	10
1872	1882	5.14409	16.70376	10
1873	1883	7.31677	7.57753	10
1874	1884	4.50030	7.00883	10
1875	1885	2.34612	5.90481	10
1876	1886	1.93058	5.99363	10
1877	1887	2.42261	9.56515	10
1878	1888	1.85280	8.46489	10
1879	1889	1.97986	6.52262	10
1880	1890	1.21422	4.27339	10
1881	1891	2.51114	2.90272	10
1882	1892	1.28753	1.66022	10
1883	1893	2.26104	3.52634	10
1884	1894	5.26137	7.54638	10
1885	1895	2.45839	9.32496	10
1886	1896	1.97250	4.67363	10
1887	1897	0.58880	1.40462	10
1888	1898	2.25753	4.80391	10
