range_start	range_stop	omega	kappa	window_size
1	11	0.01110	0.27275	10
2	12	0.00820	0.24256	10
3	13	0.01773	1.18806	10
4	14	0.01010	0.50612	10
5	15	0.01304	1.88286	10
6	16	0.01266	1.81487	10
7	17	0.00101	2.26385	10
8	18	0.00087	2.02065	10
9	19	0.01180	2.02691	10
10	20	0.00010	2.70031	10
11	21	0.00010	0.59408	10
12	22	0.00010	0.47130	10
13	23	0.00010	0.86691	10
14	24	0.00010	0.16533	10
15	25	0.00010	0.18868	10
16	26	0.00010	0.12366	10
17	27	0.00044	0.25386	10
18	28	0.00026	0.15415	10
19	29	0.00404	0.27636	10
20	30	0.01339	0.30854	10
21	31	0.00843	1.60865	10
22	32	0.00937	3.12126	10
23	33	0.00757	3.06467	10
24	34	0.01114	4.28124	10
25	35	0.02746	3.08696	10
26	36	0.01720	2.52358	10
27	37	0.01365	2.26753	10
28	38	0.00171	2.51968	10
29	39	0.01819	4.51728	10
30	40	0.01917	3.25630	10
31	41	0.01163	2.12736	10
32	42	0.00883	2.00671	10
33	43	0.00160	11.35910	10
34	44	0.00063	28.05248	10
35	45	0.00062	25.74923	10
36	46	0.00046	57.74351	10
37	47	0.00458	21.75996	10
38	48	0.00087	119.53075	10
39	49	0.00127	71.69942	10
40	50	0.00099	118.78518	10
41	51	0.00156	173.87800	10
42	52	0.00506	30.53932	10
43	53	0.09744	10.06151	10
44	54	0.04040	18.59415	10
45	55	0.10576	7.17781	10
46	56	0.00208	10.57102	10
47	57	0.00205	0.64544	10
48	58	0.00128	0.79235	10
49	59	0.00337	0.29176	10
50	60	0.00280	0.26375	10
51	61	0.01486	1.54506	10
52	62	0.00475	0.89078	10
53	63	0.00597	6.38472	10
54	64	0.04105	3.63940	10
55	65	0.05239	3.14544	10
56	66	0.04191	1.78970	10
57	67	0.06027	1.92707	10
58	68	0.05762	1.32609	10
59	69	0.01927	1.96644	10
60	70	0.03238	1.68807	10
61	71	0.00578	3.15202	10
62	72	0.01998	3.67988	10
63	73	0.02007	2.43473	10
64	74	0.00117	3.47315	10
65	75	0.00129	4.55467	10
66	76	0.00153	9.69580	10
67	77	0.00010	32.94417	10
68	78	0.00010	25.60748	10
69	79	0.00010	10.77134	10
70	80	0.00010	2.57131	10
71	81	0.00847	2.22114	10
72	82	0.00065	2.64011	10
73	83	0.00106	2.11667	10
74	84	0.00086	0.88654	10
75	85	0.00098	0.87459	10
76	86	0.00105	0.61013	10
77	87	0.00798	0.75086	10
78	88	0.03679	1.92426	10
79	89	0.03492	1.63095	10
80	90	0.02135	1.58051	10
81	91	0.02118	1.74533	10
82	92	0.02119	2.08258	10
83	93	0.01216	1.32752	10
84	94	0.01167	1.69672	10
85	95	0.01238	1.36005	10
86	96	0.00455	1.54088	10
87	97	0.00050	0.78799	10
88	98	0.00046	0.74594	10
89	99	0.00060	1.04917	10
90	100	0.00066	1.25818	10
91	101	0.00733	1.68480	10
92	102	0.00682	3.15109	10
93	103	0.00010	8.68252	10
94	104	0.00010	158.36574	10
95	105	0.00010	83.04892	10
96	106	0.00010	76.76404	10
97	107	0.00010	12.52259	10
98	108	0.00010	7.11860	10
99	109	0.00010	1.92279	10
100	110	0.00010	2.44927	10
101	111	0.00010	3.33788	10
102	112	0.00010	1.66157	10
103	113	0.00010	0.42002	10
104	114	0.00010	0.05176	10
105	115	0.00010	0.07205	10
106	116	0.00010	0.06913	10
107	117	0.00010	61.75610	10
108	118	0.00065	9.21098	10
109	119	0.00074	3.68876	10
110	120	0.00053	8.90547	10
111	121	0.00079	5.10830	10
112	122	0.00074	5.90998	10
113	123	0.00062	8.58687	10
114	124	0.00052	5.98201	10
115	125	0.00058	3.15325	10
116	126	0.01763	2.08780	10
117	127	0.00116	1.46845	10
118	128	0.00090	1.07867	10
119	129	0.00094	1.11432	10
120	130	0.00120	1.27255	10
121	131	0.00791	0.44584	10
122	132	0.00895	0.56401	10
123	133	0.00138	1.52835	10
124	134	0.00131	0.96390	10
125	135	0.00769	2.09103	10
126	136	0.00427	0.55965	10
127	137	0.00471	0.79345	10
128	138	0.00175	1.18454	10
129	139	0.00531	2.34361	10
130	140	0.00497	2.72343	10
131	141	0.00010	41.62144	10
132	142	0.00010	31.76831	10
133	143	0.00250	16.55749	10
134	144	0.00580	8.23299	10
135	145	0.00886	10.81254	10
136	146	0.02959	4.47397	10
137	147	0.01540	5.40968	10
138	148	0.03683	2.56933	10
139	149	0.04895	3.35888	10
140	150	0.05350	2.70751	10
141	151	0.04757	2.75042	10
142	152	0.06914	3.92151	10
143	153	0.04551	3.53508	10
144	154	0.03300	3.23628	10
145	155	0.02275	1.45414	10
146	156	0.00880	0.55812	10
147	157	0.00419	0.22208	10
148	158	0.00118	0.07266	10
149	159	0.00358	0.41699	10
150	160	0.00245	0.35949	10
151	161	0.00347	0.40173	10
152	162	0.00489	0.57268	10
153	163	0.01633	1.90123	10
154	164	0.01449	0.65509	10
155	165	0.00100	0.84169	10
156	166	0.00995	0.99405	10
157	167	0.00102	1.88553	10
158	168	0.00104	1.52544	10
159	169	0.00100	1.09368	10
160	170	0.00373	1.22812	10
161	171	0.00072	1.87264	10
162	172	0.00497	1.78320	10
163	173	0.00010	1.70726	10
164	174	0.00062	1.83827	10
165	175	0.00060	2.60512	10
166	176	0.00064	1.12570	10
167	177	0.00049	0.77695	10
168	178	0.00389	0.57475	10
169	179	0.00023	0.28107	10
170	180	0.00305	0.25654	10
171	181	0.00185	0.43372	10
172	182	0.00385	0.47807	10
173	183	0.00346	0.49218	10
174	184	0.00445	0.56751	10
175	185	0.00137	0.47053	10
176	186	0.00786	0.74479	10
177	187	0.00470	0.63948	10
178	188	0.00513	0.33177	10
179	189	0.00832	0.30925	10
180	190	0.00446	0.23874	10
181	191	0.00010	0.35961	10
182	192	0.00367	0.46490	10
183	193	0.00851	0.55651	10
184	194	0.00402	0.77924	10
185	195	0.00640	0.56718	10
186	196	0.00531	0.52159	10
187	197	0.00532	0.46577	10
188	198	0.00778	0.94767	10
189	199	0.00633	0.82224	10
190	200	0.00316	0.28366	10
191	201	0.00249	0.77614	10
192	202	0.00010	1.83179	10
193	203	0.00010	2.15566	10
194	204	0.00010	6.95767	10
195	205	0.00010	6.31495	10
196	206	0.00010	2.81441	10
197	207	0.00010	4.49100	10
198	208	0.00010	4.20386	10
199	209	0.00095	1.01199	10
200	210	0.00481	1.60859	10
201	211	0.00063	5.93293	10
202	212	0.00091	1.19285	10
203	213	0.01225	3.56180	10
204	214	0.01402	2.51459	10
205	215	0.02975	2.37764	10
206	216	0.02341	2.58331	10
207	217	0.02446	3.31511	10
208	218	0.02477	1.76068	10
209	219	0.01620	1.22981	10
210	220	0.02314	1.45911	10
211	221	0.01524	1.61682	10
212	222	0.01475	5.62171	10
213	223	0.00010	1.75798	10
214	224	0.00079	3.38771	10
215	225	0.00480	5.59297	10
216	226	0.00435	5.33830	10
217	227	0.00370	6.99430	10
218	228	0.00970	1.41329	10
219	229	0.01458	2.43393	10
220	230	0.02183	0.94277	10
221	231	0.03864	0.67008	10
222	232	0.07196	0.79175	10
223	233	0.05954	0.89829	10
224	234	0.05907	1.18038	10
225	235	0.08442	1.67092	10
226	236	0.10378	2.20507	10
227	237	0.03900	1.91146	10
228	238	0.02196	1.75553	10
229	239	0.06571	1.40133	10
230	240	0.07768	1.44686	10
231	241	0.05735	1.65183	10
232	242	0.02170	1.36534	10
233	243	0.02550	1.48956	10
234	244	0.08040	1.53895	10
235	245	0.08041	0.94378	10
236	246	0.09213	0.73690	10
237	247	0.12470	1.46263	10
238	248	0.15501	1.20988	10
239	249	0.13688	1.37327	10
240	250	0.06017	1.83378	10
241	251	0.04265	0.80138	10
242	252	0.07343	1.24535	10
243	253	0.05052	2.08824	10
244	254	0.04207	2.10370	10
245	255	0.04332	1.73170	10
246	256	0.03762	2.10109	10
247	257	0.00083	0.42859	10
248	258	0.00750	2.58313	10
249	259	0.00799	0.99123	10
250	260	0.01306	0.83867	10
251	261	0.01031	1.97892	10
252	262	0.01236	2.44743	10
253	263	0.00052	1.05075	10
254	264	0.00051	0.77161	10
255	265	0.00309	0.68059	10
256	266	0.00514	0.96543	10
257	267	0.00468	0.70660	10
258	268	0.00224	0.31683	10
259	269	0.00288	0.38253	10
260	270	0.00028	1.08127	10
261	271	0.00022	0.23130	10
262	272	0.00146	0.52894	10
263	273	0.02015	2.63107	10
264	274	0.02123	1.18553	10
265	275	0.01928	1.11356	10
266	276	0.04027	1.13493	10
267	277	0.06371	1.53904	10
268	278	0.03211	1.96527	10
269	279	0.03101	1.67518	10
270	280	0.00515	0.45855	10
271	281	0.00763	0.41616	10
272	282	0.00525	0.24659	10
273	283	0.00634	0.25307	10
274	284	0.02648	2.29564	10
275	285	0.04098	2.82269	10
276	286	0.07235	2.48029	10
277	287	0.05235	2.73766	10
278	288	0.05858	4.96004	10
279	289	0.06009	4.82902	10
280	290	0.03613	3.36992	10
281	291	0.06279	4.32718	10
282	292	0.06935	4.01293	10
283	293	0.06199	3.92422	10
284	294	0.06296	2.99692	10
285	295	0.04484	3.34308	10
286	296	0.04076	4.14381	10
287	297	0.06542	3.67598	10
288	298	0.15126	2.25413	10
289	299	0.21156	3.15521	10
290	300	0.21059	3.83850	10
291	301	0.16862	4.07118	10
292	302	0.12990	5.29001	10
293	303	0.12740	3.68450	10
294	304	0.08530	3.78321	10
295	305	0.07951	3.55178	10
296	306	0.08642	3.04411	10
297	307	0.06081	3.68119	10
298	308	0.04694	4.83581	10
299	309	0.03046	3.45075	10
300	310	0.01123	1.90810	10
301	311	0.03266	2.65447	10
302	312	0.04386	3.00262	10
303	313	0.04026	3.55163	10
304	314	0.02260	2.55061	10
305	315	0.04747	2.88907	10
306	316	0.02556	3.59946	10
307	317	0.02858	3.51199	10
308	318	0.02191	2.52328	10
309	319	0.01525	3.39772	10
310	320	0.00438	3.98529	10
311	321	0.03828	2.53698	10
312	322	0.03768	1.25622	10
313	323	0.06482	1.64219	10
314	324	0.07078	1.39482	10
315	325	0.06096	1.05519	10
316	326	0.05389	1.00802	10
317	327	0.10098	1.13522	10
318	328	0.08229	0.87423	10
319	329	0.08604	0.91763	10
320	330	0.08359	1.02529	10
321	331	0.11799	1.44000	10
322	332	0.14314	1.82717	10
323	333	0.10379	1.97841	10
324	334	0.09272	1.24031	10
325	335	0.26840	0.85658	10
326	336	0.15114	0.99220	10
327	337	0.10149	1.67987	10
328	338	0.04665	2.79896	10
329	339	0.02891	3.41076	10
330	340	0.05078	2.48947	10
331	341	0.03802	3.60198	10
332	342	0.02664	2.88799	10
333	343	0.03023	2.68226	10
334	344	0.03941	3.63330	10
335	345	0.02419	2.44002	10
336	346	0.02825	2.89966	10
337	347	0.01854	2.58475	10
338	348	0.02278	2.47164	10
339	349	0.01749	2.96864	10
340	350	0.02798	2.47400	10
341	351	0.01773	3.01044	10
342	352	0.00642	1.45950	10
343	353	0.01175	0.44527	10
344	354	0.00812	0.24855	10
345	355	0.00945	0.70664	10
346	356	0.01963	0.98311	10
347	357	0.01671	1.70764	10
348	358	0.01723	2.87519	10
349	359	0.05318	1.96035	10
350	360	0.04579	1.52664	10
351	361	0.04767	1.15707	10
352	362	0.03705	1.07628	10
353	363	0.03388	0.78167	10
354	364	0.07625	0.55484	10
355	365	0.03893	0.89428	10
356	366	0.04829	0.82161	10
357	367	0.03474	0.80068	10
358	368	0.02079	0.33296	10
359	369	0.02983	0.52140	10
360	370	0.03901	0.86125	10
361	371	0.02332	0.58377	10
362	372	0.02965	1.06336	10
363	373	0.04411	1.31121	10
364	374	0.05569	1.07550	10
365	375	0.03762	0.89318	10
366	376	0.02717	1.64009	10
367	377	0.02615	1.80838	10
368	378	0.05075	2.02737	10
369	379	0.02748	0.75256	10
370	380	0.00136	0.87717	10
371	381	0.00155	0.13498	10
372	382	0.00127	0.06370	10
373	383	0.00059	0.04219	10
374	384	0.00073	0.09911	10
375	385	0.00029	0.03472	10
376	386	0.00047	0.03465	10
377	387	0.00362	0.36527	10
378	388	0.00010	1.22525	10
379	389	0.00010	1.36037	10
380	390	0.00010	1.82897	10
381	391	0.00010	2.76826	10
382	392	0.01489	5.40911	10
383	393	0.01903	6.52083	10
384	394	0.01409	7.14766	10
385	395	0.01411	14.87284	10
386	396	0.05142	7.40304	10
387	397	0.01526	1.65682	10
388	398	0.01736	1.59537	10
389	399	0.02061	1.84066	10
390	400	0.02900	2.12469	10
391	401	0.02834	1.50074	10
392	402	0.03096	1.63908	10
393	403	0.02835	1.82006	10
394	404	0.04821	1.58300	10
395	405	0.04759	1.94427	10
396	406	0.02380	2.23343	10
397	407	0.02351	2.57432	10
398	408	0.02991	2.07668	10
399	409	0.03288	2.23802	10
400	410	0.02292	2.32758	10
401	411	0.04581	2.58252	10
402	412	0.07698	2.04601	10
403	413	0.06928	2.37389	10
404	414	0.06227	2.35850	10
405	415	0.03649	1.69480	10
406	416	0.04009	1.34366	10
407	417	0.07569	1.96677	10
408	418	0.01978	2.13620	10
409	419	0.02137	2.07460	10
410	420	0.02021	0.83880	10
411	421	0.02202	0.79919	10
412	422	0.00792	2.45016	10
413	423	0.02625	0.99862	10
414	424	0.02075	1.00926	10
415	425	0.02311	1.05753	10
416	426	0.02043	1.05049	10
417	427	0.04855	1.30831	10
418	428	0.03243	1.94122	10
419	429	0.02704	1.64007	10
420	430	0.01454	1.17980	10
421	431	0.02498	2.25590	10
422	432	0.02341	4.75088	10
423	433	0.05471	3.20063	10
424	434	0.04377	1.80532	10
425	435	0.04165	2.15560	10
426	436	0.03612	2.07153	10
427	437	0.08738	2.99693	10
428	438	0.09016	3.99891	10
429	439	0.07886	3.79605	10
430	440	0.06294	3.16960	10
431	441	0.18384	2.08928	10
432	442	0.20401	2.33553	10
433	443	0.14129	2.43249	10
434	444	0.34569	2.80426	10
435	445	0.26538	2.58929	10
436	446	0.24757	2.62366	10
437	447	0.13962	2.18995	10
438	448	0.12557	1.86498	10
439	449	0.09658	1.43262	10
440	450	0.09745	1.93175	10
441	451	0.09306	1.89116	10
442	452	0.11928	1.52471	10
443	453	0.12469	1.53724	10
444	454	0.06639	1.27667	10
445	455	0.07280	1.06796	10
446	456	0.11204	1.47811	10
447	457	0.12077	1.35717	10
448	458	0.05813	2.11694	10
449	459	0.03740	2.33900	10
450	460	0.02650	1.61653	10
451	461	0.02457	1.32324	10
452	462	0.02399	3.83261	10
453	463	0.04180	4.42830	10
454	464	0.02295	6.16838	10
455	465	0.00249	18.21579	10
456	466	0.02499	1.83114	10
457	467	0.03430	1.77469	10
458	468	0.03035	2.39703	10
459	469	0.02689	3.14701	10
460	470	0.02662	2.69974	10
461	471	0.02604	3.47749	10
462	472	0.01967	1.91633	10
463	473	0.02065	1.19574	10
464	474	0.00787	3.09424	10
465	475	0.01673	2.14048	10
466	476	0.00098	2.53486	10
467	477	0.00081	2.84850	10
468	478	0.00010	3.49894	10
469	479	0.00010	3.08854	10
470	480	0.00056	0.97832	10
471	481	0.00061	1.09771	10
472	482	0.00057	0.96539	10
473	483	0.00074	1.11238	10
474	484	0.00182	1.11498	10
475	485	0.02456	1.21532	10
476	486	0.02745	1.10657	10
477	487	0.03344	1.19008	10
478	488	0.00503	1.22168	10
479	489	0.00601	1.29583	10
480	490	0.01114	1.15540	10
481	491	0.02298	1.07210	10
482	492	0.01656	1.19608	10
483	493	0.01706	2.18798	10
484	494	0.01623	1.38952	10
485	495	0.00478	1.03785	10
486	496	0.00403	2.65672	10
487	497	0.00382	2.48707	10
488	498	0.00505	0.28357	10
489	499	0.00371	3.67106	10
490	500	0.00368	6.06910	10
491	501	0.00478	2.47724	10
492	502	0.00611	1.77943	10
493	503	0.00541	1.51061	10
494	504	0.00656	2.15875	10
495	505	0.01286	2.53854	10
496	506	0.00098	2.71346	10
497	507	0.00125	4.99032	10
498	508	0.00086	7.99928	10
499	509	0.00076	9.02997	10
500	510	0.00081	17.13577	10
501	511	0.00340	14.51635	10
502	512	0.00325	18.28728	10
503	513	0.00215	24.95919	10
504	514	0.00171	39.78057	10
505	515	0.00311	23.47550	10
506	516	0.00094	62.94984	10
507	517	0.00065	3.09173	10
508	518	0.00692	2.94673	10
509	519	0.02511	2.05965	10
510	520	0.05074	2.38023	10
511	521	0.02497	1.16494	10
512	522	0.04209	1.31876	10
513	523	0.05798	1.29766	10
514	524	0.03989	1.04579	10
515	525	0.00792	0.28785	10
516	526	0.03759	1.14321	10
517	527	0.04724	0.92927	10
518	528	0.06382	1.25553	10
519	529	0.03854	2.68950	10
520	530	0.03211	2.43327	10
521	531	0.03823	2.61004	10
522	532	0.03625	2.68996	10
523	533	0.01566	5.34341	10
524	534	0.00914	4.54616	10
525	535	0.00821	4.23952	10
526	536	0.01012	2.73992	10
527	537	0.00261	6.97895	10
528	538	0.01218	3.44793	10
529	539	0.03689	5.87222	10
530	540	0.08475	3.34074	10
531	541	0.11661	2.63600	10
532	542	0.11512	3.58055	10
533	543	0.15241	3.92541	10
534	544	0.25715	5.56783	10
535	545	0.29302	4.34717	10
536	546	0.27920	3.55365	10
537	547	0.30242	2.91658	10
538	548	0.21492	2.79182	10
539	549	0.19236	2.22334	10
540	550	0.13984	2.76236	10
541	551	0.07447	2.38370	10
542	552	0.12982	1.31573	10
543	553	0.11227	1.61957	10
544	554	0.13854	1.20852	10
545	555	0.10912	1.36499	10
546	556	0.11855	1.10350	10
547	557	0.02653	0.77921	10
548	558	0.03113	0.92283	10
549	559	0.04317	1.48721	10
550	560	0.04016	2.57494	10
551	561	0.05604	1.79489	10
552	562	0.09262	2.50681	10
553	563	0.14667	1.94193	10
554	564	0.16686	1.70786	10
555	565	0.23035	1.73463	10
556	566	0.19316	2.51055	10
557	567	0.19170	1.66997	10
558	568	0.13101	2.12077	10
559	569	0.08544	2.21985	10
560	570	0.08249	1.75416	10
561	571	0.00888	2.96106	10
562	572	0.00410	3.63163	10
563	573	0.00452	2.15868	10
564	574	0.00083	5.49810	10
565	575	0.00091	6.60350	10
566	576	0.00079	1.88848	10
567	577	0.00066	1.37954	10
568	578	0.00060	1.66129	10
569	579	0.00140	4.82263	10
570	580	0.00112	3.14220	10
571	581	0.00095	2.68467	10
572	582	0.00119	3.98444	10
573	583	0.00228	10.69351	10
574	584	0.00240	10.43758	10
575	585	0.00140	14.98674	10
576	586	0.00143	13.98229	10
577	587	0.00089	15.43007	10
578	588	0.00077	80.63898	10
579	589	0.00010	8.89088	10
580	590	0.00010	14.63627	10
581	591	0.03067	3.59164	10
582	592	0.03331	2.57319	10
583	593	0.02076	3.78993	10
584	594	0.02876	4.94210	10
585	595	0.01000	2.18218	10
586	596	0.00843	4.04566	10
587	597	0.01244	4.03800	10
588	598	0.01483	5.15359	10
589	599	0.01543	4.62181	10
590	600	0.03332	0.96904	10
591	601	0.01200	3.51537	10
592	602	0.01303	5.17219	10
593	603	0.00906	7.46283	10
594	604	0.00258	4.84775	10
595	605	0.00332	0.50404	10
596	606	0.00318	4.26889	10
597	607	0.00537	0.45714	10
598	608	0.00530	0.65274	10
599	609	0.00952	1.84088	10
600	610	0.00911	2.55595	10
601	611	0.00073	3.36638	10
602	612	0.00010	8.02074	10
603	613	0.00010	4.33444	10
604	614	0.00085	2.42475	10
605	615	0.00089	3.96261	10
606	616	0.00491	0.97513	10
607	617	0.00092	1.09221	10
608	618	0.00175	1.38895	10
609	619	0.00312	0.04817	10
610	620	0.00807	0.61047	10
611	621	0.01014	2.23506	10
612	622	0.00395	1.28195	10
613	623	0.00546	1.80257	10
614	624	0.00547	2.34404	10
615	625	0.00478	1.94039	10
616	626	0.00494	2.00340	10
617	627	0.00603	2.07231	10
618	628	0.00379	2.34356	10
619	629	0.00177	2.76824	10
620	630	0.00060	2.19085	10
621	631	0.00069	3.49804	10
622	632	0.00079	1.58519	10
623	633	0.00037	1.73824	10
624	634	0.00045	1.27873	10
625	635	0.00431	2.89146	10
626	636	0.00519	1.72645	10
627	637	0.00698	2.34468	10
628	638	0.00051	1.11862	10
629	639	0.00065	1.45840	10
630	640	0.00571	2.40881	10
631	641	0.01016	1.75189	10
632	642	0.00649	4.14971	10
633	643	0.00886	6.18406	10
634	644	0.00568	3.62927	10
635	645	0.00713	2.29674	10
636	646	0.00446	2.95614	10
637	647	0.01016	1.69668	10
638	648	0.00154	1.21071	10
639	649	0.00148	2.21709	10
640	650	0.00867	1.05817	10
641	651	0.02573	2.74978	10
642	652	0.00664	1.74016	10
643	653	0.00940	3.14158	10
644	654	0.02028	3.41059	10
645	655	0.01927	4.46725	10
646	656	0.02241	4.52063	10
647	657	0.02406	6.31379	10
648	658	0.00613	12.27124	10
649	659	0.00291	12.45613	10
650	660	0.00277	18.28435	10
651	661	0.00322	13.87233	10
652	662	0.00267	19.79519	10
653	663	0.00170	13.01604	10
654	664	0.00732	2.93034	10
655	665	0.01543	3.26078	10
656	666	0.00976	3.52568	10
657	667	0.00391	3.69460	10
658	668	0.00415	4.05193	10
659	669	0.00311	4.42269	10
660	670	0.00322	4.50476	10
661	671	0.00662	7.35818	10
662	672	0.00604	3.57487	10
663	673	0.00320	6.27014	10
664	674	0.00249	10.53445	10
665	675	0.00039	15.69208	10
666	676	0.00045	17.02671	10
667	677	0.00035	44.12333	10
668	678	0.00050	15.45504	10
669	679	0.00054	6.11737	10
670	680	0.00058	7.77285	10
671	681	0.00111	9.14947	10
672	682	0.00100	6.15709	10
673	683	0.00074	3.15432	10
674	684	0.00070	1.44444	10
675	685	0.01064	1.86105	10
676	686	0.00064	1.25391	10
677	687	0.00052	0.53561	10
678	688	0.00034	0.18312	10
679	689	0.00037	0.20491	10
680	690	0.00035	0.20524	10
681	691	0.00010	2.37977	10
682	692	0.00010	0.87821	10
683	693	0.00276	3.30048	10
684	694	0.00356	0.75814	10
685	695	0.00519	0.92912	10
686	696	0.00431	1.52961	10
687	697	0.01010	3.60408	10
688	698	0.01183	4.15571	10
689	699	0.01013	4.19782	10
690	700	0.01106	3.64386	10
691	701	0.01471	4.91612	10
692	702	0.01605	4.79588	10
693	703	0.00687	3.49592	10
694	704	0.00685	5.89633	10
695	705	0.00900	7.00666	10
696	706	0.00539	5.96216	10
697	707	0.00658	6.81383	10
698	708	0.01054	7.04597	10
699	709	0.00666	10.70523	10
700	710	0.00461	15.79617	10
701	711	0.00010	7.94873	10
702	712	0.00010	9.71707	10
703	713	0.00010	7.71550	10
704	714	0.00010	4.87491	10
705	715	0.00010	8.19924	10
706	716	0.00010	10.80592	10
707	717	0.00010	12.00370	10
708	718	0.00184	3.93225	10
709	719	0.00029	8.88814	10
710	720	0.00026	8.88117	10
711	721	0.00507	7.29516	10
712	722	0.00052	9.86063	10
713	723	0.00069	5.19803	10
714	724	0.00068	3.34975	10
715	725	0.00425	1.96676	10
716	726	0.00381	2.09989	10
717	727	0.00130	5.02024	10
718	728	0.00709	3.05231	10
719	729	0.00649	2.19669	10
720	730	0.00508	1.85760	10
721	731	0.00369	2.28959	10
722	732	0.00487	2.92285	10
723	733	0.00046	3.25749	10
724	734	0.00353	4.89238	10
725	735	0.00072	30.19015	10
726	736	0.00072	30.19015	10
727	737	0.00234	2.27001	10
728	738	0.00014	0.07236	10
729	739	0.00028	0.72901	10
730	740	0.00287	5.39647	10
731	741	0.00622	2.55568	10
732	742	0.00050	8.26079	10
733	743	0.00092	5.43486	10
734	744	0.00048	9.48423	10
735	745	0.00010	4.85528	10
736	746	0.00010	2.98933	10
737	747	0.00010	33.84497	10
738	748	0.00010	6.10565	10
739	749	0.00191	4.80467	10
740	750	0.00184	3.17689	10
741	751	0.00169	3.26186	10
742	752	0.00179	4.21155	10
743	753	0.01703	2.05926	10
744	754	0.01981	2.06613	10
745	755	0.01184	1.36451	10
746	756	0.00193	1.13151	10
747	757	0.00118	0.34146	10
748	758	0.00106	0.11998	10
749	759	0.00010	0.80965	10
750	760	0.00010	2.23315	10
751	761	0.00010	5.38760	10
752	762	0.00864	2.84394	10
753	763	0.00483	4.46403	10
754	764	0.00639	2.42203	10
755	765	0.00488	3.59302	10
756	766	0.00556	9.56205	10
757	767	0.00935	6.87882	10
758	768	0.01188	2.35735	10
759	769	0.01343	1.79844	10
760	770	0.00597	2.48036	10
761	771	0.00055	11.68519	10
762	772	0.00010	4.82830	10
763	773	0.00034	7.42106	10
764	774	0.00731	2.26072	10
765	775	0.00613	6.00692	10
766	776	0.00547	3.13720	10
767	777	0.00355	7.60827	10
768	778	0.02356	6.70484	10
769	779	0.00337	5.17918	10
770	780	0.02088	6.55144	10
771	781	0.00353	5.15865	10
772	782	0.01288	5.56651	10
773	783	0.01075	5.90804	10
774	784	0.00723	5.35134	10
775	785	0.00010	3.53952	10
776	786	0.00010	1.80006	10
777	787	0.00010	2.51249	10
778	788	0.00010	2.56947	10
779	789	0.00010	3.33620	10
780	790	0.00010	5.57649	10
781	791	0.01297	2.91728	10
782	792	0.01341	2.08696	10
783	793	0.00730	0.32801	10
784	794	0.00096	0.04998	10
785	795	0.01944	2.31168	10
786	796	0.04083	4.81707	10
787	797	0.03517	5.62153	10
788	798	0.04196	2.61924	10
789	799	0.04807	2.01828	10
790	800	0.00532	0.48419	10
791	801	0.00060	0.67993	10
792	802	0.02214	1.29248	10
793	803	0.02057	1.62198	10
794	804	0.02515	2.00253	10
795	805	0.02235	1.64786	10
796	806	0.00260	2.09291	10
797	807	0.00592	2.64122	10
798	808	0.00340	2.66437	10
799	809	0.00465	3.11776	10
800	810	0.00927	1.99521	10
801	811	0.00850	1.37817	10
802	812	0.00010	1.49936	10
803	813	0.02159	1.33159	10
804	814	0.01494	0.75804	10
805	815	0.00188	0.78522	10
806	816	0.00107	0.92121	10
807	817	0.01635	1.15547	10
808	818	0.00483	1.50619	10
809	819	0.00547	1.43488	10
810	820	0.00295	2.38809	10
811	821	0.02199	3.70695	10
812	822	0.00172	3.09712	10
813	823	0.00010	5.67807	10
814	824	0.00010	9.22753	10
815	825	0.00010	3.02445	10
816	826	0.00010	17.79960	10
817	827	0.00010	4.41221	10
818	828	0.00010	12.21321	10
819	829	0.00010	9.76234	10
820	830	0.00010	3.14154	10
821	831	0.00010	4.13133	10
822	832	0.00010	6.26187	10
823	833	0.00010	7.03770	10
824	834	0.00010	6.82567	10
825	835	0.00010	4.01965	10
826	836	0.01302	1.88288	10
827	837	0.02036	0.74211	10
828	838	0.01619	1.10404	10
829	839	0.01798	1.49241	10
830	840	0.01766	0.73109	10
831	841	0.01137	0.24040	10
832	842	0.01493	0.37700	10
833	843	0.03038	0.75329	10
834	844	0.02315	0.83742	10
835	845	0.02650	0.83938	10
836	846	0.00450	2.32542	10
837	847	0.00047	0.94801	10
838	848	0.00078	2.94310	10
839	849	0.00071	4.24513	10
840	850	0.00010	10.69512	10
841	851	0.00010	10.45567	10
842	852	0.00010	8.99690	10
843	853	0.00010	3.23233	10
844	854	0.00010	7.29443	10
845	855	0.00010	6.48334	10
846	856	0.00010	2.00678	10
847	857	0.00010	5.33795	10
848	858	0.00010	1.57312	10
849	859	0.00700	1.27847	10
850	860	0.00901	1.11202	10
851	861	0.01160	0.99064	10
852	862	0.01184	0.96589	10
853	863	0.01114	1.20171	10
854	864	0.01296	1.40495	10
855	865	0.01103	1.69259	10
856	866	0.01133	2.19884	10
857	867	0.01123	1.86433	10
858	868	0.01035	1.99758	10
859	869	0.00010	1.72752	10
860	870	0.00010	3.78504	10
861	871	0.00010	2.71048	10
862	872	0.00010	4.02519	10
863	873	0.00010	4.13004	10
864	874	0.00010	2.40707	10
865	875	0.00010	3.53939	10
866	876	0.00010	6.40870	10
867	877	0.00010	3.21314	10
868	878	0.00010	4.51041	10
869	879	0.00010	0.12383	10
870	880	0.00010	0.09832	10
871	881	0.00010	0.10806	10
872	882	0.00010	0.08994	10
873	883	0.00010	21.90450	10
874	884	0.00010	43.81549	10
875	885	0.00010	98.79868	10
876	886	0.00010	999.00000	10
877	887	0.00198	24.73514	10
878	888	0.00211	24.40019	10
879	889	0.01281	7.50032	10
880	890	0.01356	7.45048	10
881	891	0.01041	5.60320	10
882	892	0.00327	16.37290	10
883	893	0.01588	5.49629	10
884	894	0.01133	4.54097	10
885	895	0.01054	2.17097	10
886	896	0.00090	5.53351	10
887	897	0.00010	1.64648	10
888	898	0.00117	1.09003	10
889	899	0.00163	0.70542	10
890	900	0.00162	0.60186	10
891	901	0.00175	0.90522	10
892	902	0.00401	1.42535	10
893	903	0.00311	1.57971	10
894	904	0.00325	1.60506	10
895	905	0.00490	4.13983	10
896	906	0.00372	3.00339	10
897	907	0.00360	2.49905	10
898	908	0.00319	2.41850	10
899	909	0.00058	2.54514	10
900	910	0.00137	3.07907	10
901	911	0.00071	2.43801	10
902	912	0.00046	1.79253	10
903	913	0.00063	5.20950	10
904	914	0.00065	3.54394	10
905	915	0.00010	2.53089	10
906	916	0.00688	3.02377	10
907	917	0.00556	2.16033	10
908	918	0.00202	5.91801	10
909	919	0.00221	9.32971	10
910	920	0.00220	9.09173	10
911	921	0.00234	7.30742	10
912	922	0.00247	6.45463	10
913	923	0.00210	3.32898	10
914	924	0.00216	3.12204	10
915	925	0.00152	1.43599	10
916	926	0.00078	0.72328	10
917	927	0.00163	8.74083	10
918	928	0.00010	5.40947	10
919	929	0.00010	24.55632	10
920	930	0.00010	26.37604	10
921	931	0.00010	149.26901	10
922	932	0.00010	21.18557	10
923	933	0.00010	29.55556	10
924	934	0.00010	39.60183	10
925	935	0.00010	6.18965	10
926	936	0.00010	13.66965	10
927	937	0.00010	11.16265	10
928	938	0.00010	9.99548	10
929	939	0.00010	6.86936	10
930	940	0.00010	6.48051	10
931	941	0.00010	4.81084	10
932	942	0.00010	7.51238	10
933	943	0.00010	15.28638	10
934	944	0.00650	12.56375	10
935	945	0.00300	10.27967	10
936	946	0.00266	8.74692	10
937	947	0.00304	10.06860	10
938	948	0.00697	6.09162	10
939	949	0.00217	6.62145	10
940	950	0.00146	5.56724	10
941	951	0.00120	6.27159	10
942	952	0.00121	2.18188	10
943	953	0.00119	2.93737	10
944	954	0.00054	5.40146	10
945	955	0.00111	3.62948	10
946	956	0.00116	1.86226	10
947	957	0.00111	4.80759	10
948	958	0.00741	2.54390	10
949	959	0.00075	0.75924	10
950	960	0.00073	0.96857	10
951	961	0.00082	0.99895	10
952	962	0.00062	0.71918	10
953	963	0.00057	0.42024	10
954	964	0.00068	0.68300	10
955	965	0.00083	1.18343	10
956	966	0.00100	1.70123	10
957	967	0.00103	1.78320	10
958	968	0.00054	2.11447	10
959	969	0.00010	3.29124	10
960	970	0.00010	4.94335	10
961	971	0.00010	9.81716	10
962	972	0.00010	8.63206	10
963	973	0.00010	11.45849	10
964	974	0.00010	2.94585	10
965	975	0.00010	3.18619	10
966	976	0.00010	3.59716	10
967	977	0.00010	2.85961	10
968	978	0.00010	4.08347	10
969	979	0.00010	6.01805	10
970	980	0.00010	6.00968	10
971	981	0.00010	3.27926	10
972	982	0.00010	4.03147	10
973	983	0.00010	7.67628	10
974	984	0.00010	9.87610	10
975	985	0.00010	3.49047	10
976	986	0.00010	2.51403	10
977	987	0.00010	1.68360	10
978	988	0.01023	1.32032	10
979	989	0.00450	1.05299	10
980	990	0.00520	2.12893	10
981	991	0.00039	0.51383	10
982	992	0.00036	0.44369	10
983	993	0.00055	0.90808	10
984	994	0.00101	1.72020	10
985	995	0.00084	4.36502	10
986	996	0.00075	2.99167	10
987	997	0.00176	2.39951	10
988	998	0.00010	12.33245	10
989	999	0.00010	10.36205	10
990	1000	0.00010	6.24946	10
991	1001	0.00010	5.52944	10
992	1002	0.00010	4.05981	10
993	1003	0.00010	3.00951	10
994	1004	0.00010	3.61518	10
995	1005	0.00010	2.53300	10
996	1006	0.00010	3.85751	10
997	1007	0.00010	1.76846	10
998	1008	0.00010	0.75837	10
999	1009	0.00010	0.51546	10
1000	1010	0.00446	6.79202	10
1001	1011	0.02623	2.21597	10
1002	1012	0.03601	1.56902	10
1003	1013	0.02260	2.30707	10
1004	1014	0.00056	2.02129	10
1005	1015	0.01054	3.31286	10
1006	1016	0.00590	3.96795	10
1007	1017	0.00464	3.75938	10
1008	1018	0.00367	5.16867	10
1009	1019	0.00948	3.88608	10
1010	1020	0.00277	2.52717	10
1011	1021	0.00056	3.22152	10
1012	1022	0.00300	2.15339	10
1013	1023	0.00337	1.64829	10
1014	1024	0.01613	2.52275	10
1015	1025	0.00168	3.54119	10
1016	1026	0.02144	3.41227	10
1017	1027	0.02569	3.04867	10
1018	1028	0.02232	2.23909	10
1019	1029	0.00244	3.53388	10
1020	1030	0.03381	1.25761	10
1021	1031	0.05202	2.07413	10
1022	1032	0.03912	1.98581	10
1023	1033	0.04687	1.63580	10
1024	1034	0.06955	1.58542	10
1025	1035	0.05639	1.54092	10
1026	1036	0.01705	0.71792	10
1027	1037	0.00990	0.60692	10
1028	1038	0.00836	0.55737	10
1029	1039	0.00176	1.16210	10
1030	1040	0.00010	4.73864	10
1031	1041	0.00010	3.01617	10
1032	1042	0.00010	2.94346	10
1033	1043	0.00010	1.93389	10
1034	1044	0.00010	2.24726	10
1035	1045	0.00010	1.76856	10
1036	1046	0.00545	2.10958	10
1037	1047	0.00508	5.50034	10
1038	1048	0.00451	2.48722	10
1039	1049	0.00056	2.66507	10
1040	1050	0.00051	1.47918	10
1041	1051	0.00060	1.83249	10
1042	1052	0.00400	3.41906	10
1043	1053	0.00897	3.94351	10
1044	1054	0.01133	1.91336	10
1045	1055	0.01021	3.38794	10
1046	1056	0.01046	3.08837	10
1047	1057	0.00719	1.53340	10
1048	1058	0.00608	1.44591	10
1049	1059	0.00132	5.18182	10
1050	1060	0.00461	0.30151	10
1051	1061	0.00666	1.67098	10
1052	1062	0.00534	1.38810	10
1053	1063	0.00118	0.99742	10
1054	1064	0.00101	2.91475	10
1055	1065	0.00073	3.08426	10
1056	1066	0.00062	1.27197	10
1057	1067	0.00062	2.26258	10
1058	1068	0.00053	3.73272	10
1059	1069	0.00215	1.01538	10
1060	1070	0.00403	0.61500	10
1061	1071	0.00071	0.53033	10
1062	1072	0.00052	0.28972	10
1063	1073	0.00072	0.25581	10
1064	1074	0.00178	0.30396	10
1065	1075	0.00148	0.36489	10
1066	1076	0.00389	0.84939	10
1067	1077	0.00493	0.94449	10
1068	1078	0.00996	1.37037	10
1069	1079	0.02755	1.03190	10
1070	1080	0.01946	1.00908	10
1071	1081	0.00590	1.49124	10
1072	1082	0.00463	0.66426	10
1073	1083	0.00469	0.67344	10
1074	1084	0.00010	1.99058	10
1075	1085	0.01347	1.45371	10
1076	1086	0.01081	1.19320	10
1077	1087	0.00989	0.78850	10
1078	1088	0.01022	0.91354	10
1079	1089	0.00649	0.69379	10
1080	1090	0.00405	0.36209	10
1081	1091	0.00597	0.63686	10
1082	1092	0.00654	1.67189	10
1083	1093	0.01039	2.73961	10
1084	1094	0.00599	2.74241	10
1085	1095	0.03713	1.52781	10
1086	1096	0.00864	0.14883	10
1087	1097	0.02817	2.21179	10
1088	1098	0.03660	1.58893	10
1089	1099	0.01926	1.63147	10
1090	1100	0.02086	0.61797	10
1091	1101	0.05304	1.37299	10
1092	1102	0.03012	1.41484	10
1093	1103	0.01863	2.36259	10
1094	1104	0.01880	3.07247	10
1095	1105	0.00068	1.45345	10
1096	1106	0.00823	1.29186	10
1097	1107	0.00064	1.12506	10
1098	1108	0.01290	3.30988	10
1099	1109	0.02677	3.22401	10
1100	1110	0.02511	4.00342	10
1101	1111	0.01255	3.46850	10
1102	1112	0.00177	2.32895	10
1103	1113	0.00153	2.76479	10
1104	1114	0.00161	2.22535	10
1105	1115	0.00691	2.72159	10
1106	1116	0.00406	1.24492	10
1107	1117	0.01236	2.04946	10
1108	1118	0.00296	0.26936	10
1109	1119	0.00118	0.24297	10
1110	1120	0.00057	0.04492	10
1111	1121	0.00196	0.43813	10
1112	1122	0.01425	1.39167	10
1113	1123	0.01083	1.78123	10
1114	1124	0.00197	1.48108	10
1115	1125	0.00191	2.00640	10
1116	1126	0.00164	1.60841	10
1117	1127	0.00133	1.67015	10
1118	1128	0.00161	2.28969	10
1119	1129	0.01660	3.48113	10
1120	1130	0.02941	3.18615	10
1121	1131	0.00459	3.90408	10
1122	1132	0.01758	1.49376	10
1123	1133	0.02549	1.86311	10
1124	1134	0.01578	1.28247	10
1125	1135	0.01601	1.18664	10
1126	1136	0.01312	2.43341	10
1127	1137	0.01854	1.30201	10
1128	1138	0.02101	1.27923	10
1129	1139	0.01808	1.40671	10
1130	1140	0.01892	1.41627	10
1131	1141	0.02907	0.98854	10
1132	1142	0.00010	1.06831	10
1133	1143	0.00010	1.18042	10
1134	1144	0.02522	1.26898	10
1135	1145	0.04006	1.85105	10
1136	1146	0.03386	1.84829	10
1137	1147	0.03089	1.62827	10
1138	1148	0.02757	2.15089	10
1139	1149	0.03375	2.26230	10
1140	1150	0.03697	1.64313	10
1141	1151	0.01735	4.24915	10
1142	1152	0.03160	2.68796	10
1143	1153	0.02252	3.49752	10
1144	1154	0.01657	3.72923	10
1145	1155	0.01850	4.21781	10
1146	1156	0.01843	5.32235	10
1147	1157	0.01656	8.12482	10
1148	1158	0.02222	11.27565	10
1149	1159	0.01762	5.50703	10
1150	1160	0.01174	7.81166	10
1151	1161	0.00341	10.73675	10
1152	1162	0.00392	12.47722	10
1153	1163	0.00452	15.61772	10
1154	1164	0.00279	11.21311	10
1155	1165	0.00887	3.00781	10
1156	1166	0.00180	11.45394	10
1157	1167	0.00111	6.99870	10
1158	1168	0.00105	4.76960	10
1159	1169	0.00056	7.05376	10
1160	1170	0.00345	2.36283	10
1161	1171	0.00049	1.89335	10
1162	1172	0.00075	2.67387	10
1163	1173	0.00078	8.30418	10
1164	1174	0.00055	7.06099	10
1165	1175	0.00062	6.19939	10
1166	1176	0.00497	7.35848	10
1167	1177	0.00728	7.96769	10
1168	1178	0.00930	12.59011	10
1169	1179	0.01831	8.94026	10
1170	1180	0.06912	3.41113	10
1171	1181	0.05220	4.65194	10
1172	1182	0.07701	3.09855	10
1173	1183	0.09059	2.95408	10
1174	1184	0.10716	2.45209	10
1175	1185	0.13656	2.39164	10
1176	1186	0.13290	1.88028	10
1177	1187	0.18171	1.48451	10
1178	1188	0.18834	1.32217	10
1179	1189	0.14744	1.53459	10
1180	1190	0.11268	1.65604	10
1181	1191	0.20469	1.79539	10
1182	1192	0.26226	1.94390	10
1183	1193	0.20758	1.60744	10
1184	1194	0.21572	2.09343	10
1185	1195	0.23424	1.09640	10
1186	1196	0.21668	1.36215	10
1187	1197	0.19097	1.54442	10
1188	1198	0.19188	1.11226	10
1189	1199	0.22829	1.16809	10
1190	1200	0.20854	0.98903	10
1191	1201	0.15679	0.72571	10
1192	1202	0.11646	0.84833	10
1193	1203	0.09755	1.11670	10
1194	1204	0.04608	0.46010	10
1195	1205	0.10524	1.19426	10
1196	1206	0.20775	1.11664	10
1197	1207	0.21493	1.16377	10
1198	1208	0.20968	1.52996	10
1199	1209	0.23158	1.89590	10
1200	1210	0.28292	3.08496	10
1201	1211	0.42799	4.75747	10
1202	1212	0.49427	3.96301	10
1203	1213	0.38266	2.20093	10
1204	1214	0.70513	9.89386	10
1205	1215	0.27119	3.92095	10
1206	1216	0.15360	8.57766	10
1207	1217	0.12556	7.25051	10
1208	1218	0.11730	4.35751	10
1209	1219	0.07436	2.88111	10
1210	1220	0.08565	2.17960	10
1211	1221	0.08714	2.32822	10
1212	1222	0.07555	2.14890	10
1213	1223	0.11106	2.22775	10
1214	1224	0.05649	2.48403	10
1215	1225	0.05645	2.76365	10
1216	1226	0.03032	3.19182	10
1217	1227	0.02389	2.28860	10
1218	1228	0.01892	2.29550	10
1219	1229	0.03323	4.83689	10
1220	1230	0.04421	5.06972	10
1221	1231	0.03421	6.72232	10
1222	1232	0.02780	2.00085	10
1223	1233	0.01811	1.72721	10
1224	1234	0.01842	2.43461	10
1225	1235	0.00748	1.98440	10
1226	1236	0.02740	1.65234	10
1227	1237	0.01059	0.84068	10
1228	1238	0.01125	0.54067	10
1229	1239	0.00742	0.29659	10
1230	1240	0.00329	1.58082	10
1231	1241	0.00354	0.04115	10
1232	1242	0.01258	2.80241	10
1233	1243	0.01138	3.14015	10
1234	1244	0.00757	4.00102	10
1235	1245	0.00569	7.54882	10
1236	1246	0.00399	5.35019	10
1237	1247	0.00933	6.05240	10
1238	1248	0.00437	3.03062	10
1239	1249	0.00353	2.16379	10
1240	1250	0.03725	1.78383	10
1241	1251	0.04383	2.62676	10
1242	1252	0.04822	2.42412	10
1243	1253	0.04431	3.71553	10
1244	1254	0.05872	3.56650	10
1245	1255	0.04676	2.47768	10
1246	1256	0.04916	2.46897	10
1247	1257	0.02182	2.55448	10
1248	1258	0.00812	4.76901	10
1249	1259	0.01259	1.61325	10
1250	1260	0.01205	1.67162	10
1251	1261	0.00561	2.05998	10
1252	1262	0.00010	0.86717	10
1253	1263	0.00010	0.60185	10
1254	1264	0.00010	1.05554	10
1255	1265	0.00410	3.06155	10
1256	1266	0.00339	1.74697	10
1257	1267	0.00356	3.75286	10
1258	1268	0.00071	8.85502	10
1259	1269	0.00056	8.94617	10
1260	1270	0.00218	5.16392	10
1261	1271	0.00054	14.28569	10
1262	1272	0.00299	9.24910	10
1263	1273	0.00345	8.69124	10
1264	1274	0.00446	10.70237	10
1265	1275	0.00010	76.88502	10
1266	1276	0.00010	5.95505	10
1267	1277	0.00010	4.45608	10
1268	1278	0.00064	1.45851	10
1269	1279	0.01166	0.67166	10
1270	1280	0.01550	1.59490	10
1271	1281	0.01531	1.71688	10
1272	1282	0.01279	1.24269	10
1273	1283	0.00639	4.99898	10
1274	1284	0.00102	3.91763	10
1275	1285	0.00066	5.25637	10
1276	1286	0.00063	7.37466	10
1277	1287	0.00080	10.99967	10
1278	1288	0.00140	9.05673	10
1279	1289	0.02264	5.59787	10
1280	1290	0.02364	4.60199	10
1281	1291	0.03373	5.57364	10
1282	1292	0.02944	6.44384	10
1283	1293	0.04334	3.84503	10
1284	1294	0.03332	2.74591	10
1285	1295	0.04756	3.55959	10
1286	1296	0.03216	2.71743	10
1287	1297	0.02776	3.67165	10
1288	1298	0.06124	3.84064	10
1289	1299	0.02330	2.89424	10
1290	1300	0.02296	2.69161	10
1291	1301	0.00082	3.11811	10
1292	1302	0.00460	2.37696	10
1293	1303	0.00827	3.57945	10
1294	1304	0.01320	2.98508	10
1295	1305	0.00162	7.29397	10
1296	1306	0.00010	2.53522	10
1297	1307	0.00010	1.17463	10
1298	1308	0.00109	1.42314	10
1299	1309	0.00103	1.51023	10
1300	1310	0.00624	0.99643	10
1301	1311	0.01863	2.94887	10
1302	1312	0.01889	3.74448	10
1303	1313	0.01630	1.84393	10
1304	1314	0.03938	3.40037	10
1305	1315	0.00255	4.56238	10
1306	1316	0.01106	2.48705	10
1307	1317	0.01005	1.38413	10
1308	1318	0.01300	1.24903	10
1309	1319	0.03209	0.64377	10
1310	1320	0.00875	0.17845	10
1311	1321	0.03354	0.63657	10
1312	1322	0.03176	0.32735	10
1313	1323	0.03015	0.50130	10
1314	1324	0.00887	0.20311	10
1315	1325	0.00814	0.20706	10
1316	1326	0.00811	0.94436	10
1317	1327	0.01358	0.75597	10
1318	1328	0.05267	1.39608	10
1319	1329	0.00086	3.90202	10
1320	1330	0.00098	3.21400	10
1321	1331	0.00102	13.36903	10
1322	1332	0.00039	51.12923	10
1323	1333	0.00062	15.55066	10
1324	1334	0.00173	9.26428	10
1325	1335	0.00349	9.94879	10
1326	1336	0.00010	9.02791	10
1327	1337	0.00010	102.68475	10
1328	1338	0.00010	4.99611	10
1329	1339	0.00010	3.69804	10
1330	1340	0.00183	21.20221	10
1331	1341	0.00411	12.53640	10
1332	1342	0.00644	8.12307	10
1333	1343	0.00311	20.38677	10
1334	1344	0.00852	8.10515	10
1335	1345	0.00643	4.61792	10
1336	1346	0.00649	5.48034	10
1337	1347	0.00552	5.89281	10
1338	1348	0.00173	25.21789	10
1339	1349	0.00308	9.20560	10
1340	1350	0.00010	3.95557	10
1341	1351	0.00010	32.60556	10
1342	1352	0.00010	22.43966	10
1343	1353	0.00010	1.80124	10
1344	1354	0.00045	0.11145	10
1345	1355	0.00257	0.57993	10
1346	1356	0.00882	1.07274	10
1347	1357	0.01285	0.87879	10
1348	1358	0.01101	0.66818	10
1349	1359	0.00824	1.65326	10
1350	1360	0.01978	2.41611	10
1351	1361	0.03773	1.66326	10
1352	1362	0.03828	2.28122	10
1353	1363	0.04902	2.11945	10
1354	1364	0.03548	2.41333	10
1355	1365	0.02571	3.12441	10
1356	1366	0.04344	3.70633	10
1357	1367	0.01602	7.38223	10
1358	1368	0.03067	4.14209	10
1359	1369	0.02343	5.88252	10
1360	1370	0.01836	6.17002	10
1361	1371	0.00839	4.86289	10
1362	1372	0.00081	8.19234	10
1363	1373	0.00057	19.79233	10
1364	1374	0.00067	9.28688	10
1365	1375	0.00082	9.66595	10
1366	1376	0.00010	5.82769	10
1367	1377	0.00010	4.94092	10
1368	1378	0.00010	1.93719	10
1369	1379	0.00010	0.95310	10
1370	1380	0.00010	1.05501	10
1371	1381	0.00010	2.73447	10
1372	1382	0.00010	1.22177	10
1373	1383	0.00010	2.95454	10
1374	1384	0.00010	1.92274	10
1375	1385	0.00425	2.09882	10
1376	1386	0.01548	4.16869	10
1377	1387	0.01455	5.51147	10
1378	1388	0.00588	5.97705	10
1379	1389	0.00212	7.75919	10
1380	1390	0.00412	7.69740	10
1381	1391	0.00644	6.60764	10
1382	1392	0.00583	4.12748	10
1383	1393	0.00685	2.95988	10
1384	1394	0.00558	4.50199	10
1385	1395	0.00772	3.15576	10
1386	1396	0.00404	3.08375	10
1387	1397	0.00367	1.68396	10
1388	1398	0.05754	1.12954	10
1389	1399	0.05078	1.20042	10
1390	1400	0.01314	1.00905	10
1391	1401	0.00201	0.20976	10
1392	1402	0.00018	0.32782	10
1393	1403	0.00023	0.83356	10
1394	1404	0.00031	1.28912	10
1395	1405	0.02576	6.17388	10
1396	1406	0.00717	2.23116	10
1397	1407	0.00285	3.49428	10
1398	1408	0.00010	5.44176	10
1399	1409	0.00010	5.63782	10
1400	1410	0.00010	2.08618	10
1401	1411	0.00010	6.13480	10
1402	1412	0.00010	107.95201	10
1403	1413	0.00010	11.91790	10
1404	1414	0.00086	7.37659	10
1405	1415	0.00708	3.61692	10
1406	1416	0.02055	2.27298	10
1407	1417	0.02417	2.69507	10
1408	1418	0.02863	1.23783	10
1409	1419	0.05434	1.36317	10
1410	1420	0.09410	1.13898	10
1411	1421	0.07653	1.12843	10
1412	1422	0.09648	1.47874	10
1413	1423	0.12153	0.82853	10
1414	1424	0.08574	1.12546	10
1415	1425	0.05700	1.08413	10
1416	1426	0.06370	1.33316	10
1417	1427	0.06379	1.30421	10
1418	1428	0.09091	1.43065	10
1419	1429	0.06577	1.30971	10
1420	1430	0.03048	0.83684	10
1421	1431	0.00944	1.16363	10
1422	1432	0.02799	0.70787	10
1423	1433	0.00103	0.59183	10
1424	1434	0.00045	0.32168	10
1425	1435	0.00472	0.53400	10
1426	1436	0.00010	1.31385	10
1427	1437	0.00263	0.30484	10
1428	1438	0.00293	0.10279	10
1429	1439	0.00348	0.12699	10
1430	1440	0.00556	0.66707	10
1431	1441	0.02154	1.69539	10
1432	1442	0.02501	2.27570	10
1433	1443	0.01380	2.16406	10
1434	1444	0.02339	1.24235	10
1435	1445	0.04056	0.99012	10
1436	1446	0.00616	3.14511	10
1437	1447	0.05027	1.76116	10
1438	1448	0.08992	1.75591	10
1439	1449	0.13953	2.16758	10
1440	1450	0.10348	1.47254	10
1441	1451	0.11782	1.06469	10
1442	1452	0.17754	1.29957	10
1443	1453	0.18907	0.94228	10
1444	1454	0.18628	1.40754	10
1445	1455	0.16386	1.82504	10
1446	1456	0.14427	1.80992	10
1447	1457	0.13008	2.16975	10
1448	1458	0.07138	2.92809	10
1449	1459	0.05191	3.64178	10
1450	1460	0.05437	3.40904	10
1451	1461	0.03238	2.65599	10
1452	1462	0.00832	3.18570	10
1453	1463	0.00854	2.72034	10
1454	1464	0.00264	5.26874	10
1455	1465	0.00266	2.71844	10
1456	1466	0.00173	1.93918	10
1457	1467	0.00149	0.83207	10
1458	1468	0.00153	0.85305	10
1459	1469	0.00177	1.54808	10
1460	1470	0.00115	1.23008	10
1461	1471	0.00482	2.50506	10
1462	1472	0.00229	1.01052	10
1463	1473	0.00556	3.09042	10
1464	1474	0.00056	1.86384	10
1465	1475	0.01300	2.06108	10
1466	1476	0.01963	1.54926	10
1467	1477	0.00788	1.55845	10
1468	1478	0.00454	1.83002	10
1469	1479	0.03712	1.71374	10
1470	1480	0.03059	1.74127	10
1471	1481	0.03749	1.11334	10
1472	1482	0.05314	1.14019	10
1473	1483	0.08574	0.85046	10
1474	1484	0.09174	1.04370	10
1475	1485	0.18124	1.46759	10
1476	1486	0.25000	2.66548	10
1477	1487	0.28567	1.92467	10
1478	1488	0.34273	2.27689	10
1479	1489	0.18105	2.91309	10
1480	1490	0.29832	2.84735	10
1481	1491	0.18916	2.05237	10
1482	1492	0.14527	3.34146	10
1483	1493	0.10579	3.21662	10
1484	1494	0.12262	4.48375	10
1485	1495	0.07312	3.96323	10
1486	1496	0.05232	3.32018	10
1487	1497	0.04659	4.45452	10
1488	1498	0.02508	5.31171	10
1489	1499	0.03203	7.11527	10
1490	1500	0.00571	11.84858	10
1491	1501	0.00875	16.33523	10
1492	1502	0.01009	14.02871	10
1493	1503	0.00010	3.39948	10
1494	1504	0.02928	3.20371	10
1495	1505	0.01962	2.45991	10
1496	1506	0.02317	3.12894	10
1497	1507	0.01659	4.14538	10
1498	1508	0.05544	1.95127	10
1499	1509	0.04966	1.60261	10
1500	1510	0.04038	3.47869	10
1501	1511	0.04250	2.98643	10
1502	1512	0.02702	1.89116	10
1503	1513	0.00061	4.71719	10
1504	1514	0.01611	5.35673	10
1505	1515	0.01808	5.33025	10
1506	1516	0.01678	6.05323	10
1507	1517	0.01478	7.48068	10
1508	1518	0.00210	49.45424	10
1509	1519	0.00204	39.79116	10
1510	1520	0.00386	7.88782	10
1511	1521	0.00597	7.90102	10
1512	1522	0.00291	15.87002	10
1513	1523	0.00321	7.65357	10
1514	1524	0.01003	0.71146	10
1515	1525	0.01995	0.56379	10
1516	1526	0.00510	0.13295	10
1517	1527	0.00867	0.15795	10
1518	1528	0.00605	0.25567	10
1519	1529	0.00047	0.04900	10
1520	1530	0.00789	0.33536	10
1521	1531	0.01180	0.37714	10
1522	1532	0.01716	0.77236	10
1523	1533	0.00615	0.31372	10
1524	1534	0.01032	0.57780	10
1525	1535	0.00569	0.89769	10
1526	1536	0.00798	1.08527	10
1527	1537	0.01952	2.41192	10
1528	1538	0.00093	0.52853	10
1529	1539	0.00203	1.08529	10
1530	1540	0.00740	2.70428	10
1531	1541	0.01429	4.01708	10
1532	1542	0.00068	0.43135	10
1533	1543	0.00145	0.83403	10
1534	1544	0.00171	0.74486	10
1535	1545	0.00140	0.31066	10
1536	1546	0.00152	0.46122	10
1537	1547	0.00160	0.27622	10
1538	1548	0.00723	0.82053	10
1539	1549	0.00030	0.19271	10
1540	1550	0.00051	1.11791	10
1541	1551	0.00065	1.19319	10
1542	1552	0.00045	0.78031	10
1543	1553	0.00037	0.58906	10
1544	1554	0.00050	0.04823	10
1545	1555	0.00090	0.09040	10
1546	1556	0.00010	1.69452	10
1547	1557	0.00010	0.85050	10
1548	1558	0.00010	1.42125	10
1549	1559	0.00010	1.70128	10
1550	1560	0.00010	3.19557	10
1551	1561	0.00010	10.01946	10
1552	1562	0.00010	2.77276	10
1553	1563	0.00010	9.95200	10
1554	1564	0.00010	8.97775	10
1555	1565	0.00010	0.67477	10
1556	1566	0.00010	0.76996	10
1557	1567	0.00010	0.31313	10
1558	1568	0.00010	1.30675	10
1559	1569	0.00010	1.49246	10
1560	1570	0.00010	2.07397	10
1561	1571	0.00010	0.92978	10
1562	1572	0.00010	3.61428	10
1563	1573	0.00010	4.11402	10
1564	1574	0.00010	10.35609	10
1565	1575	0.00010	10.57792	10
1566	1576	0.00010	2.54258	10
1567	1577	0.00010	2.59115	10
1568	1578	0.00010	5.52687	10
1569	1579	0.00010	1.47762	10
1570	1580	0.00010	1.14941	10
1571	1581	0.00010	1.27346	10
1572	1582	0.00010	1.45839	10
1573	1583	0.00068	5.74534	10
1574	1584	0.00043	31.67622	10
1575	1585	0.00069	30.49010	10
1576	1586	0.00059	25.75916	10
1577	1587	0.00077	2.51294	10
1578	1588	0.00088	6.14087	10
1579	1589	0.00023	0.07629	10
1580	1590	0.00057	1.19942	10
1581	1591	0.00760	1.35114	10
1582	1592	0.00070	2.01873	10
1583	1593	0.00041	0.61411	10
1584	1594	0.00550	1.24934	10
1585	1595	0.00067	2.24042	10
1586	1596	0.00484	0.92502	10
1587	1597	0.01790	2.89895	10
1588	1598	0.02006	2.21767	10
1589	1599	0.02531	1.50374	10
1590	1600	0.01969	1.67235	10
1591	1601	0.01215	1.78028	10
1592	1602	0.01218	2.81471	10
1593	1603	0.01705	2.39001	10
1594	1604	0.00582	4.46399	10
1595	1605	0.01821	1.30767	10
1596	1606	0.02621	1.14189	10
1597	1607	0.00010	0.56764	10
1598	1608	0.00010	0.51894	10
1599	1609	0.00010	0.79504	10
1600	1610	0.00010	0.76343	10
1601	1611	0.00010	0.84916	10
1602	1612	0.00010	1.26105	10
1603	1613	0.00010	1.63664	10
1604	1614	0.00010	2.38693	10
1605	1615	0.00010	4.96604	10
1606	1616	0.00010	3.96043	10
1607	1617	0.00010	7.63531	10
1608	1618	0.00010	11.58667	10
1609	1619	0.00010	6.14836	10
1610	1620	0.00010	111.05652	10
1611	1621	0.00010	66.60740	10
1612	1622	0.00010	11.59434	10
1613	1623	0.00010	7.80643	10
1614	1624	0.00010	34.70205	10
1615	1625	0.00059	5.42624	10
1616	1626	0.00061	3.01693	10
1617	1627	0.00056	2.15043	10
1618	1628	0.00783	1.61658	10
1619	1629	0.01349	1.50932	10
1620	1630	0.01175	0.96570	10
1621	1631	0.01921	3.33687	10
1622	1632	0.02725	1.74637	10
1623	1633	0.02186	1.72228	10
1624	1634	0.02144	2.82787	10
1625	1635	0.01299	4.47251	10
1626	1636	0.01534	2.47575	10
1627	1637	0.00989	3.13290	10
1628	1638	0.00391	4.52321	10
1629	1639	0.00178	4.12099	10
1630	1640	0.00036	1.38389	10
1631	1641	0.00010	1.21790	10
1632	1642	0.00010	0.81055	10
1633	1643	0.00010	0.85955	10
1634	1644	0.00010	10.21686	10
1635	1645	0.00010	1.42566	10
1636	1646	0.00010	4.62859	10
1637	1647	0.00561	3.45625	10
1638	1648	0.00526	4.53851	10
1639	1649	0.00468	4.08095	10
1640	1650	0.00404	5.04722	10
1641	1651	0.00862	3.42974	10
1642	1652	0.00739	3.54762	10
1643	1653	0.00374	2.42818	10
1644	1654	0.01351	1.97133	10
1645	1655	0.00889	1.93817	10
1646	1656	0.00885	2.45520	10
1647	1657	0.00373	1.43604	10
1648	1658	0.00593	1.28982	10
1649	1659	0.01908	1.23315	10
1650	1660	0.02570	0.39671	10
1651	1661	0.03592	0.58711	10
1652	1662	0.03616	1.21635	10
1653	1663	0.05663	0.69781	10
1654	1664	0.07758	0.40100	10
1655	1665	0.09048	0.39745	10
1656	1666	0.08506	0.24857	10
1657	1667	0.14552	0.62876	10
1658	1668	0.20356	1.26270	10
1659	1669	0.07462	0.59774	10
1660	1670	0.04821	0.46385	10
1661	1671	0.08289	0.80349	10
1662	1672	0.08446	0.80943	10
1663	1673	0.14249	1.37774	10
1664	1674	0.08383	2.58009	10
1665	1675	0.08496	2.35458	10
1666	1676	0.03687	1.74002	10
1667	1677	0.03137	2.55144	10
1668	1678	0.01930	3.60450	10
1669	1679	0.02023	4.71462	10
1670	1680	0.02141	2.47365	10
1671	1681	0.00273	1.16685	10
1672	1682	0.00950	1.21220	10
1673	1683	0.00902	1.44412	10
1674	1684	0.01218	1.51264	10
1675	1685	0.01220	0.57898	10
1676	1686	0.02558	0.72009	10
1677	1687	0.02745	0.31149	10
1678	1688	0.03304	0.42794	10
1679	1689	0.05975	0.88173	10
1680	1690	0.08269	1.25070	10
1681	1691	0.05673	1.50841	10
1682	1692	0.07268	1.15035	10
1683	1693	0.10849	1.64464	10
1684	1694	0.09906	1.79450	10
1685	1695	0.05160	1.80848	10
1686	1696	0.02889	1.87569	10
1687	1697	0.03769	1.51625	10
1688	1698	0.03981	1.13506	10
1689	1699	0.03025	2.51826	10
1690	1700	0.04154	1.08015	10
1691	1701	0.06710	1.06240	10
1692	1702	0.06079	1.78103	10
1693	1703	0.01662	2.09696	10
1694	1704	0.01716	2.10792	10
1695	1705	0.02658	1.37224	10
1696	1706	0.03166	1.72422	10
1697	1707	0.02713	1.23751	10
1698	1708	0.02513	1.21974	10
1699	1709	0.01789	1.68273	10
1700	1710	0.01761	1.43573	10
1701	1711	0.02932	2.03689	10
1702	1712	0.00825	1.59562	10
1703	1713	0.00231	2.23190	10
1704	1714	0.00221	1.87936	10
1705	1715	0.00308	2.17870	10
1706	1716	0.00817	1.76572	10
1707	1717	0.01110	1.61256	10
1708	1718	0.00744	1.04821	10
1709	1719	0.00286	0.72155	10
1710	1720	0.00313	0.70944	10
1711	1721	0.00235	0.63307	10
1712	1722	0.00094	0.19123	10
1713	1723	0.00413	0.62528	10
1714	1724	0.00409	0.68506	10
1715	1725	0.00974	0.82675	10
1716	1726	0.00492	2.38199	10
1717	1727	0.01611	1.29877	10
1718	1728	0.00228	4.76947	10
1719	1729	0.00239	6.60205	10
1720	1730	0.00059	3.16596	10
1721	1731	0.00275	3.04772	10
1722	1732	0.00285	14.66444	10
1723	1733	0.01070	8.50577	10
1724	1734	0.01187	6.51547	10
1725	1735	0.01510	5.78348	10
1726	1736	0.00698	11.58527	10
1727	1737	0.01987	4.77318	10
1728	1738	0.00911	8.78769	10
1729	1739	0.02433	2.83850	10
1730	1740	0.02510	4.22337	10
1731	1741	0.00123	5.24190	10
1732	1742	0.00156	2.67075	10
1733	1743	0.00106	3.34599	10
1734	1744	0.00357	5.04407	10
1735	1745	0.02876	4.42397	10
1736	1746	0.10060	4.36960	10
1737	1747	0.13926	5.45065	10
1738	1748	0.18310	4.12721	10
1739	1749	0.15040	3.95285	10
1740	1750	0.19893	2.97755	10
1741	1751	0.22849	3.53483	10
1742	1752	0.23264	4.32999	10
1743	1753	0.19360	3.67898	10
1744	1754	0.13508	3.25481	10
1745	1755	0.05269	2.67455	10
1746	1756	0.02886	1.79340	10
1747	1757	0.02258	1.76397	10
1748	1758	0.01335	2.05885	10
1749	1759	0.02539	1.67875	10
1750	1760	0.01601	2.09960	10
1751	1761	0.01018	2.62581	10
1752	1762	0.00844	2.30702	10
1753	1763	0.00488	4.11463	10
1754	1764	0.00119	5.81622	10
1755	1765	0.00468	0.60620	10
1756	1766	0.00088	2.42559	10
1757	1767	0.00075	3.15299	10
1758	1768	0.00058	0.78167	10
1759	1769	0.00062	1.12144	10
1760	1770	0.00064	1.45171	10
1761	1771	0.00058	1.42376	10
1762	1772	0.00010	0.62502	10
1763	1773	0.00668	1.26182	10
1764	1774	0.01072	1.43576	10
1765	1775	0.01301	2.15930	10
1766	1776	0.01415	1.33195	10
1767	1777	0.01831	1.22637	10
1768	1778	0.01696	1.42374	10
1769	1779	0.02132	1.07653	10
1770	1780	0.00012	0.00578	10
1771	1781	0.01922	1.12094	10
1772	1782	0.01974	1.18485	10
1773	1783	0.00170	5.39420	10
1774	1784	0.00292	6.56272	10
1775	1785	0.00239	3.31123	10
1776	1786	0.00015	0.28906	10
1777	1787	0.00020	0.48047	10
1778	1788	0.00087	0.60282	10
1779	1789	0.00207	0.61531	10
1780	1790	0.00083	0.36093	10
1781	1791	0.00062	0.07924	10
1782	1792	0.00193	0.07776	10
1783	1793	0.00180	0.08088	10
1784	1794	0.00191	0.04305	10
1785	1795	0.02404	0.56469	10
1786	1796	0.03706	0.95259	10
1787	1797	0.03020	1.49345	10
1788	1798	0.07628	1.49171	10
1789	1799	0.10191	1.93112	10
1790	1800	0.16309	1.91562	10
1791	1801	0.10973	2.67706	10
1792	1802	0.06485	3.60410	10
1793	1803	0.24129	2.34285	10
1794	1804	0.15396	2.65076	10
1795	1805	0.22970	6.87530	10
1796	1806	0.19482	4.07470	10
1797	1807	0.16474	7.72655	10
1798	1808	0.09787	7.78534	10
1799	1809	0.09007	5.56100	10
1800	1810	0.10601	4.30546	10
1801	1811	0.15048	3.05315	10
1802	1812	0.18736	2.31302	10
1803	1813	0.18059	4.28529	10
1804	1814	0.17264	4.61151	10
1805	1815	0.10381	3.51145	10
1806	1816	nan	nan	10
1807	1817	nan	nan	10
1808	1818	0.13695	3.81382	10
1809	1819	0.08647	3.21045	10
1810	1820	0.05883	0.95741	10
1811	1821	0.03127	0.30788	10
1812	1822	0.00455	0.92415	10
1813	1823	0.00994	0.53190	10
1814	1824	0.00134	0.71130	10
1815	1825	0.01884	0.28250	10
1816	1826	0.03739	0.60146	10
1817	1827	0.00233	0.37443	10
1818	1828	0.00177	0.28395	10
1819	1829	0.00661	0.47310	10
1820	1830	0.00858	0.82861	10
1821	1831	0.00525	1.94698	10
1822	1832	0.00037	0.35216	10
1823	1833	0.00161	0.46546	10
1824	1834	0.00021	1.34538	10
1825	1835	0.00020	1.80515	10
1826	1836	0.00021	1.55480	10
1827	1837	0.00026	2.27524	10
1828	1838	0.00025	3.76221	10
1829	1839	0.00026	6.88395	10
1830	1840	0.00025	14.06086	10
1831	1841	0.00029	26.43751	10
1832	1842	0.00034	19.77001	10
1833	1843	0.00036	15.83261	10
1834	1844	0.00010	11.10217	10
1835	1845	0.00079	3.78988	10
1836	1846	0.00067	2.73000	10
1837	1847	0.00112	2.64159	10
1838	1848	0.00092	2.42822	10
1839	1849	0.00123	2.62696	10
1840	1850	0.02062	3.01863	10
1841	1851	0.02098	2.50536	10
1842	1852	0.01369	1.55620	10
1843	1853	0.02264	1.25587	10
1844	1854	0.01962	1.17669	10
1845	1855	0.00666	0.58400	10
1846	1856	0.00025	0.30032	10
1847	1857	0.00389	0.74483	10
1848	1858	0.00399	0.56000	10
1849	1859	0.01167	0.23947	10
1850	1860	0.01568	0.37942	10
1851	1861	0.00895	0.25473	10
1852	1862	0.00138	0.02524	10
1853	1863	0.00198	0.73922	10
1854	1864	0.00217	0.88754	10
1855	1865	0.00163	0.56124	10
1856	1866	0.00135	0.31903	10
1857	1867	0.01725	0.24719	10
1858	1868	0.01321	0.58102	10
1859	1869	0.01040	0.88926	10
1860	1870	0.00279	2.36056	10
1861	1871	0.00226	1.49643	10
1862	1872	0.00267	0.61904	10
1863	1873	0.00766	2.74601	10
1864	1874	0.00185	15.83156	10
1865	1875	0.00252	15.33380	10
1866	1876	0.00180	15.35483	10
1867	1877	0.00010	77.67573	10
1868	1878	0.00010	90.77681	10
1869	1879	0.00010	50.55691	10
1870	1880	0.00010	22.57119	10
1871	1881	0.00010	4.54007	10
1872	1882	0.00010	2.24216	10
1873	1883	0.00010	2.19814	10
1874	1884	0.00010	2.43288	10
1875	1885	0.00010	3.18451	10
1876	1886	0.00010	6.11915	10
1877	1887	0.00010	6.31414	10
1878	1888	0.00010	5.72940	10
1879	1889	0.02100	3.67698	10
1880	1890	0.02544	4.23118	10
1881	1891	0.02577	7.29951	10
1882	1892	0.01951	6.06207	10
1883	1893	0.01488	4.70850	10
1884	1894	0.00879	8.36981	10
1885	1895	0.00709	12.55138	10
1886	1896	0.01264	4.87993	10
1887	1897	0.00398	20.67068	10
1888	1898	0.00222	5.30691	10
1889	1899	0.00010	1.23804	10
1890	1900	0.00010	14.82334	10
1891	1901	0.00010	4.28846	10
1892	1902	0.00010	4.46055	10
1893	1903	0.00010	3.28131	10
1894	1904	0.00010	1.30849	10
1895	1905	0.00546	0.25107	10
1896	1906	0.00527	0.41474	10
1897	1907	0.00687	0.46250	10
1898	1908	0.00494	0.32070	10
1899	1909	0.00084	0.04283	10
1900	1910	0.00268	0.50268	10
1901	1911	0.00528	1.23633	10
1902	1912	0.00559	1.31865	10
1903	1913	0.00063	2.37197	10
1904	1914	0.00100	3.24069	10
1905	1915	0.00010	5.02069	10
1906	1916	0.00010	2.62359	10
1907	1917	0.00010	2.81085	10
1908	1918	0.00010	1.74060	10
1909	1919	0.00010	4.47701	10
1910	1920	0.00010	2.84256	10
1911	1921	0.00010	3.80269	10
1912	1922	0.00010	6.81911	10
1913	1923	0.00010	8.18246	10
1914	1924	0.00010	14.10417	10
1915	1925	0.00010	11.56467	10
1916	1926	0.01100	22.57692	10
1917	1927	0.01938	10.83745	10
1918	1928	0.01659	8.86430	10
1919	1929	0.02008	12.82074	10
1920	1930	0.01398	16.32606	10
1921	1931	0.01409	9.04310	10
1922	1932	0.01016	6.07778	10
1923	1933	0.00639	4.43634	10
1924	1934	0.00370	2.60697	10
1925	1935	0.00080	2.19405	10
1926	1936	0.00043	0.65331	10
1927	1937	0.00010	1.99675	10
1928	1938	0.00010	0.69829	10
1929	1939	0.00010	0.24190	10
1930	1940	0.00010	0.06374	10
1931	1941	0.00010	0.48165	10
1932	1942	0.00101	1.64961	10
1933	1943	0.00097	5.78089	10
1934	1944	0.00105	5.06296	10
1935	1945	0.00086	3.16990	10
1936	1946	0.00100	3.63159	10
1937	1947	0.00109	2.79998	10
1938	1948	0.00092	15.64024	10
1939	1949	0.00064	13.94360	10
1940	1950	0.00041	49.14594	10
1941	1951	0.00040	30.23611	10
1942	1952	0.00010	58.01737	10
1943	1953	0.00010	128.83904	10
1944	1954	0.00010	176.00357	10
1945	1955	0.00010	88.27361	10
1946	1956	0.00010	6.13343	10
1947	1957	0.00010	16.62947	10
1948	1958	0.00010	3.32554	10
1949	1959	0.00010	5.05822	10
1950	1960	0.00010	4.58782	10
1951	1961	0.00010	4.16197	10
1952	1962	0.00010	3.04797	10
1953	1963	0.00010	3.61366	10
1954	1964	0.00010	1.89641	10
1955	1965	0.00010	7.37666	10
1956	1966	0.00010	1.46580	10
1957	1967	0.00010	0.56109	10
1958	1968	0.00010	16.86612	10
1959	1969	0.00010	0.04100	10
1960	1970	0.00010	3.25585	10
1961	1971	0.00010	4.93985	10
1962	1972	0.00010	1.78416	10
1963	1973	0.00494	0.24656	10
1964	1974	0.00397	0.20230	10
1965	1975	0.00185	0.09294	10
1966	1976	0.00215	0.09252	10
1967	1977	0.00401	0.23566	10
1968	1978	0.00557	0.24609	10
1969	1979	0.00055	0.07316	10
1970	1980	0.00099	0.48693	10
1971	1981	0.00060	0.23990	10
1972	1982	0.01438	0.65140	10
1973	1983	0.00010	1.44976	10
1974	1984	0.00010	1.95392	10
1975	1985	0.00010	3.06375	10
1976	1986	0.00010	6.13406	10
1977	1987	0.00010	4.14639	10
1978	1988	0.00010	9.57855	10
1979	1989	0.00010	4.07229	10
1980	1990	0.00010	3.24293	10
1981	1991	0.00010	17.50050	10
1982	1992	0.00010	10.98751	10
1983	1993	0.00010	13.30338	10
1984	1994	0.00010	9.89106	10
1985	1995	0.00010	9.89106	10
1986	1996	0.00010	8.63053	10
1987	1997	0.03585	3.85776	10
1988	1998	0.00977	3.42736	10
1989	1999	0.02467	2.38575	10
1990	2000	0.02395	3.00342	10
1991	2001	0.02281	2.72304	10
1992	2002	0.01540	3.24301	10
1993	2003	0.03070	2.84815	10
1994	2004	0.02242	3.05980	10
1995	2005	0.02076	2.35032	10
1996	2006	0.02451	1.74095	10
1997	2007	0.00010	3.00501	10
1998	2008	0.00010	6.40229	10
1999	2009	0.00010	31.02975	10
2000	2010	0.00010	25.73820	10
2001	2011	0.00010	3.56821	10
2002	2012	0.00010	2.37589	10
2003	2013	0.00010	2.35191	10
2004	2014	0.00010	1.24153	10
2005	2015	0.00010	2.48043	10
2006	2016	0.00010	2.77725	10
2007	2017	0.00010	2.39889	10
2008	2018	0.00010	3.95050	10
2009	2019	0.00010	6.40224	10
2010	2020	0.00010	4.68019	10
2011	2021	0.00010	3.33794	10
2012	2022	0.00010	3.43661	10
2013	2023	0.00351	4.40424	10
2014	2024	0.00025	3.23295	10
2015	2025	0.00462	5.03860	10
2016	2026	0.00105	19.73517	10
2017	2027	0.00174	13.65322	10
2018	2028	0.00695	5.60907	10
2019	2029	0.01092	4.55762	10
2020	2030	0.00307	16.25881	10
2021	2031	0.00431	5.28661	10
2022	2032	0.00629	3.12634	10
2023	2033	0.00260	5.21920	10
2024	2034	0.00240	4.65399	10
2025	2035	0.00015	4.02617	10
2026	2036	0.00016	3.05763	10
2027	2037	0.00493	1.78146	10
2028	2038	0.00365	1.19509	10
2029	2039	0.00503	1.68817	10
2030	2040	0.00746	1.29501	10
2031	2041	0.00664	1.25560	10
2032	2042	0.00010	1.14981	10
2033	2043	0.00010	1.38771	10
2034	2044	0.00010	1.07841	10
2035	2045	0.00010	0.50081	10
2036	2046	0.00010	0.43936	10
2037	2047	0.00010	0.51913	10
2038	2048	0.00010	1.18299	10
2039	2049	0.00010	0.97567	10
2040	2050	0.00010	44.79309	10
2041	2051	0.00010	82.63365	10
2042	2052	0.00010	84.98053	10
2043	2053	0.00010	118.62974	10
2044	2054	0.00010	220.57014	10
2045	2055	0.00010	257.04025	10
2046	2056	0.00010	317.35084	10
2047	2057	0.00010	218.91354	10
2048	2058	0.00010	21.98494	10
2049	2059	0.00010	16.42566	10
2050	2060	0.00010	26.82093	10
2051	2061	0.00010	26.46703	10
2052	2062	0.00010	30.40394	10
2053	2063	0.00010	21.83259	10
2054	2064	0.00010	6.21945	10
2055	2065	0.00010	9.95616	10
2056	2066	0.00010	3.52571	10
2057	2067	0.00010	1.76382	10
2058	2068	0.00010	2.29176	10
2059	2069	0.00010	2.42337	10
2060	2070	0.00010	3.11829	10
2061	2071	0.00010	1.53884	10
2062	2072	0.00010	0.55620	10
2063	2073	0.00944	2.20743	10
2064	2074	0.01077	8.02585	10
2065	2075	0.01078	7.87552	10
2066	2076	0.00960	7.72527	10
2067	2077	0.00616	9.06844	10
2068	2078	0.00498	5.28527	10
2069	2079	0.00558	6.89770	10
2070	2080	0.00450	9.21345	10
2071	2081	0.00231	14.24600	10
2072	2082	0.00150	24.39345	10
2073	2083	0.00010	7.62423	10
2074	2084	0.00010	4.58718	10
2075	2085	0.00010	3.44722	10
2076	2086	0.00010	0.41307	10
2077	2087	0.00010	0.31984	10
2078	2088	0.00010	0.05066	10
2079	2089	0.00010	0.09675	10
2080	2090	0.00010	0.26010	10
2081	2091	0.00010	0.04029	10
2082	2092	0.00915	1.47093	10
2083	2093	0.00758	3.00112	10
2084	2094	0.02618	4.98714	10
2085	2095	0.03969	3.98086	10
2086	2096	0.01530	3.68805	10
2087	2097	0.01426	5.00270	10
2088	2098	0.02777	1.61031	10
2089	2099	0.01857	0.97390	10
2090	2100	0.01742	1.51054	10
2091	2101	0.01690	0.93796	10
2092	2102	0.00941	0.21888	10
2093	2103	0.00010	0.50085	10
2094	2104	0.00010	0.17140	10
2095	2105	0.00010	0.08395	10
2096	2106	0.00010	0.54572	10
2097	2107	0.00010	0.87634	10
2098	2108	0.00010	0.87384	10
2099	2109	0.00010	1.75967	10
2100	2110	0.00010	3.08049	10
2101	2111	0.00010	5.46068	10
2102	2112	0.00010	2.22048	10
2103	2113	0.00231	4.41322	10
2104	2114	0.00246	3.10295	10
2105	2115	0.00220	3.50748	10
2106	2116	0.00144	6.31441	10
2107	2117	0.00108	1.94530	10
2108	2118	0.00086	1.21753	10
2109	2119	0.00060	0.70251	10
2110	2120	0.00048	0.33648	10
2111	2121	0.00064	0.67455	10
2112	2122	0.00044	0.44825	10
2113	2123	0.00010	0.26154	10
2114	2124	0.00010	2.89981	10
2115	2125	0.00010	2.27876	10
2116	2126	0.00010	1.76094	10
2117	2127	0.00010	0.78804	10
2118	2128	0.00010	1.41492	10
2119	2129	0.00010	0.97109	10
2120	2130	0.00010	1.09341	10
2121	2131	0.00010	0.82336	10
2122	2132	0.00010	0.80521	10
2123	2133	0.00010	0.46125	10
2124	2134	0.00010	0.37928	10
2125	2135	0.00010	0.28750	10
2126	2136	0.00010	1.02084	10
2127	2137	0.00010	2.31740	10
2128	2138	0.00010	3.20485	10
2129	2139	0.00010	3.74618	10
2130	2140	0.00010	15.48926	10
2131	2141	0.00010	4.46543	10
2132	2142	0.00010	9.52342	10
2133	2143	0.00010	5.69871	10
2134	2144	0.00010	5.45987	10
2135	2145	0.00010	2.58617	10
2136	2146	0.00010	5.34725	10
2137	2147	0.00010	4.49457	10
2138	2148	0.00010	5.80857	10
2139	2149	0.00010	10.52398	10
2140	2150	0.00010	10.46663	10
2141	2151	0.00010	6.93512	10
2142	2152	0.00010	4.77653	10
2143	2153	0.00010	4.73975	10
2144	2154	0.00010	3.48012	10
2145	2155	0.00010	3.27178	10
2146	2156	0.00010	1.96209	10
2147	2157	0.00010	0.22312	10
2148	2158	0.00010	0.38984	10
2149	2159	0.00635	5.19001	10
2150	2160	0.00741	5.04670	10
2151	2161	0.00777	2.60273	10
2152	2162	0.01121	4.18242	10
2153	2163	0.00078	7.95075	10
2154	2164	0.00329	12.84465	10
2155	2165	0.00057	6.14803	10
2156	2166	0.00277	16.67389	10
2157	2167	0.00195	25.87148	10
2158	2168	0.00036	135.21823	10
2159	2169	0.00010	54.96645	10
2160	2170	0.00010	57.12166	10
2161	2171	0.00010	50.61441	10
2162	2172	0.00010	4.60259	10
2163	2173	0.00010	3.77696	10
2164	2174	0.00010	0.42763	10
2165	2175	0.00010	3.57356	10
2166	2176	0.00010	4.69128	10
2167	2177	0.00010	0.70703	10
2168	2178	0.00010	2.04511	10
2169	2179	0.00010	3.20507	10
2170	2180	0.00010	8.10498	10
2171	2181	0.00010	4.09320	10
2172	2182	0.00010	10.84064	10
2173	2183	0.00010	38.53320	10
2174	2184	0.00010	1.69126	10
2175	2185	0.00010	0.45096	10
2176	2186	0.00010	3.67546	10
2177	2187	0.00010	5.08750	10
2178	2188	0.00010	0.90777	10
2179	2189	0.00010	1.25326	10
2180	2190	0.00010	1.01743	10
2181	2191	0.00010	3.63784	10
2182	2192	0.00010	0.28652	10
2183	2193	0.00010	0.22849	10
2184	2194	0.00010	0.72873	10
2185	2195	0.00010	1.04136	10
2186	2196	0.00010	0.62361	10
2187	2197	0.00010	0.40203	10
2188	2198	0.00010	0.07579	10
2189	2199	0.00010	0.17487	10
2190	2200	0.00010	1.16182	10
2191	2201	0.00010	1.84898	10
2192	2202	0.00010	1.17267	10
2193	2203	0.00010	2.70722	10
2194	2204	0.00010	4.21419	10
2195	2205	0.00010	4.40382	10
2196	2206	0.00010	6.49423	10
2197	2207	0.00010	11.83972	10
2198	2208	0.00010	8.47780	10
2199	2209	0.00700	3.09592	10
2200	2210	0.00515	2.75864	10
2201	2211	0.00020	3.86939	10
2202	2212	0.00580	3.34213	10
2203	2213	0.00018	3.50082	10
2204	2214	0.00020	2.11647	10
2205	2215	0.00031	6.70706	10
2206	2216	0.00037	7.94867	10
2207	2217	0.00699	3.88756	10
2208	2218	0.00030	9.76794	10
2209	2219	0.00010	107.83095	10
2210	2220	0.00010	13.83433	10
2211	2221	0.00010	10.62580	10
2212	2222	0.00010	2.74176	10
2213	2223	0.00010	2.68495	10
2214	2224	0.00010	4.34268	10
2215	2225	0.00010	4.16283	10
2216	2226	0.00010	1.53002	10
2217	2227	0.00067	3.37918	10
2218	2228	0.00054	8.91115	10
2219	2229	0.00091	5.88105	10
2220	2230	0.00628	3.58048	10
2221	2231	0.01153	4.33304	10
2222	2232	0.00547	11.80622	10
2223	2233	0.00763	8.99816	10
2224	2234	0.01477	7.42620	10
2225	2235	0.00579	17.78226	10
2226	2236	0.00423	9.55488	10
2227	2237	0.00064	2.78536	10
2228	2238	0.00074	5.07005	10
2229	2239	0.00794	3.45296	10
2230	2240	0.00010	3.97676	10
2231	2241	0.00010	5.17724	10
2232	2242	0.00010	4.08337	10
2233	2243	0.00010	14.15188	10
2234	2244	0.00010	0.25050	10
2235	2245	0.00010	23.46663	10
2236	2246	0.00010	35.47887	10
2237	2247	0.00010	33.34602	10
2238	2248	0.00010	32.02299	10
2239	2249	0.00010	11.64159	10
2240	2250	0.00010	8.17874	10
2241	2251	0.00010	8.11315	10
2242	2252	0.00010	8.16696	10
2243	2253	0.00010	3.66825	10
2244	2254	0.00010	0.79165	10
2245	2255	0.00010	0.76502	10
2246	2256	0.00010	0.47218	10
2247	2257	0.00010	0.18918	10
2248	2258	0.00010	1.31514	10
2249	2259	0.00010	1.14599	10
2250	2260	0.00010	1.95006	10
2251	2261	0.00010	1.09286	10
2252	2262	0.00010	1.76981	10
2253	2263	0.00010	2.55242	10
2254	2264	0.00010	1.94877	10
2255	2265	0.00010	2.65531	10
2256	2266	0.00010	1.06965	10
2257	2267	0.00010	1.03186	10
2258	2268	0.00010	0.41487	10
2259	2269	0.00010	0.53439	10
2260	2270	0.00010	0.23657	10
2261	2271	0.00122	5.71394	10
2262	2272	0.00103	4.53220	10
2263	2273	0.00105	4.10593	10
2264	2274	0.00152	2.45435	10
2265	2275	0.00503	1.96889	10
2266	2276	0.01253	2.25201	10
2267	2277	0.01124	2.06210	10
2268	2278	0.00877	1.42654	10
2269	2279	0.00658	2.65062	10
2270	2280	0.01045	1.80662	10
2271	2281	0.00010	1.83682	10
2272	2282	0.00010	3.24562	10
2273	2283	0.00010	2.66209	10
2274	2284	0.00010	1.18404	10
2275	2285	0.00010	1.66670	10
2276	2286	0.00010	2.33593	10
2277	2287	0.00010	5.97163	10
2278	2288	0.00010	7.44547	10
2279	2289	0.00010	4.18499	10
2280	2290	0.00010	4.74332	10
2281	2291	0.00010	3.32936	10
2282	2292	0.00010	3.80940	10
2283	2293	0.00010	3.79835	10
2284	2294	0.00010	3.22034	10
2285	2295	0.00010	3.66421	10
2286	2296	0.00010	4.00723	10
2287	2297	0.00010	2.24953	10
2288	2298	0.00010	1.40000	10
2289	2299	0.00010	1.21518	10
2290	2300	0.00010	1.30624	10
2291	2301	0.00010	1.21573	10
2292	2302	0.00010	1.94806	10
2293	2303	0.00010	1.79091	10
2294	2304	0.00010	2.89112	10
2295	2305	0.00010	1.01222	10
2296	2306	0.00010	4.28273	10
2297	2307	0.00010	0.49747	10
2298	2308	0.00010	2.94978	10
2299	2309	0.00010	1.49845	10
2300	2310	0.00010	0.99126	10
2301	2311	0.00010	4.85473	10
2302	2312	0.00010	0.89160	10
2303	2313	0.00010	0.38630	10
2304	2314	0.00010	0.53318	10
2305	2315	0.00010	4.21486	10
2306	2316	0.00010	5.20680	10
2307	2317	0.00010	5.36882	10
2308	2318	0.00010	4.71795	10
2309	2319	0.00010	9.21430	10
2310	2320	0.00010	7.13795	10
2311	2321	0.00010	5.99318	10
2312	2322	0.00010	4.84670	10
2313	2323	0.00010	4.86322	10
2314	2324	0.00010	2.72247	10
2315	2325	0.00010	0.33465	10
2316	2326	0.00010	6.36034	10
2317	2327	0.00010	7.85561	10
2318	2328	0.00010	6.41390	10
2319	2329	0.00010	4.28359	10
2320	2330	0.00010	3.30332	10
2321	2331	0.00010	0.08732	10
2322	2332	0.00010	3.43435	10
2323	2333	0.00010	6.08082	10
2324	2334	0.00010	2.51072	10
2325	2335	0.00010	2.84788	10
2326	2336	0.00010	3.52152	10
2327	2337	0.00010	2.40501	10
2328	2338	0.00010	10.20082	10
2329	2339	0.00010	4.53477	10
2330	2340	0.00010	4.50056	10
2331	2341	0.00010	3.61943	10
2332	2342	0.00010	3.64484	10
2333	2343	0.00010	7.70547	10
2334	2344	0.00010	10.57038	10
2335	2345	0.00010	845.87492	10
2336	2346	0.00010	441.09867	10
2337	2347	0.00010	265.36468	10
2338	2348	0.00010	44.65654	10
2339	2349	0.00010	159.20127	10
2340	2350	0.00010	61.12691	10
2341	2351	0.00010	30.26135	10
2342	2352	0.00010	38.49745	10
2343	2353	0.00010	30.07022	10
2344	2354	0.00010	122.23417	10
2345	2355	0.00010	73.22520	10
2346	2356	0.00010	60.32333	10
2347	2357	0.00010	48.38431	10
2348	2358	0.00010	10.18640	10
2349	2359	0.00010	10.57927	10
2350	2360	0.00010	2.17352	10
2351	2361	0.00010	3.40773	10
2352	2362	0.00010	0.11753	10
2353	2363	0.00010	0.77408	10
2354	2364	0.00010	1.53938	10
2355	2365	0.00010	2.07577	10
2356	2366	0.00010	1.76866	10
2357	2367	0.00010	1.54932	10
2358	2368	0.00010	1.54764	10
2359	2369	0.00010	1.04523	10
2360	2370	0.00010	3.34517	10
2361	2371	0.00010	1.38796	10
2362	2372	0.00010	1.47710	10
2363	2373	0.00010	1.00914	10
2364	2374	0.00010	1.38504	10
2365	2375	0.00010	0.57026	10
2366	2376	0.00010	1.04771	10
2367	2377	0.00010	0.81446	10
2368	2378	0.00010	9.69387	10
2369	2379	0.00065	138.46743	10
2370	2380	0.05179	21.74713	10
2371	2381	0.08953	15.36674	10
2372	2382	0.11134	5.04527	10
2373	2383	0.16934	5.46381	10
2374	2384	0.20575	4.49741	10
2375	2385	0.24729	2.65536	10
2376	2386	0.31649	2.49342	10
2377	2387	0.42808	4.79010	10
2378	2388	1.10133	7.84244	10
2379	2389	0.16685	1.39761	10
2380	2390	0.06598	0.58091	10
2381	2391	0.05074	0.51596	10
2382	2392	0.06213	0.35529	10
2383	2393	0.02393	0.46439	10
2384	2394	0.02063	0.35222	10
2385	2395	0.02912	0.32017	10
2386	2396	0.01518	0.75317	10
2387	2397	0.01209	1.28252	10
2388	2398	0.00762	1.64770	10
2389	2399	0.00572	1.37806	10
2390	2400	0.00486	4.03558	10
2391	2401	0.00424	3.62525	10
2392	2402	0.00478	2.79742	10
2393	2403	0.00540	1.03177	10
2394	2404	0.01712	2.14339	10
2395	2405	0.00553	1.49651	10
2396	2406	0.00250	0.70189	10
2397	2407	0.00186	0.94342	10
2398	2408	0.00355	3.14834	10
2399	2409	0.00386	2.95776	10
2400	2410	0.00482	2.68072	10
2401	2411	0.00494	2.14834	10
2402	2412	0.01217	4.73534	10
2403	2413	0.02217	9.41615	10
2404	2414	0.01343	6.41002	10
2405	2415	0.01897	7.17065	10
2406	2416	0.00387	1.99202	10
2407	2417	0.02097	8.06452	10
2408	2418	0.01622	1.33068	10
2409	2419	0.03237	1.23739	10
2410	2420	0.02270	1.28416	10
2411	2421	0.02379	0.79811	10
2412	2422	0.01677	0.77768	10
2413	2423	0.00902	0.76938	10
2414	2424	0.00679	0.78035	10
2415	2425	0.00187	0.21595	10
2416	2426	0.00244	0.55385	10
2417	2427	0.00158	0.01423	10
2418	2428	0.04336	1.12332	10
2419	2429	0.14905	1.20625	10
2420	2430	0.12549	2.59675	10
2421	2431	0.22835	3.73359	10
2422	2432	0.07972	2.79265	10
2423	2433	0.08867	2.82526	10
2424	2434	0.06421	1.25201	10
2425	2435	0.03729	1.15871	10
2426	2436	0.04291	1.50987	10
2427	2437	0.01384	0.71272	10
2428	2438	0.00984	0.47281	10
2429	2439	0.00301	1.05831	10
2430	2440	0.00233	1.12846	10
2431	2441	0.00139	0.62368	10
2432	2442	0.00091	0.01952	10
2433	2443	0.00157	0.10261	10
2434	2444	0.01702	1.83718	10
2435	2445	0.01534	3.65663	10
2436	2446	0.00469	2.04719	10
2437	2447	0.00031	3.15236	10
2438	2448	0.00030	4.64315	10
2439	2449	0.00038	6.39989	10
2440	2450	0.00040	6.76848	10
2441	2451	0.00037	7.21690	10
2442	2452	0.03007	2.53000	10
2443	2453	0.04412	3.11037	10
2444	2454	0.04365	2.67660	10
2445	2455	0.05488	1.48520	10
2446	2456	0.05218	1.39152	10
2447	2457	0.06786	1.07878	10
2448	2458	0.08306	0.81033	10
2449	2459	0.05639	1.01390	10
2450	2460	0.04044	0.81495	10
2451	2461	0.03961	0.78847	10
2452	2462	0.04092	2.82046	10
2453	2463	0.07540	1.73423	10
2454	2464	0.08386	2.68060	10
2455	2465	0.08750	3.22694	10
2456	2466	0.09749	2.70674	10
2457	2467	0.03878	2.85365	10
2458	2468	0.01878	2.89292	10
2459	2469	0.02455	2.87527	10
2460	2470	0.00590	6.51665	10
2461	2471	0.01935	3.91726	10
2462	2472	0.00108	5.17823	10
2463	2473	0.00488	5.67693	10
2464	2474	0.00073	2.15630	10
2465	2475	0.09345	2.65922	10
2466	2476	0.04916	5.50024	10
2467	2477	0.06128	29.73418	10
2468	2478	0.07257	41.64639	10
2469	2479	0.00252	11.03661	10
2470	2480	0.00054	2.32700	10
2471	2481	0.00057	3.45660	10
2472	2482	0.00060	2.36432	10
2473	2483	0.00029	4.39595	10
2474	2484	0.00030	4.53571	10
2475	2485	0.00030	4.53571	10
2476	2486	0.00085	21.45975	10
2477	2487	0.00010	109.85298	10
2478	2488	0.00010	38.92194	10
2479	2489	0.00010	13.40233	10
2480	2490	0.00010	999.00000	10
2481	2491	0.00010	999.00000	10
2482	2492	0.00010	999.00000	10
2483	2493	0.00010	999.00000	10
2484	2494	0.00010	1.12038	10
2485	2495	0.00010	0.83768	10
2486	2496	0.00010	0.93720	10
2487	2497	0.00010	0.57625	10
