range_start	range_stop	omega	kappa	window_size
1	11	0.00010	0.59191	10
2	12	0.00010	0.59446	10
3	13	0.05129	1.73630	10
4	14	0.02849	3.29605	10
5	15	0.03699	3.68516	10
6	16	0.01106	4.47251	10
7	17	0.01328	2.40947	10
8	18	0.05163	5.24117	10
9	19	0.05002	4.63086	10
10	20	0.07472	3.71861	10
11	21	0.00231	10.87277	10
12	22	0.00081	56.21299	10
13	23	0.00010	0.04310	10
14	24	0.00055	0.04439	10
15	25	0.00024	0.02409	10
16	26	0.00018	0.02258	10
17	27	0.00119	1.61681	10
18	28	0.00136	0.70870	10
19	29	0.00246	1.36298	10
20	30	0.00441	1.74484	10
21	31	0.00549	2.42593	10
22	32	0.00523	1.50027	10
23	33	0.00584	1.56041	10
24	34	0.00010	2.65309	10
25	35	0.00010	1.30040	10
26	36	0.00010	1.02233	10
27	37	0.00010	2.44239	10
28	38	0.00010	2.67794	10
29	39	0.00010	4.72951	10
30	40	0.00010	6.70089	10
31	41	0.00010	7.28195	10
32	42	0.00010	8.69074	10
33	43	0.00010	4.02615	10
34	44	0.00010	9.67579	10
35	45	0.00010	14.65491	10
36	46	0.00010	8.39004	10
37	47	0.00010	9.44520	10
38	48	0.00010	17.24044	10
39	49	0.00010	5.83786	10
40	50	0.00010	4.71183	10
41	51	0.00010	14.48661	10
42	52	0.00010	1.50762	10
43	53	0.00010	1.92161	10
44	54	0.00010	0.94972	10
45	55	0.00010	0.57841	10
46	56	0.00010	1.69571	10
47	57	0.00010	1.43543	10
48	58	0.00010	0.93954	10
49	59	0.00010	1.96018	10
50	60	0.00010	2.92696	10
51	61	0.00010	4.55151	10
52	62	0.00010	4.95895	10
53	63	0.00010	6.09015	10
54	64	0.00010	4.73389	10
55	65	0.00010	8.23359	10
56	66	0.00010	142.13070	10
57	67	0.00010	122.44934	10
58	68	0.00010	150.92772	10
59	69	0.00010	19.31730	10
60	70	0.00010	12.45562	10
61	71	0.00010	6.77796	10
62	72	0.00010	37.85107	10
63	73	0.00010	28.31145	10
64	74	0.01348	1.85704	10
65	75	0.01682	0.75470	10
66	76	0.03297	0.92337	10
67	77	0.03841	0.86580	10
68	78	0.03775	1.00921	10
69	79	0.03991	1.45929	10
70	80	0.05006	1.71229	10
71	81	0.05051	2.10274	10
72	82	0.05441	2.35867	10
73	83	0.07807	1.60245	10
74	84	0.03813	2.66079	10
75	85	0.02662	3.50786	10
76	86	0.01112	7.21056	10
77	87	0.00430	6.11895	10
78	88	0.00645	2.06495	10
79	89	0.00963	1.32757	10
80	90	0.00648	1.10445	10
81	91	0.00835	1.49909	10
82	92	0.01087	1.73522	10
83	93	0.00010	2.44289	10
84	94	0.00010	3.15494	10
85	95	0.00010	3.68355	10
86	96	0.00010	2.29457	10
87	97	0.01267	1.54087	10
88	98	0.02674	1.44338	10
89	99	0.02312	2.09519	10
90	100	0.01565	2.36526	10
91	101	0.02069	1.38559	10
92	102	0.01687	1.64332	10
93	103	0.01482	2.08003	10
94	104	0.01555	1.45212	10
95	105	0.01725	1.74886	10
96	106	0.02020	1.37937	10
97	107	0.00740	2.72398	10
98	108	0.00010	2.60434	10
99	109	0.00010	2.65046	10
100	110	0.00010	3.29100	10
101	111	0.00010	4.13672	10
102	112	0.00010	2.33654	10
103	113	0.00010	2.88555	10
104	114	0.00010	3.24906	10
105	115	0.00010	1.85704	10
106	116	0.00010	4.13609	10
107	117	0.00010	3.85526	10
108	118	0.00010	4.08108	10
109	119	0.00010	4.38229	10
110	120	0.00010	3.11424	10
111	121	0.00010	3.50154	10
112	122	0.00010	3.10790	10
113	123	0.00010	3.28926	10
114	124	0.00010	6.15898	10
115	125	0.00010	5.03872	10
116	126	0.00010	3.76291	10
117	127	0.00010	3.57323	10
118	128	0.00010	1.88211	10
119	129	0.00010	2.13297	10
120	130	0.00010	5.63613	10
121	131	0.00010	7.69046	10
122	132	0.00010	10.57763	10
123	133	0.00010	38.75871	10
124	134	0.00010	28.68073	10
125	135	0.00031	586.87846	10
126	136	0.00036	490.65904	10
127	137	0.00046	18.20255	10
128	138	0.00046	18.20255	10
129	139	0.00047	18.32070	10
130	140	0.00035	11.80933	10
131	141	0.00027	18.13257	10
132	142	0.00028	3.81808	10
133	143	0.00034	4.08876	10
134	144	0.02093	2.05386	10
135	145	0.04310	7.10104	10
136	146	0.02561	14.30864	10
137	147	0.03746	10.28016	10
138	148	0.04605	11.11003	10
139	149	0.04568	10.11170	10
140	150	0.04679	4.29047	10
141	151	0.04033	3.11611	10
142	152	0.02007	0.84101	10
143	153	0.01673	0.31597	10
144	154	0.01002	0.15299	10
145	155	0.00010	0.00530	10
146	156	0.00010	0.03979	10
147	157	0.00010	0.00335	10
148	158	0.00110	0.00703	10
149	159	0.00127	0.01653	10
150	160	0.00195	0.06076	10
151	161	0.00252	0.09396	10
152	162	0.00257	0.07644	10
153	163	0.00412	0.16262	10
154	164	0.00222	4.03821	10
155	165	0.00087	2.58544	10
156	166	0.00711	4.84812	10
157	167	0.01298	3.82798	10
158	168	0.00010	5.96685	10
159	169	0.00010	46.71582	10
160	170	0.00010	173.45258	10
161	171	0.00010	140.24288	10
162	172	0.00058	2.88605	10
163	173	0.00207	15.61059	10
164	174	0.00395	5.14695	10
165	175	0.04982	2.63800	10
166	176	0.00395	2.37969	10
167	177	0.00827	3.43465	10
168	178	0.00713	3.06330	10
169	179	0.00947	3.57729	10
170	180	0.01061	1.57105	10
171	181	0.00679	1.57953	10
172	182	0.01628	2.78556	10
173	183	0.02222	4.42842	10
174	184	0.00402	3.17074	10
175	185	0.00609	4.25869	10
176	186	0.00409	5.31817	10
177	187	0.00698	4.02670	10
178	188	0.00786	2.48074	10
179	189	0.00687	3.02044	10
180	190	0.00872	3.82287	10
181	191	0.00433	16.24157	10
182	192	0.01464	8.65669	10
183	193	0.00093	6.27381	10
184	194	0.00051	6.68113	10
185	195	0.00062	14.52712	10
186	196	0.01432	8.11728	10
187	197	0.00010	3.72696	10
188	198	0.00010	22.20542	10
189	199	0.03482	4.62607	10
190	200	0.03867	4.43944	10
191	201	0.03598	3.81728	10
192	202	0.05246	4.79562	10
193	203	0.06037	6.07572	10
194	204	0.05317	8.65220	10
195	205	0.04782	4.90447	10
196	206	0.06367	5.02582	10
197	207	0.09282	5.22528	10
198	208	0.09663	4.90972	10
199	209	0.02181	8.37504	10
200	210	0.01446	12.17614	10
201	211	0.02772	11.74135	10
202	212	0.00820	15.90611	10
203	213	0.02238	4.33613	10
204	214	0.02391	2.11783	10
205	215	0.00883	3.44705	10
206	216	0.01005	2.83999	10
207	217	0.00021	100.60223	10
208	218	0.00010	2.56249	10
209	219	0.00010	2.08365	10
210	220	0.00010	1.99229	10
211	221	0.00010	1.51608	10
212	222	0.00010	1.10438	10
213	223	0.00010	1.23835	10
214	224	0.00010	1.50055	10
215	225	0.00010	1.13210	10
216	226	0.00010	0.92280	10
217	227	0.00010	1.23762	10
218	228	0.00010	3.10477	10
219	229	0.00010	34.87135	10
220	230	0.00010	14.57460	10
221	231	0.00010	4.47613	10
222	232	0.00010	24.28588	10
223	233	0.00010	29.12482	10
224	234	0.00010	43.47927	10
225	235	0.00010	4.21087	10
226	236	0.00010	0.03955	10
227	237	0.00011	0.07994	10
228	238	0.00010	0.10096	10
229	239	0.00011	0.14223	10
230	240	0.00010	0.08959	10
231	241	0.00024	0.59876	10
232	242	0.00027	0.75176	10
233	243	0.00032	0.93684	10
234	244	0.00024	0.46160	10
235	245	0.00033	0.92919	10
236	246	0.00010	19.47290	10
237	247	0.00010	16.01812	10
238	248	0.00010	3.16840	10
239	249	0.00010	2.02085	10
240	250	0.00010	2.36418	10
241	251	0.00010	3.10954	10
242	252	0.00010	0.48385	10
243	253	0.00010	0.59346	10
244	254	0.00010	0.64302	10
245	255	0.00010	0.32852	10
246	256	0.00916	1.02613	10
247	257	0.00785	1.20644	10
248	258	0.01146	4.15415	10
249	259	0.00809	6.35126	10
250	260	0.00489	8.06951	10
251	261	0.00623	9.38455	10
252	262	0.00505	11.39696	10
253	263	0.01052	10.14795	10
254	264	0.00974	14.11412	10
255	265	0.00938	15.20508	10
256	266	0.00010	246.32909	10
257	267	0.00010	233.45784	10
258	268	0.00010	152.91007	10
259	269	0.00010	180.74283	10
260	270	0.00010	118.98175	10
261	271	0.00010	8.18677	10
262	272	0.01024	4.77566	10
263	273	0.01311	2.86279	10
264	274	0.01263	2.55481	10
265	275	0.01260	1.73255	10
266	276	0.01106	2.92844	10
267	277	0.01005	1.13052	10
268	278	0.01070	5.00178	10
269	279	0.01048	2.56350	10
270	280	0.00852	0.60306	10
271	281	0.01165	1.57055	10
272	282	0.00010	2.14182	10
273	283	0.00010	1.74875	10
274	284	0.00010	4.22274	10
275	285	0.00010	4.90250	10
276	286	0.00010	6.42151	10
277	287	0.00010	5.01155	10
278	288	0.00010	5.93044	10
279	289	0.00010	5.33502	10
280	290	0.00010	152.66656	10
281	291	0.00010	111.39092	10
282	292	0.00010	18.93983	10
283	293	0.00010	9.45230	10
284	294	0.00010	6.25620	10
285	295	0.00010	7.55330	10
286	296	0.00010	2.00836	10
287	297	0.00010	0.95627	10
288	298	0.00010	0.67999	10
289	299	0.00010	0.93809	10
290	300	0.00010	1.95620	10
291	301	0.00010	18.80023	10
292	302	0.00010	2.00084	10
293	303	0.00010	3.06824	10
294	304	0.00010	4.27420	10
295	305	0.00010	7.70628	10
296	306	0.00010	999.00000	10
297	307	0.00010	999.00000	10
298	308	0.00935	15.73295	10
299	309	0.01414	10.26687	10
300	310	0.01637	4.98398	10
301	311	0.00953	4.58933	10
302	312	0.00737	9.01277	10
303	313	0.00744	10.42935	10
304	314	0.00586	13.69728	10
305	315	0.00525	12.67045	10
306	316	0.00451	11.49508	10
307	317	0.00587	8.27432	10
308	318	0.00010	3.76635	10
309	319	0.00010	4.78279	10
310	320	0.00010	1.18733	10
311	321	0.00010	1.04815	10
312	322	0.00010	0.94466	10
313	323	0.00010	1.32476	10
314	324	0.00010	1.35096	10
315	325	0.00010	2.22788	10
316	326	0.00010	3.78201	10
317	327	0.00010	3.36344	10
318	328	0.02177	0.90130	10
319	329	0.02249	0.59241	10
320	330	0.01945	0.35029	10
321	331	0.01147	0.24102	10
322	332	0.01957	0.80823	10
323	333	0.01846	1.01463	10
324	334	0.01711	1.15097	10
325	335	0.01708	1.14639	10
326	336	0.03009	2.23139	10
327	337	0.02562	1.47424	10
328	338	0.00010	1.73408	10
329	339	0.00010	2.46105	10
330	340	0.00010	3.52612	10
331	341	0.00010	57.17185	10
332	342	0.00010	4.75533	10
333	343	0.00010	106.96587	10
334	344	0.00010	69.12721	10
335	345	0.00010	69.25791	10
336	346	0.00010	16.49869	10
337	347	0.00010	0.86746	10
338	348	0.00010	0.99999	10
339	349	0.00010	2.99876	10
340	350	0.00010	8.00182	10
341	351	0.00010	2.51828	10
342	352	0.00010	2.02285	10
343	353	0.00010	1.08247	10
344	354	0.00010	1.22122	10
345	355	0.00010	2.35460	10
346	356	0.00010	2.33568	10
347	357	0.01036	1.50093	10
348	358	0.01571	1.22732	10
349	359	0.01912	1.74857	10
350	360	0.01657	2.54547	10
351	361	0.02080	3.71623	10
352	362	0.02097	4.19782	10
353	363	0.01714	3.97165	10
354	364	0.01475	4.05547	10
355	365	0.01454	5.16902	10
356	366	0.01470	4.86926	10
357	367	0.00292	8.14964	10
358	368	0.00271	6.99160	10
359	369	0.00468	3.03636	10
360	370	0.00092	0.50716	10
361	371	0.00029	2.90952	10
362	372	0.00029	4.33721	10
363	373	0.00032	2.54892	10
364	374	0.00035	3.25013	10
365	375	0.00020	5.51348	10
366	376	0.00024	6.14557	10
367	377	0.00022	8.15350	10
368	378	0.00026	9.96082	10
369	379	0.00010	217.11670	10
370	380	0.00010	29.74849	10
371	381	0.00010	5.38633	10
372	382	0.00010	13.92885	10
373	383	0.00010	146.03372	10
374	384	0.00010	124.49478	10
375	385	0.00010	15.19379	10
376	386	0.00010	9.90295	10
377	387	0.00010	22.04439	10
378	388	0.00010	122.45383	10
379	389	0.00010	19.05486	10
380	390	0.00010	64.49494	10
381	391	0.00010	60.41102	10
382	392	0.00010	7.83437	10
383	393	0.00010	10.37353	10
384	394	0.00010	3.60496	10
385	395	0.00010	1.54018	10
386	396	0.00010	2.20945	10
387	397	0.00010	1.30290	10
388	398	0.00010	0.98817	10
389	399	0.00010	0.40195	10
390	400	0.00010	0.25616	10
391	401	0.00010	0.13494	10
392	402	0.00010	0.14195	10
393	403	0.00010	0.34898	10
394	404	0.00010	0.14602	10
395	405	0.00010	1.30173	10
396	406	0.00010	1.16349	10
397	407	0.00010	2.06949	10
398	408	0.00010	7.54016	10
399	409	0.00010	1.73432	10
400	410	0.00010	1.62765	10
401	411	0.00010	2.15713	10
402	412	0.00010	4.12717	10
403	413	0.00010	160.46294	10
404	414	0.00010	95.23202	10
405	415	0.00010	2.45336	10
406	416	0.00010	3.49287	10
407	417	0.00010	2.68579	10
408	418	0.00010	3.06029	10
409	419	0.00010	6.80133	10
410	420	0.00010	4.82504	10
411	421	0.00697	2.98075	10
412	422	0.02277	4.42216	10
413	423	0.02949	3.85662	10
414	424	0.05066	2.94202	10
415	425	0.05792	3.26607	10
416	426	0.06110	2.78969	10
417	427	0.14052	3.07959	10
418	428	0.22440	2.69475	10
419	429	0.23430	2.14778	10
420	430	0.31157	1.80648	10
421	431	0.27202	2.15040	10
422	432	0.24456	2.61007	10
423	433	0.08900	2.91692	10
424	434	0.08282	2.72299	10
425	435	0.22289	3.22207	10
426	436	0.07897	3.53623	10
427	437	0.04974	2.44257	10
428	438	0.02966	2.72396	10
429	439	0.02340	0.68678	10
430	440	0.02729	0.75215	10
431	441	0.02830	0.79486	10
432	442	0.01015	0.66646	10
433	443	0.01004	1.31897	10
434	444	0.01077	1.71172	10
435	445	0.00921	1.16007	10
436	446	0.01057	1.92679	10
437	447	0.00328	4.22275	10
438	448	0.00498	2.74905	10
439	449	0.00628	2.79634	10
440	450	0.02394	3.21298	10
441	451	0.02944	4.02818	10
442	452	0.01878	2.80173	10
443	453	0.01612	3.59767	10
444	454	0.02408	4.77551	10
445	455	0.00478	5.83248	10
446	456	0.00430	6.19805	10
447	457	0.00371	7.30458	10
448	458	0.00518	4.09306	10
449	459	0.01994	3.27749	10
450	460	0.00010	5.96849	10
451	461	0.00010	5.67585	10
452	462	0.00010	3.57477	10
453	463	0.00010	3.18227	10
454	464	0.00010	3.92733	10
455	465	0.00010	4.65967	10
456	466	0.00010	1.40482	10
457	467	0.00010	0.60755	10
458	468	0.00010	0.71907	10
459	469	0.00010	4.92450	10
460	470	0.01387	1.30332	10
461	471	0.01311	1.12774	10
462	472	0.01246	1.57455	10
463	473	0.01185	0.55972	10
464	474	0.01898	0.99496	10
465	475	0.02018	0.90658	10
466	476	0.01238	1.16283	10
467	477	0.01076	0.89209	10
468	478	0.00499	0.86824	10
469	479	0.00336	0.67934	10
470	480	0.00010	1.44407	10
471	481	0.00110	0.86053	10
472	482	0.00296	0.53430	10
473	483	0.00590	1.02554	10
474	484	0.00556	1.60124	10
475	485	0.00490	1.69347	10
476	486	0.00376	0.99539	10
477	487	0.00529	0.37710	10
478	488	0.00524	0.31304	10
479	489	0.00420	0.76545	10
480	490	0.00044	0.00601	10
481	491	0.00056	1.09959	10
482	492	0.00010	2.31290	10
483	493	0.00010	5.06312	10
484	494	0.00010	1.52748	10
485	495	0.00838	0.96084	10
486	496	0.01126	1.03144	10
487	497	0.00067	0.01121	10
488	498	0.00126	0.48309	10
489	499	0.00214	2.43182	10
490	500	0.00214	4.04599	10
491	501	0.00188	2.93297	10
492	502	0.00114	2.09225	10
493	503	0.00121	2.77477	10
494	504	0.00196	4.19486	10
495	505	0.00583	6.14240	10
496	506	0.00071	6.16944	10
497	507	0.00010	66.60570	10
498	508	0.00010	54.11360	10
499	509	0.00010	1.97780	10
500	510	0.00010	68.43161	10
501	511	0.00010	4.44354	10
502	512	0.00010	2.73908	10
503	513	0.00010	2.00834	10
504	514	0.00010	4.21307	10
505	515	0.00010	8.51874	10
506	516	0.00010	9.20350	10
507	517	0.00010	0.42028	10
508	518	0.00010	0.13359	10
509	519	0.00010	3.36426	10
510	520	0.00010	30.57018	10
511	521	0.00010	30.97915	10
512	522	0.00010	55.36283	10
513	523	0.00010	15.27786	10
514	524	0.00010	48.80490	10
515	525	0.00010	9.97242	10
516	526	0.00010	10.27396	10
517	527	0.00010	13.53583	10
518	528	0.00010	8.89316	10
519	529	0.00010	9.56519	10
520	530	0.00010	9.76170	10
521	531	0.00010	13.74942	10
522	532	0.00010	4.99118	10
523	533	0.00010	4.73963	10
524	534	0.00010	7.37531	10
525	535	0.00010	13.02097	10
526	536	0.00010	33.21454	10
527	537	0.00010	8.38100	10
528	538	0.00010	3.31219	10
529	539	0.00010	4.54545	10
530	540	0.00010	3.40227	10
531	541	0.00010	2.68192	10
532	542	0.00010	1.72375	10
533	543	0.00010	2.53653	10
534	544	0.00010	2.17173	10
535	545	0.00010	3.40352	10
536	546	0.00010	3.28108	10
537	547	0.00010	6.03951	10
538	548	0.00010	6.08969	10
539	549	0.00010	1.98844	10
540	550	0.00010	1.70397	10
541	551	0.01410	1.23529	10
542	552	0.01562	1.90700	10
543	553	0.00693	1.31150	10
544	554	0.00829	1.27926	10
545	555	0.00608	0.95452	10
546	556	0.00741	0.73328	10
547	557	0.00071	0.06453	10
548	558	0.00080	0.06914	10
549	559	0.00227	0.18398	10
550	560	0.00073	0.06940	10
551	561	0.00010	0.03849	10
552	562	0.00010	0.01789	10
553	563	0.00010	0.02179	10
554	564	0.00010	0.01262	10
555	565	0.00010	0.02025	10
556	566	0.00010	0.60654	10
557	567	0.00010	0.68140	10
558	568	0.00010	1.04976	10
559	569	0.00010	1.58873	10
560	570	0.00010	1.35652	10
561	571	0.00010	0.72178	10
562	572	0.00010	1.12983	10
563	573	0.00010	1.78299	10
564	574	0.00060	1.20074	10
565	575	0.00053	1.21697	10
566	576	0.00134	2.27224	10
567	577	0.00101	1.33959	10
568	578	0.00055	0.30420	10
569	579	0.01962	1.88552	10
570	580	0.01297	2.70134	10
571	581	0.00081	97.80510	10
572	582	0.00097	133.72428	10
573	583	0.00124	89.13094	10
574	584	0.00107	56.84478	10
575	585	0.01732	7.12013	10
576	586	0.01441	4.75136	10
577	587	0.01845	3.66218	10
578	588	0.01803	2.41741	10
579	589	0.01730	1.10156	10
580	590	0.01112	0.48852	10
581	591	0.00906	2.45290	10
582	592	0.01739	3.38872	10
583	593	0.01765	3.81110	10
584	594	0.01746	5.16783	10
585	595	0.00010	8.98236	10
586	596	0.00010	5.27584	10
587	597	0.00010	8.88591	10
588	598	0.00010	20.96154	10
589	599	0.00010	999.00000	10
590	600	0.00010	999.00000	10
591	601	0.00010	12.45016	10
592	602	0.00010	10.17252	10
593	603	0.00010	8.94696	10
594	604	0.00010	6.11097	10
595	605	0.00010	6.80037	10
596	606	0.00010	3.52561	10
597	607	0.00010	2.41526	10
598	608	0.00010	0.20804	10
599	609	0.00010	1.79389	10
600	610	0.00010	0.14478	10
601	611	0.00010	3.73621	10
602	612	0.00010	1.56659	10
603	613	0.00010	2.57124	10
604	614	0.00010	1.87114	10
605	615	0.00010	1.91768	10
606	616	0.00010	1.62814	10
607	617	0.00010	1.45677	10
608	618	0.00010	4.25744	10
609	619	0.00010	3.22343	10
610	620	0.00010	2.43954	10
611	621	0.00010	1.43555	10
612	622	0.00010	2.03597	10
613	623	0.00010	1.09250	10
614	624	0.01976	0.99351	10
615	625	0.01888	2.13408	10
616	626	0.01993	3.42822	10
617	627	0.02857	6.24196	10
618	628	0.02444	4.39567	10
619	629	0.01735	4.77492	10
620	630	0.02165	3.65112	10
621	631	0.01451	4.12268	10
622	632	0.01672	2.06930	10
623	633	0.03066	3.88837	10
624	634	0.00010	6.78859	10
625	635	0.00010	5.44794	10
626	636	0.00989	10.37888	10
627	637	0.03555	3.51498	10
628	638	0.05920	3.27454	10
629	639	0.05407	3.30789	10
630	640	0.02934	2.38041	10
631	641	0.04279	2.43756	10
632	642	0.04218	2.54814	10
633	643	0.05130	2.84182	10
634	644	0.04737	3.17426	10
635	645	0.07108	2.96613	10
636	646	0.04550	4.81938	10
637	647	0.02135	13.92881	10
638	648	0.13136	8.48840	10
639	649	0.02713	17.32279	10
640	650	0.01687	30.32568	10
641	651	0.08296	6.83937	10
642	652	0.07721	8.52083	10
643	653	0.05513	5.00405	10
644	654	0.05597	5.56029	10
645	655	0.04346	8.19327	10
646	656	0.02409	7.79070	10
647	657	0.02239	4.16620	10
648	658	0.02026	4.38705	10
649	659	0.02527	3.79174	10
650	660	0.04818	3.38203	10
651	661	0.00010	2.51282	10
652	662	0.00010	2.21900	10
653	663	0.00010	2.89345	10
654	664	0.00010	1.83622	10
655	665	0.00010	1.57966	10
656	666	0.00010	0.30851	10
657	667	0.00010	1.09250	10
658	668	0.00010	0.13939	10
659	669	0.01543	1.15577	10
660	670	0.01236	1.17217	10
661	671	0.01347	3.88002	10
662	672	0.01562	2.84040	10
663	673	0.01875	2.48250	10
664	674	0.02846	3.75032	10
665	675	0.02501	2.16673	10
666	676	0.01970	1.23135	10
667	677	0.01624	4.34346	10
668	678	0.00690	3.18899	10
669	679	0.00095	0.18604	10
670	680	0.00170	1.73545	10
671	681	0.00013	0.02923	10
672	682	0.00011	0.01832	10
673	683	0.00010	0.35779	10
674	684	0.00010	3.78795	10
675	685	0.00010	2.94024	10
676	686	0.00010	2.70609	10
677	687	0.00010	80.80045	10
678	688	0.00010	1.10711	10
679	689	0.00010	10.51964	10
680	690	0.00010	12.93880	10
