range_start	range_stop	omega	kappa	window_size
1	11	0.01934	3.78246	10
2	12	0.02098	4.74900	10
3	13	0.05527	1.80386	10
4	14	0.04756	3.08454	10
5	15	0.05997	2.61937	10
6	16	0.05160	3.16526	10
7	17	0.04091	1.35449	10
8	18	0.03552	1.28723	10
9	19	0.00486	2.84269	10
10	20	0.02206	1.75402	10
11	21	0.02790	1.01250	10
12	22	0.03407	1.51173	10
13	23	0.00766	1.55054	10
14	24	0.00779	2.42108	10
15	25	0.00023	0.13092	10
16	26	0.00234	0.19580	10
17	27	0.00498	3.51563	10
18	28	0.00573	4.59502	10
19	29	0.00229	3.27593	10
20	30	0.00367	2.57806	10
21	31	0.00010	2.45712	10
22	32	0.00010	0.61489	10
23	33	0.00010	2.78728	10
24	34	0.00010	10.04519	10
25	35	0.00010	6.49088	10
26	36	0.00515	6.96727	10
27	37	0.01008	4.62792	10
28	38	0.01268	4.15314	10
29	39	0.01062	3.94599	10
30	40	0.01205	4.67791	10
31	41	0.01359	3.83768	10
32	42	0.01271	4.04929	10
33	43	0.01281	3.08107	10
34	44	0.01184	3.43776	10
35	45	0.01535	2.59555	10
36	46	0.00069	4.09490	10
37	47	0.00051	1.56550	10
38	48	0.00345	2.88029	10
39	49	0.00297	3.73488	10
40	50	0.00186	3.42276	10
41	51	0.00706	6.98545	10
42	52	0.00491	8.15645	10
43	53	0.00340	12.76948	10
44	54	0.00423	8.53112	10
45	55	0.00014	117.86361	10
46	56	0.00021	39.26000	10
47	57	0.00016	70.84951	10
48	58	0.00010	7.52837	10
49	59	0.00587	2.52542	10
50	60	0.00455	6.60405	10
51	61	0.00970	6.71808	10
52	62	0.01300	4.17812	10
53	63	0.01426	4.39563	10
54	64	0.02824	4.37442	10
55	65	0.02460	5.02082	10
56	66	0.01838	6.82959	10
57	67	0.02239	5.36754	10
58	68	0.01579	7.87806	10
59	69	0.00105	38.35753	10
60	70	0.00076	66.72555	10
61	71	0.00157	20.91996	10
62	72	0.00200	15.77431	10
63	73	0.00271	5.81319	10
64	74	0.00010	15.40071	10
65	75	0.00010	14.88751	10
66	76	0.00010	13.69378	10
67	77	0.00010	5.61991	10
68	78	0.00010	1.75971	10
69	79	0.00010	1.78003	10
70	80	0.00010	0.60929	10
71	81	0.00010	0.89731	10
72	82	0.00010	1.88289	10
73	83	0.00010	1.32964	10
74	84	0.00374	1.23854	10
75	85	0.00010	0.02040	10
76	86	0.00024	0.42066	10
77	87	0.00020	0.71894	10
78	88	0.00562	1.17964	10
79	89	0.00044	1.31606	10
80	90	0.00028	0.08983	10
81	91	0.00021	0.04419	10
82	92	0.00352	0.53660	10
83	93	0.00367	0.39474	10
84	94	0.00010	0.20138	10
85	95	0.00010	0.53955	10
86	96	0.00010	1.39182	10
87	97	0.00010	1.18564	10
88	98	0.00010	2.97070	10
89	99	0.00010	76.16187	10
90	100	0.00010	16.98313	10
91	101	0.00718	0.57451	10
92	102	0.03167	1.74787	10
93	103	0.02431	3.30008	10
94	104	0.03348	1.51070	10
95	105	0.08627	1.18809	10
96	106	0.10772	0.77073	10
97	107	0.10850	0.85335	10
98	108	0.12625	0.86168	10
99	109	0.12467	0.93207	10
100	110	0.04743	1.48671	10
101	111	0.02802	2.07047	10
102	112	0.03374	0.93553	10
103	113	0.02787	1.50187	10
104	114	0.04473	1.82631	10
105	115	0.03169	1.15524	10
106	116	0.01250	1.41954	10
107	117	0.01553	1.16927	10
108	118	0.01669	1.06258	10
109	119	0.01441	0.53812	10
110	120	0.03691	1.10292	10
111	121	0.00863	0.11785	10
112	122	0.05580	0.30353	10
113	123	0.03153	0.03171	10
114	124	20.26661	76.05317	10
115	125	9.99843	42.64830	10
116	126	nan	nan	10
117	127	0.01253	0.00010	10
118	128	0.00327	0.00010	10
119	129	0.20500	5.86373	10
120	130	0.09440	1.92950	10
121	131	0.00194	3.85706	10
122	132	0.04304	1.89305	10
123	133	0.00608	2.28429	10
124	134	0.01097	0.29333	10
125	135	0.00526	1.51385	10
126	136	0.01616	0.27107	10
127	137	0.00664	0.04131	10
128	138	0.01241	0.05486	10
129	139	0.01066	0.03447	10
130	140	0.01278	0.06223	10
131	141	0.01448	0.08630	10
132	142	0.03065	0.11108	10
133	143	0.04790	0.15909	10
134	144	0.03473	0.34867	10
135	145	0.04526	0.26429	10
136	146	0.05399	0.17751	10
137	147	0.05861	0.19698	10
138	148	0.00887	0.07115	10
139	149	0.01735	0.36694	10
140	150	0.05873	0.69936	10
141	151	0.01824	0.35334	10
142	152	0.00369	0.30374	10
143	153	0.01689	0.83861	10
144	154	0.01199	0.70642	10
145	155	0.01163	1.08532	10
146	156	nan	nan	10
147	157	nan	nan	10
148	158	0.02011	1.77364	10
149	159	0.01574	1.04037	10
150	160	0.01613	0.80224	10
151	161	0.01392	1.07361	10
152	162	0.03662	2.23003	10
153	163	0.03196	2.86230	10
154	164	0.01746	1.72259	10
155	165	0.01539	1.56836	10
156	166	0.01907	1.36793	10
157	167	0.02374	1.30544	10
158	168	0.01672	0.99851	10
159	169	0.00849	0.99796	10
160	170	0.01091	1.03581	10
161	171	0.01964	1.56342	10
162	172	0.02822	2.70753	10
163	173	0.00974	1.63770	10
164	174	0.02596	3.25102	10
165	175	0.03101	3.82764	10
166	176	0.26116	29.16103	10
167	177	0.03860	5.19142	10
168	178	0.06959	5.20162	10
169	179	0.03343	3.01045	10
170	180	0.00414	0.16322	10
171	181	0.00010	999.00000	10
172	182	0.00010	999.00000	10
173	183	0.71571	0.00010	10
174	184	0.67682	0.00010	10
175	185	168.61933	0.00010	10
176	186	999.00000	0.00010	10
177	187	2.69970	17.86159	10
178	188	999.00000	0.00010	10
179	189	5.14856	19.63861	10
180	190	0.01881	0.00010	10
181	191	0.01462	0.00010	10
182	192	0.01191	0.00010	10
183	193	0.01284	0.00010	10
184	194	0.01206	0.00487	10
185	195	0.01130	0.04873	10
186	196	0.01636	0.10885	10
187	197	0.02050	0.63685	10
188	198	0.04036	5.01161	10
189	199	0.05048	3.29630	10
190	200	0.04566	2.60932	10
191	201	0.03498	2.98034	10
192	202	0.04591	4.08000	10
193	203	0.07493	3.16965	10
194	204	0.08266	4.74989	10
195	205	0.08733	5.68826	10
196	206	0.06699	4.20960	10
197	207	0.05390	3.98236	10
198	208	0.00829	2.53086	10
199	209	0.00763	3.72422	10
200	210	0.00426	2.35943	10
201	211	0.03495	2.47471	10
202	212	0.02742	2.00459	10
203	213	0.01601	3.58302	10
204	214	0.01292	3.56382	10
205	215	0.00618	2.38039	10
206	216	0.00010	3.07916	10
207	217	0.00010	4.78830	10
208	218	0.00010	16.05283	10
209	219	0.00010	135.55714	10
210	220	0.00010	26.68411	10
211	221	0.00548	10.16783	10
212	222	0.00094	6.59716	10
213	223	0.01005	3.07287	10
214	224	0.01429	1.34877	10
215	225	0.00782	0.43434	10
216	226	0.01570	1.02498	10
217	227	0.01178	0.86588	10
218	228	0.01781	1.71902	10
219	229	0.01544	3.07554	10
220	230	0.01271	1.97460	10
221	231	0.01600	2.61995	10
222	232	0.02037	1.92998	10
223	233	0.00275	4.28558	10
224	234	0.00010	2.80068	10
225	235	0.00010	1.04818	10
226	236	0.00010	1.32944	10
227	237	0.00010	1.22496	10
228	238	0.00587	3.20541	10
229	239	0.00649	2.64098	10
230	240	0.00659	5.69402	10
231	241	0.00365	4.47801	10
232	242	0.00305	5.61864	10
233	243	0.00310	6.18234	10
234	244	0.00209	4.53889	10
235	245	0.00741	9.75404	10
236	246	0.00868	12.07050	10
237	247	0.00576	10.02412	10
238	248	0.00043	0.79476	10
239	249	0.00384	4.43220	10
240	250	0.00527	5.33380	10
241	251	0.01664	3.28357	10
242	252	0.01691	4.12775	10
243	253	0.00592	6.29633	10
244	254	0.00913	4.81853	10
245	255	0.01820	2.77922	10
246	256	0.00572	0.96975	10
247	257	0.00010	0.00245	10
248	258	0.00180	1.02638	10
249	259	0.03907	2.24401	10
250	260	0.03367	2.55775	10
251	261	0.00209	8.20319	10
252	262	0.01373	6.48610	10
253	263	0.02605	4.91499	10
254	264	0.01420	9.27999	10
255	265	0.00346	7.50087	10
256	266	0.00352	7.41239	10
257	267	0.00340	7.52634	10
258	268	0.00310	9.69304	10
259	269	0.00392	14.01781	10
260	270	0.00402	12.37595	10
261	271	0.01412	1.70111	10
262	272	0.00862	1.47964	10
263	273	0.00812	2.09141	10
264	274	0.00216	1.25822	10
265	275	0.00373	1.52862	10
266	276	0.00422	2.12823	10
267	277	0.00036	1.22920	10
268	278	0.00905	5.37707	10
269	279	0.00010	11.57917	10
270	280	0.00010	8.19517	10
271	281	0.00173	1.23488	10
272	282	0.00282	3.23535	10
273	283	0.00403	3.31684	10
274	284	0.03541	5.17134	10
275	285	0.09317	9.35262	10
276	286	0.10880	8.12054	10
277	287	0.05232	8.67822	10
278	288	0.06177	6.43560	10
279	289	0.04920	4.75631	10
280	290	0.07499	6.40079	10
281	291	0.06983	9.80472	10
282	292	0.05769	4.07240	10
283	293	0.04425	4.66287	10
284	294	0.02520	7.76580	10
285	295	0.00665	3.20356	10
286	296	0.00046	8.82454	10
287	297	0.00347	10.82548	10
288	298	0.00376	8.21947	10
289	299	0.00010	10.43573	10
290	300	0.00010	5.34880	10
291	301	0.00022	0.52244	10
292	302	0.00257	0.41508	10
293	303	0.01043	0.90491	10
294	304	0.00751	1.32904	10
295	305	0.00981	1.75266	10
296	306	0.01180	1.71623	10
297	307	0.01665	2.30428	10
298	308	0.01386	1.61137	10
299	309	0.01270	2.05054	10
300	310	0.02201	1.71245	10
301	311	0.01398	2.39294	10
302	312	0.00902	4.38820	10
303	313	0.01229	7.94364	10
304	314	0.02056	7.86468	10
305	315	0.00942	6.14201	10
306	316	0.01049	16.42893	10
307	317	0.00591	12.33171	10
308	318	0.01570	9.48856	10
309	319	0.03673	5.68896	10
310	320	0.03080	6.75457	10
311	321	0.03814	9.10305	10
312	322	0.03186	7.11044	10
313	323	0.02236	3.81183	10
314	324	0.02632	5.95012	10
315	325	0.01872	6.38012	10
316	326	0.01201	4.07131	10
317	327	0.00474	1.96865	10
318	328	0.00082	3.27819	10
319	329	0.00630	9.21962	10
320	330	0.00010	16.09885	10
321	331	0.00010	14.49485	10
322	332	0.00010	7.36394	10
323	333	0.00010	86.32817	10
324	334	0.00010	10.05261	10
325	335	0.00010	88.15620	10
326	336	0.00277	9.71205	10
327	337	0.00044	12.33310	10
328	338	0.01350	0.46868	10
329	339	0.00071	0.34789	10
330	340	0.00153	0.15549	10
331	341	0.00081	0.41235	10
332	342	0.00071	0.23984	10
333	343	0.00091	0.40571	10
334	344	0.00150	0.56958	10
335	345	0.00160	0.64634	10
336	346	0.00300	0.83290	10
337	347	0.00080	1.62831	10
338	348	0.00630	4.99433	10
339	349	0.02150	4.03893	10
340	350	0.05539	8.62785	10
341	351	0.04410	8.70996	10
342	352	0.07109	7.08215	10
343	353	0.05604	7.20475	10
344	354	0.05599	4.68604	10
345	355	0.04579	4.11522	10
346	356	0.03685	3.09394	10
347	357	0.02456	3.64092	10
348	358	0.02831	2.72045	10
349	359	0.00132	2.13258	10
350	360	0.00059	0.95481	10
351	361	0.00556	0.68174	10
352	362	0.00010	0.72611	10
353	363	0.00010	0.37691	10
354	364	0.00293	0.29367	10
355	365	0.00451	0.47964	10
356	366	0.00495	0.57057	10
357	367	0.00068	2.83646	10
358	368	0.00081	2.81399	10
359	369	0.00080	3.07085	10
360	370	0.00087	4.92239	10
361	371	0.00087	3.86304	10
362	372	0.00446	2.85493	10
363	373	0.00602	4.06445	10
364	374	0.00010	16.38325	10
365	375	0.00010	88.60491	10
366	376	0.00010	9.97139	10
367	377	0.00024	7.41651	10
368	378	0.00024	85.88309	10
369	379	0.00135	6.73062	10
370	380	0.02906	4.83177	10
371	381	0.05258	3.42143	10
372	382	0.11380	2.35915	10
373	383	0.04922	3.76492	10
374	384	0.04533	5.13814	10
375	385	0.05292	4.96042	10
376	386	0.13524	2.99760	10
377	387	0.11941	3.37316	10
378	388	0.07165	4.51600	10
379	389	0.05668	4.62558	10
380	390	0.05255	4.49460	10
381	391	0.01834	9.08436	10
382	392	0.00176	16.61802	10
383	393	0.00183	7.86230	10
384	394	0.02407	5.85222	10
385	395	0.00697	4.02793	10
386	396	0.00399	2.52012	10
387	397	0.00553	1.88726	10
388	398	0.00671	1.33597	10
389	399	0.02481	2.37219	10
390	400	0.01937	2.96869	10
391	401	0.01937	1.89860	10
392	402	0.01289	4.03883	10
393	403	0.01083	2.82072	10
394	404	0.00483	1.98149	10
395	405	0.00539	0.90794	10
396	406	0.00298	2.81973	10
397	407	0.01665	3.18223	10
398	408	0.03053	1.53610	10
399	409	0.01122	0.33157	10
400	410	0.00317	0.06428	10
401	411	0.01788	0.66384	10
402	412	0.02719	0.73101	10
403	413	0.00376	1.49160	10
404	414	0.00888	3.46521	10
405	415	0.03122	0.96385	10
406	416	0.03101	1.08810	10
407	417	0.02542	2.60325	10
408	418	0.03990	5.43572	10
409	419	0.03917	6.19898	10
410	420	0.03994	6.20805	10
411	421	0.03961	4.11979	10
412	422	0.00061	4.29541	10
413	423	0.01353	2.62546	10
414	424	0.00976	1.48001	10
415	425	0.00084	9.77920	10
416	426	0.00114	8.30854	10
417	427	0.00067	6.54262	10
418	428	0.00651	2.59270	10
419	429	0.00519	3.17433	10
420	430	0.00351	2.57514	10
421	431	0.00486	2.96329	10
422	432	0.00131	2.40544	10
423	433	0.00114	2.84241	10
424	434	0.00053	3.74894	10
425	435	0.00010	4.97237	10
426	436	0.00010	4.65578	10
427	437	0.00010	4.97850	10
428	438	0.00010	5.00694	10
429	439	0.00010	5.69865	10
430	440	0.00010	4.21451	10
431	441	0.00010	5.44699	10
432	442	0.00010	14.77097	10
433	443	0.00010	8.01754	10
434	444	0.00010	8.04352	10
435	445	0.00010	3.55740	10
436	446	0.00010	8.63978	10
437	447	0.00010	11.35170	10
438	448	0.00010	7.96298	10
439	449	0.00010	6.61736	10
440	450	0.00010	0.81579	10
441	451	0.00010	0.17746	10
442	452	0.00010	0.61996	10
443	453	0.01851	0.31199	10
444	454	0.01366	0.24705	10
445	455	0.02089	0.42008	10
446	456	0.01819	0.63855	10
447	457	0.01322	0.77777	10
448	458	0.01566	0.70734	10
449	459	0.00815	0.26835	10
450	460	0.00049	0.30313	10
451	461	0.00656	3.15868	10
452	462	0.00712	3.33297	10
453	463	0.00022	32.22574	10
454	464	0.00513	0.21934	10
455	465	0.00337	0.11772	10
456	466	0.00530	0.28311	10
457	467	0.00752	0.41671	10
458	468	0.00924	0.59627	10
459	469	0.00605	0.34381	10
460	470	0.02344	0.80956	10
461	471	0.01452	0.54359	10
462	472	0.01590	0.64999	10
463	473	0.00322	0.19673	10
464	474	0.00400	0.40381	10
465	475	0.00023	0.25857	10
466	476	0.00046	0.15863	10
467	477	0.00013	0.03864	10
468	478	0.02735	4.68820	10
469	479	0.00029	0.44354	10
470	480	0.00010	2.36789	10
471	481	0.00010	2.32685	10
472	482	0.02064	2.16968	10
473	483	0.01960	1.63715	10
474	484	0.02626	1.17896	10
475	485	0.02921	1.61986	10
476	486	0.02993	1.49898	10
477	487	0.02519	3.11266	10
478	488	0.02468	3.87898	10
479	489	0.02469	3.31523	10
480	490	0.02006	2.66317	10
481	491	0.01293	1.49481	10
482	492	0.00010	0.87804	10
483	493	0.00010	0.56619	10
484	494	0.00010	0.54528	10
485	495	0.00010	2.24386	10
486	496	0.00039	3.21686	10
487	497	0.00010	0.12360	10
488	498	0.00082	2.11349	10
489	499	0.00078	3.14924	10
490	500	0.00051	1.42748	10
491	501	0.00089	2.32580	10
492	502	0.00987	2.06532	10
493	503	0.02045	2.29856	10
494	504	0.01738	1.92538	10
495	505	0.01468	1.94428	10
496	506	0.01151	1.99991	10
497	507	0.00496	1.95131	10
498	508	0.00900	2.64705	10
499	509	0.01024	2.38712	10
500	510	0.01377	2.85099	10
501	511	0.01317	2.33157	10
502	512	0.03071	1.90168	10
503	513	0.03449	2.30949	10
504	514	0.06156	2.09016	10
505	515	0.02238	1.73488	10
506	516	0.02988	1.75325	10
507	517	0.21306	3.32485	10
508	518	0.15492	4.09013	10
509	519	0.18073	3.15817	10
510	520	0.36029	6.21482	10
511	521	0.33122	7.46051	10
512	522	0.40496	14.77602	10
513	523	0.33730	13.41763	10
514	524	0.30103	12.03347	10
515	525	0.20701	7.61435	10
516	526	0.17282	6.40005	10
517	527	0.21741	5.16039	10
518	528	0.26768	5.68849	10
519	529	0.34446	11.77766	10
520	530	0.50484	8.29630	10
521	531	0.67863	8.09703	10
522	532	0.53030	8.18948	10
523	533	1.46588	21.87918	10
524	534	1.12179	17.33649	10
525	535	0.22806	10.64097	10
526	536	0.26747	5.83212	10
527	537	0.25954	8.87447	10
528	538	0.16155	7.93544	10
529	539	0.05515	6.90665	10
530	540	0.05416	8.20524	10
531	541	0.05938	11.30665	10
532	542	0.01041	12.49043	10
533	543	0.04564	22.19474	10
534	544	0.05610	76.28342	10
535	545	0.04618	24.63255	10
536	546	0.02776	23.56805	10
537	547	0.02946	12.05908	10
538	548	0.04061	3.49726	10
539	549	0.03318	1.47114	10
540	550	0.02848	1.23957	10
541	551	0.03546	1.21277	10
542	552	0.03222	1.32114	10
543	553	0.04987	1.50994	10
544	554	0.06547	1.31219	10
545	555	0.09349	1.31589	10
546	556	0.17414	1.34105	10
547	557	0.22005	1.86612	10
548	558	0.30775	1.80029	10
549	559	0.72471	1.18757	10
550	560	1.14634	0.60825	10
551	561	0.44114	0.79370	10
552	562	0.60702	3.55307	10
553	563	0.30019	2.44767	10
554	564	0.20894	3.96266	10
555	565	0.13778	4.25045	10
556	566	0.11642	4.25578	10
557	567	0.06947	4.06468	10
558	568	0.08438	2.36099	10
559	569	0.08554	1.99884	10
560	570	0.03990	2.77431	10
561	571	0.05980	3.67997	10
562	572	0.14028	2.98042	10
563	573	0.15730	2.99523	10
564	574	0.19799	2.84003	10
565	575	0.16598	3.28489	10
566	576	0.10653	4.43066	10
567	577	0.06187	4.01408	10
568	578	0.02208	9.53659	10
569	579	0.06630	11.69136	10
570	580	0.14410	7.14198	10
571	581	0.19280	7.18764	10
572	582	0.18815	4.41121	10
573	583	0.08121	4.39239	10
574	584	0.05333	3.95365	10
575	585	0.09044	3.59235	10
576	586	0.12131	4.66086	10
577	587	0.12897	4.31095	10
578	588	0.35598	4.34579	10
579	589	0.43783	4.64160	10
580	590	0.23630	1.58256	10
581	591	0.16939	1.34301	10
582	592	0.30006	0.71368	10
583	593	0.51253	1.29720	10
584	594	1.64858	2.32321	10
585	595	0.18835	2.23449	10
586	596	0.25779	2.13410	10
587	597	0.07376	4.37804	10
588	598	0.45252	4.71570	10
589	599	0.24698	3.65139	10
590	600	0.10244	3.64183	10
591	601	0.07756	3.45596	10
592	602	0.11946	5.94999	10
593	603	0.05692	4.34118	10
594	604	0.19514	4.41630	10
595	605	0.14763	15.39848	10
596	606	0.24732	6.17049	10
597	607	0.26760	6.02743	10
598	608	0.16186	3.19760	10
599	609	0.17059	3.14555	10
600	610	0.17417	3.14236	10
601	611	0.02614	1.44109	10
602	612	0.01968	0.70219	10
603	613	0.00920	0.76942	10
604	614	0.01160	0.99036	10
605	615	0.03005	4.00644	10
606	616	0.11907	1.93205	10
607	617	0.12225	1.66738	10
