range_start	range_stop	omega	kappa	window_size
1	11	0.00098	3.27680	10
2	12	0.00099	1.99285	10
3	13	0.00107	1.70822	10
4	14	0.04497	1.44971	10
5	15	0.04071	1.52842	10
6	16	0.07190	0.90512	10
7	17	0.05276	1.39419	10
8	18	0.05001	1.76598	10
9	19	0.03416	2.09556	10
10	20	0.03779	1.93929	10
11	21	0.07157	1.66195	10
12	22	0.10815	2.24886	10
13	23	0.09200	1.26951	10
14	24	0.08150	1.05227	10
15	25	0.00892	1.09489	10
16	26	0.02782	5.54672	10
17	27	0.04009	6.01257	10
18	28	0.06906	5.50561	10
19	29	0.06661	6.54024	10
20	30	0.07342	5.18515	10
21	31	0.04999	6.61961	10
22	32	0.08375	10.90498	10
23	33	0.08112	12.10005	10
24	34	0.37130	37.82683	10
25	35	0.53228	29.36065	10
26	36	0.44443	3.72930	10
27	37	0.05703	3.05967	10
28	38	0.13648	1.19240	10
29	39	0.12687	0.70829	10
30	40	0.03891	1.59395	10
31	41	0.06670	1.86277	10
32	42	0.23116	2.14829	10
33	43	0.13020	2.04683	10
34	44	0.00622	1.30871	10
35	45	0.00483	1.43019	10
36	46	0.00342	1.94646	10
37	47	0.00297	3.28496	10
38	48	0.06532	4.10514	10
39	49	0.05036	6.25040	10
40	50	0.00250	3.04018	10
41	51	0.00261	3.04515	10
42	52	0.00461	4.38373	10
43	53	0.00088	6.82077	10
44	54	0.00010	1.64909	10
45	55	0.00010	0.96539	10
46	56	0.00010	0.49731	10
47	57	0.00010	0.73570	10
48	58	0.00010	0.88874	10
49	59	0.00010	0.02860	10
50	60	0.00010	0.21679	10
51	61	0.00010	0.76782	10
52	62	0.00010	0.70618	10
53	63	0.00122	1.66551	10
54	64	0.00100	1.79209	10
55	65	0.00109	2.70687	10
56	66	0.00078	2.02590	10
57	67	0.00079	2.18128	10
58	68	0.00906	2.89732	10
59	69	0.03700	5.65211	10
60	70	0.02462	4.62363	10
61	71	0.06057	4.44197	10
62	72	0.08767	6.26870	10
63	73	0.08485	7.13008	10
64	74	0.08010	9.05055	10
65	75	0.07403	5.39064	10
66	76	0.04852	4.03410	10
67	77	0.05290	4.98306	10
68	78	0.02636	5.21207	10
69	79	0.00010	30.31523	10
70	80	0.00010	40.64542	10
71	81	0.00010	7.16916	10
72	82	0.00010	35.13019	10
73	83	0.01458	4.60837	10
74	84	0.05911	2.63652	10
75	85	0.05516	1.69538	10
76	86	0.07238	1.72685	10
77	87	0.08630	2.77069	10
78	88	0.07856	2.52176	10
79	89	0.06426	2.41588	10
80	90	0.16167	4.54707	10
81	91	0.16090	3.16316	10
82	92	0.16155	3.51522	10
83	93	0.06129	1.90250	10
84	94	0.05133	8.39373	10
85	95	0.03476	31.04477	10
86	96	0.01956	60.52863	10
87	97	0.05874	16.52043	10
88	98	0.05271	14.07941	10
89	99	0.04370	13.14597	10
90	100	0.03162	9.00705	10
91	101	0.00010	999.00000	10
92	102	0.00010	5.97819	10
93	103	0.00010	10.37572	10
94	104	0.00010	1.95761	10
95	105	0.00010	2.59592	10
96	106	0.00010	1.24151	10
97	107	0.00010	0.99093	10
98	108	0.00010	0.89013	10
99	109	0.00010	1.73854	10
100	110	0.00010	1.17995	10
101	111	0.00010	0.98847	10
102	112	0.00010	0.93024	10
103	113	0.00010	0.82470	10
104	114	0.00010	0.96671	10
105	115	0.00010	0.92257	10
106	116	0.00010	0.36982	10
107	117	0.00010	0.55389	10
108	118	0.00010	0.64042	10
109	119	0.00010	0.44555	10
110	120	0.00010	0.40011	10
111	121	0.00010	0.28387	10
112	122	0.00010	0.15305	10
113	123	0.00010	0.12790	10
114	124	0.00010	0.25881	10
115	125	0.00010	0.97646	10
116	126	0.00010	2.02291	10
117	127	0.00010	0.89266	10
118	128	0.00010	12.30605	10
119	129	0.00010	5.69543	10
120	130	0.00010	3.72093	10
121	131	0.00010	7.29326	10
122	132	0.00010	6.53371	10
123	133	0.00010	11.69162	10
124	134	0.00010	6.27684	10
125	135	0.00010	3.26771	10
126	136	0.00010	2.89501	10
127	137	0.00010	2.56735	10
128	138	0.00010	1.72599	10
129	139	0.00010	6.47127	10
130	140	0.00010	999.00000	10
131	141	0.00010	999.00000	10
132	142	0.03319	6.92102	10
133	143	0.03090	6.46100	10
134	144	0.01529	6.56241	10
135	145	0.03137	6.60159	10
136	146	0.05897	5.22025	10
137	147	0.06700	4.27710	10
138	148	0.03998	3.33413	10
139	149	0.04372	3.20555	10
140	150	0.05605	4.63246	10
141	151	0.05004	2.97377	10
142	152	0.00010	999.00000	10
143	153	0.00010	999.00000	10
144	154	0.00010	999.00000	10
145	155	0.00010	8.99507	10
146	156	0.00010	148.37467	10
147	157	0.00010	8.12857	10
148	158	0.00010	3.32387	10
149	159	0.00010	2.40049	10
150	160	0.00010	0.28133	10
151	161	0.00010	1.04525	10
152	162	0.00010	0.83866	10
153	163	0.00010	0.28382	10
154	164	0.00010	0.00010	10
155	165	0.00010	0.00010	10
156	166	0.00010	0.00010	10
157	167	0.00010	0.00010	10
158	168	0.02405	1.33096	10
159	169	0.02955	0.48098	10
160	170	0.03811	2.38936	10
161	171	0.05292	4.13301	10
162	172	0.00982	6.15603	10
163	173	0.00618	6.25920	10
164	174	0.00689	3.43405	10
165	175	0.00523	2.42674	10
166	176	0.00383	1.46428	10
167	177	0.00457	2.35827	10
168	178	0.00010	4.25661	10
169	179	0.00010	2.83032	10
170	180	0.00010	5.45644	10
171	181	0.00010	0.05800	10
172	182	0.00010	5.26589	10
173	183	0.00010	7.83317	10
174	184	0.00010	0.41692	10
175	185	0.00010	42.77419	10
176	186	0.00010	8.54497	10
177	187	0.00010	0.62764	10
178	188	0.00010	3.73768	10
179	189	0.00806	3.63757	10
180	190	0.00852	4.09206	10
181	191	0.00641	4.30725	10
182	192	0.00301	5.44814	10
183	193	0.00645	2.41863	10
184	194	0.00431	0.42962	10
185	195	0.00414	1.15261	10
186	196	0.00726	2.22058	10
187	197	0.01091	3.20731	10
188	198	0.01001	2.93650	10
189	199	0.00010	2.77577	10
190	200	0.00010	3.67544	10
191	201	0.00010	1.25093	10
192	202	0.00010	1.84581	10
193	203	0.00010	3.59652	10
194	204	0.00010	3.50875	10
195	205	0.00010	7.31844	10
196	206	0.00010	7.84130	10
197	207	0.00010	4.91146	10
198	208	0.00010	3.54690	10
199	209	0.00010	6.58032	10
200	210	0.00010	4.19850	10
201	211	0.00010	8.82656	10
202	212	0.00010	8.40381	10
203	213	0.00010	6.89276	10
204	214	0.00010	4.57688	10
205	215	0.00010	1.78419	10
206	216	0.00010	3.27197	10
207	217	0.00010	4.67964	10
208	218	0.00010	2.44574	10
209	219	0.00010	2.34913	10
210	220	0.00010	2.39867	10
211	221	0.00010	4.19193	10
212	222	0.00010	2.81866	10
213	223	0.00010	2.00861	10
214	224	0.00010	1.70544	10
215	225	0.00567	1.09037	10
216	226	0.00769	1.14019	10
217	227	0.02086	1.43570	10
218	228	0.01690	1.80022	10
219	229	0.02186	2.70950	10
220	230	0.03073	3.21456	10
221	231	0.02113	2.71967	10
222	232	0.00723	0.65963	10
223	233	0.00430	0.54281	10
224	234	0.01970	0.43742	10
225	235	0.01395	1.43509	10
226	236	0.01639	2.37904	10
227	237	0.00010	3.84218	10
228	238	0.00010	9.06215	10
229	239	0.00010	7.71677	10
230	240	0.00010	11.45510	10
231	241	0.00010	6.36734	10
232	242	0.01652	5.77082	10
233	243	0.00112	5.44974	10
234	244	0.00087	3.24139	10
235	245	0.00517	9.64058	10
236	246	0.00397	7.74285	10
237	247	0.00096	11.71057	10
238	248	0.00133	6.07952	10
239	249	0.01733	6.81618	10
240	250	0.01770	5.17442	10
241	251	0.00113	2.13304	10
242	252	0.00010	10.75762	10
243	253	0.00010	25.53043	10
244	254	0.00010	32.04785	10
245	255	0.00010	115.31352	10
246	256	0.00010	4.97704	10
247	257	0.00054	149.05622	10
248	258	0.02138	3.13284	10
249	259	0.00072	6.54944	10
250	260	0.00086	5.84774	10
251	261	0.00078	8.63226	10
252	262	0.01035	10.77856	10
253	263	0.00578	28.05113	10
254	264	0.00500	42.30455	10
255	265	0.00452	43.28247	10
256	266	0.01145	19.42048	10
257	267	0.00010	9.89139	10
258	268	0.00010	391.78300	10
259	269	0.00010	41.96698	10
260	270	0.00010	18.41288	10
261	271	0.00010	6.43048	10
262	272	0.00010	2.94495	10
263	273	0.00010	2.54879	10
264	274	0.00010	2.27774	10
265	275	0.00010	2.04370	10
266	276	0.00010	3.43305	10
267	277	0.00010	3.04709	10
268	278	0.00010	2.17461	10
269	279	0.00010	3.26368	10
270	280	0.00010	0.78374	10
271	281	0.00010	0.93228	10
272	282	0.00010	1.16127	10
273	283	0.00010	0.77702	10
274	284	0.00010	1.14836	10
275	285	0.01265	1.30329	10
276	286	0.01392	1.53282	10
277	287	0.00916	1.69566	10
278	288	0.00577	1.73612	10
279	289	0.00861	0.77650	10
280	290	0.00998	0.88835	10
281	291	0.01009	0.71043	10
282	292	0.00350	2.43712	10
283	293	0.02022	2.41313	10
284	294	0.01478	3.22567	10
285	295	0.02041	1.06207	10
286	296	0.01185	6.74661	10
287	297	0.09432	1.98136	10
288	298	0.08879	0.95299	10
289	299	0.06726	0.79114	10
290	300	0.06490	1.72475	10
291	301	0.01464	1.49184	10
292	302	0.02327	1.37261	10
293	303	0.03492	1.98402	10
294	304	0.03659	2.87032	10
295	305	0.02941	5.82640	10
296	306	0.02475	4.59828	10
297	307	0.01901	5.35649	10
298	308	0.01500	3.94856	10
299	309	0.02270	4.88891	10
300	310	0.01016	4.29607	10
301	311	0.00486	1.92702	10
302	312	0.00264	1.60683	10
303	313	0.04335	1.98111	10
304	314	0.04639	1.96995	10
305	315	nan	nan	10
306	316	0.01029	0.71820	10
307	317	0.01165	0.54298	10
308	318	0.00135	0.27880	10
309	319	0.04812	1.95299	10
310	320	0.05409	1.56937	10
311	321	0.06412	1.56124	10
312	322	0.02658	1.73284	10
313	323	0.03388	2.47956	10
314	324	0.05060	1.29686	10
315	325	0.07980	1.75328	10
316	326	0.13892	2.02998	10
317	327	0.37687	1.80361	10
318	328	0.23345	3.02137	10
319	329	0.07674	1.21817	10
320	330	0.13865	2.12338	10
321	331	0.15047	3.13666	10
322	332	0.19622	8.82316	10
323	333	0.30480	2.90691	10
324	334	0.12936	3.07461	10
325	335	0.03952	1.42169	10
326	336	0.99364	8.40322	10
327	337	0.02097	0.07110	10
328	338	0.02633	0.12174	10
329	339	1.19376	5.77123	10
330	340	0.73740	8.14471	10
331	341	0.84366	6.14864	10
332	342	0.76185	2.71819	10
333	343	0.14430	2.29035	10
334	344	0.04352	1.58132	10
335	345	0.02790	2.14395	10
336	346	0.02519	2.23757	10
337	347	0.02634	2.79459	10
338	348	0.01813	2.15723	10
339	349	0.01935	2.19649	10
340	350	0.01961	1.71166	10
341	351	0.02191	1.83078	10
342	352	0.02851	1.87149	10
343	353	0.12694	5.16031	10
344	354	0.09390	3.55970	10
345	355	0.08118	3.95687	10
346	356	0.09347	4.58048	10
347	357	0.12235	5.86015	10
348	358	0.12163	6.30149	10
349	359	0.13970	13.04579	10
350	360	0.14879	14.97923	10
351	361	0.17868	15.90202	10
352	362	0.14664	14.71652	10
353	363	0.19293	13.18021	10
354	364	0.25528	6.74461	10
355	365	0.08185	18.71626	10
356	366	0.03933	7.93753	10
357	367	0.02422	2.02662	10
358	368	0.01422	2.21972	10
359	369	0.01865	1.64053	10
360	370	0.01645	1.29875	10
361	371	0.04786	0.09458	10
362	372	0.03587	0.13355	10
363	373	0.02316	0.36789	10
364	374	0.03155	0.39196	10
365	375	0.02894	0.40320	10
366	376	0.05086	0.44483	10
367	377	0.09478	0.59760	10
368	378	0.02333	1.77306	10
369	379	0.01833	0.47293	10
370	380	0.04779	2.99261	10
371	381	0.11607	3.19332	10
372	382	0.50804	6.28804	10
373	383	5.86195	3.80634	10
374	384	7.78420	3.43417	10
375	385	1.79927	2.16522	10
376	386	26.27754	1.02382	10
377	387	2.97272	0.38962	10
378	388	5.33428	0.42001	10
379	389	1.14044	1.05380	10
380	390	0.59070	2.37072	10
381	391	1.00752	2.90966	10
382	392	0.73328	4.40149	10
383	393	1.10205	4.02015	10
384	394	0.92627	1.89271	10
385	395	1.29491	2.12865	10
386	396	1.82936	2.43824	10
387	397	1.55842	3.14024	10
388	398	1.87263	2.18525	10
389	399	1.90145	1.55303	10
390	400	1.24759	2.32496	10
391	401	1.10235	2.98939	10
392	402	1.34727	2.87808	10
393	403	1.36749	5.11491	10
394	404	41.87374	14.24633	10
395	405	37.45180	17.65096	10
396	406	45.19433	10.06649	10
397	407	10.15630	0.57399	10
398	408	5.64665	1.42391	10
399	409	7.26678	1.58985	10
400	410	8.00456	2.47143	10
401	411	14.98507	3.92326	10
402	412	12.14686	2.17255	10
403	413	39.95367	1.82080	10
404	414	33.40671	3.44752	10
405	415	18.23321	3.37921	10
406	416	12.33911	8.93996	10
407	417	3.59387	7.95136	10
408	418	4.28124	7.57449	10
409	419	4.12656	6.25786	10
410	420	3.37291	5.38018	10
411	421	4.81163	5.82078	10
412	422	2.12398	5.92962	10
413	423	4.49496	50.27098	10
414	424	1.51733	26.66334	10
415	425	2.28030	5.93964	10
416	426	2.23052	6.26457	10
417	427	36.12502	24.89902	10
418	428	11.80466	6.03136	10
419	429	8.30146	5.63074	10
420	430	7.40143	3.43287	10
421	431	5.96544	4.44007	10
422	432	7.54901	4.76931	10
423	433	999.00000	4.29041	10
424	434	999.00000	4.57562	10
425	435	999.00000	3.23387	10
426	436	999.00000	2.43307	10
427	437	999.00000	2.26074	10
428	438	999.00000	2.53431	10
429	439	999.00000	2.20596	10
430	440	999.00000	2.22309	10
431	441	999.00000	0.82080	10
432	442	999.00000	1.75817	10
433	443	999.00000	0.85288	10
434	444	999.00000	0.71349	10
435	445	999.00000	1.23867	10
436	446	999.00000	1.23919	10
437	447	999.00000	0.45265	10
438	448	999.00000	0.51988	10
439	449	999.00000	0.36131	10
440	450	999.00000	0.00010	10
441	451	999.00000	0.00010	10
442	452	999.00000	0.99596	10
443	453	999.00000	0.63952	10
444	454	999.00000	0.63952	10
445	455	999.00000	0.84475	10
446	456	7.77439	1.51373	10
447	457	7.94568	2.62056	10
448	458	999.00000	1.00965	10
449	459	1.53993	0.76162	10
450	460	1.25187	1.20718	10
451	461	3.54901	1.06457	10
452	462	9.94912	0.71342	10
453	463	5.20442	1.08410	10
454	464	7.77459	1.31623	10
455	465	7.77459	1.31623	10
456	466	4.64188	1.15674	10
457	467	2.45846	1.38509	10
458	468	10.72041	6.24458	10
459	469	87.70179	2.77702	10
460	470	42.79434	2.28513	10
461	471	40.90693	1.95683	10
462	472	33.78212	2.34527	10
463	473	40.27933	2.53642	10
464	474	38.94517	2.69550	10
465	475	38.94480	2.54315	10
466	476	50.67538	1.51347	10
467	477	40.11463	0.87043	10
468	478	24.29148	2.55940	10
469	479	21.82546	6.45115	10
470	480	1.00003	24.19172	10
471	481	0.00010	0.00010	10
472	482	1.04860	0.00010	10
473	483	1.00000	1.00000	10
474	484	1.00029	1.00029	10
475	485	0.68203	0.68203	10
476	486	0.48029	0.48029	10
477	487	0.58810	16.99384	10
478	488	0.44739	13.39678	10
479	489	0.01248	3.93707	10
480	490	104.35586	1.44737	10
481	491	999.00000	0.17740	10
482	492	28.09461	0.77572	10
483	493	5.84694	5.10882	10
484	494	6.00054	7.47402	10
485	495	8.58791	8.39067	10
486	496	8.15865	7.83090	10
487	497	6.20188	2.75367	10
488	498	2.87202	1.88104	10
489	499	1.92992	2.14149	10
490	500	1.76766	1.47423	10
491	501	1.96893	2.70973	10
492	502	2.22806	5.76527	10
493	503	3.62732	3.94747	10
494	504	1.86914	3.07730	10
495	505	1.86914	3.07730	10
496	506	0.75706	1.66381	10
497	507	1.55767	0.43795	10
498	508	1.38334	0.59942	10
499	509	2.52893	1.55857	10
500	510	2.34723	1.42963	10
501	511	2.78942	1.67110	10
502	512	1.50906	1.04846	10
503	513	1.83655	1.20930	10
504	514	2.12256	2.41908	10
505	515	2.27804	3.03745	10
506	516	2.38773	4.61936	10
507	517	1.17062	9.48939	10
508	518	999.00000	20.73144	10
509	519	2.24932	2.90057	10
510	520	4.57650	2.96688	10
511	521	3.14876	2.99815	10
512	522	4.74005	3.57773	10
513	523	6.17986	2.59805	10
514	524	5.78879	1.57358	10
515	525	4.23901	1.62079	10
516	526	4.43996	1.68603	10
517	527	4.42515	1.49499	10
518	528	8.82885	1.82814	10
519	529	8.64437	4.08432	10
520	530	3.24439	5.14838	10
521	531	999.00000	5.15198	10
522	532	999.00000	7.76032	10
523	533	999.00000	20.16685	10
524	534	0.40520	26.38061	10
525	535	999.00000	8.52184	10
526	536	4.51290	3.39141	10
527	537	5.40412	7.63208	10
528	538	9.24375	10.72208	10
529	539	10.27320	9.94958	10
530	540	10.27320	9.94958	10
531	541	9.05371	10.30458	10
532	542	6.22695	8.70308	10
533	543	4.68286	9.74991	10
534	544	4.31479	8.50617	10
535	545	5.92871	8.08807	10
536	546	7.82073	12.00823	10
537	547	999.00000	6.93986	10
538	548	999.00000	3.05934	10
539	549	999.00000	1.36556	10
540	550	999.00000	0.67066	10
541	551	999.00000	0.85575	10
542	552	4.93067	0.96211	10
543	553	3.07417	1.59137	10
544	554	2.57694	1.44589	10
545	555	2.86976	1.32931	10
546	556	999.00000	0.29201	10
547	557	1.66122	1.39359	10
548	558	2.13512	3.69860	10
549	559	1.70832	3.63366	10
550	560	1.61192	2.71541	10
551	561	1.26137	2.53707	10
552	562	0.87450	2.36242	10
553	563	1.17704	1.15400	10
554	564	0.38603	0.55146	10
555	565	0.16500	0.65860	10
556	566	0.29477	1.38185	10
557	567	0.82108	2.03366	10
558	568	0.41129	0.90627	10
559	569	2.55109	2.90355	10
560	570	1.86610	1.64942	10
561	571	1.86610	1.64942	10
562	572	1.87410	1.93702	10
563	573	15.31729	30.28339	10
564	574	0.61874	0.94621	10
565	575	3.89539	6.23005	10
566	576	4.36996	7.34100	10
567	577	6.38296	7.61527	10
568	578	4.39618	5.48217	10
569	579	4.47460	1.15174	10
570	580	13.90513	26.60929	10
571	581	432.79746	736.90576	10
572	582	331.64976	476.04580	10
573	583	331.64976	476.04580	10
574	584	107.61034	83.11457	10
575	585	88.38528	69.32416	10
576	586	73.42981	51.13279	10
577	587	72.02040	32.94486	10
578	588	7.95645	3.95494	10
579	589	1.23203	0.99741	10
580	590	999.00000	1.88224	10
581	591	0.23376	0.11305	10
582	592	0.47926	0.22022	10
583	593	0.39487	0.38514	10
584	594	0.36229	0.49113	10
585	595	1.21351	0.83338	10
586	596	1.86943	1.84416	10
587	597	2.47449	4.19857	10
588	598	2.59244	8.15353	10
589	599	2.71681	8.90919	10
590	600	2.22934	5.48359	10
591	601	5.01219	8.99834	10
592	602	4.59456	4.27921	10
593	603	6.70460	1.93212	10
594	604	4.26968	3.14153	10
595	605	9.11920	3.60449	10
596	606	25.04125	1.20815	10
597	607	14.17424	3.10721	10
598	608	13.89734	3.42609	10
599	609	535.93815	0.14914	10
600	610	370.62068	0.26551	10
601	611	0.51780	0.00099	10
602	612	0.16889	0.09810	10
603	613	0.06475	12.31807	10
604	614	0.07100	10.94482	10
605	615	0.09759	10.54279	10
606	616	0.09458	10.04121	10