range_start	range_stop	omega	kappa	window_size
1	11	0.00010	0.12751	10
2	12	0.00010	0.18406	10
3	13	0.00010	0.19156	10
4	14	0.00010	0.36964	10
5	15	0.00010	0.29171	10
6	16	0.00010	2.59075	10
7	17	0.00010	3.32936	10
8	18	0.00010	7.09519	10
9	19	0.00010	6.26405	10
10	20	0.00010	65.62804	10
11	21	0.00010	11.22796	10
12	22	0.00010	16.36988	10
13	23	0.00010	7.39169	10
14	24	0.00010	3.93474	10
15	25	0.00010	3.16693	10
16	26	0.00010	1.33750	10
17	27	0.00010	0.39072	10
18	28	0.00010	1.80104	10
19	29	0.00010	8.57390	10
20	30	0.00010	2.89830	10
21	31	0.00010	1.60550	10
22	32	0.00010	1.01879	10
23	33	0.00010	109.17735	10
24	34	0.00010	2.22108	10
25	35	0.00010	0.38173	10
26	36	0.00010	0.60429	10
27	37	0.00010	0.58699	10
28	38	0.00010	0.31881	10
29	39	0.00010	0.09530	10
30	40	0.00010	0.17596	10
31	41	0.00010	0.49729	10
32	42	0.00010	0.98746	10
33	43	0.00010	0.67746	10
34	44	0.00010	0.79322	10
35	45	0.00010	2.35919	10
36	46	0.00010	0.44490	10
37	47	0.00010	1.91568	10
38	48	0.03618	0.63431	10
39	49	0.02684	1.01991	10
40	50	0.03101	2.25155	10
41	51	0.02579	1.25567	10
42	52	0.02160	1.09829	10
43	53	0.02374	1.10295	10
44	54	0.01760	1.58501	10
45	55	0.02080	0.80201	10
46	56	0.00583	1.51038	10
47	57	0.00673	1.73814	10
48	58	0.00010	5.70850	10
49	59	0.00010	1.42529	10
50	60	0.00010	1.56183	10
51	61	0.00010	1.91195	10
52	62	0.00825	2.85888	10
53	63	0.00578	4.10114	10
54	64	0.00296	7.38766	10
55	65	0.00011	179.94102	10
56	66	0.00013	228.10025	10
57	67	0.00097	7.78009	10
58	68	0.00174	6.81188	10
59	69	0.00313	6.48483	10
60	70	0.00930	1.98026	10
61	71	0.01128	1.15810	10
62	72	0.00010	1.65777	10
63	73	0.00010	1.52969	10
64	74	0.00010	1.01719	10
65	75	0.00010	1.61319	10
66	76	0.00010	17.12978	10
67	77	0.00010	23.04026	10
68	78	0.00010	10.16087	10
69	79	0.00010	6.37072	10
70	80	0.00010	999.00000	10
71	81	0.00010	999.00000	10
72	82	0.00010	999.00000	10
73	83	0.00010	999.00000	10
74	84	0.00010	18.94849	10
75	85	0.00010	1.66927	10
76	86	0.00010	17.98670	10
77	87	0.00010	1.32506	10
78	88	0.00010	1.26344	10
79	89	0.00010	2.77770	10
80	90	0.00010	7.35781	10
81	91	0.00010	2.98191	10
82	92	0.00010	2.68192	10
83	93	0.00010	0.47891	10
84	94	0.00010	0.58188	10
85	95	0.00010	1.36800	10
86	96	0.00010	1.17797	10
87	97	0.00010	0.05702	10
88	98	0.00010	1.39988	10
89	99	0.00010	0.30438	10
90	100	0.00010	0.08841	10
91	101	0.00010	2.08278	10
92	102	0.00010	2.30242	10
93	103	0.00010	2.33774	10
94	104	0.00010	5.45331	10
95	105	0.00010	4.87999	10
96	106	0.00010	1.52990	10
97	107	0.00010	1.27983	10
98	108	0.00010	2.58926	10
99	109	0.00010	6.06998	10
100	110	0.00010	39.72392	10
101	111	0.00010	37.28661	10
102	112	0.00010	39.24533	10
103	113	0.00010	56.59480	10
104	114	0.00010	50.35887	10
105	115	0.00010	36.92211	10
106	116	0.00010	52.35654	10
107	117	0.00023	7.44614	10
108	118	0.02043	1.75067	10
109	119	0.02569	1.71740	10
110	120	0.01722	2.28671	10
111	121	0.01360	0.94684	10
112	122	0.01413	0.78928	10
113	123	0.01426	2.12792	10
114	124	0.01535	1.65690	10
115	125	0.01117	1.85801	10
116	126	0.01678	1.04377	10
117	127	0.00712	0.89569	10
118	128	0.00199	0.41042	10
119	129	0.00077	0.13737	10
120	130	0.00059	0.11337	10
121	131	0.00243	1.94098	10
122	132	0.00411	2.88598	10
123	133	0.00633	4.78677	10
124	134	0.00839	34.06897	10
125	135	0.00803	26.29838	10
126	136	0.00010	999.00000	10
127	137	0.00010	999.00000	10
128	138	0.00010	50.58183	10
129	139	0.00010	42.82031	10
130	140	0.00010	98.56898	10
131	141	0.00010	765.85048	10
132	142	0.00010	29.61091	10
133	143	0.00010	6.75156	10
134	144	0.00010	6.30132	10
135	145	0.00010	3.48783	10
136	146	0.00010	2.19421	10
137	147	0.00010	2.98963	10
138	148	0.00010	5.13069	10
139	149	0.00010	9.58261	10
140	150	0.00010	5.14854	10
141	151	0.00010	1.75352	10
142	152	0.00010	1.81929	10
143	153	0.00010	1.51943	10
144	154	0.00010	2.28348	10
145	155	0.00010	4.03550	10
146	156	0.00010	9.15679	10
147	157	0.00010	6.11235	10
148	158	0.00010	4.27420	10
149	159	0.00010	2.41196	10
150	160	0.00010	2.30642	10
151	161	0.00010	6.16994	10
152	162	0.00010	4.38905	10
153	163	0.00010	2.27738	10
154	164	0.00010	1.02093	10
155	165	0.00010	0.00050	10
156	166	0.00010	0.00055	10
157	167	0.00010	0.01572	10
158	168	0.00010	0.03913	10
159	169	0.00010	1.36897	10
160	170	0.00010	2.27082	10
161	171	0.00010	999.00000	10
162	172	0.00010	999.00000	10
163	173	0.00039	21.96738	10
164	174	0.00048	17.30633	10
165	175	0.00049	31.49737	10
166	176	0.00025	138.87764	10
167	177	0.00029	100.98159	10
168	178	0.00014	225.53200	10
169	179	0.00013	160.50618	10
170	180	0.00010	103.34327	10
171	181	0.00021	29.75225	10
172	182	0.00028	84.36357	10
173	183	0.00010	93.56672	10
174	184	0.00010	194.03835	10
175	185	0.00010	15.73564	10
176	186	0.00010	22.37795	10
177	187	0.01450	8.39615	10
178	188	0.01672	13.98095	10
179	189	0.00723	17.63750	10
180	190	0.01348	2.73928	10
181	191	0.00749	3.25506	10
182	192	0.00837	5.97906	10
183	193	0.01042	5.63054	10
184	194	0.01204	4.88981	10
185	195	0.01390	4.07840	10
186	196	0.01649	3.41144	10
187	197	0.00010	6.79722	10
188	198	0.00010	102.25655	10
189	199	0.00010	8.27980	10
190	200	0.00010	128.72197	10
191	201	0.00010	10.04463	10
192	202	0.02274	14.89439	10
193	203	0.04482	9.16360	10
194	204	0.03131	8.49184	10
195	205	0.02637	7.06868	10
196	206	0.00186	11.88830	10
197	207	0.02574	7.08334	10
198	208	0.02329	14.02974	10
199	209	0.03263	10.26383	10
200	210	0.04154	4.50123	10
201	211	0.01580	12.82684	10
202	212	0.01824	3.15816	10
203	213	0.00010	5.61623	10
204	214	0.00010	7.92782	10
205	215	0.00010	10.78296	10
206	216	0.00010	17.47831	10
207	217	0.00010	5.32622	10
208	218	0.00010	4.18607	10
209	219	0.00010	3.87254	10
210	220	0.00551	12.30324	10
211	221	0.00493	18.27981	10
212	222	0.00446	20.28607	10
213	223	0.00753	15.16342	10
214	224	0.02573	3.11574	10
215	225	0.05735	2.59268	10
216	226	0.05783	2.93575	10
217	227	0.06574	3.14941	10
218	228	0.04404	2.86862	10
219	229	0.04310	2.89168	10
220	230	0.01604	3.31771	10
221	231	0.00984	3.05352	10
222	232	0.01085	0.84097	10
223	233	0.00637	0.49044	10
224	234	0.00010	1.44600	10
225	235	0.00010	0.32929	10
226	236	0.01025	0.27302	10
227	237	0.00348	0.21944	10
228	238	0.00647	0.10992	10
229	239	0.00536	0.09064	10
230	240	0.03099	0.78763	10
231	241	0.03141	0.79232	10
232	242	0.00281	7.34630	10
233	243	0.01811	2.36257	10
234	244	0.04828	1.62623	10
235	245	0.07569	2.22050	10
236	246	0.00010	1.11458	10
237	247	0.00010	1.19565	10
238	248	0.00010	1.79659	10
239	249	0.00010	0.90420	10
240	250	0.00010	1.02319	10
241	251	0.00010	0.00010	10
242	252	0.06246	3.64096	10
243	253	0.05415	3.85945	10
244	254	0.00056	8.98912	10
245	255	0.00032	42.64765	10
246	256	0.00286	21.26217	10
247	257	0.00163	20.50777	10
248	258	0.00060	10.41858	10
249	259	0.00058	7.68219	10
250	260	0.00044	7.93302	10
251	261	0.07448	4.33609	10
252	262	0.00010	0.39719	10
253	263	0.00010	0.39719	10
254	264	0.00010	0.00623	10
255	265	0.00010	0.37213	10
256	266	0.00010	999.00000	10
257	267	0.00010	999.00000	10
258	268	0.00010	2.26165	10
259	269	0.00010	0.49237	10
260	270	0.00010	0.97651	10
261	271	0.00010	2.92569	10
262	272	0.00010	1.93907	10
263	273	0.00010	3.75422	10
264	274	0.00010	3.75099	10
265	275	0.00010	3.74365	10
266	276	0.00010	2.58415	10
267	277	0.00010	2.55318	10
268	278	0.00010	0.93982	10
269	279	0.00010	0.79875	10
270	280	0.00010	1.11943	10
271	281	0.00010	1.02536	10
272	282	0.00010	1.16052	10
273	283	0.00010	1.39503	10
274	284	0.00010	0.93883	10
275	285	0.00010	2.12954	10
276	286	0.00010	1.80803	10
277	287	0.00010	0.69947	10
278	288	0.00010	7.83162	10
279	289	0.00010	5.05941	10
280	290	0.00010	999.00000	10
281	291	0.00010	999.00000	10
282	292	0.00010	999.00000	10
283	293	0.00010	999.00000	10
284	294	0.00010	999.00000	10
285	295	0.00010	5.16831	10
286	296	0.00010	4.45429	10
287	297	0.00010	18.44110	10
288	298	0.00010	114.65895	10
289	299	0.00010	6.13151	10
290	300	0.00010	3.04418	10
291	301	0.00010	5.92635	10
292	302	0.00010	6.02988	10
293	303	0.00010	2.65543	10
294	304	0.00010	183.92071	10
295	305	0.00010	55.05862	10
296	306	0.00010	71.08877	10
297	307	0.00010	87.07238	10
298	308	0.00010	2.98076	10
299	309	0.00010	105.73198	10
300	310	0.00010	129.98411	10
301	311	0.00010	105.03668	10
302	312	0.00010	26.08155	10
303	313	0.00010	7.50758	10
304	314	0.00010	11.65956	10
305	315	0.00010	5.97120	10
306	316	0.00010	32.28046	10
307	317	0.00010	27.94175	10
308	318	0.00010	1.92761	10
309	319	0.00010	1.86576	10
310	320	0.00091	1.54107	10
311	321	0.00091	1.90918	10
312	322	0.00072	0.84709	10
313	323	0.00093	1.42973	10
314	324	0.00123	0.87578	10
315	325	0.00114	1.76033	10
316	326	0.00087	0.93476	10
317	327	0.00983	0.96792	10
318	328	0.01667	1.54618	10
319	329	0.01597	0.43838	10
320	330	0.01666	0.25505	10
321	331	0.02805	0.38221	10
322	332	0.04972	0.53611	10
323	333	0.01181	0.21173	10
324	334	0.01387	0.24981	10
325	335	0.08594	0.76238	10
326	336	0.13021	1.09619	10
327	337	0.06519	2.46361	10
328	338	0.06729	2.25796	10
329	339	0.02685	9.19087	10
330	340	0.02970	6.61018	10
331	341	0.03475	5.38992	10
332	342	0.02475	3.78992	10
333	343	0.00010	2.78143	10
334	344	0.00010	2.12242	10
335	345	0.00010	3.31388	10
336	346	0.00010	6.42162	10
337	347	0.00010	2.87721	10
338	348	0.00010	3.30153	10
339	349	0.00010	1.94535	10
340	350	0.00010	2.96442	10
341	351	0.00010	2.73177	10
342	352	0.00010	4.07541	10
343	353	0.00010	8.83251	10
344	354	0.00010	348.94933	10
345	355	0.00010	440.36525	10
346	356	0.00317	53.06677	10
347	357	0.01321	13.49651	10
348	358	0.04309	4.39433	10
349	359	0.05205	5.85129	10
350	360	0.06189	7.72628	10
351	361	0.04816	6.40044	10
352	362	0.10573	4.35994	10
353	363	0.09568	3.95328	10
354	364	0.02466	4.82885	10
355	365	0.02117	2.38444	10
356	366	0.01685	0.94595	10
357	367	0.01740	0.67391	10
358	368	0.01699	0.87265	10
359	369	0.02991	1.02996	10
360	370	0.07186	1.52689	10
361	371	0.09332	2.08068	10
362	372	0.06432	2.15676	10
363	373	0.09232	1.93486	10
364	374	0.09155	3.55020	10
365	375	0.11722	3.37009	10
366	376	0.00223	5.31559	10
367	377	0.00134	3.67335	10
368	378	0.00185	5.02288	10
369	379	0.00181	5.91964	10
370	380	0.00233	2.81654	10
371	381	0.00278	4.31988	10
372	382	0.01393	1.88433	10
373	383	0.00010	3.86430	10
374	384	0.00010	2.95456	10
375	385	0.00010	3.89475	10
376	386	0.00010	9.63259	10
377	387	0.00010	6.24149	10
378	388	0.00010	9.42010	10
379	389	0.00010	6.94381	10
380	390	0.00010	9.40255	10
381	391	0.00010	8.63079	10
382	392	0.00010	9.02096	10
383	393	0.02881	5.06307	10
384	394	0.02368	7.54898	10
385	395	0.02290	5.56503	10
386	396	0.02724	2.40731	10
387	397	0.02724	0.82792	10
388	398	0.02903	0.53467	10
389	399	0.03164	0.51793	10
390	400	0.02984	0.80778	10
391	401	0.03584	2.01865	10
392	402	0.02326	1.51677	10
393	403	0.00010	2.01023	10
394	404	0.00010	1.25560	10
395	405	0.00010	1.52584	10
396	406	0.00010	2.52443	10
397	407	0.00010	4.03416	10
398	408	0.00010	1.73922	10
399	409	0.00010	2.75144	10
400	410	0.00010	3.17156	10
401	411	0.00010	10.68129	10
402	412	0.00010	999.00000	10
403	413	0.00010	999.00000	10
404	414	0.00010	999.00000	10
405	415	0.00010	999.00000	10
406	416	0.00010	999.00000	10
407	417	0.00010	999.00000	10
408	418	0.00010	999.00000	10
409	419	0.00010	999.00000	10
410	420	0.00010	999.00000	10
411	421	0.00010	999.00000	10
412	422	0.14468	1.62742	10
413	423	0.11774	1.64884	10
414	424	0.09765	2.61709	10
415	425	0.07416	2.97222	10
416	426	0.05608	2.68388	10
417	427	0.06400	3.19027	10
418	428	0.09775	4.31910	10
419	429	0.10818	5.03167	10
420	430	0.11530	6.77212	10
421	431	0.07663	3.92427	10
422	432	0.07383	4.69286	10
423	433	0.05492	4.93211	10
424	434	0.03310	3.61694	10
425	435	0.03084	4.46649	10
426	436	0.01406	1.92857	10
427	437	0.03561	1.77510	10
428	438	0.00550	0.00010	10
429	439	0.00167	0.00543	10
430	440	0.01991	0.00010	10
431	441	0.09298	0.66750	10
432	442	0.03396	0.68018	10
433	443	0.05417	2.33255	10
434	444	0.01221	0.77544	10
435	445	0.01813	0.37224	10
436	446	0.02903	0.94805	10
437	447	0.01688	0.59393	10
438	448	0.00697	0.68695	10
439	449	0.01022	1.11707	10
440	450	0.00900	0.87706	10
441	451	0.00010	0.56984	10
442	452	0.00010	0.83907	10
443	453	0.00010	0.65915	10
444	454	0.00010	0.49049	10
445	455	0.00010	0.56828	10
446	456	0.00010	0.38531	10
447	457	0.00010	0.56033	10
448	458	0.00010	1.27353	10
449	459	0.00010	0.92914	10
450	460	0.00010	1.56249	10
451	461	0.00010	3.61285	10
452	462	0.00010	4.69321	10
453	463	0.00010	3.34899	10
454	464	0.00010	2.96784	10
455	465	0.00010	6.00979	10
456	466	0.00010	9.27321	10
457	467	0.00010	34.08342	10
458	468	0.00468	3.42803	10
459	469	0.00135	6.04648	10
460	470	0.00114	0.36438	10
461	471	0.03093	3.19100	10
462	472	0.07541	3.72752	10
463	473	0.07822	3.74973	10
464	474	0.08592	2.81651	10
465	475	0.07305	2.15473	10
466	476	0.07896	2.43563	10
467	477	0.14195	1.23378	10
468	478	0.20537	3.25110	10
469	479	0.38449	4.21951	10
470	480	0.36621	3.72968	10
471	481	0.11779	1.67097	10
472	482	0.13916	1.97654	10
473	483	0.35417	1.88090	10
474	484	0.81352	1.91169	10
475	485	0.09168	1.58959	10
476	486	0.09810	1.87150	10
477	487	0.00068	9.57106	10
478	488	0.00130	9.92753	10
479	489	0.00010	5.91613	10
480	490	0.00010	6.91777	10
481	491	0.00010	4.27108	10
482	492	0.00010	6.17736	10
483	493	0.00010	7.04960	10
484	494	0.00010	10.10106	10
485	495	0.00010	36.08827	10
486	496	0.00010	35.34725	10
487	497	0.00010	24.02422	10
488	498	0.00010	42.68940	10
489	499	0.00010	26.04532	10
490	500	0.00010	23.24461	10
491	501	0.00010	33.46574	10
492	502	0.00010	43.65798	10
493	503	0.00010	14.23668	10
494	504	0.00010	11.09334	10
495	505	0.00010	5.72107	10
496	506	0.00010	4.07920	10
497	507	0.00010	5.74913	10
498	508	0.00010	7.29054	10
499	509	0.00010	3.55934	10
500	510	0.00010	3.70681	10
501	511	0.00010	4.90008	10
502	512	0.00010	4.34848	10
503	513	0.00010	7.55873	10
504	514	0.00010	13.64461	10
505	515	0.00010	282.06937	10
506	516	0.00010	4.39313	10
507	517	0.00010	8.09578	10
508	518	0.00010	9.42043	10
509	519	0.00010	7.00390	10
510	520	0.00010	3.67572	10
511	521	0.00010	3.04072	10
512	522	0.00010	4.31483	10
513	523	0.00010	4.16317	10
514	524	0.00010	3.76036	10
515	525	0.00010	2.99804	10
516	526	0.00010	6.88926	10
517	527	0.00010	3.26312	10
518	528	0.00010	3.70735	10
519	529	0.00010	2.58444	10
520	530	0.00010	2.48338	10
521	531	0.00010	2.21826	10
522	532	0.00010	0.74199	10
523	533	0.00010	23.53315	10
524	534	0.00010	1.05245	10
525	535	0.00010	0.41577	10
526	536	0.00010	0.52421	10
527	537	0.00010	2.54796	10
528	538	0.00010	1.56919	10
529	539	0.00010	2.16335	10
530	540	0.00010	20.13913	10
531	541	0.00010	21.22417	10
532	542	0.00010	25.68524	10
533	543	0.00010	19.42952	10
534	544	0.00010	14.66962	10
535	545	0.00010	3.43169	10
536	546	0.00010	7.22692	10
537	547	0.00010	2.85578	10
538	548	0.00010	15.63520	10
539	549	0.00210	11.52585	10
540	550	0.00518	5.86187	10
541	551	0.00756	6.48681	10
542	552	0.00726	7.04482	10
543	553	0.01877	5.04412	10
544	554	0.02024	5.42398	10
545	555	0.00100	5.88849	10
546	556	0.00715	12.87108	10
547	557	0.00262	19.31235	10
548	558	0.00178	11.61033	10
549	559	0.03786	5.70155	10
550	560	0.02184	5.76596	10
551	561	0.00868	2.28222	10
552	562	0.01335	1.56901	10
553	563	0.01048	0.49299	10
554	564	0.01802	1.39222	10
555	565	0.01631	1.88808	10
556	566	0.01776	0.60410	10
557	567	0.00972	0.19425	10
558	568	0.01324	0.30184	10
559	569	0.01627	0.32919	10
560	570	0.01426	0.60958	10
561	571	0.00868	1.17583	10
562	572	0.00044	3.20542	10
563	573	0.00334	5.07709	10
564	574	0.00010	3.61934	10
565	575	0.00010	2.73016	10
566	576	0.00010	2.25693	10
567	577	0.00010	85.17590	10
568	578	0.00010	85.17590	10
569	579	0.00010	999.00000	10
570	580	0.00010	217.10535	10
571	581	0.00010	240.84329	10
572	582	0.00010	85.72151	10
573	583	0.00010	233.50626	10
574	584	0.00010	228.00459	10
575	585	0.00010	422.00683	10
576	586	0.00010	342.81003	10
577	587	0.00010	0.00010	10
578	588	0.00010	2.41780	10
579	589	0.00010	1.56606	10
580	590	0.00010	0.93966	10
581	591	0.00010	0.53248	10
582	592	0.00010	0.57101	10
583	593	0.00010	0.09865	10
584	594	0.00010	0.05662	10
585	595	0.00010	0.03187	10
586	596	0.00010	0.06049	10
587	597	0.00010	0.14025	10
588	598	0.00010	0.00627	10
589	599	0.00010	0.03904	10
590	600	0.00010	0.05022	10
591	601	0.00010	0.43416	10
592	602	0.00010	0.73905	10
593	603	0.00010	0.04409	10
594	604	0.00010	0.07459	10
595	605	0.00010	0.25108	10
596	606	0.00010	2.17895	10
597	607	0.00010	1.31547	10
598	608	0.00010	1.08375	10
599	609	0.00010	0.77800	10
600	610	0.00010	0.95070	10
601	611	0.00010	1.28375	10
602	612	0.00010	0.95480	10
603	613	0.00010	0.53026	10
604	614	0.00010	0.00010	10
605	615	0.00010	0.00010	10
606	616	0.00010	0.00010	10
607	617	0.00010	0.47348	10
608	618	0.00010	0.28346	10
609	619	0.00010	2.18649	10
610	620	0.00010	2.31029	10
611	621	0.00010	0.28533	10
612	622	0.00010	1.77581	10
613	623	0.00010	999.00000	10
614	624	0.00010	3.69605	10
615	625	0.00010	7.67458	10
616	626	0.00010	125.24759	10
617	627	0.00485	7.06871	10
618	628	0.00443	3.49972	10
619	629	0.00470	3.48347	10
620	630	0.00391	1.31026	10
621	631	0.00486	1.69195	10
622	632	0.00782	1.62294	10
623	633	0.01758	1.01831	10
624	634	0.01835	0.98387	10
625	635	0.02185	0.57287	10
626	636	0.02295	0.50669	10
627	637	0.00010	0.84357	10
628	638	0.00010	0.91008	10
629	639	0.00010	0.77787	10
630	640	0.00010	0.99854	10
631	641	0.00010	0.70704	10
632	642	0.00010	0.71499	10
633	643	0.00010	1.08092	10
634	644	0.00010	2.07241	10
635	645	0.00010	1.89328	10
636	646	0.00010	1.29692	10
637	647	0.00010	3.43217	10
638	648	0.00010	2.95219	10
639	649	0.00010	2.65698	10
640	650	0.00010	1.38929	10
641	651	0.00010	3.07309	10
642	652	0.00010	2.24645	10
643	653	0.00010	5.03589	10
644	654	0.00010	2.05455	10
645	655	0.00010	7.04764	10
646	656	0.00010	11.97410	10
647	657	0.00010	7.82199	10
648	658	0.00010	16.64867	10
649	659	0.00010	13.78568	10
650	660	0.00010	43.90655	10
651	661	0.00010	135.61213	10
652	662	0.00010	190.65531	10
653	663	0.00010	3.02791	10
654	664	0.00010	13.19463	10
655	665	0.00010	2.04073	10
656	666	0.00010	1.89768	10
657	667	0.00010	2.75258	10
658	668	0.00010	1.54026	10
659	669	0.00010	0.53729	10
660	670	0.00010	1.17015	10
661	671	0.00010	0.84564	10
662	672	0.00010	1.36836	10
663	673	0.00010	3.22129	10
664	674	0.00010	5.66884	10
665	675	0.00010	4.65856	10
666	676	0.00010	5.28671	10
667	677	0.00010	3.66398	10
668	678	0.00010	13.07237	10
669	679	0.00010	9.07838	10
670	680	0.00010	7.28676	10
671	681	0.00010	6.47946	10
672	682	0.00010	4.49839	10
673	683	0.00010	6.03305	10
674	684	0.00010	3.24940	10
675	685	0.00010	5.00979	10
676	686	0.00010	4.83526	10
677	687	0.00010	2.00376	10
678	688	0.00010	1.82406	10
679	689	0.00010	0.91505	10
680	690	0.00010	1.95963	10
681	691	0.00010	1.27521	10
682	692	0.00010	1.05467	10
683	693	0.00010	1.01033	10
684	694	0.00010	2.76851	10
685	695	0.00010	2.85784	10
686	696	0.00010	1.43135	10
687	697	0.00010	2.74968	10
688	698	0.00010	1.71589	10
689	699	0.00010	1.60149	10
690	700	0.00010	2.66980	10
691	701	0.00010	3.42321	10
692	702	0.00010	3.58194	10
693	703	0.00010	5.27958	10
694	704	0.00010	3.60562	10
695	705	0.00010	5.12750	10
696	706	0.00010	3.39222	10
697	707	0.00652	2.44371	10
698	708	0.00853	2.75810	10
699	709	0.00613	6.17935	10
700	710	0.00705	4.37997	10
701	711	0.00837	3.62183	10
702	712	0.00451	3.05729	10
703	713	0.00363	2.99627	10
704	714	0.01128	3.23438	10
705	715	0.01128	3.23438	10
706	716	0.02084	2.32252	10
707	717	0.00947	1.06064	10
708	718	0.03934	0.78393	10
709	719	0.05932	1.17631	10
710	720	0.14683	2.54625	10
711	721	0.14330	2.31965	10
712	722	0.12391	1.60442	10
713	723	0.08087	1.41253	10
714	724	0.08971	1.15828	10
715	725	0.09302	1.19990	10
716	726	0.05984	1.12730	10
717	727	0.03284	0.92614	10
718	728	0.00091	9.69242	10
719	729	0.00758	0.36234	10
720	730	0.00023	0.45307	10
721	731	0.00021	0.42581	10
722	732	0.00027	2.11161	10
723	733	0.10797	7.28649	10
724	734	0.15432	8.10357	10
725	735	0.08637	999.00000	10
726	736	0.31113	999.00000	10
727	737	0.70898	999.00000	10
728	738	0.07798	0.79580	10
729	739	0.05880	1.79334	10
730	740	0.03556	0.85308	10
731	741	0.00148	5.45950	10
732	742	0.00346	9.29296	10
733	743	0.01256	2.37371	10
734	744	0.04172	1.17982	10
735	745	0.03205	1.54825	10
736	746	0.00066	3.24595	10
737	747	0.00131	2.15165	10
738	748	0.00052	10.53419	10
739	749	0.00111	25.17326	10
740	750	0.00010	18.72638	10
741	751	0.00010	11.61194	10
742	752	0.00010	9.33533	10
743	753	0.00010	107.69301	10
744	754	0.00010	97.00696	10
745	755	0.00010	197.58768	10
746	756	0.00010	0.02270	10
747	757	0.00010	3.27675	10
748	758	0.00010	0.00396	10
749	759	0.00010	1.30003	10
750	760	0.00010	999.00000	10
751	761	0.00010	999.00000	10
752	762	0.00010	999.00000	10
753	763	0.00010	999.00000	10
754	764	0.01627	0.58420	10
755	765	0.00921	0.69728	10
756	766	0.00918	0.99272	10
757	767	0.00683	1.01686	10
758	768	0.00877	1.05386	10
759	769	0.00669	1.28812	10
760	770	0.00649	1.13003	10
761	771	0.00661	1.30121	10
762	772	0.00639	1.31680	10
763	773	0.00038	2.28715	10
764	774	0.01381	1.84828	10
765	775	0.04755	1.79281	10
766	776	0.08120	3.37849	10
767	777	0.04868	3.43765	10
768	778	0.03186	9.42766	10
769	779	0.06561	4.49415	10
770	780	0.15251	2.68339	10
771	781	0.12286	2.22170	10
772	782	0.16009	2.61379	10
773	783	0.13657	1.81207	10
774	784	0.08222	1.44102	10
775	785	0.06515	0.97517	10
776	786	0.01889	0.91231	10
777	787	0.01579	0.18920	10
778	788	0.05003	0.23669	10
779	789	0.03433	0.19103	10
780	790	0.00033	0.00010	10
781	791	0.01174	0.00010	10
782	792	0.02504	0.09660	10
783	793	0.01001	0.12846	10
784	794	0.00983	0.15591	10
785	795	0.00653	0.18655	10
786	796	0.00751	0.16509	10
787	797	0.01299	0.74868	10
788	798	0.00539	0.28260	10
789	799	0.03981	2.41582	10
790	800	0.05925	4.55856	10
791	801	0.00010	999.00000	10
792	802	0.00010	999.00000	10
793	803	0.04723	4.11806	10
794	804	0.03496	5.54904	10
795	805	0.02044	6.21139	10
796	806	0.05127	2.10536	10
797	807	0.06997	1.49179	10
798	808	0.01229	0.18522	10
799	809	0.06409	0.55712	10
800	810	0.03843	0.54894	10
801	811	0.01253	0.12225	10
802	812	0.03205	0.67286	10
803	813	0.02229	0.45544	10
804	814	0.03356	1.05663	10
805	815	0.03141	3.37254	10
806	816	0.03878	3.17013	10
807	817	0.01718	7.10346	10
808	818	0.01524	5.09416	10
809	819	0.00010	5.73126	10
810	820	0.00010	20.73254	10
811	821	0.00010	7.55222	10
812	822	0.00010	9.29154	10
813	823	0.00010	24.81032	10
814	824	0.00010	16.78859	10
815	825	0.00010	7.13716	10
816	826	0.00010	11.24192	10
817	827	0.00010	7.20558	10
818	828	0.00010	290.27339	10
819	829	0.00010	12.48824	10
820	830	0.00010	18.19861	10
821	831	0.00010	13.36438	10
822	832	0.00010	56.68483	10
823	833	0.00010	179.99869	10
824	834	0.00010	117.28282	10
825	835	0.00010	14.64808	10
826	836	0.00010	3.33018	10
827	837	0.00010	4.07737	10
828	838	0.00145	2.86082	10
829	839	0.00135	5.88692	10
830	840	0.00098	3.36193	10
831	841	0.03534	1.27932	10
832	842	0.00219	0.00010	10
833	843	0.00343	0.00010	10
834	844	0.00434	0.00010	10
835	845	0.00725	0.00010	10
