range_start	range_stop	omega	kappa	window_size
1	11	0.03987	1.37169	10
2	12	0.08452	0.31597	10
3	13	0.01791	2.17897	10
4	14	0.09524	2.15305	10
5	15	0.04863	4.37376	10
6	16	0.11023	3.65773	10
7	17	0.35432	4.26604	10
8	18	0.47217	3.87149	10
9	19	0.87631	2.71245	10
10	20	nan	nan	10
11	21	nan	nan	10
12	22	0.14927	0.44772	10
13	23	0.11707	0.24571	10
14	24	0.65839	1.85233	10
15	25	0.56002	1.46524	10
16	26	0.54929	1.34100	10
17	27	0.53081	1.76507	10
18	28	0.44472	2.04987	10
19	29	0.43036	2.90573	10
20	30	0.45388	4.19472	10
21	31	0.53506	9.02932	10
22	32	0.40267	15.41635	10
23	33	0.28762	6.96764	10
24	34	0.20084	2.53916	10
25	35	0.26958	2.46986	10
26	36	0.13731	1.32562	10
27	37	0.27609	2.03802	10
28	38	0.37846	1.89710	10
29	39	0.29929	1.25390	10
30	40	1.01558	0.99320	10
31	41	1.77159	1.14107	10
32	42	1.61651	2.13432	10
33	43	1.44743	3.01568	10
34	44	1.48737	3.12863	10
35	45	1.36968	1.90759	10
36	46	1.99104	16.92999	10
37	47	1.82399	24.93666	10
38	48	1.53972	10.81735	10
39	49	1.50670	21.92904	10
40	50	1.17419	21.86669	10
41	51	0.51732	14.46081	10
42	52	0.66503	11.83170	10
43	53	0.05193	2.27130	10
44	54	0.05193	2.27130	10
45	55	0.02208	0.72223	10
46	56	2.57108	0.06176	10
47	57	1.77753	0.01984	10
48	58	1.49206	0.00010	10
49	59	1.34438	0.00010	10
50	60	2.45998	0.00010	10
51	61	2.21626	0.28547	10
52	62	1.60276	0.22356	10
53	63	1.41714	0.27280	10
54	64	0.78605	0.36047	10
55	65	1.27634	0.11775	10
56	66	1.83206	0.53483	10
57	67	1.32679	0.77504	10
58	68	1.36767	0.70655	10
59	69	0.58558	0.73385	10
60	70	1.18237	0.68523	10
61	71	1.17373	0.96307	10
62	72	1.33763	0.99671	10
63	73	1.33763	0.99671	10
64	74	1.43685	1.71165	10
65	75	0.93018	1.76065	10
66	76	1.85760	1.92555	10
67	77	35.28062	0.71493	10
68	78	999.00000	0.60649	10
69	79	5.06457	0.77183	10
70	80	2.59746	0.82394	10
71	81	1.64997	1.13028	10
72	82	2.33148	1.13885	10
73	83	2.33148	1.13885	10
74	84	2.13063	1.08068	10
75	85	2.12427	0.92992	10
76	86	4.23130	3.54408	10
77	87	2.46088	1.85161	10
78	88	2.05114	2.15470	10
79	89	3.40615	2.41293	10
80	90	3.78771	3.31087	10
81	91	9.44937	1.67855	10
82	92	3.61747	2.56800	10
83	93	4.80973	2.74204	10
84	94	3.93369	3.30585	10
85	95	3.43631	3.05119	10
86	96	2.85829	2.96048	10
87	97	3.48152	3.72275	10
88	98	3.48152	3.72275	10
89	99	5.36138	5.51407	10
90	100	3.97056	5.47409	10
91	101	2.32972	6.11614	10
92	102	4.67266	9.06149	10
93	103	2.15810	3.70160	10
94	104	0.78982	2.74082	10
95	105	1.31264	2.37384	10
96	106	1.78453	2.65215	10
97	107	1.29652	2.52469	10
98	108	1.29652	2.52469	10
99	109	1.00723	1.59029	10
100	110	2.13986	1.53685	10
101	111	2.86986	1.57933	10
102	112	2.65267	0.85536	10
103	113	1.19413	0.96373	10
104	114	3.95633	2.80920	10
105	115	3.25945	6.71711	10
106	116	2.22406	9.79231	10
107	117	6.55774	32.87841	10
108	118	6.11092	30.22233	10
109	119	6.09503	31.38746	10
110	120	1.04232	61.62899	10
111	121	0.14127	0.00010	10
112	122	1.25173	0.00010	10
113	123	0.97924	1.87826	10
114	124	0.81918	2.56527	10
115	125	0.69603	2.80060	10
116	126	0.48487	3.17778	10
117	127	0.03825	9.13393	10
118	128	0.01863	5.76426	10
119	129	0.02041	3.38765	10
120	130	0.01966	3.77001	10
121	131	0.06163	19.70862	10
122	132	0.06191	3.24982	10
123	133	0.06041	3.20958	10
124	134	0.04229	2.67667	10
125	135	0.05798	2.44876	10
126	136	0.09049	1.61923	10
127	137	0.16936	1.58178	10
128	138	0.18518	2.27298	10
129	139	0.23135	1.60750	10
130	140	0.24598	1.61683	10
131	141	0.20960	1.20988	10
132	142	0.23473	1.42660	10
133	143	0.28525	1.38299	10
134	144	0.49952	1.07108	10
135	145	0.60910	1.83634	10
136	146	0.68822	1.66542	10
137	147	0.70325	10.96350	10
138	148	0.87455	0.67659	10
139	149	1.34837	1.21326	10
140	150	1.84298	3.92353	10
141	151	3.30887	8.01012	10
142	152	4.52840	13.76345	10
143	153	4.16453	5.93011	10
144	154	1.79299	4.44897	10
145	155	1.27674	4.79080	10
146	156	1.49724	5.45820	10
147	157	1.61793	5.08838	10
148	158	1.29203	11.53557	10
149	159	1.23062	9.76915	10
150	160	0.98866	4.45872	10
151	161	1.66394	4.65138	10
152	162	1.15317	5.32454	10
153	163	1.51218	2.93697	10
154	164	1.84659	4.05630	10
155	165	1.97212	3.63578	10
156	166	1.96883	8.13076	10
157	167	3.30878	6.85422	10
158	168	3.88405	3.38393	10
159	169	3.26238	5.00204	10
160	170	999.00000	7.02619	10
161	171	999.00000	5.08222	10
162	172	999.00000	5.29042	10
163	173	999.00000	4.15811	10
164	174	999.00000	3.93744	10
165	175	999.00000	3.31367	10
166	176	999.00000	4.03664	10
167	177	999.00000	3.49157	10
168	178	999.00000	6.06697	10
169	179	999.00000	3.50630	10
170	180	999.00000	5.81390	10
171	181	999.00000	9.10467	10
172	182	999.00000	9.47347	10
173	183	999.00000	48.89229	10
174	184	999.00000	69.34959	10
175	185	999.00000	25.39538	10
176	186	999.00000	13.73254	10
177	187	29.14543	12.38308	10
178	188	16.02374	9.10946	10
179	189	9.48352	6.72984	10
180	190	6.63607	5.22311	10
181	191	4.55127	3.64610	10
182	192	2.60036	1.26249	10
183	193	3.23880	0.95427	10
184	194	2.96512	0.87894	10
185	195	2.38215	1.09579	10
186	196	3.52814	1.75783	10
187	197	6.58852	2.28751	10
188	198	4.40990	2.42565	10
189	199	5.94232	3.18640	10
190	200	6.28266	4.82445	10
191	201	5.08609	5.13416	10
192	202	7.96235	6.23438	10
193	203	9.17303	7.59723	10
194	204	3.89179	6.44933	10
195	205	5.42007	8.17871	10
196	206	4.97692	9.99361	10
197	207	6.86984	8.30896	10
198	208	11.39008	8.55742	10
199	209	4.87647	5.38335	10
200	210	5.37617	4.54221	10
201	211	3.64579	4.10922	10
202	212	2.56636	3.37547	10
203	213	2.38074	3.81868	10
204	214	4.96922	6.06665	10
205	215	2.40505	3.87215	10
206	216	2.17616	3.08225	10
207	217	2.22549	3.15520	10
208	218	1.53094	3.53669	10
209	219	3.14823	5.64828	10
210	220	1.97337	8.24083	10
211	221	2.29805	5.47245	10
212	222	4.61932	4.91021	10
213	223	7.45867	5.76106	10
214	224	7.39775	4.64728	10
215	225	28.78125	7.70624	10
216	226	26.91630	9.44466	10
217	227	27.52344	13.14599	10
218	228	35.74544	14.69239	10
219	229	28.79048	14.33961	10
220	230	28.35121	12.95492	10
221	231	55.44021	21.32097	10
222	232	432.88855	259.99897	10
223	233	37.86504	54.73422	10
224	234	0.70666	5.34999	10
225	235	1.95082	3.70954	10
226	236	2.06546	2.28369	10
227	237	2.05329	1.49583	10
228	238	3.24011	1.46168	10
229	239	3.11780	2.03898	10
230	240	3.95603	2.29172	10
231	241	1.79855	2.51774	10
232	242	1.37986	5.37188	10
233	243	1.28107	5.04085	10
234	244	1.71912	6.27270	10
235	245	1.16575	6.94698	10
236	246	1.00850	5.67057	10
237	247	1.14198	3.94243	10
238	248	0.46566	6.76109	10
239	249	0.70597	4.94364	10
240	250	0.59300	6.10008	10
241	251	0.64455	4.96441	10
242	252	1.14217	2.97098	10
243	253	2.40549	2.07647	10
244	254	2.66138	1.93411	10
245	255	2.90409	2.60093	10
246	256	2.32064	3.19459	10
247	257	2.20194	3.32925	10
248	258	2.15432	2.77835	10
249	259	3.49426	2.98736	10
250	260	2.24906	2.63019	10
251	261	2.25875	2.54886	10
252	262	1.78522	2.81332	10
253	263	2.54038	3.17927	10
254	264	3.64218	2.60348	10
255	265	9.54136	1.32918	10
256	266	11.79466	1.20390	10
257	267	11.99827	1.12257	10
258	268	12.21730	2.15244	10
259	269	5.77403	1.98682	10
260	270	8.59992	2.78308	10
261	271	8.28683	2.64310	10
262	272	8.10335	2.64435	10
263	273	7.10521	2.85158	10
264	274	5.24945	3.47796	10
265	275	5.34469	3.24817	10
266	276	2.39095	2.96453	10
267	277	2.64255	3.38771	10
268	278	1.40538	6.28211	10
269	279	0.13879	7.47251	10
272	282	nan	nan	10
273	283	nan	nan	10
274	284	nan	nan	10
275	285	nan	nan	10
276	286	nan	nan	10
277	287	nan	nan	10
278	288	nan	nan	10
279	289	nan	nan	10
280	290	6.88512	0.94996	10
281	291	9.77642	1.18072	10
282	292	8.33459	1.59346	10
283	293	999.00000	2.73330	10
284	294	999.00000	3.12849	10
285	295	999.00000	3.84863	10
286	296	13.35287	6.71295	10
287	297	17.02252	5.40056	10
288	298	8.11826	5.33518	10
289	299	3.83317	7.58356	10
290	300	3.58088	6.79562	10
291	301	2.04850	3.18873	10
292	302	3.72610	3.03620	10
293	303	3.66532	2.21741	10
294	304	3.20176	3.55243	10
295	305	1.99938	2.70213	10
296	306	5.14067	3.22626	10
297	307	3.45096	2.55488	10
298	308	3.03298	2.04625	10
299	309	3.75038	1.82872	10
300	310	4.68108	1.35350	10
301	311	5.58957	1.96493	10
302	312	4.46981	2.63471	10
303	313	12.55396	3.20881	10
304	314	8.33108	1.81475	10
305	315	8.40604	1.90478	10
306	316	7.77697	1.95018	10
307	317	8.07408	1.98625	10
308	318	16.39748	2.80123	10
309	319	15.62854	4.26332	10
310	320	16.73828	7.89019	10
311	321	13.77861	6.75235	10
312	322	13.96706	6.63175	10
313	323	13.51357	4.53343	10
314	324	999.00000	7.51393	10
315	325	999.00000	7.45753	10
316	326	999.00000	7.26705	10
317	327	9.52127	14.56751	10
318	328	7.48328	16.25227	10
319	329	9.95859	14.54540	10
320	330	3.13127	15.24505	10
321	331	3.52475	14.55727	10
322	332	2.73687	19.91414	10
323	333	2.18766	34.76402	10
324	334	1.62543	40.32950	10
325	335	2.47423	23.17967	10
326	336	2.35973	14.28098	10
327	337	3.42752	8.49680	10
328	338	4.19858	11.92199	10
329	339	5.51806	23.65617	10
330	340	7.59018	25.21885	10
331	341	6.93261	28.99141	10
332	342	999.00000	6.50158	10
333	343	999.00000	5.92693	10
334	344	999.00000	3.80932	10
335	345	6.18834	5.38991	10
336	346	6.22626	5.68956	10
337	347	5.80285	6.18967	10
338	348	6.24734	8.30658	10
339	349	7.33679	9.30516	10
340	350	2.12465	8.60448	10
341	351	1.67218	7.76931	10
342	352	1.80927	12.98360	10
343	353	1.91622	12.91261	10
344	354	2.40825	15.62961	10
345	355	2.71567	16.46766	10
346	356	2.40368	10.47998	10
347	357	2.93218	8.49615	10
348	358	2.71889	6.95691	10
349	359	2.28931	4.86018	10
350	360	999.00000	1.96200	10
351	361	999.00000	2.49979	10
352	362	999.00000	1.98546	10
353	363	999.00000	2.16521	10
354	364	999.00000	2.35860	10
355	365	999.00000	2.11919	10
356	366	999.00000	1.85981	10
357	367	999.00000	3.21016	10
358	368	999.00000	4.91091	10
359	369	999.00000	4.60372	10
360	370	999.00000	6.87720	10
361	371	5.50939	9.11718	10
362	372	5.93538	8.17324	10
363	373	6.35656	9.71238	10
364	374	6.25342	6.45321	10
365	375	5.83199	6.81756	10
366	376	5.63999	6.66248	10
367	377	3.36113	8.32342	10
368	378	2.98702	7.06514	10
369	379	3.03502	5.26027	10
370	380	2.83574	4.89540	10
371	381	5.42934	3.79010	10
372	382	3.70189	6.28452	10
373	383	5.12025	5.08972	10
374	384	7.66070	5.48588	10
375	385	6.15725	6.09271	10
376	386	4.60032	6.01969	10
377	387	9.96198	5.59509	10
378	388	20.08558	7.51355	10
379	389	999.00000	16.52665	10
380	390	999.00000	12.48030	10
381	391	999.00000	13.17965	10
382	392	999.00000	10.98736	10
383	393	16.43941	17.81739	10
384	394	4.62621	9.21335	10
385	395	3.87488	7.45249	10
386	396	4.70344	8.51802	10
387	397	3.29738	6.82297	10
388	398	2.70724	4.79269	10
389	399	3.00057	4.09376	10
390	400	4.29297	6.40794	10
391	401	3.54393	2.68361	10
392	402	2.94374	2.58855	10
393	403	2.87281	2.65456	10
394	404	50.29379	2.43806	10
395	405	33.22150	2.83226	10
396	406	26.41332	4.38547	10
397	407	24.30640	3.87145	10
398	408	22.35112	3.82908	10
399	409	18.92172	3.55758	10
400	410	16.87387	3.55302	10
401	411	18.96198	8.36607	10
402	412	999.00000	10.04583	10
403	413	999.00000	7.31703	10
404	414	999.00000	13.04170	10
405	415	999.00000	20.05657	10
406	416	999.00000	11.45800	10
407	417	999.00000	12.16213	10
408	418	999.00000	999.00000	10
409	419	999.00000	11.01117	10
410	420	999.00000	9.59233	10
411	421	999.00000	7.08970	10
412	422	999.00000	0.78246	10
413	423	999.00000	0.80778	10
414	424	999.00000	0.56403	10
415	425	999.00000	0.70527	10
416	426	999.00000	1.13288	10
417	427	999.00000	1.87084	10
418	428	999.00000	2.07095	10
419	429	6.11699	2.11300	10
420	430	6.11699	2.11300	10
421	431	2.92328	3.04700	10
422	432	4.25221	3.22280	10
423	433	3.67597	2.06636	10
424	434	5.12087	3.55347	10
425	435	6.21401	2.72106	10
426	436	5.79425	2.15937	10
427	437	5.77199	1.47553	10
428	438	3.56625	2.42090	10
429	439	4.09969	2.85547	10
430	440	2.73865	2.90789	10
431	441	4.68688	2.30680	10
432	442	3.18269	1.70722	10
433	443	2.10582	2.91195	10
434	444	1.52928	1.74090	10
435	445	2.50162	2.62251	10
436	446	1.97013	3.77936	10
437	447	1.80470	7.21015	10
438	448	3.29581	6.66629	10
439	449	3.86194	6.33256	10
440	450	4.37792	6.23020	10
441	451	3.23648	5.04326	10
442	452	5.28117	5.60880	10
443	453	29.71236	4.07421	10
444	454	12.20224	3.79595	10
445	455	7.91360	3.80981	10
446	456	8.99458	3.44014	10
447	457	7.82435	2.70708	10
448	458	4.03516	3.91487	10
449	459	2.99200	3.60133	10
450	460	3.98545	2.72757	10
451	461	4.83778	3.57557	10
452	462	4.22725	4.01657	10
453	463	2.55750	3.95560	10
454	464	4.15831	5.56218	10
455	465	3.80006	6.15130	10
456	466	3.41373	4.19079	10
457	467	2.02232	2.37013	10
458	468	999.00000	1.68028	10
459	469	999.00000	2.14377	10
460	470	5.04059	2.19060	10
461	471	3.58024	1.75574	10
462	472	4.73985	2.81086	10
463	473	4.71253	3.20905	10
464	474	3.99876	2.97770	10
465	475	4.20115	2.35067	10
466	476	4.90899	2.28470	10
467	477	5.83854	2.77003	10
468	478	4.14505	6.19943	10
469	479	2.06190	3.81808	10
470	480	3.06826	2.49100	10
471	481	2.19831	2.76534	10
472	482	2.96116	3.35135	10
473	483	1.18455	2.73059	10
474	484	1.04641	5.08401	10
475	485	0.53792	4.62921	10
476	486	0.68553	3.58274	10
477	487	0.86987	4.56695	10
478	488	1.10540	3.45073	10
479	489	1.48523	3.57938	10
480	490	1.93717	2.49216	10
481	491	1.43672	7.04529	10
482	492	1.30991	2.79199	10
483	493	1.69600	3.70886	10
484	494	1.89129	4.03352	10
485	495	1.67981	4.54370	10
486	496	0.67868	3.21778	10
487	497	1.11514	2.64190	10
488	498	0.83936	1.66544	10
489	499	1.17747	1.34948	10
490	500	0.95338	2.50765	10
491	501	0.62327	1.09291	10
492	502	0.85257	2.33362	10
493	503	0.51835	1.69264	10
494	504	0.57866	1.72434	10
495	505	0.71749	0.52475	10
496	506	0.90849	2.11608	10
497	507	0.48933	0.00010	10
498	508	0.26727	0.00010	10
499	509	0.48949	0.00010	10
500	510	0.49956	2.19863	10
501	511	1.54278	0.40535	10
502	512	6.40891	11.01823	10
503	513	13.38467	7.53564	10
504	514	6.63249	11.78723	10
505	515	3.16137	12.80271	10
506	516	2.05573	3.45643	10
507	517	1.24256	3.16073	10
508	518	1.36125	2.58078	10
509	519	1.75250	1.84463	10
510	520	1.28567	2.29311	10
511	521	1.61276	2.03783	10
512	522	1.73282	2.18051	10
513	523	1.99420	4.29895	10
514	524	0.79175	3.31121	10
515	525	2.67379	2.07709	10
516	526	999.00000	8.80201	10
517	527	999.00000	6.62695	10
518	528	999.00000	10.41078	10
519	529	999.00000	21.79543	10
520	530	8.19383	27.94379	10
521	531	7.50929	23.12122	10
522	532	5.60656	18.45060	10
523	533	7.00336	17.86969	10
524	534	7.01920	7.47449	10
525	535	4.49166	5.43340	10
526	536	4.40651	4.30415	10
527	537	3.31412	6.71824	10
528	538	2.87570	4.64600	10
529	539	2.33811	4.64929	10
530	540	5.87331	4.51615	10
531	541	7.26198	2.91650	10
532	542	1.73281	3.79159	10
533	543	2.50928	3.37728	10
534	544	2.57903	6.87769	10
535	545	5.76955	5.72494	10
536	546	4.88934	6.59421	10
537	547	3.19876	3.52091	10
538	548	36.60830	12.96572	10
539	549	6.64610	5.41474	10
540	550	5.81963	4.36538	10
541	551	2.37448	3.19777	10
542	552	2.48665	2.04199	10
543	553	2.75138	1.93030	10
544	554	7.52631	2.56957	10
545	555	2.81150	1.07868	10
546	556	3.14216	1.25041	10
547	557	1.88830	1.42926	10
548	558	1.81443	1.26883	10
549	559	2.04890	1.22007	10
550	560	74.15364	0.00010	10
551	561	1.17374	1.45149	10
552	562	999.00000	3.97543	10
553	563	999.00000	5.20267	10
554	564	6.81922	2.47519	10
555	565	1.75752	4.64957	10
556	566	1.46320	2.75171	10
557	567	649.47862	0.00010	10
558	568	999.00000	10.43674	10
559	569	nan	nan	10
