range_start	range_stop	omega	kappa	window_size
1	11	0.01593	1.24204	10
2	12	0.06308	1.94396	10
3	13	0.07887	2.36055	10
4	14	0.05984	2.28799	10
5	15	0.08488	1.50686	10
6	16	0.08587	1.47834	10
7	17	0.14566	1.11078	10
8	18	0.13499	1.77839	10
9	19	0.12699	1.79156	10
10	20	0.22054	0.99055	10
11	21	0.26293	1.22155	10
12	22	0.17963	0.87179	10
13	23	0.12450	0.89886	10
14	24	0.09259	0.97281	10
15	25	0.06881	1.48014	10
16	26	0.07522	1.85003	10
17	27	0.05003	2.46853	10
18	28	0.05385	2.11269	10
19	29	0.04754	2.49189	10
20	30	0.05736	4.58698	10
21	31	0.10057	2.85188	10
22	32	0.09466	2.81154	10
23	33	0.09822	2.46177	10
24	34	0.04772	0.76044	10
25	35	0.03990	1.29697	10
26	36	0.02993	1.74592	10
27	37	0.09122	0.85979	10
28	38	0.02077	0.23419	10
29	39	0.03438	0.70675	10
30	40	0.02101	0.36785	10
31	41	0.00736	0.46221	10
32	42	0.04505	0.63153	10
33	43	0.07379	0.93867	10
34	44	0.05745	1.79687	10
35	45	0.07733	0.90734	10
36	46	0.12196	0.85473	10
37	47	0.07941	0.74154	10
38	48	0.06195	1.57643	10
39	49	0.02108	1.65857	10
40	50	0.06795	1.09848	10
41	51	0.06656	0.94237	10
42	52	0.01890	0.14657	10
43	53	0.02973	0.15681	10
44	54	0.10274	0.20596	10
45	55	0.14995	0.37443	10
46	56	0.11808	0.29652	10
47	57	0.07875	0.33381	10
48	58	0.13525	0.56095	10
49	59	0.17383	1.08413	10
50	60	0.19440	0.96633	10
51	61	0.08584	0.39079	10
52	62	0.08386	0.53525	10
53	63	0.09513	0.79987	10
54	64	0.06678	0.78382	10
55	65	0.06296	1.39075	10
56	66	0.11133	2.10854	10
57	67	0.11323	2.43336	10
58	68	0.13385	2.34757	10
59	69	0.07007	1.80983	10
60	70	0.05680	2.53723	10
61	71	0.10548	2.27509	10
62	72	0.10575	2.40352	10
63	73	0.14041	2.57464	10
64	74	0.17354	2.38600	10
65	75	0.14480	2.10132	10
66	76	0.06108	2.09749	10
67	77	0.08562	1.65077	10
68	78	0.02486	4.24433	10
69	79	0.05151	3.42633	10
70	80	0.08980	2.14953	10
71	81	0.07352	3.49943	10
72	82	0.04384	3.78993	10
73	83	0.02707	2.26453	10
74	84	0.04781	3.30682	10
75	85	0.04803	2.97639	10
76	86	0.03495	2.69322	10
77	87	0.05946	3.23344	10
78	88	0.11641	2.26715	10
79	89	0.05474	1.53785	10
80	90	0.12894	1.60418	10
81	91	0.05139	1.10775	10
82	92	0.22332	1.68310	10
83	93	0.30621	2.23285	10
84	94	0.30745	2.09243	10
85	95	0.26280	1.43785	10
86	96	0.22292	2.50797	10
87	97	0.20882	1.75229	10
88	98	0.15762	2.13203	10
89	99	0.17209	2.28912	10
90	100	0.18659	2.16218	10
91	101	0.15639	2.05201	10
92	102	0.07954	1.63371	10
93	103	0.05475	1.39794	10
94	104	0.07052	1.55781	10
95	105	0.13702	3.79879	10
96	106	0.11681	2.35929	10
97	107	0.06397	3.62227	10
98	108	0.04529	1.41624	10
99	109	0.05642	1.59367	10
100	110	0.10343	3.35668	10
101	111	0.14730	2.95162	10
102	112	0.15598	2.84740	10
103	113	0.12800	2.95710	10
104	114	0.07010	5.00219	10
105	115	0.16782	2.81917	10
106	116	0.19478	3.46328	10
107	117	0.21801	2.89526	10
108	118	0.15709	3.26614	10
109	119	0.10222	2.93279	10
110	120	0.06231	1.86099	10
111	121	0.04842	1.53934	10
112	122	0.01900	0.71796	10
113	123	0.10592	1.15440	10
114	124	0.09944	1.45199	10
115	125	0.06262	3.29936	10
116	126	0.19546	2.04404	10
117	127	0.12775	1.77420	10
118	128	0.17198	2.24030	10
119	129	0.14696	2.21004	10
120	130	0.15817	2.35496	10
121	131	0.31015	3.60339	10
122	132	0.23469	5.90136	10
123	133	0.04145	9.26507	10
124	134	0.05393	6.07634	10
125	135	0.02175	21.09390	10
126	136	0.00104	13.71996	10
127	137	0.00098	14.83107	10
128	138	0.00637	10.85692	10
129	139	0.00353	17.51830	10
130	140	0.00336	9.27123	10
131	141	0.00010	68.27418	10
132	142	0.00010	3.38446	10
133	143	0.00010	1.30238	10
134	144	0.00010	1.06850	10
135	145	0.00010	1.91063	10
136	146	0.00010	2.78947	10
137	147	0.00010	1.79481	10
138	148	0.00010	2.47250	10
139	149	0.04745	1.67757	10
140	150	0.09382	1.69243	10
141	151	0.08799	2.01484	10
142	152	0.09644	3.03923	10
143	153	0.11577	2.25175	10
144	154	0.16825	1.17374	10
145	155	0.16327	1.22736	10
146	156	0.18347	1.09845	10
147	157	0.18583	1.51890	10
148	158	0.14604	1.58781	10
149	159	0.12158	1.15256	10
150	160	0.09471	1.03485	10
151	161	0.13447	1.04781	10
152	162	0.15890	1.05689	10
153	163	0.22272	1.28326	10
154	164	0.16087	2.08869	10
155	165	0.07757	1.95165	10
156	166	0.08875	2.68630	10
157	167	0.04645	1.42962	10
158	168	0.05289	1.36836	10
159	169	0.06104	2.93832	10
160	170	0.07565	2.18611	10
161	171	0.06218	2.15851	10
162	172	0.05066	1.11146	10
163	173	0.02876	0.76518	10
164	174	0.03911	0.96042	10
165	175	0.05167	0.91706	10
166	176	0.06075	0.93140	10
167	177	0.09606	0.95630	10
168	178	0.07230	0.74302	10
169	179	0.08876	0.84302	10
170	180	0.05715	1.07612	10
171	181	0.07504	0.95187	10
172	182	0.00010	1.12482	10
173	183	0.00010	0.07916	10
174	184	0.00010	0.10366	10
175	185	0.00010	1.54326	10
176	186	0.00010	1.24895	10
177	187	0.03258	0.39807	10
178	188	0.04395	0.57872	10
179	189	0.05276	0.48367	10
180	190	0.06110	0.84219	10
181	191	0.15388	1.82598	10
182	192	0.26999	3.56907	10
183	193	0.22983	2.16271	10
184	194	0.38717	3.57245	10
185	195	0.26038	4.13027	10
186	196	0.27835	3.90247	10
187	197	0.23124	4.17410	10
188	198	0.29339	4.31361	10
189	199	0.30600	5.71207	10
190	200	0.35013	3.42002	10
191	201	0.22820	2.77628	10
192	202	0.28447	2.91035	10
193	203	0.32646	2.52857	10
194	204	0.33474	2.24145	10
195	205	0.27796	1.29219	10
196	206	0.24354	0.97551	10
197	207	0.26507	1.45190	10
198	208	0.19326	1.47568	10
199	209	0.16057	1.55101	10
200	210	0.11535	0.99044	10
201	211	0.10512	1.02811	10
202	212	0.08600	0.78520	10
203	213	0.08376	1.65720	10
204	214	0.14463	0.85726	10
205	215	0.14662	0.93758	10
206	216	0.18008	0.92659	10
207	217	0.13904	0.96518	10
208	218	0.21567	0.76301	10
209	219	0.16482	0.63787	10
210	220	0.22709	0.93830	10
211	221	0.23214	1.18006	10
212	222	0.25748	1.52417	10
213	223	0.23088	1.18645	10
214	224	0.18260	1.42852	10
215	225	0.16874	2.26913	10
216	226	0.21826	4.20678	10
217	227	0.30052	3.24059	10
218	228	0.34243	3.24782	10
219	229	0.47666	2.54517	10
220	230	0.52228	2.69439	10
221	231	0.44825	1.96730	10
222	232	0.41908	2.09860	10
223	233	0.43240	1.71248	10
224	234	0.33566	1.84309	10
225	235	0.31878	1.34620	10
226	236	0.20060	0.69215	10
227	237	0.22990	0.78611	10
228	238	0.27069	0.75320	10
229	239	0.27071	0.70238	10
230	240	0.18953	0.75900	10
231	241	0.35328	0.94920	10
232	242	0.26713	0.73420	10
233	243	0.22705	0.58306	10
234	244	0.31780	0.63986	10
235	245	0.43018	0.59168	10
236	246	0.68018	0.82881	10
237	247	0.54535	0.66265	10
238	248	0.33447	1.11057	10
239	249	0.35059	1.44164	10
240	250	0.41847	1.55240	10
241	251	0.31940	1.21776	10
242	252	0.26165	1.35896	10
243	253	0.18994	2.49017	10
244	254	0.27444	2.73527	10
245	255	0.26045	3.19464	10
246	256	0.23750	1.90687	10
247	257	0.35496	1.75809	10
248	258	0.42854	1.46849	10
249	259	0.42696	1.18189	10
250	260	0.34378	0.89977	10
251	261	0.29015	1.07437	10
252	262	0.32689	0.81673	10
253	263	0.27074	0.59060	10
254	264	0.37485	1.16795	10
255	265	0.27607	1.25753	10
256	266	0.21883	1.85266	10
257	267	0.14017	1.95682	10
258	268	0.10936	1.76581	10
259	269	0.09540	2.56976	10
260	270	0.08422	2.97395	10
261	271	0.07283	3.28286	10
262	272	0.07213	3.63800	10
263	273	0.07795	3.68809	10
264	274	0.03832	6.22789	10
265	275	0.02830	6.15301	10
266	276	0.03376	4.93197	10
267	277	0.03481	6.22771	10
268	278	0.05634	7.23343	10
269	279	0.03565	7.91965	10
270	280	0.09009	6.06758	10
271	281	0.14514	7.17075	10
272	282	0.15839	4.47767	10
273	283	0.18447	3.68271	10
274	284	0.18246	4.17923	10
275	285	0.19509	4.19476	10
276	286	0.30540	4.65182	10
277	287	0.28138	5.03148	10
278	288	0.19344	3.45394	10
279	289	0.27572	3.20928	10
280	290	0.15801	2.77639	10
281	291	0.07467	1.35437	10
282	292	0.09576	1.53061	10
283	293	0.07445	1.48070	10
284	294	0.14569	1.57596	10
285	295	0.18959	1.87236	10
286	296	0.43800	3.57306	10
287	297	0.47214	3.11346	10
288	298	0.47150	3.33511	10
289	299	0.63333	2.53068	10
290	300	0.64739	2.68082	10
291	301	0.91942	2.95558	10
292	302	1.02873	2.16304	10
293	303	0.99658	2.21666	10
294	304	0.80622	1.87851	10
295	305	0.49836	1.54007	10
296	306	0.30423	1.13799	10
297	307	0.42806	1.42023	10
298	308	0.52622	2.14923	10
299	309	0.30187	2.86121	10
300	310	0.30168	2.91056	10
301	311	0.36897	4.51768	10
302	312	0.26786	8.77015	10
303	313	0.31962	9.42917	10
304	314	0.18154	9.73638	10
305	315	0.26072	9.93242	10
306	316	0.16304	9.31722	10
307	317	0.07176	5.33035	10
308	318	0.05192	5.98324	10
309	319	0.04523	4.90328	10
310	320	0.02314	4.78227	10
311	321	0.00858	6.91376	10
312	322	0.00735	4.73534	10
313	323	0.02949	4.07790	10
314	324	0.02301	5.41679	10
315	325	0.00599	4.76885	10
316	326	0.04333	2.63058	10
317	327	0.06956	1.87746	10
318	328	0.10440	2.55683	10
319	329	0.11004	1.74019	10
320	330	0.12267	1.72451	10
321	331	0.09241	1.75936	10
322	332	0.16142	2.78443	10
323	333	0.09879	2.68705	10
324	334	0.15861	2.04189	10
325	335	0.17911	2.25586	10
326	336	0.20706	2.22649	10
327	337	0.19712	2.37549	10
328	338	0.20724	2.34981	10
329	339	0.31679	2.60097	10
330	340	0.32658	1.98232	10
331	341	0.40860	1.77672	10
332	342	0.38699	2.28019	10
333	343	0.33476	1.96579	10
334	344	0.42919	2.19142	10
335	345	0.41486	1.91405	10
336	346	0.29622	1.42658	10
337	347	0.42790	1.21345	10
338	348	0.55762	1.66156	10
339	349	0.48301	1.55694	10
340	350	0.57378	1.20073	10
341	351	0.53188	1.58810	10
342	352	0.47910	1.40220	10
343	353	0.36128	2.63901	10
344	354	0.69861	1.97934	10
345	355	0.57085	2.54174	10
346	356	0.54419	3.71677	10
347	357	0.54007	1.54239	10
348	358	0.29004	1.08702	10
349	359	0.25952	0.96127	10
350	360	0.26164	1.79932	10
351	361	0.54060	1.91411	10
352	362	0.97148	3.43943	10
353	363	0.41822	3.42249	10
354	364	0.27175	1.87934	10
355	365	0.32042	1.09143	10
356	366	0.44141	1.09916	10
357	367	0.38392	1.74845	10
358	368	0.36549	1.77277	10
359	369	0.21559	1.39948	10
360	370	0.19326	1.59895	10
361	371	0.16758	1.21715	10
362	372	0.20670	0.86699	10
363	373	nan	nan	10
364	374	0.68298	1.70432	10
365	375	0.67449	2.80861	10
366	376	0.40832	1.68228	10
367	377	0.87471	2.20508	10
368	378	0.72389	3.04229	10
369	379	1.04467	1.95997	10
370	380	1.24382	1.88642	10
371	381	1.72781	2.52887	10
372	382	1.16989	3.64713	10
373	383	0.81372	3.94001	10
374	384	1.17959	2.12519	10
375	385	1.54947	5.43163	10
376	386	1.87012	4.55382	10
377	387	0.99361	2.46789	10
378	388	1.45747	2.37790	10
379	389	4.42470	1.48336	10
380	390	4.42470	1.48336	10
381	391	1.50247	0.33137	10
382	392	1.50247	0.33137	10
383	393	999.00000	1.46511	10
384	394	4.68763	0.21093	10
385	395	0.44880	0.28890	10
386	396	0.61845	0.56409	10
387	397	999.00000	0.00010	10
388	398	0.41775	0.54295	10
389	399	nan	nan	10
390	400	nan	nan	10
391	401	nan	nan	10
392	402	nan	nan	10
393	403	nan	nan	10
394	404	0.22700	0.50801	10
395	405	0.22465	0.22268	10
396	406	0.13177	0.40085	10
397	407	0.17947	0.18793	10
398	408	0.18719	0.20658	10
399	409	0.17233	0.33252	10
400	410	0.09472	0.35711	10
401	411	0.07502	0.17482	10
402	412	0.05736	0.07737	10
403	413	0.07447	0.08161	10
404	414	0.20048	0.17940	10
405	415	0.96949	1.31019	10
406	416	0.78237	1.05604	10
407	417	1.39270	1.34546	10
408	418	0.99344	2.06585	10
409	419	1.52155	3.57659	10
410	420	1.41890	2.81945	10
411	421	0.76054	4.21627	10
412	422	0.66144	2.95666	10
413	423	0.94996	3.76768	10
414	424	1.26313	11.92547	10
415	425	0.79217	8.12856	10
416	426	0.79217	8.12856	10
417	427	1.11131	9.94803	10
418	428	1.87146	12.51073	10
419	429	2.68893	11.75561	10
420	430	4.16288	24.04816	10
421	431	3.28673	17.43879	10
422	432	9.88979	36.72827	10
423	433	1.50316	12.73824	10
424	434	1.43624	4.93406	10
425	435	0.53709	2.95491	10
426	436	0.53709	2.95491	10
427	437	0.52097	1.99173	10
428	438	0.28028	0.70204	10
429	439	0.18994	0.97973	10
430	440	0.24448	2.10687	10
431	441	0.25052	1.81423	10
432	442	0.14642	1.85521	10
433	443	0.12971	2.25408	10
434	444	0.13533	2.10854	10
435	445	0.26835	3.07306	10
436	446	0.25049	3.11626	10
437	447	0.77358	8.17734	10
438	448	0.55099	4.20308	10
439	449	0.76136	5.15485	10
440	450	0.80727	4.14094	10
441	451	1.15236	5.91664	10
442	452	1.10786	6.53230	10
443	453	1.17861	6.00990	10
444	454	1.15326	4.06325	10
445	455	1.45880	4.86074	10
446	456	1.16203	4.06184	10
447	457	0.90123	2.33506	10
448	458	0.57751	0.93773	10
449	459	0.35611	0.58368	10
450	460	0.23105	0.40254	10
451	461	0.14009	0.46351	10
452	462	0.13860	0.46849	10
453	463	0.11968	0.15832	10
454	464	0.29683	0.23860	10
455	465	0.43764	0.38274	10
456	466	0.25124	0.59854	10
457	467	0.15387	1.28258	10
458	468	0.28536	3.26138	10
459	469	0.26989	2.76275	10
460	470	0.35636	1.44581	10
461	471	0.43951	1.12169	10
462	472	0.67699	2.02073	10
463	473	0.67298	1.89722	10
464	474	0.67305	2.21686	10
465	475	0.51503	2.49106	10
466	476	0.77429	2.60105	10
467	477	1.02159	2.58994	10
468	478	1.15947	1.65919	10
469	479	0.85140	1.66638	10
470	480	0.66653	1.75046	10
471	481	0.57795	1.95034	10
472	482	0.63727	2.45359	10
473	483	0.55934	2.25864	10
474	484	0.92038	2.27018	10
475	485	0.98620	1.47865	10
476	486	0.72685	1.72057	10
477	487	0.13589	2.20115	10
478	488	0.01938	4.70178	10
479	489	0.37731	2.24486	10
480	490	0.79524	0.99021	10
481	491	0.63170	1.23918	10
482	492	0.57667	0.96305	10
483	493	1.48867	1.61308	10
484	494	1.12940	1.31210	10
485	495	1.24641	1.69804	10
486	496	1.19059	1.69223	10
487	497	0.97901	1.51279	10
488	498	0.67171	1.22834	10
489	499	0.47346	1.58925	10
490	500	0.25801	2.49551	10
491	501	0.38037	1.45789	10
492	502	0.31082	2.84535	10
493	503	0.21497	3.85417	10
494	504	0.06790	1.82447	10
495	505	0.06436	2.30744	10
496	506	0.01573	0.76373	10
497	507	0.17831	0.26088	10
498	508	0.37270	2.30607	10
499	509	0.74942	2.02685	10
500	510	0.64498	1.70765	10
501	511	0.57301	4.81388	10
502	512	0.32843	4.18397	10
503	513	0.57609	2.63935	10
504	514	0.58465	3.76204	10
505	515	0.34654	5.48561	10
506	516	0.39073	11.97435	10
507	517	0.56718	10.50270	10
508	518	1.50739	14.40128	10
509	519	1.69928	18.16656	10
510	520	1.22297	11.74403	10
511	521	0.96224	5.50882	10
512	522	1.10642	6.14254	10
513	523	1.05876	7.93948	10
514	524	0.66858	4.88824	10
515	525	0.58491	7.77011	10
516	526	0.54425	3.43086	10
517	527	0.50721	2.31885	10
518	528	0.30690	2.97252	10
519	529	0.29583	3.07448	10
520	530	0.24833	3.53202	10
521	531	0.23266	4.53357	10
522	532	0.39471	4.63618	10
523	533	0.34153	3.17898	10
524	534	0.09825	1.70313	10
525	535	0.13752	1.64473	10
526	536	0.13482	1.43559	10
527	537	0.14922	1.34733	10
528	538	0.25823	1.95664	10
529	539	0.42161	1.46005	10
530	540	0.71249	1.93692	10
531	541	0.59121	1.30483	10
532	542	0.43446	1.30274	10
533	543	0.55579	1.47639	10
534	544	0.58029	1.59831	10
