range_start	range_stop	omega	kappa	window_size
1	11	0.70133	0.55511	10
2	12	0.15455	0.41600	10
3	13	0.20517	0.33398	10
4	14	0.45696	1.30322	10
5	15	0.76979	0.95782	10
6	16	0.63631	0.77882	10
7	17	0.42525	0.90009	10
8	18	0.49567	0.48725	10
9	19	0.29058	0.75575	10
10	20	0.19993	0.11824	10
11	21	0.18109	0.67893	10
12	22	999.00000	1.86097	10
13	23	999.00000	4.94682	10
14	24	1.22078	2.21696	10
15	25	0.43029	3.40405	10
16	26	0.55328	2.31876	10
17	27	0.97256	2.79471	10
18	28	5.76168	11.51283	10
19	29	6.41577	4.88830	10
20	30	0.02122	0.00184	10
21	31	1.20135	6.20154	10
22	32	179.29298	3.74623	10
23	33	85.80927	3.56846	10
24	34	94.41353	5.29793	10
25	35	686.63934	5.92414	10
26	36	3.50486	4.71648	10
27	37	0.02429	0.00130	10
28	38	6.96370	5.99327	10
29	39	11.25225	999.00000	10
30	40	16.23749	999.00000	10
31	41	24.83067	999.00000	10
32	42	5.46043	0.01655	10
33	43	5.40035	0.00010	10
34	44	7.57244	0.00010	10
35	45	8.19306	8.42936	10
36	46	3.41291	4.30427	10
37	47	1.80205	2.96892	10
38	48	1.24168	3.45560	10
39	49	1.60465	2.70334	10
40	50	1.63125	3.56553	10
41	51	1.65045	4.30471	10
42	52	1.60470	4.41605	10
43	53	1.57155	4.12254	10
44	54	2.36153	5.12286	10
45	55	2.21258	3.53111	10
46	56	2.67634	3.20572	10
47	57	2.45804	3.03047	10
48	58	1.74192	1.58573	10
49	59	1.63442	1.44001	10
50	60	15.62704	4.15935	10
51	61	999.00000	5.42508	10
52	62	15.72598	3.28973	10
53	63	8.53583	3.85255	10
54	64	7.18303	2.56062	10
55	65	2.78844	1.51122	10
56	66	2.74299	1.35937	10
57	67	1.95524	0.89795	10
58	68	2.21591	1.10202	10
59	69	2.57197	2.24073	10
60	70	1.99299	2.63161	10
61	71	1.68451	3.07954	10
62	72	2.75413	2.15992	10
63	73	2.37859	1.97312	10
64	74	2.40836	2.41512	10
65	75	7.52229	5.90664	10
66	76	2.07996	3.27736	10
67	77	1.50830	3.22179	10
68	78	1.50830	3.22179	10
69	79	1.67001	2.08325	10
70	80	0.79881	1.82842	10
71	81	0.90893	2.93661	10
72	82	1.13751	2.81886	10
73	83	2.19097	2.70549	10
74	84	2.41427	2.55024	10
75	85	3.92183	1.34431	10
76	86	6.06608	1.53292	10
77	87	4.04783	0.77166	10
78	88	5.35588	0.58723	10
79	89	999.00000	0.43717	10
80	90	999.00000	0.55578	10
81	91	999.00000	0.36480	10
82	92	999.00000	0.29197	10
83	93	999.00000	0.27624	10
84	94	999.00000	0.20640	10
85	95	5.34801	0.73763	10
86	96	1.32964	1.61931	10
87	97	0.97033	2.42981	10
88	98	1.49924	3.20755	10
89	99	1.71631	4.26016	10
90	100	1.17355	4.83534	10
91	101	1.36102	4.65421	10
92	102	1.14988	4.93066	10
93	103	0.74242	6.25447	10
94	104	0.67925	4.42948	10
95	105	0.88695	2.61343	10
96	106	0.53070	2.56060	10
97	107	0.61887	1.59070	10
98	108	0.36584	2.52583	10
99	109	0.21587	2.39130	10
100	110	0.30503	1.66971	10
101	111	0.79121	4.49806	10
102	112	0.41712	1.32865	10
103	113	0.58476	7.94891	10
104	114	0.12746	2.40638	10
105	115	0.24377	12.85151	10
106	116	0.10538	7.28688	10
107	117	0.14525	29.57697	10
108	118	0.40917	1.99117	10
109	119	0.05697	14.12457	10
110	120	0.10350	18.83660	10
111	121	0.08343	9.77285	10
112	122	0.23706	1.84718	10
113	123	0.41218	0.58720	10
114	124	0.30634	0.85276	10
115	125	0.25634	0.49221	10
116	126	0.25952	0.46743	10
117	127	0.65455	1.61355	10
118	128	0.98181	2.34107	10
119	129	0.78227	2.36150	10
120	130	0.81970	2.44216	10
121	131	0.62837	2.09523	10
122	132	0.63403	2.70266	10
123	133	0.62933	8.50159	10
124	134	0.90726	4.22397	10
125	135	1.42609	3.12143	10
126	136	0.77156	3.30646	10
127	137	0.84140	1.99259	10
128	138	0.90724	1.06323	10
129	139	0.85860	4.01758	10
130	140	1.77339	1.62983	10
131	141	1.17489	3.91432	10
132	142	1.80460	4.97952	10
133	143	2.37924	4.21733	10
134	144	1.70305	5.12707	10
135	145	1.69698	7.84756	10
136	146	1.44862	5.73238	10
137	147	1.59825	3.71663	10
138	148	1.96101	4.78823	10
139	149	1.53032	5.85375	10
140	150	0.81779	4.14255	10
141	151	0.89658	3.61438	10
142	152	1.02748	11.41314	10
143	153	0.89629	5.94990	10
144	154	2.68066	9.97596	10
145	155	1.96692	6.44423	10
146	156	3.79866	13.21783	10
147	157	2.51146	13.66460	10
148	158	0.88441	7.79356	10
149	159	0.88441	7.79356	10
150	160	0.70890	5.17752	10
151	161	0.59261	4.40946	10
152	162	0.92882	5.42711	10
153	163	0.92721	5.44628	10
154	164	9.42471	9.81420	10
155	165	3.39691	16.70955	10
156	166	2.37614	9.67819	10
157	167	2.40204	8.22824	10
158	168	2.76702	7.73307	10
159	169	1.78794	5.11713	10
160	170	2.42444	3.08489	10
161	171	3.75117	4.52064	10
162	172	2.42262	4.40957	10
163	173	1.01350	3.45861	10
164	174	1.11368	4.28740	10
165	175	1.02083	5.13520	10
166	176	1.37883	5.63327	10
167	177	1.38740	5.59117	10
168	178	1.48246	6.56333	10
169	179	2.01908	9.86161	10
170	180	1.47060	8.96337	10
171	181	1.80649	9.18691	10
172	182	2.22830	10.85037	10
173	183	3.17884	11.58586	10
174	184	2.51207	13.59255	10
175	185	1.84928	11.11963	10
176	186	1.90543	19.10395	10
177	187	1.23158	21.22404	10
178	188	0.81473	6.48288	10
179	189	0.82946	9.90905	10
180	190	0.98707	6.09968	10
181	191	0.37874	4.63262	10
182	192	0.08696	1.85395	10
183	193	0.16468	2.89150	10
184	194	0.16894	2.36069	10
185	195	0.11760	2.86063	10
186	196	0.11764	3.16107	10
187	197	0.12203	2.87452	10
188	198	0.20153	2.56079	10
189	199	0.27847	2.08251	10
190	200	0.57427	4.11556	10
191	201	0.69573	4.12232	10
192	202	1.33195	4.43321	10
193	203	0.92487	3.90632	10
194	204	0.82034	3.35604	10
195	205	1.10395	3.62468	10
196	206	0.26300	2.37462	10
197	207	1.33973	2.40805	10
198	208	1.72164	3.44214	10
199	209	1.20879	3.30850	10
200	210	1.76879	3.15767	10
201	211	2.27883	2.68106	10
202	212	1.19413	1.75489	10
203	213	0.89795	2.02500	10
204	214	1.73028	2.93905	10
205	215	1.33957	2.15016	10
206	216	2.05158	1.91493	10
207	217	0.83770	1.74685	10
208	218	0.74904	1.81869	10
209	219	0.61871	1.64096	10
210	220	0.38784	1.50010	10
211	221	0.24565	1.43229	10
212	222	0.28017	1.59042	10
213	223	0.25988	2.05781	10
214	224	0.08941	1.55695	10
215	225	0.07371	1.17332	10
216	226	0.06299	1.31673	10
217	227	0.06428	1.25932	10
218	228	0.07794	1.52888	10
219	229	0.09888	1.96844	10
220	230	0.10011	1.24581	10
221	231	0.09855	1.39102	10
222	232	0.13534	1.78028	10
223	233	0.06984	1.98099	10
224	234	0.03882	2.19726	10
225	235	0.03642	2.27087	10
226	236	0.01846	1.89535	10
227	237	0.05626	2.29604	10
228	238	0.05269	2.12342	10
229	239	0.06390	2.09002	10
230	240	0.05545	2.66377	10
231	241	0.05502	1.86226	10
232	242	0.06360	2.00682	10
233	243	0.04622	1.44947	10
234	244	0.07407	1.92580	10
235	245	0.08636	1.63412	10
236	246	0.11299	1.15180	10
237	247	0.07763	1.13200	10
238	248	0.09620	0.92265	10
239	249	0.09407	0.64625	10
240	250	0.13770	0.44768	10
241	251	0.21543	0.53383	10
242	252	0.15753	0.66987	10
243	253	0.11562	0.48490	10
244	254	0.08698	0.50418	10
245	255	0.14892	0.77727	10
246	256	0.11238	1.13322	10
247	257	0.07603	2.06817	10
248	258	0.04065	4.34586	10
249	259	0.00103	8.85177	10
250	260	0.00143	8.35840	10
251	261	0.00087	4.98385	10
252	262	0.00089	5.62162	10
253	263	0.00078	5.96022	10
254	264	0.00090	6.18913	10
255	265	0.00087	5.85114	10
256	266	0.00121	3.73662	10
257	267	0.00173	3.78146	10
258	268	0.00156	3.13338	10
259	269	0.00010	36.94352	10
260	270	0.00010	39.69433	10
261	271	0.00010	36.76483	10
262	272	0.00010	2.69880	10
263	273	0.00010	1.79250	10
264	274	0.00010	2.72035	10
265	275	0.00010	1.51267	10
266	276	0.00010	3.82762	10
267	277	0.00010	1.81662	10
268	278	0.00010	4.11767	10
269	279	0.00010	0.70888	10
270	280	0.00010	2.78405	10
271	281	0.00010	0.63001	10
272	282	0.00010	2.11861	10
273	283	0.00047	0.90531	10
274	284	0.00039	2.15902	10
275	285	0.00052	1.89813	10
276	286	0.00052	1.88203	10
277	287	0.00049	1.59714	10
278	288	0.00039	1.49418	10
279	289	0.00059	1.54336	10
280	290	0.00052	0.56027	10
281	291	0.00057	1.06426	10
282	292	0.00058	1.43229	10
283	293	0.00010	1.78520	10
284	294	0.00010	1.87300	10
285	295	0.00010	6.00762	10
286	296	0.00746	7.22309	10
287	297	0.00639	5.77982	10
288	298	0.00758	4.29792	10
289	299	0.00957	4.91990	10
290	300	0.00027	137.27979	10
291	301	0.00132	12.72075	10
292	302	0.01786	1.49571	10
293	303	0.02389	1.62351	10
294	304	0.01862	1.54383	10
295	305	0.03030	1.93889	10
296	306	0.00089	1.21736	10
297	307	0.01608	3.01529	10
298	308	0.02792	2.38664	10
299	309	0.00119	4.89401	10
300	310	0.00150	4.98333	10
301	311	0.00667	2.66850	10
302	312	0.00646	8.05782	10
303	313	0.00300	10.24153	10
304	314	0.01073	5.06733	10
305	315	0.00055	11.28622	10
306	316	0.00010	5.91616	10
307	317	0.00010	55.92337	10
308	318	0.00010	14.36015	10
309	319	0.00010	8.63861	10
310	320	0.00010	8.42901	10
311	321	0.00010	6.03545	10
312	322	0.00010	9.34680	10
313	323	0.00010	13.03749	10
314	324	0.00072	5.67498	10
315	325	0.00089	4.34313	10
316	326	0.00161	0.42160	10
317	327	0.00088	0.31137	10
318	328	0.00131	0.53499	10
319	329	0.00578	0.47951	10
320	330	0.00031	0.38235	10
321	331	0.01375	0.57861	10
322	332	0.01120	0.34404	10
323	333	0.01142	0.33125	10
324	334	0.00999	0.73854	10
325	335	0.01039	1.08609	10
326	336	0.00570	1.28717	10
327	337	0.00935	0.70512	10
328	338	0.01115	0.94414	10
329	339	0.00087	1.34133	10
330	340	0.00104	3.12651	10
331	341	0.00090	4.30968	10
332	342	0.00086	2.80700	10
333	343	0.00087	2.53088	10
334	344	0.00081	3.11611	10
335	345	0.00088	2.11205	10
336	346	0.00107	2.14170	10
337	347	0.00010	2.73948	10
338	348	0.00010	1.02867	10
339	349	0.00010	1.66718	10
340	350	0.00010	2.26624	10
341	351	0.00010	0.72957	10
342	352	0.00010	0.85803	10
343	353	0.00010	1.24522	10
344	354	0.00010	0.71489	10
345	355	0.00010	0.60913	10
346	356	0.00010	2.01497	10
347	357	0.00010	2.31702	10
348	358	0.00010	1.36302	10
349	359	0.00010	0.87222	10
350	360	0.00010	1.80278	10
351	361	0.00758	3.17879	10
352	362	0.00907	2.57248	10
353	363	0.00703	2.63970	10
354	364	0.00690	2.91828	10
355	365	0.00049	9.22343	10
356	366	0.00052	7.71657	10
357	367	0.00043	2.46899	10
358	368	0.00056	4.66953	10
359	369	0.00458	4.10755	10
360	370	0.00042	4.43276	10
361	371	0.00010	1.28334	10
362	372	0.00010	3.85379	10
363	373	0.00010	12.35465	10
364	374	0.00010	16.52064	10
365	375	0.00010	15.52249	10
366	376	0.00010	4.82185	10
367	377	0.00010	7.00314	10
368	378	0.00010	1.61504	10
369	379	0.00010	2.73927	10
370	380	0.00010	4.79355	10
371	381	0.00010	4.09521	10
372	382	0.00010	5.30062	10
373	383	0.00010	3.58258	10
374	384	0.00010	6.36848	10
375	385	0.00523	3.94186	10
376	386	0.00258	1.53455	10
377	387	0.00240	1.98977	10
378	388	0.00445	0.95627	10
379	389	0.01109	1.01105	10
380	390	0.01135	1.21921	10
381	391	0.01317	0.44301	10
382	392	0.00764	0.98250	10
383	393	0.00882	1.93377	10
384	394	0.00614	2.22894	10
385	395	0.00431	2.50283	10
386	396	0.00487	3.39309	10
387	397	0.00206	4.05363	10
388	398	0.00032	41.13845	10
389	399	0.00010	0.38433	10
390	400	0.00010	0.64006	10
391	401	0.00010	1.00488	10
392	402	0.00010	1.40683	10
393	403	0.00010	2.60224	10
394	404	0.00010	0.69992	10
395	405	0.00010	1.34541	10
396	406	0.00010	1.29743	10
397	407	0.00010	0.49107	10
398	408	0.00010	7.38307	10
399	409	0.00010	3.39853	10
400	410	0.00010	0.10931	10
401	411	0.00013	0.07639	10
402	412	0.00519	0.45688	10
403	413	0.00981	0.81603	10
404	414	0.00749	1.27760	10
405	415	0.00889	1.71480	10
406	416	0.01490	1.01213	10
407	417	0.02157	1.83948	10
408	418	0.01880	2.10493	10
409	419	0.04891	7.27813	10
410	420	0.02724	4.74495	10
411	421	0.01078	2.76031	10
412	422	0.02517	2.50195	10
413	423	0.06953	4.51900	10
414	424	0.14045	6.47679	10
415	425	0.22512	5.40970	10
416	426	0.19566	7.13069	10
417	427	0.17382	6.94075	10
418	428	0.11752	9.54270	10
419	429	0.12224	5.07209	10
420	430	0.17821	5.89216	10
421	431	0.20381	4.71775	10
422	432	0.09206	5.06977	10
423	433	0.26423	3.94680	10
424	434	0.18704	2.00987	10
425	435	0.11127	2.33913	10
426	436	0.18346	2.60734	10
427	437	0.16699	5.28147	10
428	438	0.20034	5.54557	10
429	439	0.28349	4.11832	10
430	440	0.35858	4.39156	10
431	441	0.57706	4.33733	10
432	442	0.82961	3.50272	10
433	443	0.66584	2.28781	10
434	444	0.91955	5.98952	10
435	445	0.92956	7.30211	10
436	446	1.20769	3.39597	10
437	447	0.52544	3.06998	10
438	448	0.38076	0.72773	10
439	449	0.26111	2.38128	10
440	450	0.22003	3.64924	10
441	451	0.26332	7.99459	10
442	452	0.19568	7.11604	10
443	453	0.13168	3.93189	10
444	454	0.09765	5.09883	10
445	455	0.08056	3.44929	10
446	456	0.02883	6.07522	10
447	457	0.01731	4.38101	10
448	458	0.01615	3.57997	10
449	459	0.01556	2.39805	10
450	460	0.01305	2.37479	10
451	461	0.00771	0.91683	10
452	462	0.03085	0.98095	10
453	463	0.02227	1.55218	10
454	464	0.02913	2.76644	10
455	465	0.00702	3.19129	10
456	466	0.00287	1.39694	10
457	467	0.00344	0.56506	10
458	468	0.00440	0.82505	10
459	469	0.00010	0.94047	10
460	470	0.00010	1.19911	10
461	471	0.00010	1.51014	10
462	472	0.00010	1.12910	10
463	473	0.00010	2.31425	10
464	474	0.00010	2.32139	10
465	475	0.00010	1.86899	10
466	476	0.00010	2.68987	10
467	477	0.00055	0.85923	10
468	478	0.00043	0.74831	10
469	479	0.00045	1.16156	10
470	480	0.00055	1.51430	10
471	481	0.00052	0.65681	10
472	482	0.00061	1.02678	10
473	483	0.00061	0.83581	10
474	484	0.00060	1.19386	10
475	485	0.00170	1.56597	10
476	486	0.00164	1.99546	10
477	487	0.00070	3.38487	10
478	488	0.00089	4.23935	10
479	489	0.00714	3.61805	10
480	490	0.00844	4.83943	10
481	491	0.00923	7.55751	10
482	492	0.00861	5.91832	10
483	493	0.00424	14.84952	10
484	494	0.00427	11.05997	10
485	495	0.00010	3.58072	10
486	496	0.00010	1.74332	10
487	497	0.00010	1.30343	10
488	498	0.00010	1.64141	10
489	499	0.00010	1.57557	10
490	500	0.00010	1.33304	10
491	501	0.00010	1.22431	10
492	502	0.00010	1.48764	10
493	503	0.00010	2.38757	10
494	504	0.00010	19.34877	10
495	505	0.00010	5.10705	10
496	506	0.00010	10.07610	10
497	507	0.00010	15.49349	10
498	508	0.00010	26.61802	10
499	509	0.00010	35.73128	10
500	510	0.00439	23.99505	10
501	511	0.00427	20.67063	10
502	512	0.00827	12.96395	10
503	513	0.01141	13.02718	10
504	514	0.02819	7.15866	10
505	515	0.02696	6.44053	10
506	516	0.01794	11.10903	10
507	517	0.02293	10.05766	10
508	518	0.01948	6.87998	10
509	519	0.02544	6.34297	10
510	520	0.00342	3.74386	10
511	521	0.00638	2.44388	10
512	522	0.00048	3.03145	10
513	523	0.00059	3.16533	10
514	524	0.00010	3.22045	10
515	525	0.00010	0.47657	10
516	526	0.00010	0.25033	10
517	527	0.00010	0.59806	10
518	528	0.00010	1.11592	10
519	529	0.00010	1.24649	10
520	530	0.00010	1.68361	10
521	531	0.00010	2.18839	10
522	532	0.00010	1.14625	10
523	533	0.00010	2.10435	10
524	534	0.00010	3.38984	10
525	535	0.00010	17.76891	10
526	536	0.00010	4.97961	10
527	537	0.00010	5.27132	10
528	538	0.00010	3.46090	10
529	539	0.00010	3.25854	10
530	540	0.00010	2.89069	10
531	541	0.00010	3.81093	10
532	542	0.00010	3.36984	10
533	543	0.00010	5.34085	10
534	544	0.00010	8.21413	10
535	545	0.00010	7.09603	10
536	546	0.00010	8.10859	10
537	547	0.00010	7.49572	10
538	548	0.00010	10.06170	10
539	549	0.00010	13.49428	10
540	550	0.00010	11.94235	10
541	551	0.00515	7.10372	10
542	552	0.02686	3.37423	10
543	553	0.02942	3.39045	10
544	554	0.01751	5.00067	10
545	555	0.01914	5.16335	10
546	556	0.01965	8.42080	10
547	557	0.02106	9.41804	10
548	558	0.00476	9.08744	10
549	559	0.00461	7.29158	10
550	560	0.01093	6.95417	10
551	561	0.00997	6.22983	10
552	562	0.00010	54.80133	10
553	563	0.00010	53.17993	10
554	564	0.00010	104.63875	10
555	565	0.00010	53.53260	10
556	566	0.00010	41.64861	10
557	567	0.00010	37.44358	10
558	568	0.00010	25.95514	10
559	569	0.00010	28.41345	10
560	570	0.00010	17.57940	10
561	571	0.00010	15.91433	10
562	572	0.00010	27.56402	10
563	573	0.00010	25.36928	10
564	574	0.00010	10.95902	10
565	575	0.00010	10.96810	10
566	576	0.00010	13.20158	10
567	577	0.00010	8.86520	10
568	578	0.00010	15.89820	10
569	579	0.00063	11.70991	10
570	580	0.00181	9.58697	10
571	581	0.01181	8.15024	10
572	582	0.00854	3.93971	10
573	583	0.00617	3.00637	10
574	584	0.00707	6.28104	10
575	585	0.00905	5.25296	10
576	586	0.01102	3.80319	10
577	587	0.01479	3.50554	10
578	588	0.01150	4.44524	10
579	589	0.00725	8.84411	10
580	590	0.00010	11.38566	10
581	591	0.00010	15.27973	10
582	592	0.00010	5.00537	10
583	593	0.00010	3.84058	10
584	594	0.00010	5.29865	10
585	595	0.00928	6.93611	10
586	596	0.00682	8.31495	10
587	597	0.00805	8.22648	10
588	598	0.01048	5.24701	10
589	599	0.00769	7.40246	10
590	600	0.01453	3.88667	10
591	601	0.02011	5.16448	10
592	602	0.01459	2.01005	10
593	603	0.00044	2.09871	10
594	604	0.00599	3.75487	10
595	605	0.00373	7.37528	10
596	606	0.00039	5.50879	10
597	607	0.00033	4.04550	10
598	608	0.00010	6.09971	10
599	609	0.00010	75.86713	10
600	610	0.00010	5.86726	10
601	611	0.00010	9.28402	10
602	612	0.00010	11.21184	10
603	613	0.00010	10.52359	10
604	614	0.00010	8.90320	10
605	615	0.00010	2.12795	10
606	616	0.01031	1.79508	10
607	617	0.00332	1.20830	10
608	618	0.00465	0.77031	10
609	619	0.00992	0.60468	10
610	620	0.00788	0.57025	10
611	621	0.00111	0.67874	10
612	622	0.00112	0.77990	10
613	623	0.00683	0.89912	10
614	624	0.02148	0.80329	10
615	625	0.02500	1.06007	10
616	626	0.01280	0.84646	10
617	627	0.00328	1.29661	10
618	628	0.02476	2.79838	10
619	629	0.01487	3.22488	10
620	630	0.00090	4.43576	10
621	631	0.00070	4.39796	10
622	632	0.00089	3.20441	10
623	633	0.00076	13.68036	10
624	634	0.00025	43.50935	10
625	635	0.00010	34.16482	10
626	636	0.00010	59.57196	10
627	637	0.00010	37.39191	10
628	638	0.00010	26.11964	10
629	639	0.00010	20.13199	10
630	640	0.00032	9.15373	10
631	641	0.00030	29.85384	10
632	642	0.00026	33.17806	10
633	643	0.00039	16.12563	10
634	644	0.00053	2.72918	10
635	645	0.00062	2.52251	10
636	646	0.00047	1.70983	10
637	647	0.00193	1.32677	10
638	648	0.00437	1.27503	10
639	649	0.00650	1.93412	10
640	650	0.00381	3.01227	10
641	651	0.00266	6.99189	10
642	652	0.00241	6.17599	10
643	653	0.00284	1.04927	10
644	654	0.00131	7.86937	10
645	655	0.00264	6.27634	10
646	656	0.00062	4.22704	10
647	657	0.00010	2.29414	10
648	658	0.00010	4.96879	10
649	659	0.00010	7.46139	10
650	660	0.00010	3.92032	10
651	661	0.00010	1.10898	10
652	662	0.00010	1.86449	10
653	663	0.00175	0.52212	10
654	664	0.00113	0.57477	10
655	665	0.00068	0.43180	10
656	666	0.00010	0.50939	10
657	667	0.00089	1.23447	10
658	668	0.00107	0.84099	10
659	669	0.00140	1.04849	10
660	670	0.00161	1.24194	10
661	671	0.00169	6.49030	10
662	672	0.00120	3.07087	10
663	673	0.00010	11.24723	10
664	674	0.00010	10.00690	10
665	675	0.00010	1.91466	10
666	676	0.00010	8.46000	10
667	677	0.00010	4.56983	10
668	678	0.00010	0.24738	10
669	679	0.00010	2.43105	10
670	680	0.00010	0.69439	10
671	681	0.00010	1.35491	10
672	682	0.00010	1.94017	10
673	683	0.00010	0.68252	10
674	684	0.00010	1.16013	10
675	685	0.00010	1.06265	10
676	686	0.00010	1.03261	10
677	687	0.00010	2.00739	10
678	688	0.00010	1.44143	10
679	689	0.00010	1.28238	10
680	690	0.00010	1.62166	10
681	691	0.00010	2.93729	10
682	692	0.00010	3.20764	10
683	693	0.00010	5.10933	10
684	694	0.00010	1.40860	10
685	695	0.00010	1.23614	10
686	696	0.00010	1.25904	10
687	697	0.00010	1.40904	10
688	698	0.00010	1.44484	10
689	699	0.00010	1.48233	10
690	700	0.00010	1.71005	10
691	701	0.00010	2.02964	10
692	702	0.00010	2.05890	10
693	703	0.00010	12.58737	10
694	704	0.00010	2.15178	10
695	705	0.00010	3.24198	10
696	706	0.00010	2.87293	10
697	707	0.00010	19.64890	10
698	708	0.00010	9.33774	10
699	709	0.00010	9.98262	10
700	710	0.00010	24.31483	10
701	711	0.00010	8.20991	10
702	712	0.00010	4.32756	10
703	713	0.00010	3.67475	10
704	714	0.00010	6.10386	10
705	715	0.00010	5.42678	10
706	716	0.00010	5.32732	10
707	717	0.00010	4.22779	10
708	718	0.00010	5.79462	10
709	719	0.00010	6.73454	10
710	720	0.00010	1.29511	10
711	721	0.00010	15.40612	10
712	722	0.00010	7.65683	10
713	723	0.00010	2.15997	10
714	724	0.00010	2.18460	10
715	725	0.01596	0.91136	10
716	726	0.01425	0.95178	10
717	727	0.01080	1.10398	10
718	728	0.01334	1.70382	10
719	729	0.01075	2.14681	10
720	730	0.02186	3.24344	10
721	731	0.02053	2.34242	10
722	732	0.01719	1.98142	10
723	733	0.00078	2.24179	10
724	734	0.00062	2.39661	10
725	735	0.00048	5.07832	10
726	736	0.00053	3.27839	10
727	737	0.00083	4.42814	10
728	738	0.00062	2.57295	10
729	739	0.02800	3.06571	10
730	740	0.02147	3.96804	10
731	741	0.02481	3.04010	10
732	742	0.03009	3.71561	10
733	743	0.03128	4.85153	10
734	744	0.06330	4.13317	10
735	745	0.10544	2.55694	10
736	746	0.11292	2.85612	10
737	747	0.10718	2.13792	10
738	748	0.09423	1.90630	10
739	749	0.03349	1.81907	10
740	750	0.02294	1.63361	10
741	751	0.02284	1.55610	10
742	752	0.02931	1.40694	10
743	753	0.03546	1.50162	10
744	754	0.02359	1.91403	10
745	755	0.00903	1.96549	10
746	756	0.00957	1.58916	10
747	757	0.02045	2.24241	10
748	758	0.02272	2.68378	10
749	759	0.02387	2.24006	10
750	760	0.03031	0.93011	10
751	761	0.04395	0.83061	10
752	762	0.04853	1.12103	10
753	763	0.03008	1.72503	10
754	764	0.01404	2.53656	10
755	765	0.00954	2.28662	10
756	766	0.01084	3.12095	10
757	767	0.00334	4.66048	10
758	768	0.01113	1.85379	10
759	769	0.00010	3.03316	10
760	770	0.00010	2.78158	10
761	771	0.00010	13.32844	10
762	772	0.00010	11.25669	10
763	773	0.00010	10.28895	10
764	774	0.00010	8.97633	10
765	775	0.00010	3.34618	10
766	776	0.00010	2.54365	10
767	777	0.00010	2.32865	10
768	778	0.00010	3.16590	10
769	779	0.00010	3.30930	10
770	780	0.00494	2.66101	10
771	781	0.00337	2.28018	10
772	782	0.00094	3.78262	10
773	783	0.00081	3.33333	10
774	784	0.00080	2.82412	10
775	785	0.00076	2.74281	10
776	786	0.00094	3.40615	10
777	787	0.00058	3.06143	10
778	788	0.00419	4.67475	10
779	789	0.01236	2.82968	10
780	790	0.00088	9.71462	10
781	791	0.00665	8.68241	10
782	792	0.00626	7.48982	10
783	793	0.00682	14.08328	10
784	794	0.00632	13.81765	10
785	795	0.00143	44.23895	10
786	796	0.00342	19.56323	10
787	797	0.00907	10.65959	10
788	798	0.00010	7.73601	10
789	799	0.00010	1.92161	10
790	800	0.00010	15.36173	10
791	801	0.00010	14.95945	10
792	802	0.00744	8.29412	10
793	803	0.00866	5.91605	10
794	804	0.00771	3.63047	10
795	805	0.00804	6.89912	10
796	806	0.00611	12.17860	10
797	807	0.01393	7.44995	10
798	808	0.02514	6.64939	10
799	809	0.03213	4.29322	10
800	810	0.00712	1.10577	10
801	811	0.00536	1.20380	10
802	812	0.00237	1.67697	10
803	813	0.00306	2.82340	10
804	814	0.00400	1.57264	10
805	815	0.01104	1.68839	10
806	816	0.01061	3.15748	10
807	817	0.01378	1.38831	10
808	818	0.01287	2.69589	10
809	819	0.00010	3.44116	10
810	820	0.00010	3.58426	10
811	821	0.00010	2.25211	10
812	822	0.00010	1.54708	10
813	823	0.00010	2.10716	10
814	824	0.00010	1.98999	10
815	825	0.00010	2.61093	10
816	826	0.00010	2.38468	10
817	827	0.00010	1.19184	10
818	828	0.00037	0.93901	10
819	829	0.00061	2.57005	10
820	830	0.01123	0.30810	10
821	831	0.02073	0.82987	10
822	832	0.01726	0.96196	10
823	833	0.01256	0.74666	10
824	834	0.00658	0.34392	10
825	835	0.01423	0.40981	10
826	836	0.01455	0.45628	10
827	837	0.01171	0.46265	10
828	838	0.00722	0.61457	10
829	839	0.01002	0.87086	10
830	840	0.00010	2.21475	10
831	841	0.00010	1.70745	10
832	842	0.00010	2.58512	10
833	843	0.00010	1.97465	10
834	844	0.00010	1.02678	10
835	845	0.00010	0.98134	10
836	846	0.00010	1.53887	10
837	847	0.00010	1.13411	10
838	848	0.00010	0.96668	10
839	849	0.00010	2.93224	10
840	850	0.00010	7.40654	10
841	851	0.00010	6.54640	10
842	852	0.00010	7.68607	10
843	853	0.00827	6.25613	10
844	854	0.00575	4.14077	10
845	855	0.02148	3.00826	10
846	856	0.02382	2.59922	10
847	857	0.01754	2.13208	10
848	858	0.01448	1.32995	10
849	859	0.01073	0.78068	10
850	860	0.00206	0.95930	10
851	861	0.00071	0.43267	10
852	862	0.00064	0.46115	10
853	863	0.00039	0.42840	10
854	864	0.01182	0.84305	10
855	865	0.00010	0.92865	10
856	866	0.00710	1.06367	10
857	867	0.00689	3.07860	10
858	868	0.01547	4.61777	10
859	869	0.01856	5.40926	10
860	870	0.02989	5.17548	10
861	871	0.01482	10.64663	10
862	872	0.01575	5.53693	10
863	873	0.01616	4.99372	10
864	874	0.00466	9.09984	10
865	875	0.00110	3.43593	10
866	876	0.00205	4.36480	10
867	877	0.00203	2.42898	10
868	878	0.00148	2.74061	10
869	879	0.00145	3.10418	10
870	880	0.00125	1.28032	10
871	881	0.00167	2.02316	10
872	882	0.00782	2.22306	10
873	883	0.00781	0.90697	10
874	884	0.00806	1.94602	10
875	885	0.00571	3.58059	10
876	886	0.00655	6.26137	10
877	887	0.00591	10.55872	10
878	888	0.00714	8.91420	10
879	889	0.00989	6.19777	10
880	890	0.01851	4.94837	10
881	891	0.02104	4.66851	10
882	892	0.00132	10.45663	10
883	893	0.00480	11.77104	10
884	894	0.00475	12.73976	10
885	895	0.00338	16.59154	10
886	896	0.00627	7.41897	10
887	897	0.00835	9.24744	10
888	898	0.00257	18.97254	10
889	899	0.00228	20.04913	10
890	900	0.00172	24.44426	10
891	901	0.00594	6.83895	10
892	902	0.01920	5.34561	10
893	903	0.01171	3.39199	10
894	904	0.00912	2.62300	10
895	905	0.06466	4.21031	10
896	906	0.06387	4.13654	10
897	907	0.02119	3.82533	10
898	908	0.04728	3.79345	10
899	909	0.02466	3.18951	10
900	910	0.04689	3.90916	10
901	911	0.08778	4.01023	10
902	912	0.12652	3.38189	10
903	913	0.05021	3.59857	10
904	914	0.04215	3.15357	10
905	915	0.02630	3.18179	10
906	916	0.02978	3.50625	10
907	917	0.03994	3.91027	10
908	918	0.03034	3.00976	10
909	919	0.06387	3.17885	10
910	920	0.06310	2.53857	10
911	921	0.06518	3.57652	10
912	922	0.05454	3.93417	10
913	923	0.06896	3.24564	10
914	924	0.05310	4.71194	10
915	925	0.03255	5.68998	10
916	926	0.02284	3.70133	10
917	927	0.01547	3.75807	10
918	928	0.01709	4.69286	10
919	929	0.01839	2.41291	10
920	930	0.02251	0.14339	10
921	931	0.04146	0.24472	10
922	932	0.09687	2.18870	10
923	933	0.06438	2.11190	10
924	934	0.07000	2.85240	10
925	935	0.11697	3.74846	10
926	936	0.05653	1.49949	10
927	937	0.15575	0.97873	10
928	938	0.05420	0.90799	10
929	939	0.16793	2.89820	10
930	940	0.08627	3.38692	10
931	941	0.12368	3.14100	10
932	942	0.25651	2.49611	10
933	943	0.11719	3.44290	10
934	944	0.10692	3.02698	10
935	945	0.19031	2.71286	10
936	946	0.13850	2.98041	10
937	947	0.07322	4.27288	10
938	948	0.10756	4.33603	10
939	949	0.01648	1.92788	10
940	950	0.02138	2.81545	10
941	951	0.01724	3.65201	10
942	952	0.02641	1.75053	10
943	953	0.05008	2.18578	10
944	954	0.05012	1.66070	10
945	955	0.03767	0.83182	10
946	956	0.05449	0.82380	10
947	957	0.06241	1.63765	10
948	958	0.04703	1.57885	10
949	959	0.03329	1.80496	10
950	960	0.02728	1.93204	10
951	961	0.00809	2.13057	10
952	962	0.01240	3.87838	10
953	963	0.00681	4.58834	10
954	964	0.00529	6.42532	10
955	965	0.00928	8.80208	10
956	966	0.00946	8.89086	10
957	967	0.01416	8.93547	10
958	968	0.04605	6.42336	10
959	969	0.08100	3.84035	10
960	970	0.14721	4.14598	10
961	971	0.22800	2.47586	10
962	972	0.27525	2.66793	10
963	973	0.15690	1.80526	10
964	974	nan	nan	10
965	975	nan	nan	10
966	976	0.51274	7.82311	10
967	977	0.41842	12.07392	10
968	978	0.26636	13.97723	10
969	979	0.11055	11.91970	10
970	980	0.16952	5.64886	10
971	981	0.19793	6.53121	10
972	982	0.20002	3.80820	10
973	983	0.21824	3.95127	10
974	984	0.29981	3.18550	10
975	985	0.29519	2.65676	10
976	986	0.21877	2.23729	10
977	987	0.20272	2.28089	10
978	988	0.17183	2.43480	10
979	989	0.17020	1.89360	10
980	990	0.07647	4.06508	10
981	991	0.07597	0.83106	10
982	992	nan	nan	10
983	993	nan	nan	10
984	994	nan	nan	10
987	997	0.05011	0.00010	10
988	998	0.05289	0.00010	10
989	999	13.31448	0.00010	10
990	1000	0.08233	0.00010	10
991	1001	0.04383	0.00010	10
992	1002	0.04204	0.00010	10
993	1003	0.08001	0.02916	10
994	1004	6.42274	0.00010	10
995	1005	0.20251	6.58429	10
996	1006	0.29461	9.29020	10
997	1007	0.23062	3.72567	10
998	1008	0.10596	2.89384	10
999	1009	0.09359	1.85910	10
1000	1010	0.10072	1.26842	10
1001	1011	0.22284	1.57684	10
1002	1012	0.28438	2.10307	10
1003	1013	0.33300	2.09745	10
1004	1014	0.27772	0.90372	10
1005	1015	0.29963	0.83084	10
1006	1016	0.34715	1.23033	10
1007	1017	0.27509	0.86925	10
1008	1018	0.18534	0.25609	10
1009	1019	0.15450	0.40003	10
1010	1020	0.20335	1.26527	10
1011	1021	0.27598	1.36228	10
1012	1022	0.18226	0.92113	10
1013	1023	0.16189	0.69859	10
1014	1024	0.21343	1.01956	10
1015	1025	0.12471	1.71842	10
1016	1026	0.07467	1.24379	10
1017	1027	0.05705	2.87377	10
1018	1028	0.09550	1.84970	10
1019	1029	0.06023	2.30406	10
1020	1030	0.06135	2.19648	10
1021	1031	0.04643	1.73139	10
1022	1032	0.04242	2.11222	10
1023	1033	0.03185	2.32040	10
1024	1034	0.02379	1.97294	10
1025	1035	0.04480	1.32938	10
1026	1036	0.05630	1.53956	10
1027	1037	0.05411	1.54934	10
1028	1038	0.05136	2.41433	10
1029	1039	0.09535	1.26064	10
1030	1040	0.11808	1.28760	10
1031	1041	0.11313	1.56625	10
1032	1042	0.10412	1.43250	10
1033	1043	0.12337	0.90654	10
1034	1044	0.10411	0.77275	10
1035	1045	0.07480	0.71117	10
1036	1046	0.04588	0.81041	10
1037	1047	0.07365	1.57327	10
1038	1048	0.03637	1.27830	10
1039	1049	0.05357	2.59532	10
1040	1050	0.08504	2.58528	10
1041	1051	0.03589	3.00583	10
1042	1052	0.03535	2.24063	10
1043	1053	0.03716	2.84269	10
1044	1054	0.06102	2.84830	10
1045	1055	0.04207	2.42964	10
1046	1056	0.04422	1.97347	10
1047	1057	0.02619	1.54600	10
1048	1058	0.05074	2.32061	10
1049	1059	0.07148	1.60828	10
1050	1060	0.05714	1.86312	10
1051	1061	0.02832	2.53244	10
1052	1062	0.06291	2.19563	10
1053	1063	0.07092	1.63697	10
1054	1064	0.04064	1.54494	10
1055	1065	0.03027	2.37617	10
1056	1066	0.03102	2.24274	10
1057	1067	0.01843	2.86518	10
1058	1068	0.00287	3.29004	10
1059	1069	0.00284	2.90027	10
1060	1070	0.00283	2.35160	10
1061	1071	0.00254	2.45884	10
1062	1072	0.00316	2.03661	10
1063	1073	0.00382	2.50453	10
1064	1074	0.00559	2.02314	10
1065	1075	0.01833	1.65166	10
1066	1076	0.02578	1.08805	10
1067	1077	0.10688	1.23427	10
1068	1078	0.13055	0.65991	10
1069	1079	0.25145	0.55894	10
1070	1080	0.37403	0.80078	10
1071	1081	0.38353	0.85862	10
1072	1082	0.30870	0.89100	10
1073	1083	0.20504	1.49824	10
1074	1084	0.15602	1.77318	10
1075	1085	0.14863	1.84259	10
1076	1086	0.13179	2.37292	10
1077	1087	0.09369	2.19199	10
1078	1088	0.07277	2.54978	10
1079	1089	0.05724	5.93675	10
1080	1090	0.08979	6.32227	10
1081	1091	0.19934	6.48667	10
1082	1092	1.56719	10.76363	10
1083	1093	0.30005	1.21729	10
1084	1094	0.27829	3.38752	10
1085	1095	0.32890	1.04360	10
1086	1096	0.02486	0.56266	10
1087	1097	0.02545	0.32662	10
1088	1098	0.01787	0.14158	10
1089	1099	0.02093	0.16962	10
1090	1100	0.02087	0.15072	10
1091	1101	0.02645	0.23206	10
1092	1102	0.26896	8.88587	10
1093	1103	0.07005	12.62416	10
1094	1104	0.03156	7.60676	10
1095	1105	0.02378	8.64092	10
1096	1106	0.08355	4.43548	10
1097	1107	0.04673	6.40318	10
1098	1108	0.01848	5.76919	10
1099	1109	0.03205	6.67258	10
1100	1110	0.02477	5.84774	10
1101	1111	0.00648	5.73207	10
1102	1112	0.00010	3.89619	10
1103	1113	0.00010	3.36601	10
1104	1114	0.02015	4.48871	10
1105	1115	0.00985	5.95457	10
1106	1116	0.00343	7.57077	10
1107	1117	0.00430	2.80829	10
1108	1118	0.00851	4.82593	10
1109	1119	0.01202	3.13904	10
1110	1120	0.02041	1.33057	10
1111	1121	0.02848	1.22640	10
1112	1122	0.05003	1.28461	10
1113	1123	0.06646	1.23385	10
1114	1124	0.07712	1.22347	10
1115	1125	0.19664	2.29494	10
1116	1126	0.34570	3.93237	10
1117	1127	0.27477	7.23207	10
1118	1128	0.24074	4.12371	10
1119	1129	0.29193	2.80585	10
1120	1130	0.20212	2.00811	10
1121	1131	0.23212	1.68219	10
1122	1132	0.24278	1.66979	10
1123	1133	0.28159	2.13202	10
1124	1134	0.30818	1.95086	10
1125	1135	0.40122	1.65049	10
1126	1136	0.36395	1.98422	10
1127	1137	0.92272	1.82458	10
1128	1138	1.81617	1.75337	10
1129	1139	1.51974	1.88736	10
1130	1140	0.17163	7.00978	10
1131	1141	0.16938	7.10894	10
1132	1142	0.15197	9.19196	10
1133	1143	nan	nan	10
1134	1144	0.94804	4.98248	10
1135	1145	0.53926	3.96966	10
1136	1146	0.79580	2.58479	10
1137	1147	0.75432	2.16979	10
1138	1148	0.86300	1.77537	10
1139	1149	0.62091	1.55365	10
1140	1150	0.55632	1.19218	10
1141	1151	0.64050	1.65154	10
1142	1152	0.49717	2.14399	10
1143	1153	0.16293	2.42717	10
1144	1154	0.13297	2.12908	10
1145	1155	0.15630	2.51141	10
1146	1156	0.00749	1.56197	10
1147	1157	0.00768	2.32655	10
1148	1158	0.00831	3.17867	10
1149	1159	0.01014	1.48901	10
1150	1160	0.01753	2.21644	10
1151	1161	0.01682	1.85208	10
1152	1162	0.00289	0.80954	10
1153	1163	0.00245	0.56254	10
1154	1164	0.00480	1.37751	10
1155	1165	0.00824	0.93481	10
1156	1166	0.01725	3.10014	10
1157	1167	0.09275	0.64440	10
1158	1168	0.05045	0.18719	10
1159	1169	5.50031	0.00010	10
1160	1170	0.17248	2.71011	10
1161	1171	0.43872	61.78201	10
1162	1172	0.46410	34.73548	10
1163	1173	0.02917	2.96081	10
1164	1174	0.02742	2.44598	10
1165	1175	0.06492	1.08596	10
1166	1176	0.03252	0.39361	10
1167	1177	0.01843	2.08572	10
1168	1178	0.01433	3.28719	10
1169	1179	0.00549	2.02363	10
1170	1180	0.00353	1.89018	10
1171	1181	0.01461	2.04308	10
1172	1182	0.00252	2.11210	10
1173	1183	0.00138	1.99797	10
1174	1184	0.00104	1.45170	10
1175	1185	0.00404	0.43600	10
1176	1186	0.00052	0.56624	10
1177	1187	0.00014	0.01091	10
1178	1188	0.00080	0.02018	10
1179	1189	0.00181	0.03624	10
1180	1190	0.01746	0.07014	10
1181	1191	0.00604	0.03685	10
1182	1192	0.02161	0.10177	10
1183	1193	0.04605	0.11408	10
1184	1194	0.01318	0.18696	10
1185	1195	0.06946	0.20411	10
1186	1196	0.08934	0.44926	10
1187	1197	0.14814	0.71801	10
1188	1198	0.17471	0.63545	10
1189	1199	0.21954	0.94847	10
1190	1200	0.15323	1.19034	10
1191	1201	0.20462	2.09075	10
1192	1202	0.41060	16.93209	10
1193	1203	0.24557	1.99439	10
1194	1204	0.28053	1.31975	10
1195	1205	0.18110	1.68733	10
1196	1206	0.34473	1.74741	10
1197	1207	0.85144	1.29381	10
1198	1208	2.28578	0.00010	10
1199	1209	2.44657	0.00010	10
1200	1210	2.43120	0.00010	10
1201	1211	1.16029	0.00010	10
1202	1212	0.42942	0.00010	10
1203	1213	0.08105	0.23155	10
1204	1214	8.73220	0.00010	10
1205	1215	46.70111	0.00010	10
1206	1216	13.73999	3.31100	10
1207	1217	8.92875	3.55574	10
1208	1218	5.86708	4.84396	10
1209	1219	7.06980	2.71005	10
1210	1220	3.47105	4.25679	10
1211	1221	3.74036	4.29740	10
1212	1222	1.65717	3.69234	10
1213	1223	1.76385	2.25993	10
1214	1224	1.71107	2.57928	10
1215	1225	1.76378	2.90054	10
1216	1226	1.42771	2.68829	10
1217	1227	1.46007	2.96184	10
1218	1228	1.44018	2.79071	10
1219	1229	1.27405	3.63544	10
1220	1230	4.72151	4.01253	10
1221	1231	2.61430	4.68008	10
1222	1232	4.57208	2.23018	10
1223	1233	4.91892	3.58038	10
1224	1234	3.58961	1.81059	10
1225	1235	3.22321	2.01658	10
1226	1236	1.21965	0.98817	10
1227	1237	0.62842	1.44962	10
1228	1238	0.64067	1.40199	10
1229	1239	0.46927	1.33340	10
1230	1240	0.36241	1.26596	10
1231	1241	0.35350	1.49106	10
1232	1242	0.26604	1.42564	10
1233	1243	0.21062	1.27467	10
1234	1244	0.10944	1.58653	10
1235	1245	0.10460	2.66434	10
1236	1246	0.05491	3.87055	10
1237	1247	0.11316	2.87200	10
1238	1248	0.07512	2.64590	10
1239	1249	0.04883	2.25068	10
1240	1250	0.02832	3.55213	10
1241	1251	0.01745	2.48636	10
1242	1252	0.00690	0.76688	10
1243	1253	0.00794	0.63425	10
1244	1254	0.01218	0.49084	10
1245	1255	0.00850	0.26578	10
1246	1256	0.01626	0.41936	10
1247	1257	0.01905	0.38467	10
1248	1258	0.03827	0.72827	10
1249	1259	0.05426	0.55231	10
1250	1260	0.01858	0.27985	10
1251	1261	0.04949	0.40337	10
1252	1262	0.02475	0.38011	10
1253	1263	0.02535	0.36602	10
1254	1264	0.02696	0.62187	10
1255	1265	0.05710	0.80965	10
1256	1266	0.07785	0.73163	10
1257	1267	0.07746	0.99133	10
1258	1268	0.04697	0.74645	10
1259	1269	0.13019	0.81712	10
1260	1270	0.15256	1.39464	10
1261	1271	0.04630	1.26546	10
1262	1272	3.29122	5.22233	10
1263	1273	4.79411	0.16777	10
1264	1274	7.67493	16.59817	10
1265	1275	0.35168	12.50819	10
1266	1276	5.34883	17.21467	10
1267	1277	4.71947	15.85988	10
1268	1278	5.73752	15.63037	10
1269	1279	3.54427	18.17436	10
1270	1280	1.61047	35.67042	10
1271	1281	1.46034	34.13154	10
1272	1282	0.42447	8.88918	10
1273	1283	0.33578	6.45853	10
1274	1284	0.22086	3.77211	10
1275	1285	0.16884	4.23226	10
1276	1286	0.13321	4.17754	10
1277	1287	0.11559	3.78799	10
1278	1288	0.07739	2.18616	10
1279	1289	0.06061	3.11589	10
1280	1290	0.03930	2.22372	10
1281	1291	0.02993	1.34640	10
1282	1292	0.03170	1.79554	10
1283	1293	0.02651	2.34971	10
1284	1294	0.04458	2.57628	10
1285	1295	0.03602	2.34901	10
1286	1296	0.02488	3.22264	10
1287	1297	0.02415	4.83609	10
1288	1298	0.01711	4.71109	10
1289	1299	0.01217	2.29092	10
1290	1300	0.01172	3.05424	10
1291	1301	0.00947	0.49590	10
1292	1302	0.00671	0.28536	10
1293	1303	0.00678	0.21362	10
1294	1304	0.01047	0.28627	10
1295	1305	0.01046	0.23428	10
1296	1306	0.04451	0.42654	10
1297	1307	0.04394	0.44265	10
1298	1308	0.06071	0.56703	10
1299	1309	0.13963	0.41131	10
1300	1310	0.12770	0.91170	10
1301	1311	0.04094	3.38162	10
1302	1312	0.20127	3.52362	10
1303	1313	0.02758	3.07174	10
1304	1314	0.04214	2.05599	10
1305	1315	0.03960	2.19703	10
1306	1316	0.07580	2.08470	10
1307	1317	0.06106	1.96072	10
1308	1318	0.10880	2.46818	10
1309	1319	0.08506	2.81654	10
1310	1320	0.09303	2.19903	10
1311	1321	0.08851	1.04070	10
1312	1322	0.06054	1.13485	10
1313	1323	0.07897	1.21140	10
1314	1324	0.14711	1.54767	10
1315	1325	0.11180	1.65190	10
1316	1326	0.10050	1.55495	10
1317	1327	0.10169	1.48885	10
1318	1328	0.07355	1.33516	10
1319	1329	0.08082	1.27956	10
1320	1330	0.10194	1.26456	10
1321	1331	0.10411	1.61545	10
1322	1332	0.05270	1.69809	10
1323	1333	0.04623	1.34039	10
1324	1334	0.01644	1.49484	10
1325	1335	0.01429	1.31584	10
1326	1336	0.02118	1.91798	10
1327	1337	0.01262	1.29302	10
1328	1338	0.01037	1.77123	10
1329	1339	0.02592	0.71558	10
1330	1340	0.02789	0.70285	10
1331	1341	0.02028	0.49533	10
1332	1342	0.01939	1.10120	10
1333	1343	0.04497	0.62994	10
1334	1344	0.02949	0.44554	10
1335	1345	0.02384	0.45482	10
1336	1346	0.02469	0.62786	10
1337	1347	0.06028	0.87282	10
1338	1348	0.10590	1.29162	10
1339	1349	0.05497	2.28904	10
1340	1350	0.07089	2.11700	10
1341	1351	0.07439	1.60789	10
1342	1352	0.11880	1.66050	10
1343	1353	0.26413	2.25778	10
1344	1354	0.27386	2.97674	10
1345	1355	0.19330	3.60235	10
1346	1356	0.11889	5.97825	10
1347	1357	0.17698	3.62158	10
1348	1358	0.17077	2.76394	10
1349	1359	0.11756	4.72160	10
1350	1360	0.11909	4.11319	10
1351	1361	0.16234	3.20278	10
1352	1362	0.11326	3.19398	10
1353	1363	0.06233	2.02015	10
1354	1364	0.13671	2.76209	10
1355	1365	0.15168	2.75955	10
1356	1366	0.16409	2.12639	10
1357	1367	0.10779	2.84577	10
1358	1368	0.11926	2.93996	10
1359	1369	0.09293	2.85117	10
1360	1370	0.10082	3.75612	10
1361	1371	0.14072	1.94346	10
1362	1372	0.23295	2.52292	10
1363	1373	0.27252	2.97398	10
1364	1374	0.29613	1.77615	10
1365	1375	0.32106	3.25325	10
1366	1376	0.14973	1.72985	10
1367	1377	0.10956	1.57292	10
1368	1378	0.14263	1.44820	10
1369	1379	0.15917	1.52638	10
1370	1380	0.11853	1.14073	10
1371	1381	0.07028	1.60440	10
1372	1382	0.07091	1.30293	10
1373	1383	0.09412	1.65904	10
1374	1384	0.06737	1.31600	10
1375	1385	0.03568	0.73103	10
1376	1386	0.07423	0.87071	10
1377	1387	0.07296	0.99911	10
1378	1388	0.07307	0.81720	10
1379	1389	0.02140	0.34050	10
1380	1390	0.02056	0.34670	10
1381	1391	0.33683	1.10595	10
1382	1392	0.11452	0.93811	10
1383	1393	0.10324	0.47735	10
1384	1394	0.12491	0.58346	10
1385	1395	0.22176	0.61149	10
1386	1396	0.12371	9.00460	10
1387	1397	0.02739	1.55083	10
1388	1398	0.05804	4.38541	10
1389	1399	0.10316	2.17598	10
1390	1400	0.31268	3.28875	10
1391	1401	0.30739	2.72051	10
1392	1402	0.38820	2.70885	10
1393	1403	0.40958	1.53260	10
1394	1404	0.27318	1.26359	10
1395	1405	0.24355	1.12280	10
1396	1406	0.34860	0.83799	10
1397	1407	0.30677	0.71352	10
1398	1408	0.26395	0.90385	10
1399	1409	0.17723	1.45203	10
1400	1410	0.11524	0.68396	10
1401	1411	0.07665	1.39298	10
1402	1412	0.07142	1.98097	10
1403	1413	0.09066	1.29624	10
1404	1414	0.09190	1.62344	10
1405	1415	0.10362	2.24852	10
1406	1416	0.15664	1.18180	10
1407	1417	0.14592	1.61638	10
1408	1418	0.07493	2.11120	10
1409	1419	0.08029	2.71624	10
1410	1420	0.08371	2.14670	10
1411	1421	0.05993	2.00649	10
1412	1422	0.02680	2.42582	10
1413	1423	0.00778	2.46310	10
1414	1424	0.01515	2.90751	10
1415	1425	0.00970	2.75834	10
1416	1426	0.07809	1.94831	10
1417	1427	0.06561	1.34115	10
1418	1428	0.02118	2.16587	10
1419	1429	0.01798	0.99185	10
1420	1430	0.02111	1.10276	10
1421	1431	0.02256	1.31478	10
1422	1432	0.02181	1.50118	10
1423	1433	0.01833	1.77955	10
1424	1434	0.01990	3.77543	10
1425	1435	0.01668	3.72525	10
1426	1436	0.00966	2.68252	10
1427	1437	0.01368	3.72005	10
1428	1438	0.00911	2.36827	10
1429	1439	0.01025	3.62761	10
1430	1440	0.01248	3.82714	10
1431	1441	0.01973	5.33726	10
1432	1442	0.02185	4.83241	10
1433	1443	0.01289	3.91113	10
1434	1444	0.01396	3.71600	10
1435	1445	0.01565	4.03516	10
1436	1446	0.01648	3.68092	10
1437	1447	0.01728	3.57364	10
1438	1448	0.02571	5.35423	10
1439	1449	0.02469	5.16386	10
1440	1450	0.01692	3.70534	10
1441	1451	0.02010	2.83238	10
1442	1452	0.02347	2.86392	10
1443	1453	0.03913	3.22395	10
1444	1454	0.04470	2.30946	10
1445	1455	0.06184	2.35400	10
1446	1456	0.06730	2.81795	10
1447	1457	0.09093	3.22115	10
1448	1458	0.04582	2.42434	10
1449	1459	0.04871	2.37825	10
1450	1460	0.07123	2.26305	10
1451	1461	0.10455	1.69374	10
1452	1462	0.07168	1.74727	10
1453	1463	0.09926	1.27412	10
1454	1464	0.08926	1.28267	10
1455	1465	0.06399	1.08471	10
1456	1466	0.07008	1.27080	10
1457	1467	0.10871	1.23086	10
1458	1468	0.12881	1.45255	10
1459	1469	0.21256	1.59883	10
1460	1470	0.27586	1.73255	10
1461	1471	0.43123	1.75628	10
1462	1472	0.73422	2.20302	10
1463	1473	0.44360	2.73780	10
1464	1474	0.58622	4.86801	10
1465	1475	0.50838	3.76576	10
1466	1476	0.80023	3.72149	10
1467	1477	1.32792	3.38251	10
1468	1478	2.71187	1.11518	10
1469	1479	0.28266	0.48712	10
1470	1480	0.08424	3.22263	10
1471	1481	0.20870	7.73923	10
1472	1482	0.18053	6.10009	10
1473	1483	0.06874	5.01176	10
1474	1484	0.11567	8.14554	10
1475	1485	0.12390	7.84511	10
1476	1486	0.09794	9.02817	10
1477	1487	0.14819	10.09572	10
1478	1488	1.64184	24.04632	10
1479	1489	0.28113	4.96603	10
1480	1490	0.56956	11.27024	10
1481	1491	0.57310	11.74789	10
1482	1492	0.48482	9.91550	10
1483	1493	0.09993	0.00213	10
1484	1494	0.05027	0.00507	10
1485	1495	0.39873	0.72933	10
1486	1496	0.17210	0.43779	10
1487	1497	0.04993	0.03612	10
1488	1498	0.04680	0.00771	10
1489	1499	0.04547	0.00604	10
1490	1500	0.43317	0.00010	10
1491	1501	4.24030	0.46518	10
1492	1502	8.70769	0.61688	10
1493	1503	4.84897	6.78171	10
1494	1504	4.23547	7.01283	10
1495	1505	3.82407	8.20852	10
1496	1506	999.00000	2.38176	10
1497	1507	999.00000	8.33178	10
1498	1508	228.13742	16.49013	10
1499	1509	318.72578	21.06933	10
1500	1510	9.91824	39.35716	10
1501	1511	20.36352	51.89620	10
1502	1512	0.21893	6.47740	10
1503	1513	0.15212	4.95464	10
1504	1514	0.11175	4.28381	10
1505	1515	0.17021	6.12300	10
1506	1516	0.10833	7.67702	10
1507	1517	0.12564	9.34760	10
1508	1518	0.00215	0.00010	10
1509	1519	0.09238	12.90697	10
1510	1520	0.08575	18.70001	10
1511	1521	0.72716	15.92637	10
1512	1522	12.26489	9.32615	10
1513	1523	5.41652	11.07298	10
1514	1524	1.89493	7.67572	10
1515	1525	0.40815	95.88395	10
1516	1526	0.02722	50.61159	10
1517	1527	0.20854	54.37406	10
1518	1528	0.40531	22.17935	10
1519	1529	0.37279	18.41584	10
1520	1530	999.00000	1.88122	10
1521	1531	3.04512	0.00010	10
1522	1532	3.32634	0.00010	10
1523	1533	2.71000	0.00010	10
1524	1534	2.46088	0.00010	10
1525	1535	2.36956	0.00010	10
1526	1536	2.45698	0.00010	10
1527	1537	999.00000	2.18904	10
1528	1538	999.00000	3.86620	10
1529	1539	999.00000	2.78816	10
1540	1550	0.30246	15.52203	10
1541	1551	0.05000	3.83657	10
1542	1552	0.28033	8.87168	10
1543	1553	0.18670	3.42128	10
1544	1554	0.04057	1.42613	10
1545	1555	0.06834	3.03218	10
1546	1556	0.06577	4.53656	10
1547	1557	0.06215	4.46180	10
1548	1558	0.06468	4.94207	10
1549	1559	0.06557	4.54240	10
1550	1560	0.04235	5.23996	10
1551	1561	0.04177	5.39187	10
1552	1562	0.05037	6.81084	10
1553	1563	0.03229	7.18113	10
1554	1564	0.03669	3.63098	10
1555	1565	0.04037	2.96983	10
1556	1566	0.02198	0.59858	10
1557	1567	0.02921	1.75448	10
1558	1568	0.02617	4.95942	10
1559	1569	nan	nan	10
1560	1570	nan	nan	10
1561	1571	0.04640	2.25395	10
1562	1572	0.08840	1.94016	10
1563	1573	0.07084	0.06764	10
1564	1574	0.02126	1.88785	10
1565	1575	0.00719	1.65028	10
1566	1576	0.00441	1.69904	10
1567	1577	0.00565	1.10470	10
1568	1578	0.00673	1.14847	10
1569	1579	0.00598	2.27568	10
1570	1580	0.00443	1.69365	10
1571	1581	0.01821	3.44887	10
1572	1582	0.01828	3.94491	10
1573	1583	0.01961	6.94923	10
1574	1584	0.02416	8.85803	10
1575	1585	0.02407	9.45581	10
1576	1586	0.02712	7.82975	10
1577	1587	0.07250	6.09904	10
1578	1588	0.18668	3.04523	10
1579	1589	0.45324	1.92279	10
1580	1590	0.59068	4.78779	10
1581	1591	0.21798	3.10026	10
1582	1592	0.12744	3.74100	10
1583	1593	0.15671	5.44335	10
1584	1594	0.09300	4.86924	10
1585	1595	0.09173	4.58638	10
1586	1596	0.25094	6.27604	10
1587	1597	0.23385	6.33549	10
1588	1598	0.18841	6.11491	10
1589	1599	0.41033	2.00674	10
1590	1600	0.34646	2.64480	10
1591	1601	0.46850	1.94851	10
1592	1602	0.42850	0.90362	10
1593	1603	0.42530	0.35449	10
1594	1604	0.35104	0.43706	10
1595	1605	0.28223	0.75489	10
1596	1606	0.22523	0.47597	10
1597	1607	0.19112	0.73786	10
1598	1608	0.09208	0.53614	10
1599	1609	0.10267	0.50161	10
1600	1610	0.06880	0.43750	10
1601	1611	0.03368	0.86390	10
1602	1612	0.01379	0.77173	10
1603	1613	0.00977	0.86720	10
1604	1614	0.01128	0.48543	10
1605	1615	0.01214	0.38150	10
1606	1616	0.00922	0.21069	10
1607	1617	0.01630	0.18257	10
1608	1618	0.02235	0.53262	10
1609	1619	0.03797	1.23911	10
1610	1620	0.03973	1.20237	10
1611	1621	0.08732	1.06300	10
1612	1622	0.08273	1.33363	10
1613	1623	0.11547	1.31142	10
1614	1624	0.08003	1.12945	10
1615	1625	0.07748	1.11051	10
1616	1626	0.05054	1.27185	10
1617	1627	0.03053	1.41844	10
1618	1628	0.03369	1.13274	10
1619	1629	0.03842	1.20271	10
1620	1630	0.08760	2.01029	10
1621	1631	0.02822	1.57970	10
1622	1632	0.02851	1.61133	10
1623	1633	0.02564	2.26745	10
1624	1634	0.02002	2.25223	10
1625	1635	0.01423	2.79563	10
1626	1636	0.04530	6.12945	10
1627	1637	0.03058	5.81153	10
1628	1638	0.04780	4.45831	10
1629	1639	0.06254	3.29154	10
1630	1640	0.06189	1.88718	10
1631	1641	0.12607	2.55124	10
1632	1642	0.51981	13.23966	10
1633	1643	0.83414	4.72859	10
1634	1644	2.07890	1.79886	10
1635	1645	1.55067	1.47069	10
1636	1646	1.77199	0.92115	10
1637	1647	1.35785	1.13038	10
1638	1648	1.70483	0.00010	10
1639	1649	1.74043	0.00010	10
1640	1650	12.29348	0.00010	10
1641	1651	2.08719	0.00010	10
1642	1652	9.38897	0.00010	10
1643	1653	6.47283	0.00010	10
1644	1654	8.92635	0.00010	10
1645	1655	10.58780	0.00010	10
1646	1656	0.94800	1.02492	10
1647	1657	1.17671	0.54531	10
1648	1658	0.99725	0.52242	10
1649	1659	1.22698	0.59751	10
1650	1660	0.72274	0.14745	10
1651	1661	0.48480	0.12492	10
1652	1662	0.28208	0.35838	10
1653	1663	0.29114	0.43429	10
1654	1664	0.40182	1.22328	10
1655	1665	0.34824	1.71914	10
1656	1666	0.28982	2.56430	10
1657	1667	0.17831	2.26585	10
1658	1668	0.12520	2.70092	10
1659	1669	0.04203	1.00332	10
1660	1670	0.05656	0.97202	10
1661	1671	0.03961	0.81059	10
1662	1672	0.18205	0.79030	10
1663	1673	0.36957	0.94047	10
1664	1674	0.97133	0.57988	10
1665	1675	0.49884	1.18940	10
1666	1676	0.96904	1.76252	10
1667	1677	1.67190	1.60952	10
1668	1678	1.21863	1.63726	10
1669	1679	3.05272	1.55594	10
1670	1680	2.73521	1.00797	10
1671	1681	1.76062	0.79879	10
1672	1682	20.95149	1.10006	10
1673	1683	3.79422	0.73754	10
1674	1684	0.47465	0.16969	10
1675	1685	1.07153	0.06882	10
1676	1686	3.08767	0.03107	10
1677	1687	3.08767	0.03107	10
1678	1688	0.17549	8.19807	10
1679	1689	0.63587	2.20734	10
1680	1690	0.72415	3.00230	10
1681	1691	0.77509	2.48917	10
1682	1692	0.91467	1.99156	10
1683	1693	0.78860	2.35838	10
1684	1694	0.76868	2.18229	10
1685	1695	0.41704	1.88977	10
1686	1696	0.35199	1.46009	10
1687	1697	0.35199	1.46009	10
1688	1698	0.28294	1.03063	10
1689	1699	0.34790	1.27874	10
1690	1700	0.20943	1.53537	10
1691	1701	0.14515	1.27107	10
1692	1702	0.06879	1.59194	10
1693	1703	0.05836	1.01754	10
1694	1704	0.04019	1.50780	10
1695	1705	0.03568	2.96551	10
1696	1706	0.02921	1.90105	10
1697	1707	0.03319	1.34893	10
1698	1708	0.03191	0.83443	10
1699	1709	0.05057	1.30355	10
1700	1710	0.02323	1.56057	10
1701	1711	0.02161	1.13075	10
1702	1712	0.03389	0.38062	10
1703	1713	0.08423	2.02184	10
1704	1714	0.04365	9.64898	10
1705	1715	0.04910	10.05926	10
1706	1716	0.05157	10.71704	10
1707	1717	0.09431	10.31919	10
1708	1718	0.37718	26.50971	10
1709	1719	2.27405	12.87184	10
1710	1720	2.25342	13.60195	10
1711	1721	3.19372	6.05505	10
1712	1722	0.89890	2.71666	10
1713	1723	2.35514	5.48133	10
1714	1724	7.55208	5.68992	10
1715	1725	2.50340	2.79096	10
1716	1726	3.08243	2.32826	10
1717	1727	3.04736	2.27462	10
1718	1728	2.17386	1.57338	10
1719	1729	5.75700	1.45028	10
1720	1730	5.75700	1.45028	10
1721	1731	45.50367	9.57551	10
1722	1732	195.16110	10.07971	10
1723	1733	380.03087	8.81904	10
1724	1734	34.08615	9.44337	10
1725	1735	7.85344	6.25543	10
1726	1736	3.04026	5.85826	10
1727	1737	2.63778	6.15839	10
1728	1738	1.75578	2.82697	10
1729	1739	1.49467	8.56139	10
1730	1740	1.28065	9.96625	10
1731	1741	0.21709	17.64531	10
1732	1742	0.20936	15.22626	10
1733	1743	1.50267	2.46502	10
1734	1744	0.20747	2.15404	10
1735	1745	6.78921	1.12855	10
1736	1746	0.49197	0.80169	10
1737	1747	0.19744	0.94380	10
1738	1748	0.14108	1.78598	10
1739	1749	0.13080	2.07795	10
1740	1750	0.19513	7.39470	10
1741	1751	0.37568	12.34524	10
1742	1752	3.02029	4.22409	10
1743	1753	0.83549	0.00010	10
1744	1754	0.08604	4.11649	10
1745	1755	68.06961	0.00010	10
1746	1756	35.99852	0.17887	10
1747	1757	0.50727	14.28645	10
1748	1758	5.12282	11.76538	10
1749	1759	6.00699	9.55454	10
1750	1760	2.49727	8.58167	10
1751	1761	0.68866	0.62029	10
1752	1762	1.59111	2.13989	10
1753	1763	21.32222	24.00405	10
1754	1764	2.56526	3.73379	10
1755	1765	2.79956	1.78279	10
1756	1766	4.55446	2.38637	10
1757	1767	10.64376	4.38098	10
1758	1768	2.69288	3.75723	10
1759	1769	2.84112	4.51432	10
1760	1770	2.27047	4.39800	10
1761	1771	2.04087	5.02023	10
1762	1772	2.60744	4.12867	10
1763	1773	2.30170	2.22422	10
1764	1774	2.32091	1.75749	10
1765	1775	2.13291	1.34307	10
1766	1776	2.09774	1.05219	10
1767	1777	1.62118	1.18363	10
1768	1778	2.82216	0.36065	10
1769	1779	0.75520	0.53001	10
1770	1780	1.46393	0.57173	10
1771	1781	1.98162	1.29279	10
1772	1782	1.86901	0.97974	10
1773	1783	6.17838	1.02736	10
1774	1784	4.64886	1.04135	10
1775	1785	3.86966	1.57954	10
1776	1786	4.79026	2.51761	10
1777	1787	8.73282	3.50517	10
1778	1788	5.87348	5.57807	10
1779	1789	5.45145	5.75774	10
1780	1790	6.15109	4.87726	10
1781	1791	3.31210	5.44309	10
1782	1792	4.92080	4.77527	10
1783	1793	7.42555	10.20959	10
1784	1794	3.43826	9.13903	10
1785	1795	4.67759	9.85633	10
1786	1796	4.85555	6.37894	10
1787	1797	4.37878	6.89156	10
1788	1798	5.41918	4.44081	10
1789	1799	2.75497	4.35237	10
1790	1800	1.50280	5.52543	10
1791	1801	0.97076	5.08642	10
1792	1802	0.61457	3.87919	10
1793	1803	0.68633	2.12265	10
1794	1804	0.55113	1.52568	10
1795	1805	0.61145	1.41073	10
1796	1806	0.69946	1.40851	10
1797	1807	0.72503	2.08281	10
1798	1808	1.26952	2.81703	10
1799	1809	1.43451	2.38873	10
1800	1810	1.68884	2.28641	10
1801	1811	2.61379	3.17178	10
1802	1812	2.99973	2.92359	10
1803	1813	2.60227	3.54370	10
1804	1814	3.23432	3.91765	10
1805	1815	4.66483	4.49616	10
1806	1816	5.43349	5.04459	10
1807	1817	5.14616	2.48086	10
1808	1818	7.25265	3.02507	10
1809	1819	10.20560	3.21560	10
1810	1820	7.75158	1.96495	10
1811	1821	6.41368	1.55179	10
1812	1822	6.34579	1.66197	10
1813	1823	4.80185	1.32815	10
1814	1824	5.88733	1.45973	10
1815	1825	3.17453	1.38620	10
1816	1826	2.79745	2.04965	10
1817	1827	nan	nan	10
1818	1828	nan	nan	10
1819	1829	nan	nan	10
1820	1830	nan	nan	10
1821	1831	nan	nan	10
1822	1832	5.29595	3.21798	10
1823	1833	4.71316	2.36482	10
1824	1834	6.90716	3.25967	10
1825	1835	8.41791	2.97518	10
1826	1836	11.44529	1.80458	10
1827	1837	6.20430	1.57792	10
1828	1838	5.88712	0.92273	10
1829	1839	4.27561	1.06832	10
1830	1840	4.04528	1.38121	10
1831	1841	3.42753	1.33762	10
1832	1842	9.63931	1.19873	10
1833	1843	5.98011	1.00425	10
1834	1844	6.26498	0.87546	10
1835	1845	4.55855	0.99805	10
1836	1846	3.97172	0.97471	10
1837	1847	14.70362	0.85480	10
1838	1848	13.28019	1.28437	10
1839	1849	13.28019	1.28437	10
1840	1850	13.95042	1.55189	10
1841	1851	8.85571	3.67941	10
1842	1852	10.22131	5.20222	10
1843	1853	6.28266	3.34563	10
1844	1854	5.04173	3.07332	10
1845	1855	7.51123	3.37589	10
1846	1856	9.48392	4.64332	10
1847	1857	2.01413	2.83975	10
1848	1858	3.83084	1.97835	10
1849	1859	5.12914	1.67088	10
1850	1860	22.33072	0.00010	10
1851	1861	25.09337	0.99357	10
1852	1862	9.11307	1.34978	10
1853	1863	7.48317	1.89215	10
1854	1864	9.20101	2.07499	10
1855	1865	4.70497	1.89063	10
1856	1866	3.80911	1.80361	10
1857	1867	3.41561	2.05706	10
1858	1868	3.83635	2.40647	10
1859	1869	3.19442	2.25656	10
1860	1870	3.52261	2.13060	10
1861	1871	2.86321	1.76281	10
1862	1872	2.67748	1.21563	10
1863	1873	2.74241	2.24193	10
1864	1874	2.44695	1.44375	10
1865	1875	7.21997	2.25638	10
1866	1876	6.73394	2.88410	10
1867	1877	14.42706	3.82026	10
1868	1878	57.00960	5.93020	10
1869	1879	28.84008	3.52076	10
1870	1880	10.22008	2.30037	10
1871	1881	31.73522	2.93838	10
1872	1882	34.83088	3.68178	10
1873	1883	15.62177	2.41521	10
1874	1884	12.68151	3.34162	10
1875	1885	6.03259	2.70613	10
1876	1886	6.90465	2.20755	10
1877	1887	5.95861	2.44197	10
1878	1888	5.14075	2.75912	10
1879	1889	4.74459	2.34732	10
1880	1890	9.04484	2.22418	10
1881	1891	9.32965	2.23709	10
1882	1892	6.49244	2.27842	10
1883	1893	6.53200	2.64511	10
1884	1894	6.82007	3.34110	10
1885	1895	6.64183	2.90387	10
1886	1896	5.83571	4.23491	10
1887	1897	7.57822	2.57297	10
1888	1898	8.40798	2.02582	10
1889	1899	7.03519	2.71944	10
1890	1900	3.34882	3.14841	10
1891	1901	3.08659	1.76296	10
1892	1902	8.66637	1.44818	10
1893	1903	5.97566	3.15333	10
1894	1904	5.71439	2.44965	10
1895	1905	6.29905	2.52681	10
1896	1906	9.02684	2.80823	10
1897	1907	13.89875	4.40246	10
1898	1908	7.21337	4.04439	10
1899	1909	5.47752	3.66705	10
1900	1910	4.17645	3.55263	10
1901	1911	3.01495	3.53759	10
1902	1912	2.01860	4.13276	10
1903	1913	2.03428	3.58918	10
1904	1914	2.72532	4.64265	10
1905	1915	1.72894	5.45378	10
1906	1916	1.38714	6.18649	10
1907	1917	0.96888	3.95755	10
1908	1918	1.80626	1.94310	10
1909	1919	5.67074	6.05761	10
1910	1920	3.02576	5.02445	10
1911	1921	21.82166	6.12885	10
1912	1922	34.55899	8.88216	10
1913	1923	72.92843	13.83360	10
1914	1924	999.00000	11.73007	10
1915	1925	999.00000	9.59604	10
1916	1926	999.00000	9.59604	10
1917	1927	999.00000	10.33371	10
1918	1928	999.00000	13.83977	10
1919	1929	999.00000	12.18390	10
1920	1930	999.00000	4.41548	10
1921	1931	999.00000	2.32064	10
1922	1932	6.03229	1.17635	10
1923	1933	999.00000	2.99885	10
1924	1934	13.55249	3.34769	10
1925	1935	999.00000	3.54784	10
1926	1936	3.86456	1.98436	10
1927	1937	2.92141	1.59502	10
1928	1938	3.00539	1.74225	10
1929	1939	3.38292	2.13076	10
1930	1940	5.98693	3.57335	10
1931	1941	5.50403	3.07868	10
1932	1942	8.05099	4.08411	10
1933	1943	5.66296	2.05011	10
1934	1944	4.89993	1.80883	10
1935	1945	4.41019	2.07117	10
1936	1946	12.74392	2.42460	10
1937	1947	14.68487	3.60065	10
1938	1948	4.56866	2.68139	10
1939	1949	3.55545	2.20301	10
1940	1950	4.95322	3.33908	10
1941	1951	4.62936	4.23888	10
1942	1952	3.28476	3.25544	10
1943	1953	3.53512	3.40970	10
1944	1954	5.33596	4.88163	10
1945	1955	3.36179	5.40880	10
1946	1956	3.15465	4.13590	10
1947	1957	3.91391	3.24439	10
1948	1958	4.46240	4.43065	10
1949	1959	4.77340	4.85553	10
1950	1960	8.51427	7.00052	10
1951	1961	13.82083	7.56383	10
1952	1962	10.52066	6.18664	10
1953	1963	12.80223	9.36471	10
1954	1964	7.10181	5.24227	10
1955	1965	6.27834	3.93709	10
1956	1966	7.00142	5.02374	10
1957	1967	5.11685	6.30454	10
1958	1968	7.53723	3.31758	10
1959	1969	19.77643	2.63175	10
1960	1970	36.80317	1.42220	10
1961	1971	5.06646	2.20516	10
1962	1972	7.16237	2.90469	10
1963	1973	8.48449	3.38659	10
1964	1974	8.80142	3.62354	10
1965	1975	10.18230	4.27785	10
1966	1976	6.09816	5.58648	10
1967	1977	6.20379	4.08146	10
1968	1978	4.43837	3.84389	10
1969	1979	4.93130	4.52000	10
1970	1980	5.51644	4.48207	10
1971	1981	12.54423	2.23056	10
1972	1982	11.22293	1.48985	10
1973	1983	9.21127	1.82160	10
1974	1984	4.78598	2.99434	10
1975	1985	5.24872	1.96082	10
1976	1986	5.35328	2.66515	10
1977	1987	6.28767	3.98824	10
1978	1988	11.71630	7.36717	10
1979	1989	24.41175	11.82025	10
1980	1990	16.70650	5.49212	10
1981	1991	11.43582	10.28511	10
1982	1992	17.74364	15.19160	10
1983	1993	10.35921	10.46614	10
1984	1994	5.37968	10.13134	10
1985	1995	6.78438	15.77222	10
1986	1996	9.31426	6.68158	10
1987	1997	5.90534	6.34366	10
1988	1998	3.19558	5.93102	10
1989	1999	2.76438	6.38522	10
1990	2000	3.30364	10.10713	10
1991	2001	2.50967	8.07431	10
1992	2002	2.29925	6.77638	10
1993	2003	1.47108	4.64628	10
1994	2004	2.28592	2.93178	10
1995	2005	1.10339	1.58004	10
1996	2006	1.84827	3.41245	10
1997	2007	4.34390	8.43818	10
1998	2008	2.10891	10.89390	10
1999	2009	1.63173	4.93308	10
2000	2010	1.16457	3.38821	10
2001	2011	2.25485	6.66191	10
